[1.911s] Invoking command in '/home/janelleg/ros2_ws/build/examples_rclpy_minimal_client': PYTHONPATH=/home/janelleg/ros2_ws/build/examples_rclpy_minimal_client/prefix_override:/usr/lib/python3/dist-packages/colcon_core/task/python/colcon_distutils_commands:/home/janelleg/ros2_ws/install/examples_rclpy_minimal_client/lib/python3.10/site-packages:${PYTHONPATH} /usr/bin/python3 -W ignore:setup.py install is deprecated setup.py develop --editable --build-directory /home/janelleg/ros2_ws/build/examples_rclpy_minimal_client/build --no-deps symlink_data
[2.679s] running develop
[2.680s] /usr/lib/python3/dist-packages/setuptools/command/easy_install.py:158: EasyInstallDeprecationWarning: easy_install command is deprecated. Use build and pip and other standards-based tools.
[2.680s]   warnings.warn(
[3.000s] running egg_info
[3.001s] creating examples_rclpy_minimal_client.egg-info
[3.001s] writing examples_rclpy_minimal_client.egg-info/PKG-INFO
[3.002s] writing dependency_links to examples_rclpy_minimal_client.egg-info/dependency_links.txt
[3.002s] writing entry points to examples_rclpy_minimal_client.egg-info/entry_points.txt
[3.002s] writing requirements to examples_rclpy_minimal_client.egg-info/requires.txt
[3.002s] writing top-level names to examples_rclpy_minimal_client.egg-info/top_level.txt
[3.003s] writing manifest file 'examples_rclpy_minimal_client.egg-info/SOURCES.txt'
[3.018s] reading manifest file 'examples_rclpy_minimal_client.egg-info/SOURCES.txt'
[3.020s] writing manifest file 'examples_rclpy_minimal_client.egg-info/SOURCES.txt'
[3.024s] running build_ext
[3.024s] Creating /home/janelleg/ros2_ws/install/examples_rclpy_minimal_client/lib/python3.10/site-packages/examples-rclpy-minimal-client.egg-link (link to .)
[3.026s] Installing client script to /home/janelleg/ros2_ws/install/examples_rclpy_minimal_client/lib/examples_rclpy_minimal_client
[3.026s] Installing client_async script to /home/janelleg/ros2_ws/install/examples_rclpy_minimal_client/lib/examples_rclpy_minimal_client
[3.027s] Installing client_async_callback script to /home/janelleg/ros2_ws/install/examples_rclpy_minimal_client/lib/examples_rclpy_minimal_client
[3.027s] Installing client_async_member_function script to /home/janelleg/ros2_ws/install/examples_rclpy_minimal_client/lib/examples_rclpy_minimal_client
[3.028s] 
[3.028s] Installed /home/janelleg/ros2_ws/build/examples_rclpy_minimal_client
[3.028s] running symlink_data
[3.029s] creating /home/janelleg/ros2_ws/install/examples_rclpy_minimal_client/share/ament_index
[3.029s] creating /home/janelleg/ros2_ws/install/examples_rclpy_minimal_client/share/ament_index/resource_index
[3.029s] creating /home/janelleg/ros2_ws/install/examples_rclpy_minimal_client/share/ament_index/resource_index/packages
[3.029s] symbolically linking /home/janelleg/ros2_ws/build/examples_rclpy_minimal_client/resource/examples_rclpy_minimal_client -> /home/janelleg/ros2_ws/install/examples_rclpy_minimal_client/share/ament_index/resource_index/packages
[3.030s] symbolically linking /home/janelleg/ros2_ws/build/examples_rclpy_minimal_client/package.xml -> /home/janelleg/ros2_ws/install/examples_rclpy_minimal_client/share/examples_rclpy_minimal_client
[3.091s] Invoked command in '/home/janelleg/ros2_ws/build/examples_rclpy_minimal_client' returned '0': PYTHONPATH=/home/janelleg/ros2_ws/build/examples_rclpy_minimal_client/prefix_override:/usr/lib/python3/dist-packages/colcon_core/task/python/colcon_distutils_commands:/home/janelleg/ros2_ws/install/examples_rclpy_minimal_client/lib/python3.10/site-packages:${PYTHONPATH} /usr/bin/python3 -W ignore:setup.py install is deprecated setup.py develop --editable --build-directory /home/janelleg/ros2_ws/build/examples_rclpy_minimal_client/build --no-deps symlink_data
