[0.050s] Invoking command in '/home/janelleg/ros2_ws/build/examples_rclcpp_multithreaded_executor': CMAKE_PREFIX_PATH=/opt/ros/humble /usr/bin/cmake /home/janelleg/ros2_ws/src/examples/rclcpp/executors/multithreaded_executor -DAMENT_CMAKE_SYMLINK_INSTALL=1 -DCMAKE_INSTALL_PREFIX=/home/janelleg/ros2_ws/install/examples_rclcpp_multithreaded_executor
[0.360s] -- The C compiler identification is GNU 11.4.0
[0.599s] -- The CXX compiler identification is GNU 11.4.0
[0.627s] -- Detecting C compiler ABI info
[0.937s] -- Detecting C compiler ABI info - done
[0.968s] -- Check for working C compiler: /usr/bin/cc - skipped
[0.969s] -- Detecting C compile features
[0.971s] -- Detecting C compile features - done
[0.987s] -- Detecting CXX compiler ABI info
[1.393s] -- Detecting CXX compiler ABI info - done
[1.424s] -- Check for working CXX compiler: /usr/bin/c++ - skipped
[1.426s] -- Detecting CXX compile features
[1.440s] -- Detecting CXX compile features - done
[1.470s] -- Found ament_cmake: 1.3.10 (/opt/ros/humble/share/ament_cmake/cmake)
[1.991s] -- Found Python3: /usr/bin/python3 (found version "3.10.12") found components: Interpreter 
[2.214s] -- Override CMake install command with custom implementation using symlinks instead of copying resources
[2.312s] -- Found rclcpp: 16.0.10 (/opt/ros/humble/share/rclcpp/cmake)
[2.460s] -- Found rosidl_generator_c: 3.1.5 (/opt/ros/humble/share/rosidl_generator_c/cmake)
[2.474s] -- Found rosidl_adapter: 3.1.5 (/opt/ros/humble/share/rosidl_adapter/cmake)
[2.501s] -- Found rosidl_generator_cpp: 3.1.5 (/opt/ros/humble/share/rosidl_generator_cpp/cmake)
[2.558s] -- Using all available rosidl_typesupport_c: rosidl_typesupport_fastrtps_c;rosidl_typesupport_introspection_c
[2.626s] -- Using all available rosidl_typesupport_cpp: rosidl_typesupport_fastrtps_cpp;rosidl_typesupport_introspection_cpp
[2.822s] -- Found rmw_implementation_cmake: 6.1.2 (/opt/ros/humble/share/rmw_implementation_cmake/cmake)
[2.834s] -- Found rmw_fastrtps_cpp: 6.2.7 (/opt/ros/humble/share/rmw_fastrtps_cpp/cmake)
[3.245s] -- Found OpenSSL: /usr/lib/x86_64-linux-gnu/libcrypto.so (found version "3.0.2")  
[3.353s] -- Found FastRTPS: /opt/ros/humble/include  
[3.542s] -- Using RMW implementation 'rmw_fastrtps_cpp' as default
[3.593s] -- Looking for pthread.h
[3.930s] -- Looking for pthread.h - found
[3.935s] -- Performing Test CMAKE_HAVE_LIBC_PTHREAD
[4.203s] -- Performing Test CMAKE_HAVE_LIBC_PTHREAD - Success
[4.210s] -- Found Threads: TRUE  
[4.412s] -- Found ament_lint_auto: 0.12.11 (/opt/ros/humble/share/ament_lint_auto/cmake)
[4.756s] -- Added test 'copyright' to check source files copyright and LICENSE
[4.762s] -- Added test 'cppcheck' to perform static code analysis on C / C++ code
[4.763s] -- Configured cppcheck include dirs: 
[4.763s] -- Configured cppcheck exclude dirs and/or files: 
[4.769s] -- Added test 'cpplint' to check C / C++ code against the Google style
[4.769s] -- Configured cpplint exclude dirs and/or files: 
[4.772s] -- Added test 'lint_cmake' to check CMake code style
[4.777s] -- Added test 'uncrustify' to check C / C++ code style
[4.778s] -- Configured uncrustify additional arguments: 
[4.779s] -- Added test 'xmllint' to check XML markup files
[4.798s] -- Configuring done
[4.854s] -- Generating done
[4.874s] -- Build files have been written to: /home/janelleg/ros2_ws/build/examples_rclcpp_multithreaded_executor
[4.925s] Invoked command in '/home/janelleg/ros2_ws/build/examples_rclcpp_multithreaded_executor' returned '0': CMAKE_PREFIX_PATH=/opt/ros/humble /usr/bin/cmake /home/janelleg/ros2_ws/src/examples/rclcpp/executors/multithreaded_executor -DAMENT_CMAKE_SYMLINK_INSTALL=1 -DCMAKE_INSTALL_PREFIX=/home/janelleg/ros2_ws/install/examples_rclcpp_multithreaded_executor
[4.927s] Invoking command in '/home/janelleg/ros2_ws/build/examples_rclcpp_multithreaded_executor': CMAKE_PREFIX_PATH=/opt/ros/humble /usr/bin/cmake --build /home/janelleg/ros2_ws/build/examples_rclcpp_multithreaded_executor -- -j8 -l8
[5.232s] [ 50%] [32mBuilding CXX object CMakeFiles/multithreaded_executor.dir/multithreaded_executor.cpp.o[0m
[35.876s] [100%] [32m[1mLinking CXX executable multithreaded_executor[0m
[36.747s] [100%] Built target multithreaded_executor
[36.769s] Invoked command in '/home/janelleg/ros2_ws/build/examples_rclcpp_multithreaded_executor' returned '0': CMAKE_PREFIX_PATH=/opt/ros/humble /usr/bin/cmake --build /home/janelleg/ros2_ws/build/examples_rclcpp_multithreaded_executor -- -j8 -l8
[36.837s] Invoking command in '/home/janelleg/ros2_ws/build/examples_rclcpp_multithreaded_executor': CMAKE_PREFIX_PATH=/opt/ros/humble /usr/bin/cmake --install /home/janelleg/ros2_ws/build/examples_rclcpp_multithreaded_executor
[36.849s] -- Install configuration: ""
[36.850s] -- Execute custom install script
[36.851s] -- Symlinking: /home/janelleg/ros2_ws/install/examples_rclcpp_multithreaded_executor/lib/examples_rclcpp_multithreaded_executor/multithreaded_executor
[36.871s] -- Symlinking: /home/janelleg/ros2_ws/install/examples_rclcpp_multithreaded_executor/share/ament_index/resource_index/package_run_dependencies/examples_rclcpp_multithreaded_executor
[36.891s] -- Symlinking: /home/janelleg/ros2_ws/install/examples_rclcpp_multithreaded_executor/share/ament_index/resource_index/parent_prefix_path/examples_rclcpp_multithreaded_executor
[36.908s] -- Symlinking: /home/janelleg/ros2_ws/install/examples_rclcpp_multithreaded_executor/share/examples_rclcpp_multithreaded_executor/environment/ament_prefix_path.sh
[36.927s] -- Symlinking: /home/janelleg/ros2_ws/install/examples_rclcpp_multithreaded_executor/share/examples_rclcpp_multithreaded_executor/environment/ament_prefix_path.dsv
[36.944s] -- Symlinking: /home/janelleg/ros2_ws/install/examples_rclcpp_multithreaded_executor/share/examples_rclcpp_multithreaded_executor/environment/path.sh
[36.960s] -- Symlinking: /home/janelleg/ros2_ws/install/examples_rclcpp_multithreaded_executor/share/examples_rclcpp_multithreaded_executor/environment/path.dsv
[36.979s] -- Symlinking: /home/janelleg/ros2_ws/install/examples_rclcpp_multithreaded_executor/share/examples_rclcpp_multithreaded_executor/local_setup.bash
[36.999s] -- Symlinking: /home/janelleg/ros2_ws/install/examples_rclcpp_multithreaded_executor/share/examples_rclcpp_multithreaded_executor/local_setup.sh
[37.019s] -- Symlinking: /home/janelleg/ros2_ws/install/examples_rclcpp_multithreaded_executor/share/examples_rclcpp_multithreaded_executor/local_setup.zsh
[37.044s] -- Symlinking: /home/janelleg/ros2_ws/install/examples_rclcpp_multithreaded_executor/share/examples_rclcpp_multithreaded_executor/local_setup.dsv
[37.060s] -- Symlinking: /home/janelleg/ros2_ws/install/examples_rclcpp_multithreaded_executor/share/examples_rclcpp_multithreaded_executor/package.dsv
[37.076s] -- Symlinking: /home/janelleg/ros2_ws/install/examples_rclcpp_multithreaded_executor/share/ament_index/resource_index/packages/examples_rclcpp_multithreaded_executor
[37.095s] -- Symlinking: /home/janelleg/ros2_ws/install/examples_rclcpp_multithreaded_executor/share/examples_rclcpp_multithreaded_executor/cmake/examples_rclcpp_multithreaded_executorConfig.cmake
[37.116s] -- Symlinking: /home/janelleg/ros2_ws/install/examples_rclcpp_multithreaded_executor/share/examples_rclcpp_multithreaded_executor/cmake/examples_rclcpp_multithreaded_executorConfig-version.cmake
[37.136s] -- Symlinking: /home/janelleg/ros2_ws/install/examples_rclcpp_multithreaded_executor/share/examples_rclcpp_multithreaded_executor/package.xml
[37.157s] Invoked command in '/home/janelleg/ros2_ws/build/examples_rclcpp_multithreaded_executor' returned '0': CMAKE_PREFIX_PATH=/opt/ros/humble /usr/bin/cmake --install /home/janelleg/ros2_ws/build/examples_rclcpp_multithreaded_executor
