[0.021s] Invoking command in '/home/janelleg/second_ros2_ws/build/rviz_plugin_tutorial_msgs': CMAKE_PREFIX_PATH=/opt/ros/humble /usr/bin/cmake /home/janelleg/second_ros2_ws/src/rviz_plugin_tutorial/rviz_plugin_tutorial_msgs -DAMENT_CMAKE_SYMLINK_INSTALL=1 -DCMAKE_INSTALL_PREFIX=/home/janelleg/second_ros2_ws/install/rviz_plugin_tutorial_msgs
[0.139s] -- The C compiler identification is GNU 11.4.0
[0.267s] -- The CXX compiler identification is GNU 11.4.0
[0.283s] -- Detecting C compiler ABI info
[0.429s] -- Detecting C compiler ABI info - done
[0.444s] -- Check for working C compiler: /usr/bin/cc - skipped
[0.445s] -- Detecting C compile features
[0.445s] -- Detecting C compile features - done
[0.452s] -- Detecting CXX compiler ABI info
[0.620s] -- Detecting CXX compiler ABI info - done
[0.637s] -- Check for working CXX compiler: /usr/bin/c++ - skipped
[0.638s] -- Detecting CXX compile features
[0.639s] -- Detecting CXX compile features - done
[0.642s] -- Found ament_cmake: 1.3.10 (/opt/ros/humble/share/ament_cmake/cmake)
[0.962s] -- Found Python3: /usr/bin/python3 (found version "3.10.12") found components: Interpreter 
[1.092s] -- Override CMake install command with custom implementation using symlinks instead of copying resources
[1.137s] -- Found rosidl_default_generators: 1.2.0 (/opt/ros/humble/share/rosidl_default_generators/cmake)
[1.143s] -- Using all available rosidl_typesupport_c: rosidl_typesupport_fastrtps_c;rosidl_typesupport_introspection_c
[1.154s] -- Found rosidl_adapter: 3.1.5 (/opt/ros/humble/share/rosidl_adapter/cmake)
[1.228s] -- Using all available rosidl_typesupport_cpp: rosidl_typesupport_fastrtps_cpp;rosidl_typesupport_introspection_cpp
[1.292s] -- Found std_msgs: 4.2.4 (/opt/ros/humble/share/std_msgs/cmake)
[1.898s] -- Found ament_cmake_ros: 0.10.0 (/opt/ros/humble/share/ament_cmake_ros/cmake)
[2.356s] -- Using all available rosidl_typesupport_c: rosidl_typesupport_fastrtps_c;rosidl_typesupport_introspection_c
[2.960s] -- Using all available rosidl_typesupport_cpp: rosidl_typesupport_fastrtps_cpp;rosidl_typesupport_introspection_cpp
[3.007s] -- Found PythonInterp: /usr/bin/python3 (found suitable version "3.10.12", minimum required is "3.6") 
[3.010s] -- Found python_cmake_module: 0.10.0 (/opt/ros/humble/share/python_cmake_module/cmake)
[3.066s] -- Found PythonLibs: /usr/lib/x86_64-linux-gnu/libpython3.10.so (found suitable version "3.10.12", minimum required is "3.5") 
[3.066s] -- Using PYTHON_EXECUTABLE: /usr/bin/python3
[3.066s] -- Using PYTHON_INCLUDE_DIRS: /usr/include/python3.10
[3.066s] -- Using PYTHON_LIBRARIES: /usr/lib/x86_64-linux-gnu/libpython3.10.so
[3.112s] -- Found PythonExtra: .so  
[3.210s] -- Found ament_lint_auto: 0.12.11 (/opt/ros/humble/share/ament_lint_auto/cmake)
[3.244s] -- Added test 'copyright' to check source files copyright and LICENSE
[3.247s] -- Added test 'lint_cmake' to check CMake code style
[3.248s] -- Added test 'xmllint' to check XML markup files
[3.254s] -- Configuring done
[3.311s] -- Generating done
[3.315s] -- Build files have been written to: /home/janelleg/second_ros2_ws/build/rviz_plugin_tutorial_msgs
[3.328s] Invoked command in '/home/janelleg/second_ros2_ws/build/rviz_plugin_tutorial_msgs' returned '0': CMAKE_PREFIX_PATH=/opt/ros/humble /usr/bin/cmake /home/janelleg/second_ros2_ws/src/rviz_plugin_tutorial/rviz_plugin_tutorial_msgs -DAMENT_CMAKE_SYMLINK_INSTALL=1 -DCMAKE_INSTALL_PREFIX=/home/janelleg/second_ros2_ws/install/rviz_plugin_tutorial_msgs
[3.330s] Invoking command in '/home/janelleg/second_ros2_ws/build/rviz_plugin_tutorial_msgs': CMAKE_PREFIX_PATH=/opt/ros/humble /usr/bin/cmake --build /home/janelleg/second_ros2_ws/build/rviz_plugin_tutorial_msgs -- -j8 -l8
[3.429s] [  3%] [34m[1mGenerating C code for ROS interfaces[0m
[3.444s] [  6%] [34m[1mGenerating C++ code for ROS interfaces[0m
[3.470s] [  6%] Built target ament_cmake_python_symlink_rviz_plugin_tutorial_msgs
[3.956s] running egg_info
[3.957s] creating rviz_plugin_tutorial_msgs.egg-info
[3.957s] writing rviz_plugin_tutorial_msgs.egg-info/PKG-INFO
[3.957s] writing dependency_links to rviz_plugin_tutorial_msgs.egg-info/dependency_links.txt
[3.958s] writing top-level names to rviz_plugin_tutorial_msgs.egg-info/top_level.txt
[3.958s] writing manifest file 'rviz_plugin_tutorial_msgs.egg-info/SOURCES.txt'
[3.960s] [  9%] [32mBuilding C object CMakeFiles/rviz_plugin_tutorial_msgs__rosidl_generator_c.dir/rosidl_generator_c/rviz_plugin_tutorial_msgs/msg/detail/point2_d__functions.c.o[0m
[3.962s] reading manifest file 'rviz_plugin_tutorial_msgs.egg-info/SOURCES.txt'
[3.963s] writing manifest file 'rviz_plugin_tutorial_msgs.egg-info/SOURCES.txt'
[4.018s] [  9%] Built target ament_cmake_python_build_rviz_plugin_tutorial_msgs_egg
[4.067s] [ 12%] [32m[1mLinking C shared library librviz_plugin_tutorial_msgs__rosidl_generator_c.so[0m
[4.152s] [ 12%] Built target rviz_plugin_tutorial_msgs__rosidl_generator_c
[4.172s] [ 16%] [34m[1mGenerating C type support dispatch for ROS interfaces[0m
[4.174s] [ 19%] [34m[1mGenerating C type support for eProsima Fast-RTPS[0m
[4.175s] [ 19%] Built target rviz_plugin_tutorial_msgs__cpp
[4.181s] [ 22%] [34m[1mGenerating C introspection for ROS interfaces[0m
[4.198s] [ 25%] [34m[1mGenerating C++ introspection for ROS interfaces[0m
[4.201s] [ 29%] [34m[1mGenerating C++ type support dispatch for ROS interfaces[0m
[4.207s] [ 32%] [34m[1mGenerating C++ type support for eProsima Fast-RTPS[0m
[4.616s] [ 35%] [32mBuilding CXX object CMakeFiles/rviz_plugin_tutorial_msgs__rosidl_typesupport_c.dir/rosidl_typesupport_c/rviz_plugin_tutorial_msgs/msg/point2_d__type_support.cpp.o[0m
[4.677s] [ 38%] [32m[1mLinking CXX shared library librviz_plugin_tutorial_msgs__rosidl_typesupport_c.so[0m
[4.692s] [ 41%] [32mBuilding CXX object CMakeFiles/rviz_plugin_tutorial_msgs__rosidl_typesupport_fastrtps_cpp.dir/rosidl_typesupport_fastrtps_cpp/rviz_plugin_tutorial_msgs/msg/detail/dds_fastrtps/point2_d__type_support.cpp.o[0m
[4.766s] [ 41%] Built target rviz_plugin_tutorial_msgs__rosidl_typesupport_c
[4.945s] [ 45%] [32mBuilding CXX object CMakeFiles/rviz_plugin_tutorial_msgs__rosidl_typesupport_fastrtps_c.dir/rosidl_typesupport_fastrtps_c/rviz_plugin_tutorial_msgs/msg/detail/point2_d__type_support_c.cpp.o[0m
[4.976s] [ 48%] [32mBuilding CXX object CMakeFiles/rviz_plugin_tutorial_msgs__rosidl_typesupport_cpp.dir/rosidl_typesupport_cpp/rviz_plugin_tutorial_msgs/msg/point2_d__type_support.cpp.o[0m
[4.978s] [ 51%] [32mBuilding CXX object CMakeFiles/rviz_plugin_tutorial_msgs__rosidl_typesupport_introspection_cpp.dir/rosidl_typesupport_introspection_cpp/rviz_plugin_tutorial_msgs/msg/detail/point2_d__type_support.cpp.o[0m
[5.044s] [ 54%] [32mBuilding C object CMakeFiles/rviz_plugin_tutorial_msgs__rosidl_typesupport_introspection_c.dir/rosidl_typesupport_introspection_c/rviz_plugin_tutorial_msgs/msg/detail/point2_d__type_support.c.o[0m
[5.143s] [ 58%] [32m[1mLinking C shared library librviz_plugin_tutorial_msgs__rosidl_typesupport_introspection_c.so[0m
[5.203s] [ 58%] Built target rviz_plugin_tutorial_msgs__rosidl_typesupport_introspection_c
[5.493s] [ 61%] [32m[1mLinking CXX shared library librviz_plugin_tutorial_msgs__rosidl_typesupport_fastrtps_cpp.so[0m
[5.545s] [ 64%] [32m[1mLinking CXX shared library librviz_plugin_tutorial_msgs__rosidl_typesupport_cpp.so[0m
[5.643s] [ 64%] Built target rviz_plugin_tutorial_msgs__rosidl_typesupport_cpp
[5.671s] [ 64%] Built target rviz_plugin_tutorial_msgs__rosidl_typesupport_fastrtps_cpp
[5.867s] [ 67%] [32m[1mLinking CXX shared library librviz_plugin_tutorial_msgs__rosidl_typesupport_fastrtps_c.so[0m
[6.024s] [ 67%] Built target rviz_plugin_tutorial_msgs__rosidl_typesupport_fastrtps_c
[6.033s] [ 70%] [32m[1mLinking CXX shared library librviz_plugin_tutorial_msgs__rosidl_typesupport_introspection_cpp.so[0m
[6.169s] [ 70%] Built target rviz_plugin_tutorial_msgs__rosidl_typesupport_introspection_cpp
[6.212s] [ 70%] Built target rviz_plugin_tutorial_msgs
[6.258s] [ 74%] [34m[1mGenerating Python code for ROS interfaces[0m
[6.816s] [ 74%] Built target rviz_plugin_tutorial_msgs__py
[6.859s] [ 77%] [32mBuilding C object CMakeFiles/rviz_plugin_tutorial_msgs__rosidl_generator_py.dir/rosidl_generator_py/rviz_plugin_tutorial_msgs/msg/_point2_d_s.c.o[0m
[7.056s] [ 80%] [32m[1mLinking C shared library rosidl_generator_py/rviz_plugin_tutorial_msgs/librviz_plugin_tutorial_msgs__rosidl_generator_py.so[0m
[7.143s] [ 80%] Built target rviz_plugin_tutorial_msgs__rosidl_generator_py
[7.185s] [ 83%] [32mBuilding C object CMakeFiles/rviz_plugin_tutorial_msgs__rosidl_typesupport_c__pyext.dir/rosidl_generator_py/rviz_plugin_tutorial_msgs/_rviz_plugin_tutorial_msgs_s.ep.rosidl_typesupport_c.c.o[0m
[7.193s] [ 87%] [32mBuilding C object CMakeFiles/rviz_plugin_tutorial_msgs__rosidl_typesupport_introspection_c__pyext.dir/rosidl_generator_py/rviz_plugin_tutorial_msgs/_rviz_plugin_tutorial_msgs_s.ep.rosidl_typesupport_introspection_c.c.o[0m
[7.196s] [ 90%] [32mBuilding C object CMakeFiles/rviz_plugin_tutorial_msgs__rosidl_typesupport_fastrtps_c__pyext.dir/rosidl_generator_py/rviz_plugin_tutorial_msgs/_rviz_plugin_tutorial_msgs_s.ep.rosidl_typesupport_fastrtps_c.c.o[0m
[7.378s] [ 93%] [32m[1mLinking C shared library rosidl_generator_py/rviz_plugin_tutorial_msgs/rviz_plugin_tutorial_msgs_s__rosidl_typesupport_c.cpython-310-x86_64-linux-gnu.so[0m
[7.378s] [ 96%] [32m[1mLinking C shared library rosidl_generator_py/rviz_plugin_tutorial_msgs/rviz_plugin_tutorial_msgs_s__rosidl_typesupport_fastrtps_c.cpython-310-x86_64-linux-gnu.so[0m
[7.452s] [ 96%] Built target rviz_plugin_tutorial_msgs__rosidl_typesupport_c__pyext
[7.460s] [ 96%] Built target rviz_plugin_tutorial_msgs__rosidl_typesupport_fastrtps_c__pyext
[7.494s] [100%] [32m[1mLinking C shared library rosidl_generator_py/rviz_plugin_tutorial_msgs/rviz_plugin_tutorial_msgs_s__rosidl_typesupport_introspection_c.cpython-310-x86_64-linux-gnu.so[0m
[7.572s] [100%] Built target rviz_plugin_tutorial_msgs__rosidl_typesupport_introspection_c__pyext
[7.597s] Invoked command in '/home/janelleg/second_ros2_ws/build/rviz_plugin_tutorial_msgs' returned '0': CMAKE_PREFIX_PATH=/opt/ros/humble /usr/bin/cmake --build /home/janelleg/second_ros2_ws/build/rviz_plugin_tutorial_msgs -- -j8 -l8
[7.771s] Invoking command in '/home/janelleg/second_ros2_ws/build/rviz_plugin_tutorial_msgs': CMAKE_PREFIX_PATH=/opt/ros/humble /usr/bin/cmake --install /home/janelleg/second_ros2_ws/build/rviz_plugin_tutorial_msgs
[7.789s] -- Install configuration: ""
[7.790s] -- Execute custom install script
[7.790s] -- Symlinking: /home/janelleg/second_ros2_ws/install/rviz_plugin_tutorial_msgs/share/ament_index/resource_index/rosidl_interfaces/rviz_plugin_tutorial_msgs
[7.807s] -- Symlinking: /home/janelleg/second_ros2_ws/install/rviz_plugin_tutorial_msgs/include/rviz_plugin_tutorial_msgs/rviz_plugin_tutorial_msgs/msg/detail/point2_d__functions.h
[7.824s] -- Symlinking: /home/janelleg/second_ros2_ws/install/rviz_plugin_tutorial_msgs/include/rviz_plugin_tutorial_msgs/rviz_plugin_tutorial_msgs/msg/detail/point2_d__struct.h
[7.842s] -- Symlinking: /home/janelleg/second_ros2_ws/install/rviz_plugin_tutorial_msgs/include/rviz_plugin_tutorial_msgs/rviz_plugin_tutorial_msgs/msg/detail/point2_d__type_support.h
[7.861s] -- Symlinking: /home/janelleg/second_ros2_ws/install/rviz_plugin_tutorial_msgs/include/rviz_plugin_tutorial_msgs/rviz_plugin_tutorial_msgs/msg/point2_d.h
[7.879s] -- Symlinking: /home/janelleg/second_ros2_ws/install/rviz_plugin_tutorial_msgs/include/rviz_plugin_tutorial_msgs/rviz_plugin_tutorial_msgs/msg/rosidl_generator_c__visibility_control.h
[7.898s] -- Symlinking: /home/janelleg/second_ros2_ws/install/rviz_plugin_tutorial_msgs/share/rviz_plugin_tutorial_msgs/environment/library_path.sh
[7.916s] -- Symlinking: /home/janelleg/second_ros2_ws/install/rviz_plugin_tutorial_msgs/share/rviz_plugin_tutorial_msgs/environment/library_path.dsv
[7.934s] -- Symlinking: /home/janelleg/second_ros2_ws/install/rviz_plugin_tutorial_msgs/include/rviz_plugin_tutorial_msgs/rviz_plugin_tutorial_msgs/msg/detail/point2_d__rosidl_typesupport_fastrtps_c.h
[7.951s] -- Symlinking: /home/janelleg/second_ros2_ws/install/rviz_plugin_tutorial_msgs/include/rviz_plugin_tutorial_msgs/rviz_plugin_tutorial_msgs/msg/rosidl_typesupport_fastrtps_c__visibility_control.h
[7.968s] -- Symlinking: /home/janelleg/second_ros2_ws/install/rviz_plugin_tutorial_msgs/include/rviz_plugin_tutorial_msgs/rviz_plugin_tutorial_msgs/msg/detail/point2_d__rosidl_typesupport_introspection_c.h
[7.988s] -- Symlinking: /home/janelleg/second_ros2_ws/install/rviz_plugin_tutorial_msgs/include/rviz_plugin_tutorial_msgs/rviz_plugin_tutorial_msgs/msg/rosidl_typesupport_introspection_c__visibility_control.h
[8.004s] -- Symlinking: /home/janelleg/second_ros2_ws/install/rviz_plugin_tutorial_msgs/include/rviz_plugin_tutorial_msgs/rviz_plugin_tutorial_msgs/msg/detail/point2_d__builder.hpp
[8.019s] -- Symlinking: /home/janelleg/second_ros2_ws/install/rviz_plugin_tutorial_msgs/include/rviz_plugin_tutorial_msgs/rviz_plugin_tutorial_msgs/msg/detail/point2_d__struct.hpp
[8.034s] -- Symlinking: /home/janelleg/second_ros2_ws/install/rviz_plugin_tutorial_msgs/include/rviz_plugin_tutorial_msgs/rviz_plugin_tutorial_msgs/msg/detail/point2_d__traits.hpp
[8.053s] -- Symlinking: /home/janelleg/second_ros2_ws/install/rviz_plugin_tutorial_msgs/include/rviz_plugin_tutorial_msgs/rviz_plugin_tutorial_msgs/msg/point2_d.hpp
[8.076s] -- Symlinking: /home/janelleg/second_ros2_ws/install/rviz_plugin_tutorial_msgs/include/rviz_plugin_tutorial_msgs/rviz_plugin_tutorial_msgs/msg/detail/point2_d__rosidl_typesupport_fastrtps_cpp.hpp
[8.092s] -- Symlinking: /home/janelleg/second_ros2_ws/install/rviz_plugin_tutorial_msgs/include/rviz_plugin_tutorial_msgs/rviz_plugin_tutorial_msgs/msg/rosidl_typesupport_fastrtps_cpp__visibility_control.h
[8.108s] -- Symlinking: /home/janelleg/second_ros2_ws/install/rviz_plugin_tutorial_msgs/include/rviz_plugin_tutorial_msgs/rviz_plugin_tutorial_msgs/msg/detail/point2_d__rosidl_typesupport_introspection_cpp.hpp
[8.126s] -- Symlinking: /home/janelleg/second_ros2_ws/install/rviz_plugin_tutorial_msgs/share/rviz_plugin_tutorial_msgs/environment/pythonpath.sh
[8.144s] -- Symlinking: /home/janelleg/second_ros2_ws/install/rviz_plugin_tutorial_msgs/share/rviz_plugin_tutorial_msgs/environment/pythonpath.dsv
[8.168s] -- Symlinking: /home/janelleg/second_ros2_ws/install/rviz_plugin_tutorial_msgs/local/lib/python3.10/dist-packages/rviz_plugin_tutorial_msgs-0.0.0-py3.10.egg-info/PKG-INFO
[8.186s] -- Symlinking: /home/janelleg/second_ros2_ws/install/rviz_plugin_tutorial_msgs/local/lib/python3.10/dist-packages/rviz_plugin_tutorial_msgs-0.0.0-py3.10.egg-info/SOURCES.txt
[8.205s] -- Symlinking: /home/janelleg/second_ros2_ws/install/rviz_plugin_tutorial_msgs/local/lib/python3.10/dist-packages/rviz_plugin_tutorial_msgs-0.0.0-py3.10.egg-info/dependency_links.txt
[8.221s] -- Symlinking: /home/janelleg/second_ros2_ws/install/rviz_plugin_tutorial_msgs/local/lib/python3.10/dist-packages/rviz_plugin_tutorial_msgs-0.0.0-py3.10.egg-info/top_level.txt
[8.239s] -- Symlinking: /home/janelleg/second_ros2_ws/install/rviz_plugin_tutorial_msgs/local/lib/python3.10/dist-packages/rviz_plugin_tutorial_msgs/__init__.py
[8.260s] -- Symlinking: /home/janelleg/second_ros2_ws/install/rviz_plugin_tutorial_msgs/local/lib/python3.10/dist-packages/rviz_plugin_tutorial_msgs/_rviz_plugin_tutorial_msgs_s.ep.rosidl_typesupport_c.c
[8.281s] -- Symlinking: /home/janelleg/second_ros2_ws/install/rviz_plugin_tutorial_msgs/local/lib/python3.10/dist-packages/rviz_plugin_tutorial_msgs/_rviz_plugin_tutorial_msgs_s.ep.rosidl_typesupport_fastrtps_c.c
[8.298s] -- Symlinking: /home/janelleg/second_ros2_ws/install/rviz_plugin_tutorial_msgs/local/lib/python3.10/dist-packages/rviz_plugin_tutorial_msgs/_rviz_plugin_tutorial_msgs_s.ep.rosidl_typesupport_introspection_c.c
[8.318s] -- Symlinking: /home/janelleg/second_ros2_ws/install/rviz_plugin_tutorial_msgs/local/lib/python3.10/dist-packages/rviz_plugin_tutorial_msgs/librviz_plugin_tutorial_msgs__rosidl_generator_py.so
[8.336s] -- Symlinking: /home/janelleg/second_ros2_ws/install/rviz_plugin_tutorial_msgs/local/lib/python3.10/dist-packages/rviz_plugin_tutorial_msgs/msg/__init__.py
[8.358s] -- Symlinking: /home/janelleg/second_ros2_ws/install/rviz_plugin_tutorial_msgs/local/lib/python3.10/dist-packages/rviz_plugin_tutorial_msgs/msg/_point2_d.py
[8.374s] -- Symlinking: /home/janelleg/second_ros2_ws/install/rviz_plugin_tutorial_msgs/local/lib/python3.10/dist-packages/rviz_plugin_tutorial_msgs/msg/_point2_d_s.c
[8.397s] -- Symlinking: /home/janelleg/second_ros2_ws/install/rviz_plugin_tutorial_msgs/local/lib/python3.10/dist-packages/rviz_plugin_tutorial_msgs/rviz_plugin_tutorial_msgs_s__rosidl_typesupport_c.cpython-310-x86_64-linux-gnu.so
[8.413s] -- Symlinking: /home/janelleg/second_ros2_ws/install/rviz_plugin_tutorial_msgs/local/lib/python3.10/dist-packages/rviz_plugin_tutorial_msgs/rviz_plugin_tutorial_msgs_s__rosidl_typesupport_fastrtps_c.cpython-310-x86_64-linux-gnu.so
[8.433s] -- Symlinking: /home/janelleg/second_ros2_ws/install/rviz_plugin_tutorial_msgs/local/lib/python3.10/dist-packages/rviz_plugin_tutorial_msgs/rviz_plugin_tutorial_msgs_s__rosidl_typesupport_introspection_c.cpython-310-x86_64-linux-gnu.so
[8.451s] -- Up-to-date symlink: /home/janelleg/second_ros2_ws/install/rviz_plugin_tutorial_msgs/local/lib/python3.10/dist-packages/rviz_plugin_tutorial_msgs/rviz_plugin_tutorial_msgs_s__rosidl_typesupport_fastrtps_c.cpython-310-x86_64-linux-gnu.so
[8.452s] -- Up-to-date symlink: /home/janelleg/second_ros2_ws/install/rviz_plugin_tutorial_msgs/local/lib/python3.10/dist-packages/rviz_plugin_tutorial_msgs/rviz_plugin_tutorial_msgs_s__rosidl_typesupport_introspection_c.cpython-310-x86_64-linux-gnu.so
[8.452s] -- Up-to-date symlink: /home/janelleg/second_ros2_ws/install/rviz_plugin_tutorial_msgs/local/lib/python3.10/dist-packages/rviz_plugin_tutorial_msgs/rviz_plugin_tutorial_msgs_s__rosidl_typesupport_c.cpython-310-x86_64-linux-gnu.so
[8.452s] -- Symlinking: /home/janelleg/second_ros2_ws/install/rviz_plugin_tutorial_msgs/share/rviz_plugin_tutorial_msgs/msg/Point2D.idl
[8.472s] -- Symlinking: /home/janelleg/second_ros2_ws/install/rviz_plugin_tutorial_msgs/share/rviz_plugin_tutorial_msgs/msg/Point2D.msg
[8.490s] -- Symlinking: /home/janelleg/second_ros2_ws/install/rviz_plugin_tutorial_msgs/share/ament_index/resource_index/package_run_dependencies/rviz_plugin_tutorial_msgs
[8.509s] -- Symlinking: /home/janelleg/second_ros2_ws/install/rviz_plugin_tutorial_msgs/share/ament_index/resource_index/parent_prefix_path/rviz_plugin_tutorial_msgs
[8.525s] -- Symlinking: /home/janelleg/second_ros2_ws/install/rviz_plugin_tutorial_msgs/share/rviz_plugin_tutorial_msgs/environment/ament_prefix_path.sh
[8.541s] -- Symlinking: /home/janelleg/second_ros2_ws/install/rviz_plugin_tutorial_msgs/share/rviz_plugin_tutorial_msgs/environment/ament_prefix_path.dsv
[8.561s] -- Symlinking: /home/janelleg/second_ros2_ws/install/rviz_plugin_tutorial_msgs/share/rviz_plugin_tutorial_msgs/environment/path.sh
[8.577s] -- Symlinking: /home/janelleg/second_ros2_ws/install/rviz_plugin_tutorial_msgs/share/rviz_plugin_tutorial_msgs/environment/path.dsv
[8.597s] -- Symlinking: /home/janelleg/second_ros2_ws/install/rviz_plugin_tutorial_msgs/share/rviz_plugin_tutorial_msgs/local_setup.bash
[8.616s] -- Symlinking: /home/janelleg/second_ros2_ws/install/rviz_plugin_tutorial_msgs/share/rviz_plugin_tutorial_msgs/local_setup.sh
[8.634s] -- Symlinking: /home/janelleg/second_ros2_ws/install/rviz_plugin_tutorial_msgs/share/rviz_plugin_tutorial_msgs/local_setup.zsh
[8.651s] -- Symlinking: /home/janelleg/second_ros2_ws/install/rviz_plugin_tutorial_msgs/share/rviz_plugin_tutorial_msgs/local_setup.dsv
[8.673s] -- Symlinking: /home/janelleg/second_ros2_ws/install/rviz_plugin_tutorial_msgs/share/rviz_plugin_tutorial_msgs/package.dsv
[8.692s] -- Symlinking: /home/janelleg/second_ros2_ws/install/rviz_plugin_tutorial_msgs/share/ament_index/resource_index/packages/rviz_plugin_tutorial_msgs
[8.709s] -- Symlinking: /home/janelleg/second_ros2_ws/install/rviz_plugin_tutorial_msgs/share/rviz_plugin_tutorial_msgs/cmake/rosidl_cmake-extras.cmake
[8.724s] -- Symlinking: /home/janelleg/second_ros2_ws/install/rviz_plugin_tutorial_msgs/share/rviz_plugin_tutorial_msgs/cmake/ament_cmake_export_dependencies-extras.cmake
[8.740s] -- Symlinking: /home/janelleg/second_ros2_ws/install/rviz_plugin_tutorial_msgs/share/rviz_plugin_tutorial_msgs/cmake/ament_cmake_export_include_directories-extras.cmake
[8.762s] -- Symlinking: /home/janelleg/second_ros2_ws/install/rviz_plugin_tutorial_msgs/share/rviz_plugin_tutorial_msgs/cmake/ament_cmake_export_libraries-extras.cmake
[8.784s] -- Symlinking: /home/janelleg/second_ros2_ws/install/rviz_plugin_tutorial_msgs/share/rviz_plugin_tutorial_msgs/cmake/ament_cmake_export_targets-extras.cmake
[8.802s] -- Symlinking: /home/janelleg/second_ros2_ws/install/rviz_plugin_tutorial_msgs/share/rviz_plugin_tutorial_msgs/cmake/rosidl_cmake_export_typesupport_targets-extras.cmake
[8.821s] -- Symlinking: /home/janelleg/second_ros2_ws/install/rviz_plugin_tutorial_msgs/share/rviz_plugin_tutorial_msgs/cmake/rosidl_cmake_export_typesupport_libraries-extras.cmake
[8.841s] -- Symlinking: /home/janelleg/second_ros2_ws/install/rviz_plugin_tutorial_msgs/share/rviz_plugin_tutorial_msgs/cmake/rviz_plugin_tutorial_msgsConfig.cmake
[8.858s] -- Symlinking: /home/janelleg/second_ros2_ws/install/rviz_plugin_tutorial_msgs/share/rviz_plugin_tutorial_msgs/cmake/rviz_plugin_tutorial_msgsConfig-version.cmake
[8.879s] -- Symlinking: /home/janelleg/second_ros2_ws/install/rviz_plugin_tutorial_msgs/share/rviz_plugin_tutorial_msgs/package.xml
[8.896s] -- Installing: /home/janelleg/second_ros2_ws/install/rviz_plugin_tutorial_msgs/lib/librviz_plugin_tutorial_msgs__rosidl_generator_c.so
[8.897s] -- Set runtime path of "/home/janelleg/second_ros2_ws/install/rviz_plugin_tutorial_msgs/lib/librviz_plugin_tutorial_msgs__rosidl_generator_c.so" to ""
[8.897s] -- Installing: /home/janelleg/second_ros2_ws/install/rviz_plugin_tutorial_msgs/lib/librviz_plugin_tutorial_msgs__rosidl_typesupport_fastrtps_c.so
[8.897s] -- Set runtime path of "/home/janelleg/second_ros2_ws/install/rviz_plugin_tutorial_msgs/lib/librviz_plugin_tutorial_msgs__rosidl_typesupport_fastrtps_c.so" to ""
[8.898s] -- Installing: /home/janelleg/second_ros2_ws/install/rviz_plugin_tutorial_msgs/lib/librviz_plugin_tutorial_msgs__rosidl_typesupport_introspection_c.so
[8.898s] -- Set runtime path of "/home/janelleg/second_ros2_ws/install/rviz_plugin_tutorial_msgs/lib/librviz_plugin_tutorial_msgs__rosidl_typesupport_introspection_c.so" to ""
[8.898s] -- Installing: /home/janelleg/second_ros2_ws/install/rviz_plugin_tutorial_msgs/lib/librviz_plugin_tutorial_msgs__rosidl_typesupport_c.so
[8.899s] -- Set runtime path of "/home/janelleg/second_ros2_ws/install/rviz_plugin_tutorial_msgs/lib/librviz_plugin_tutorial_msgs__rosidl_typesupport_c.so" to ""
[8.899s] -- Installing: /home/janelleg/second_ros2_ws/install/rviz_plugin_tutorial_msgs/lib/librviz_plugin_tutorial_msgs__rosidl_typesupport_fastrtps_cpp.so
[8.899s] -- Set runtime path of "/home/janelleg/second_ros2_ws/install/rviz_plugin_tutorial_msgs/lib/librviz_plugin_tutorial_msgs__rosidl_typesupport_fastrtps_cpp.so" to ""
[8.899s] -- Installing: /home/janelleg/second_ros2_ws/install/rviz_plugin_tutorial_msgs/lib/librviz_plugin_tutorial_msgs__rosidl_typesupport_introspection_cpp.so
[8.900s] -- Set runtime path of "/home/janelleg/second_ros2_ws/install/rviz_plugin_tutorial_msgs/lib/librviz_plugin_tutorial_msgs__rosidl_typesupport_introspection_cpp.so" to ""
[8.900s] -- Installing: /home/janelleg/second_ros2_ws/install/rviz_plugin_tutorial_msgs/lib/librviz_plugin_tutorial_msgs__rosidl_typesupport_cpp.so
[8.900s] -- Set runtime path of "/home/janelleg/second_ros2_ws/install/rviz_plugin_tutorial_msgs/lib/librviz_plugin_tutorial_msgs__rosidl_typesupport_cpp.so" to ""
[8.970s] Listing '/home/janelleg/second_ros2_ws/install/rviz_plugin_tutorial_msgs/local/lib/python3.10/dist-packages/rviz_plugin_tutorial_msgs'...
[8.970s] Compiling '/home/janelleg/second_ros2_ws/install/rviz_plugin_tutorial_msgs/local/lib/python3.10/dist-packages/rviz_plugin_tutorial_msgs/__init__.py'...
[8.970s] Listing '/home/janelleg/second_ros2_ws/install/rviz_plugin_tutorial_msgs/local/lib/python3.10/dist-packages/rviz_plugin_tutorial_msgs/msg'...
[8.971s] Compiling '/home/janelleg/second_ros2_ws/install/rviz_plugin_tutorial_msgs/local/lib/python3.10/dist-packages/rviz_plugin_tutorial_msgs/msg/__init__.py'...
[8.971s] Compiling '/home/janelleg/second_ros2_ws/install/rviz_plugin_tutorial_msgs/local/lib/python3.10/dist-packages/rviz_plugin_tutorial_msgs/msg/_point2_d.py'...
[8.980s] -- Installing: /home/janelleg/second_ros2_ws/install/rviz_plugin_tutorial_msgs/lib/librviz_plugin_tutorial_msgs__rosidl_generator_py.so
[8.981s] -- Set runtime path of "/home/janelleg/second_ros2_ws/install/rviz_plugin_tutorial_msgs/lib/librviz_plugin_tutorial_msgs__rosidl_generator_py.so" to ""
[8.981s] -- Installing: /home/janelleg/second_ros2_ws/install/rviz_plugin_tutorial_msgs/share/rviz_plugin_tutorial_msgs/cmake/export_rviz_plugin_tutorial_msgs__rosidl_generator_cExport.cmake
[8.981s] -- Installing: /home/janelleg/second_ros2_ws/install/rviz_plugin_tutorial_msgs/share/rviz_plugin_tutorial_msgs/cmake/export_rviz_plugin_tutorial_msgs__rosidl_generator_cExport-noconfig.cmake
[8.982s] -- Installing: /home/janelleg/second_ros2_ws/install/rviz_plugin_tutorial_msgs/share/rviz_plugin_tutorial_msgs/cmake/export_rviz_plugin_tutorial_msgs__rosidl_typesupport_fastrtps_cExport.cmake
[8.982s] -- Installing: /home/janelleg/second_ros2_ws/install/rviz_plugin_tutorial_msgs/share/rviz_plugin_tutorial_msgs/cmake/export_rviz_plugin_tutorial_msgs__rosidl_typesupport_fastrtps_cExport-noconfig.cmake
[8.982s] -- Installing: /home/janelleg/second_ros2_ws/install/rviz_plugin_tutorial_msgs/share/rviz_plugin_tutorial_msgs/cmake/rviz_plugin_tutorial_msgs__rosidl_typesupport_introspection_cExport.cmake
[8.983s] -- Installing: /home/janelleg/second_ros2_ws/install/rviz_plugin_tutorial_msgs/share/rviz_plugin_tutorial_msgs/cmake/rviz_plugin_tutorial_msgs__rosidl_typesupport_introspection_cExport-noconfig.cmake
[8.983s] -- Installing: /home/janelleg/second_ros2_ws/install/rviz_plugin_tutorial_msgs/share/rviz_plugin_tutorial_msgs/cmake/rviz_plugin_tutorial_msgs__rosidl_typesupport_cExport.cmake
[8.983s] -- Installing: /home/janelleg/second_ros2_ws/install/rviz_plugin_tutorial_msgs/share/rviz_plugin_tutorial_msgs/cmake/rviz_plugin_tutorial_msgs__rosidl_typesupport_cExport-noconfig.cmake
[8.984s] -- Installing: /home/janelleg/second_ros2_ws/install/rviz_plugin_tutorial_msgs/share/rviz_plugin_tutorial_msgs/cmake/export_rviz_plugin_tutorial_msgs__rosidl_generator_cppExport.cmake
[8.984s] -- Installing: /home/janelleg/second_ros2_ws/install/rviz_plugin_tutorial_msgs/share/rviz_plugin_tutorial_msgs/cmake/export_rviz_plugin_tutorial_msgs__rosidl_typesupport_fastrtps_cppExport.cmake
[8.984s] -- Installing: /home/janelleg/second_ros2_ws/install/rviz_plugin_tutorial_msgs/share/rviz_plugin_tutorial_msgs/cmake/export_rviz_plugin_tutorial_msgs__rosidl_typesupport_fastrtps_cppExport-noconfig.cmake
[8.984s] -- Installing: /home/janelleg/second_ros2_ws/install/rviz_plugin_tutorial_msgs/share/rviz_plugin_tutorial_msgs/cmake/rviz_plugin_tutorial_msgs__rosidl_typesupport_introspection_cppExport.cmake
[8.985s] -- Installing: /home/janelleg/second_ros2_ws/install/rviz_plugin_tutorial_msgs/share/rviz_plugin_tutorial_msgs/cmake/rviz_plugin_tutorial_msgs__rosidl_typesupport_introspection_cppExport-noconfig.cmake
[8.985s] -- Installing: /home/janelleg/second_ros2_ws/install/rviz_plugin_tutorial_msgs/share/rviz_plugin_tutorial_msgs/cmake/rviz_plugin_tutorial_msgs__rosidl_typesupport_cppExport.cmake
[8.985s] -- Installing: /home/janelleg/second_ros2_ws/install/rviz_plugin_tutorial_msgs/share/rviz_plugin_tutorial_msgs/cmake/rviz_plugin_tutorial_msgs__rosidl_typesupport_cppExport-noconfig.cmake
[8.985s] -- Installing: /home/janelleg/second_ros2_ws/install/rviz_plugin_tutorial_msgs/share/rviz_plugin_tutorial_msgs/cmake/export_rviz_plugin_tutorial_msgs__rosidl_generator_pyExport.cmake
[8.985s] -- Installing: /home/janelleg/second_ros2_ws/install/rviz_plugin_tutorial_msgs/share/rviz_plugin_tutorial_msgs/cmake/export_rviz_plugin_tutorial_msgs__rosidl_generator_pyExport-noconfig.cmake
[8.988s] Invoked command in '/home/janelleg/second_ros2_ws/build/rviz_plugin_tutorial_msgs' returned '0': CMAKE_PREFIX_PATH=/opt/ros/humble /usr/bin/cmake --install /home/janelleg/second_ros2_ws/build/rviz_plugin_tutorial_msgs
