[0.016s] Invoking command in '/home/janelleg/ros2_ws/build/examples_rclcpp_minimal_action_server': CMAKE_PREFIX_PATH=/opt/ros/humble /usr/bin/cmake /home/janelleg/ros2_ws/src/examples/rclcpp/actions/minimal_action_server -DAMENT_CMAKE_SYMLINK_INSTALL=1 -DCMAKE_INSTALL_PREFIX=/home/janelleg/ros2_ws/install/examples_rclcpp_minimal_action_server
[0.167s] -- The C compiler identification is GNU 11.4.0
[0.299s] -- The CXX compiler identification is GNU 11.4.0
[0.318s] -- Detecting C compiler ABI info
[0.496s] -- Detecting C compiler ABI info - done
[0.525s] -- Check for working C compiler: /usr/bin/cc - skipped
[0.527s] -- Detecting C compile features
[0.529s] -- Detecting C compile features - done
[0.540s] -- Detecting CXX compiler ABI info
[0.732s] -- Detecting CXX compiler ABI info - done
[0.762s] -- Check for working CXX compiler: /usr/bin/c++ - skipped
[0.763s] -- Detecting CXX compile features
[0.765s] -- Detecting CXX compile features - done
[0.788s] -- Found ament_cmake: 1.3.10 (/opt/ros/humble/share/ament_cmake/cmake)
[1.266s] -- Found Python3: /usr/bin/python3 (found version "3.10.12") found components: Interpreter 
[1.428s] -- Override CMake install command with custom implementation using symlinks instead of copying resources
[1.486s] -- Found example_interfaces: 0.9.3 (/opt/ros/humble/share/example_interfaces/cmake)
[1.577s] -- Found rosidl_generator_c: 3.1.5 (/opt/ros/humble/share/rosidl_generator_c/cmake)
[1.586s] -- Found rosidl_adapter: 3.1.5 (/opt/ros/humble/share/rosidl_adapter/cmake)
[1.604s] -- Found rosidl_generator_cpp: 3.1.5 (/opt/ros/humble/share/rosidl_generator_cpp/cmake)
[1.642s] -- Using all available rosidl_typesupport_c: rosidl_typesupport_fastrtps_c;rosidl_typesupport_introspection_c
[1.678s] -- Using all available rosidl_typesupport_cpp: rosidl_typesupport_fastrtps_cpp;rosidl_typesupport_introspection_cpp
[1.824s] -- Found rclcpp: 16.0.10 (/opt/ros/humble/share/rclcpp/cmake)
[1.913s] -- Found rmw_implementation_cmake: 6.1.2 (/opt/ros/humble/share/rmw_implementation_cmake/cmake)
[1.917s] -- Found rmw_fastrtps_cpp: 6.2.7 (/opt/ros/humble/share/rmw_fastrtps_cpp/cmake)
[2.130s] -- Found OpenSSL: /usr/lib/x86_64-linux-gnu/libcrypto.so (found version "3.0.2")  
[2.193s] -- Found FastRTPS: /opt/ros/humble/include  
[2.274s] -- Using RMW implementation 'rmw_fastrtps_cpp' as default
[2.298s] -- Looking for pthread.h
[2.455s] -- Looking for pthread.h - found
[2.456s] -- Performing Test CMAKE_HAVE_LIBC_PTHREAD
[2.635s] -- Performing Test CMAKE_HAVE_LIBC_PTHREAD - Success
[2.638s] -- Found Threads: TRUE  
[2.764s] -- Found rclcpp_action: 16.0.10 (/opt/ros/humble/share/rclcpp_action/cmake)
[2.803s] -- Found ament_lint_auto: 0.12.11 (/opt/ros/humble/share/ament_lint_auto/cmake)
[2.997s] -- Added test 'copyright' to check source files copyright and LICENSE
[2.999s] -- Added test 'cppcheck' to perform static code analysis on C / C++ code
[2.999s] -- Configured cppcheck include dirs: 
[3.000s] -- Configured cppcheck exclude dirs and/or files: 
[3.001s] -- Added test 'cpplint' to check C / C++ code against the Google style
[3.001s] -- Configured cpplint exclude dirs and/or files: 
[3.002s] -- Added test 'lint_cmake' to check CMake code style
[3.003s] -- Added test 'uncrustify' to check C / C++ code style
[3.003s] -- Configured uncrustify additional arguments: 
[3.004s] -- Added test 'xmllint' to check XML markup files
[3.007s] -- Configuring done
[3.035s] -- Generating done
[3.040s] -- Build files have been written to: /home/janelleg/ros2_ws/build/examples_rclcpp_minimal_action_server
[3.067s] Invoked command in '/home/janelleg/ros2_ws/build/examples_rclcpp_minimal_action_server' returned '0': CMAKE_PREFIX_PATH=/opt/ros/humble /usr/bin/cmake /home/janelleg/ros2_ws/src/examples/rclcpp/actions/minimal_action_server -DAMENT_CMAKE_SYMLINK_INSTALL=1 -DCMAKE_INSTALL_PREFIX=/home/janelleg/ros2_ws/install/examples_rclcpp_minimal_action_server
[3.070s] Invoking command in '/home/janelleg/ros2_ws/build/examples_rclcpp_minimal_action_server': CMAKE_PREFIX_PATH=/opt/ros/humble /usr/bin/cmake --build /home/janelleg/ros2_ws/build/examples_rclcpp_minimal_action_server -- -j8 -l8
[3.175s] [ 25%] [32mBuilding CXX object CMakeFiles/action_server_member_functions.dir/member_functions.cpp.o[0m
[3.177s] [ 50%] [32mBuilding CXX object CMakeFiles/action_server_not_composable.dir/not_composable.cpp.o[0m
[11.968s] [ 75%] [32m[1mLinking CXX executable action_server_member_functions[0m
[12.335s] [ 75%] Built target action_server_member_functions
[14.222s] [100%] [32m[1mLinking CXX executable action_server_not_composable[0m
[14.629s] [100%] Built target action_server_not_composable
[14.655s] Invoked command in '/home/janelleg/ros2_ws/build/examples_rclcpp_minimal_action_server' returned '0': CMAKE_PREFIX_PATH=/opt/ros/humble /usr/bin/cmake --build /home/janelleg/ros2_ws/build/examples_rclcpp_minimal_action_server -- -j8 -l8
[14.728s] Invoking command in '/home/janelleg/ros2_ws/build/examples_rclcpp_minimal_action_server': CMAKE_PREFIX_PATH=/opt/ros/humble /usr/bin/cmake --install /home/janelleg/ros2_ws/build/examples_rclcpp_minimal_action_server
[14.744s] -- Install configuration: ""
[14.744s] -- Execute custom install script
[14.745s] -- Symlinking: /home/janelleg/ros2_ws/install/examples_rclcpp_minimal_action_server/lib/examples_rclcpp_minimal_action_server/action_server_not_composable
[14.771s] -- Symlinking: /home/janelleg/ros2_ws/install/examples_rclcpp_minimal_action_server/lib/examples_rclcpp_minimal_action_server/action_server_member_functions
[14.792s] -- Symlinking: /home/janelleg/ros2_ws/install/examples_rclcpp_minimal_action_server/share/ament_index/resource_index/package_run_dependencies/examples_rclcpp_minimal_action_server
[14.816s] -- Symlinking: /home/janelleg/ros2_ws/install/examples_rclcpp_minimal_action_server/share/ament_index/resource_index/parent_prefix_path/examples_rclcpp_minimal_action_server
[14.839s] -- Symlinking: /home/janelleg/ros2_ws/install/examples_rclcpp_minimal_action_server/share/examples_rclcpp_minimal_action_server/environment/ament_prefix_path.sh
[14.861s] -- Symlinking: /home/janelleg/ros2_ws/install/examples_rclcpp_minimal_action_server/share/examples_rclcpp_minimal_action_server/environment/ament_prefix_path.dsv
[14.895s] -- Symlinking: /home/janelleg/ros2_ws/install/examples_rclcpp_minimal_action_server/share/examples_rclcpp_minimal_action_server/environment/path.sh
[14.929s] -- Symlinking: /home/janelleg/ros2_ws/install/examples_rclcpp_minimal_action_server/share/examples_rclcpp_minimal_action_server/environment/path.dsv
[14.950s] -- Symlinking: /home/janelleg/ros2_ws/install/examples_rclcpp_minimal_action_server/share/examples_rclcpp_minimal_action_server/local_setup.bash
[14.973s] -- Symlinking: /home/janelleg/ros2_ws/install/examples_rclcpp_minimal_action_server/share/examples_rclcpp_minimal_action_server/local_setup.sh
[14.999s] -- Symlinking: /home/janelleg/ros2_ws/install/examples_rclcpp_minimal_action_server/share/examples_rclcpp_minimal_action_server/local_setup.zsh
[15.019s] -- Symlinking: /home/janelleg/ros2_ws/install/examples_rclcpp_minimal_action_server/share/examples_rclcpp_minimal_action_server/local_setup.dsv
[15.039s] -- Symlinking: /home/janelleg/ros2_ws/install/examples_rclcpp_minimal_action_server/share/examples_rclcpp_minimal_action_server/package.dsv
[15.056s] -- Symlinking: /home/janelleg/ros2_ws/install/examples_rclcpp_minimal_action_server/share/ament_index/resource_index/packages/examples_rclcpp_minimal_action_server
[15.074s] -- Symlinking: /home/janelleg/ros2_ws/install/examples_rclcpp_minimal_action_server/share/examples_rclcpp_minimal_action_server/cmake/examples_rclcpp_minimal_action_serverConfig.cmake
[15.098s] -- Symlinking: /home/janelleg/ros2_ws/install/examples_rclcpp_minimal_action_server/share/examples_rclcpp_minimal_action_server/cmake/examples_rclcpp_minimal_action_serverConfig-version.cmake
[15.115s] -- Symlinking: /home/janelleg/ros2_ws/install/examples_rclcpp_minimal_action_server/share/examples_rclcpp_minimal_action_server/package.xml
[15.142s] Invoked command in '/home/janelleg/ros2_ws/build/examples_rclcpp_minimal_action_server' returned '0': CMAKE_PREFIX_PATH=/opt/ros/humble /usr/bin/cmake --install /home/janelleg/ros2_ws/build/examples_rclcpp_minimal_action_server
