[0.020s] Invoking command in '/home/janelleg/ros2_ws/build/examples_rclcpp_minimal_action_client': CMAKE_PREFIX_PATH=/opt/ros/humble /usr/bin/cmake --build /home/janelleg/ros2_ws/build/examples_rclcpp_minimal_action_client -- -j8 -l8
[0.149s] [ 25%] Built target action_client_member_functions
[0.150s] [ 50%] Built target action_client_not_composable_with_cancel
[0.157s] [ 75%] Built target action_client_not_composable_with_feedback
[0.171s] [100%] Built target action_client_not_composable
[0.198s] Invoked command in '/home/janelleg/ros2_ws/build/examples_rclcpp_minimal_action_client' returned '0': CMAKE_PREFIX_PATH=/opt/ros/humble /usr/bin/cmake --build /home/janelleg/ros2_ws/build/examples_rclcpp_minimal_action_client -- -j8 -l8
[0.280s] Invoking command in '/home/janelleg/ros2_ws/build/examples_rclcpp_minimal_action_client': CMAKE_PREFIX_PATH=/opt/ros/humble /usr/bin/cmake --install /home/janelleg/ros2_ws/build/examples_rclcpp_minimal_action_client
[0.302s] -- Install configuration: ""
[0.303s] -- Execute custom install script
[0.304s] -- Up-to-date symlink: /home/janelleg/ros2_ws/install/examples_rclcpp_minimal_action_client/lib/examples_rclcpp_minimal_action_client/action_client_member_functions
[0.305s] -- Up-to-date symlink: /home/janelleg/ros2_ws/install/examples_rclcpp_minimal_action_client/lib/examples_rclcpp_minimal_action_client/action_client_not_composable
[0.305s] -- Up-to-date symlink: /home/janelleg/ros2_ws/install/examples_rclcpp_minimal_action_client/lib/examples_rclcpp_minimal_action_client/action_client_not_composable_with_cancel
[0.306s] -- Up-to-date symlink: /home/janelleg/ros2_ws/install/examples_rclcpp_minimal_action_client/lib/examples_rclcpp_minimal_action_client/action_client_not_composable_with_feedback
[0.306s] -- Up-to-date symlink: /home/janelleg/ros2_ws/install/examples_rclcpp_minimal_action_client/share/ament_index/resource_index/package_run_dependencies/examples_rclcpp_minimal_action_client
[0.307s] -- Up-to-date symlink: /home/janelleg/ros2_ws/install/examples_rclcpp_minimal_action_client/share/ament_index/resource_index/parent_prefix_path/examples_rclcpp_minimal_action_client
[0.307s] -- Up-to-date symlink: /home/janelleg/ros2_ws/install/examples_rclcpp_minimal_action_client/share/examples_rclcpp_minimal_action_client/environment/ament_prefix_path.sh
[0.307s] -- Up-to-date symlink: /home/janelleg/ros2_ws/install/examples_rclcpp_minimal_action_client/share/examples_rclcpp_minimal_action_client/environment/ament_prefix_path.dsv
[0.307s] -- Up-to-date symlink: /home/janelleg/ros2_ws/install/examples_rclcpp_minimal_action_client/share/examples_rclcpp_minimal_action_client/environment/path.sh
[0.307s] -- Up-to-date symlink: /home/janelleg/ros2_ws/install/examples_rclcpp_minimal_action_client/share/examples_rclcpp_minimal_action_client/environment/path.dsv
[0.308s] -- Up-to-date symlink: /home/janelleg/ros2_ws/install/examples_rclcpp_minimal_action_client/share/examples_rclcpp_minimal_action_client/local_setup.bash
[0.308s] -- Up-to-date symlink: /home/janelleg/ros2_ws/install/examples_rclcpp_minimal_action_client/share/examples_rclcpp_minimal_action_client/local_setup.sh
[0.309s] -- Up-to-date symlink: /home/janelleg/ros2_ws/install/examples_rclcpp_minimal_action_client/share/examples_rclcpp_minimal_action_client/local_setup.zsh
[0.309s] -- Up-to-date symlink: /home/janelleg/ros2_ws/install/examples_rclcpp_minimal_action_client/share/examples_rclcpp_minimal_action_client/local_setup.dsv
[0.310s] -- Symlinking: /home/janelleg/ros2_ws/install/examples_rclcpp_minimal_action_client/share/examples_rclcpp_minimal_action_client/package.dsv
[0.329s] -- Up-to-date symlink: /home/janelleg/ros2_ws/install/examples_rclcpp_minimal_action_client/share/ament_index/resource_index/packages/examples_rclcpp_minimal_action_client
[0.329s] -- Up-to-date symlink: /home/janelleg/ros2_ws/install/examples_rclcpp_minimal_action_client/share/examples_rclcpp_minimal_action_client/cmake/examples_rclcpp_minimal_action_clientConfig.cmake
[0.329s] -- Up-to-date symlink: /home/janelleg/ros2_ws/install/examples_rclcpp_minimal_action_client/share/examples_rclcpp_minimal_action_client/cmake/examples_rclcpp_minimal_action_clientConfig-version.cmake
[0.330s] -- Up-to-date symlink: /home/janelleg/ros2_ws/install/examples_rclcpp_minimal_action_client/share/examples_rclcpp_minimal_action_client/package.xml
[0.357s] Invoked command in '/home/janelleg/ros2_ws/build/examples_rclcpp_minimal_action_client' returned '0': CMAKE_PREFIX_PATH=/opt/ros/humble /usr/bin/cmake --install /home/janelleg/ros2_ws/build/examples_rclcpp_minimal_action_client
