[0.025s] Invoking command in '/home/janelleg/ros2_ws/src/cpp_srvcli/build/cpp_srvcli': CMAKE_PREFIX_PATH=/opt/ros/humble /usr/bin/cmake /home/janelleg/ros2_ws/src/cpp_srvcli -DCMAKE_INSTALL_PREFIX=/home/janelleg/ros2_ws/src/cpp_srvcli/install/cpp_srvcli
[0.158s] -- The C compiler identification is GNU 11.4.0
[0.293s] -- The CXX compiler identification is GNU 11.4.0
[0.315s] -- Detecting C compiler ABI info
[0.484s] -- Detecting C compiler ABI info - done
[0.499s] -- Check for working C compiler: /usr/bin/cc - skipped
[0.500s] -- Detecting C compile features
[0.501s] -- Detecting C compile features - done
[0.507s] -- Detecting CXX compiler ABI info
[0.697s] -- Detecting CXX compiler ABI info - done
[0.713s] -- Check for working CXX compiler: /usr/bin/c++ - skipped
[0.713s] -- Detecting CXX compile features
[0.714s] -- Detecting CXX compile features - done
[0.718s] -- Found ament_cmake: 1.3.10 (/opt/ros/humble/share/ament_cmake/cmake)
[1.049s] -- Found Python3: /usr/bin/python3 (found version "3.10.12") found components: Interpreter 
[1.239s] -- Found rclcpp: 16.0.10 (/opt/ros/humble/share/rclcpp/cmake)
[1.327s] -- Found rosidl_generator_c: 3.1.5 (/opt/ros/humble/share/rosidl_generator_c/cmake)
[1.336s] -- Found rosidl_adapter: 3.1.5 (/opt/ros/humble/share/rosidl_adapter/cmake)
[1.351s] -- Found rosidl_generator_cpp: 3.1.5 (/opt/ros/humble/share/rosidl_generator_cpp/cmake)
[1.376s] -- Using all available rosidl_typesupport_c: rosidl_typesupport_fastrtps_c;rosidl_typesupport_introspection_c
[1.409s] -- Using all available rosidl_typesupport_cpp: rosidl_typesupport_fastrtps_cpp;rosidl_typesupport_introspection_cpp
[1.493s] -- Found rmw_implementation_cmake: 6.1.2 (/opt/ros/humble/share/rmw_implementation_cmake/cmake)
[1.498s] -- Found rmw_fastrtps_cpp: 6.2.7 (/opt/ros/humble/share/rmw_fastrtps_cpp/cmake)
[1.694s] -- Found OpenSSL: /usr/lib/x86_64-linux-gnu/libcrypto.so (found version "3.0.2")  
[1.752s] -- Found FastRTPS: /opt/ros/humble/include  
[1.842s] -- Using RMW implementation 'rmw_fastrtps_cpp' as default
[1.861s] -- Looking for pthread.h
[2.030s] -- Looking for pthread.h - found
[2.032s] -- Performing Test CMAKE_HAVE_LIBC_PTHREAD
[2.190s] -- Performing Test CMAKE_HAVE_LIBC_PTHREAD - Success
[2.193s] -- Found Threads: TRUE  
[2.346s] -- Found example_interfaces: 0.9.3 (/opt/ros/humble/share/example_interfaces/cmake)
[2.588s] -- Configuring done
[2.610s] -- Generating done
[2.614s] -- Build files have been written to: /home/janelleg/ros2_ws/src/cpp_srvcli/build/cpp_srvcli
[2.631s] Invoked command in '/home/janelleg/ros2_ws/src/cpp_srvcli/build/cpp_srvcli' returned '0': CMAKE_PREFIX_PATH=/opt/ros/humble /usr/bin/cmake /home/janelleg/ros2_ws/src/cpp_srvcli -DCMAKE_INSTALL_PREFIX=/home/janelleg/ros2_ws/src/cpp_srvcli/install/cpp_srvcli
[2.636s] Invoking command in '/home/janelleg/ros2_ws/src/cpp_srvcli/build/cpp_srvcli': CMAKE_PREFIX_PATH=/opt/ros/humble /usr/bin/cmake --build /home/janelleg/ros2_ws/src/cpp_srvcli/build/cpp_srvcli -- -j8 -l8
[2.743s] [ 25%] [32mBuilding CXX object CMakeFiles/server.dir/src/add_two_ints_server.cpp.o[0m
[2.744s] [ 50%] [32mBuilding CXX object CMakeFiles/client.dir/src/add_two_ints_client.cpp.o[0m
[9.270s] [ 75%] [32m[1mLinking CXX executable server[0m
[9.565s] [100%] [32m[1mLinking CXX executable client[0m
[9.574s] [100%] Built target server
[9.881s] [100%] Built target client
[9.909s] Invoked command in '/home/janelleg/ros2_ws/src/cpp_srvcli/build/cpp_srvcli' returned '0': CMAKE_PREFIX_PATH=/opt/ros/humble /usr/bin/cmake --build /home/janelleg/ros2_ws/src/cpp_srvcli/build/cpp_srvcli -- -j8 -l8
[9.994s] Invoking command in '/home/janelleg/ros2_ws/src/cpp_srvcli/build/cpp_srvcli': CMAKE_PREFIX_PATH=/opt/ros/humble /usr/bin/cmake --install /home/janelleg/ros2_ws/src/cpp_srvcli/build/cpp_srvcli
[10.006s] -- Install configuration: ""
[10.007s] -- Installing: /home/janelleg/ros2_ws/src/cpp_srvcli/install/cpp_srvcli/lib/cpp_srvcli/server
[10.008s] -- Set runtime path of "/home/janelleg/ros2_ws/src/cpp_srvcli/install/cpp_srvcli/lib/cpp_srvcli/server" to ""
[10.008s] -- Installing: /home/janelleg/ros2_ws/src/cpp_srvcli/install/cpp_srvcli/lib/cpp_srvcli/client
[10.009s] -- Set runtime path of "/home/janelleg/ros2_ws/src/cpp_srvcli/install/cpp_srvcli/lib/cpp_srvcli/client" to ""
[10.009s] -- Installing: /home/janelleg/ros2_ws/src/cpp_srvcli/install/cpp_srvcli/share/ament_index/resource_index/package_run_dependencies/cpp_srvcli
[10.010s] -- Installing: /home/janelleg/ros2_ws/src/cpp_srvcli/install/cpp_srvcli/share/ament_index/resource_index/parent_prefix_path/cpp_srvcli
[10.010s] -- Installing: /home/janelleg/ros2_ws/src/cpp_srvcli/install/cpp_srvcli/share/cpp_srvcli/environment/ament_prefix_path.sh
[10.011s] -- Installing: /home/janelleg/ros2_ws/src/cpp_srvcli/install/cpp_srvcli/share/cpp_srvcli/environment/ament_prefix_path.dsv
[10.011s] -- Installing: /home/janelleg/ros2_ws/src/cpp_srvcli/install/cpp_srvcli/share/cpp_srvcli/environment/path.sh
[10.011s] -- Installing: /home/janelleg/ros2_ws/src/cpp_srvcli/install/cpp_srvcli/share/cpp_srvcli/environment/path.dsv
[10.012s] -- Installing: /home/janelleg/ros2_ws/src/cpp_srvcli/install/cpp_srvcli/share/cpp_srvcli/local_setup.bash
[10.012s] -- Installing: /home/janelleg/ros2_ws/src/cpp_srvcli/install/cpp_srvcli/share/cpp_srvcli/local_setup.sh
[10.012s] -- Installing: /home/janelleg/ros2_ws/src/cpp_srvcli/install/cpp_srvcli/share/cpp_srvcli/local_setup.zsh
[10.012s] -- Installing: /home/janelleg/ros2_ws/src/cpp_srvcli/install/cpp_srvcli/share/cpp_srvcli/local_setup.dsv
[10.012s] -- Installing: /home/janelleg/ros2_ws/src/cpp_srvcli/install/cpp_srvcli/share/cpp_srvcli/package.dsv
[10.013s] -- Installing: /home/janelleg/ros2_ws/src/cpp_srvcli/install/cpp_srvcli/share/ament_index/resource_index/packages/cpp_srvcli
[10.013s] -- Installing: /home/janelleg/ros2_ws/src/cpp_srvcli/install/cpp_srvcli/share/cpp_srvcli/cmake/cpp_srvcliConfig.cmake
[10.013s] -- Installing: /home/janelleg/ros2_ws/src/cpp_srvcli/install/cpp_srvcli/share/cpp_srvcli/cmake/cpp_srvcliConfig-version.cmake
[10.013s] -- Installing: /home/janelleg/ros2_ws/src/cpp_srvcli/install/cpp_srvcli/share/cpp_srvcli/package.xml
[10.016s] Invoked command in '/home/janelleg/ros2_ws/src/cpp_srvcli/build/cpp_srvcli' returned '0': CMAKE_PREFIX_PATH=/opt/ros/humble /usr/bin/cmake --install /home/janelleg/ros2_ws/src/cpp_srvcli/build/cpp_srvcli
