[1.364s] Invoking command in '/home/janelleg/ros2_ws/src/py_srvcli': AMENT_PREFIX_PATH=/home/janelleg/ros2_ws/install/tutorial_interfaces:${AMENT_PREFIX_PATH} CMAKE_PREFIX_PATH=/home/janelleg/ros2_ws/install/tutorial_interfaces:${CMAKE_PREFIX_PATH} LD_LIBRARY_PATH=/home/janelleg/ros2_ws/install/tutorial_interfaces/lib:${LD_LIBRARY_PATH} PYTHONPATH=/home/janelleg/ros2_ws/build/py_srvcli/prefix_override:/usr/lib/python3/dist-packages/colcon_core/task/python/colcon_distutils_commands:/home/janelleg/ros2_ws/install/py_srvcli/lib/python3.10/site-packages:/home/janelleg/ros2_ws/install/tutorial_interfaces/local/lib/python3.10/dist-packages:${PYTHONPATH} /usr/bin/python3 -W ignore:setup.py install is deprecated setup.py egg_info --egg-base ../../build/py_srvcli build --build-base /home/janelleg/ros2_ws/build/py_srvcli/build install --record /home/janelleg/ros2_ws/build/py_srvcli/install.log --single-version-externally-managed install_data
[1.912s] running egg_info
[1.914s] writing ../../build/py_srvcli/py_srvcli.egg-info/PKG-INFO
[1.915s] writing dependency_links to ../../build/py_srvcli/py_srvcli.egg-info/dependency_links.txt
[1.916s] writing entry points to ../../build/py_srvcli/py_srvcli.egg-info/entry_points.txt
[1.917s] writing requirements to ../../build/py_srvcli/py_srvcli.egg-info/requires.txt
[1.917s] writing top-level names to ../../build/py_srvcli/py_srvcli.egg-info/top_level.txt
[1.923s] reading manifest file '../../build/py_srvcli/py_srvcli.egg-info/SOURCES.txt'
[1.924s] adding license file 'LICENSE'
[1.927s] writing manifest file '../../build/py_srvcli/py_srvcli.egg-info/SOURCES.txt'
[1.927s] running build
[1.927s] running build_py
[1.928s] copying py_srvcli/client_member_function.py -> /home/janelleg/ros2_ws/build/py_srvcli/build/lib/py_srvcli
[1.928s] copying py_srvcli/service_member_function.py -> /home/janelleg/ros2_ws/build/py_srvcli/build/lib/py_srvcli
[1.929s] running install
[1.930s] running install_lib
[1.933s] copying /home/janelleg/ros2_ws/build/py_srvcli/build/lib/py_srvcli/client_member_function.py -> /home/janelleg/ros2_ws/install/py_srvcli/lib/python3.10/site-packages/py_srvcli
[1.933s] copying /home/janelleg/ros2_ws/build/py_srvcli/build/lib/py_srvcli/service_member_function.py -> /home/janelleg/ros2_ws/install/py_srvcli/lib/python3.10/site-packages/py_srvcli
[1.936s] byte-compiling /home/janelleg/ros2_ws/install/py_srvcli/lib/python3.10/site-packages/py_srvcli/client_member_function.py to client_member_function.cpython-310.pyc
[1.939s] byte-compiling /home/janelleg/ros2_ws/install/py_srvcli/lib/python3.10/site-packages/py_srvcli/service_member_function.py to service_member_function.cpython-310.pyc
[1.940s] running install_data
[1.941s] copying package.xml -> /home/janelleg/ros2_ws/install/py_srvcli/share/py_srvcli
[1.941s] running install_egg_info
[1.946s] removing '/home/janelleg/ros2_ws/install/py_srvcli/lib/python3.10/site-packages/py_srvcli-0.0.0-py3.10.egg-info' (and everything under it)
[1.947s] Copying ../../build/py_srvcli/py_srvcli.egg-info to /home/janelleg/ros2_ws/install/py_srvcli/lib/python3.10/site-packages/py_srvcli-0.0.0-py3.10.egg-info
[1.948s] running install_scripts
[1.995s] Installing client script to /home/janelleg/ros2_ws/install/py_srvcli/lib/py_srvcli
[1.995s] Installing service script to /home/janelleg/ros2_ws/install/py_srvcli/lib/py_srvcli
[1.996s] writing list of installed files to '/home/janelleg/ros2_ws/build/py_srvcli/install.log'
[2.051s] Invoked command in '/home/janelleg/ros2_ws/src/py_srvcli' returned '0': AMENT_PREFIX_PATH=/home/janelleg/ros2_ws/install/tutorial_interfaces:${AMENT_PREFIX_PATH} CMAKE_PREFIX_PATH=/home/janelleg/ros2_ws/install/tutorial_interfaces:${CMAKE_PREFIX_PATH} LD_LIBRARY_PATH=/home/janelleg/ros2_ws/install/tutorial_interfaces/lib:${LD_LIBRARY_PATH} PYTHONPATH=/home/janelleg/ros2_ws/build/py_srvcli/prefix_override:/usr/lib/python3/dist-packages/colcon_core/task/python/colcon_distutils_commands:/home/janelleg/ros2_ws/install/py_srvcli/lib/python3.10/site-packages:/home/janelleg/ros2_ws/install/tutorial_interfaces/local/lib/python3.10/dist-packages:${PYTHONPATH} /usr/bin/python3 -W ignore:setup.py install is deprecated setup.py egg_info --egg-base ../../build/py_srvcli build --build-base /home/janelleg/ros2_ws/build/py_srvcli/build install --record /home/janelleg/ros2_ws/build/py_srvcli/install.log --single-version-externally-managed install_data
