[1.340s] Invoking command in '/home/janelleg/ros2_ws/build/examples_rclpy_minimal_action_client': PYTHONPATH=/home/janelleg/ros2_ws/build/examples_rclpy_minimal_action_client/prefix_override:/usr/lib/python3/dist-packages/colcon_core/task/python/colcon_distutils_commands:/home/janelleg/ros2_ws/install/examples_rclpy_minimal_action_client/lib/python3.10/site-packages:${PYTHONPATH} /usr/bin/python3 -W ignore:setup.py install is deprecated setup.py develop --editable --build-directory /home/janelleg/ros2_ws/build/examples_rclpy_minimal_action_client/build --no-deps symlink_data
[1.904s] running develop
[2.227s] running egg_info
[2.227s] writing examples_rclpy_minimal_action_client.egg-info/PKG-INFO
[2.228s] writing dependency_links to examples_rclpy_minimal_action_client.egg-info/dependency_links.txt
[2.228s] writing entry points to examples_rclpy_minimal_action_client.egg-info/entry_points.txt
[2.229s] writing requirements to examples_rclpy_minimal_action_client.egg-info/requires.txt
[2.229s] writing top-level names to examples_rclpy_minimal_action_client.egg-info/top_level.txt
[2.234s] reading manifest file 'examples_rclpy_minimal_action_client.egg-info/SOURCES.txt'
[2.237s] writing manifest file 'examples_rclpy_minimal_action_client.egg-info/SOURCES.txt'
[2.241s] running build_ext
[2.241s] Creating /home/janelleg/ros2_ws/install/examples_rclpy_minimal_action_client/lib/python3.10/site-packages/examples-rclpy-minimal-action-client.egg-link (link to .)
[2.243s] Installing client script to /home/janelleg/ros2_ws/install/examples_rclpy_minimal_action_client/lib/examples_rclpy_minimal_action_client
[2.243s] Installing client_asyncio script to /home/janelleg/ros2_ws/install/examples_rclpy_minimal_action_client/lib/examples_rclpy_minimal_action_client
[2.244s] Installing client_cancel script to /home/janelleg/ros2_ws/install/examples_rclpy_minimal_action_client/lib/examples_rclpy_minimal_action_client
[2.244s] Installing client_not_composable script to /home/janelleg/ros2_ws/install/examples_rclpy_minimal_action_client/lib/examples_rclpy_minimal_action_client
[2.244s] 
[2.245s] Installed /home/janelleg/ros2_ws/build/examples_rclpy_minimal_action_client
[2.245s] running symlink_data
[2.308s] Invoked command in '/home/janelleg/ros2_ws/build/examples_rclpy_minimal_action_client' returned '0': PYTHONPATH=/home/janelleg/ros2_ws/build/examples_rclpy_minimal_action_client/prefix_override:/usr/lib/python3/dist-packages/colcon_core/task/python/colcon_distutils_commands:/home/janelleg/ros2_ws/install/examples_rclpy_minimal_action_client/lib/python3.10/site-packages:${PYTHONPATH} /usr/bin/python3 -W ignore:setup.py install is deprecated setup.py develop --editable --build-directory /home/janelleg/ros2_ws/build/examples_rclpy_minimal_action_client/build --no-deps symlink_data
