[1.356s] Invoking command in '/home/janelleg/ros2_ws/build/examples_rclpy_minimal_client': PYTHONPATH=/home/janelleg/ros2_ws/build/examples_rclpy_minimal_client/prefix_override:/usr/lib/python3/dist-packages/colcon_core/task/python/colcon_distutils_commands:/home/janelleg/ros2_ws/install/examples_rclpy_minimal_client/lib/python3.10/site-packages:${PYTHONPATH} /usr/bin/python3 -W ignore:setup.py install is deprecated setup.py develop --editable --build-directory /home/janelleg/ros2_ws/build/examples_rclpy_minimal_client/build --no-deps symlink_data
[1.923s] running develop
[2.244s] running egg_info
[2.244s] writing examples_rclpy_minimal_client.egg-info/PKG-INFO
[2.245s] writing dependency_links to examples_rclpy_minimal_client.egg-info/dependency_links.txt
[2.245s] writing entry points to examples_rclpy_minimal_client.egg-info/entry_points.txt
[2.245s] writing requirements to examples_rclpy_minimal_client.egg-info/requires.txt
[2.245s] writing top-level names to examples_rclpy_minimal_client.egg-info/top_level.txt
[2.248s] reading manifest file 'examples_rclpy_minimal_client.egg-info/SOURCES.txt'
[2.254s] writing manifest file 'examples_rclpy_minimal_client.egg-info/SOURCES.txt'
[2.257s] running build_ext
[2.258s] Creating /home/janelleg/ros2_ws/install/examples_rclpy_minimal_client/lib/python3.10/site-packages/examples-rclpy-minimal-client.egg-link (link to .)
[2.259s] Installing client script to /home/janelleg/ros2_ws/install/examples_rclpy_minimal_client/lib/examples_rclpy_minimal_client
[2.259s] Installing client_async script to /home/janelleg/ros2_ws/install/examples_rclpy_minimal_client/lib/examples_rclpy_minimal_client
[2.260s] Installing client_async_callback script to /home/janelleg/ros2_ws/install/examples_rclpy_minimal_client/lib/examples_rclpy_minimal_client
[2.260s] Installing client_async_member_function script to /home/janelleg/ros2_ws/install/examples_rclpy_minimal_client/lib/examples_rclpy_minimal_client
[2.260s] 
[2.260s] Installed /home/janelleg/ros2_ws/build/examples_rclpy_minimal_client
[2.261s] running symlink_data
[2.321s] Invoked command in '/home/janelleg/ros2_ws/build/examples_rclpy_minimal_client' returned '0': PYTHONPATH=/home/janelleg/ros2_ws/build/examples_rclpy_minimal_client/prefix_override:/usr/lib/python3/dist-packages/colcon_core/task/python/colcon_distutils_commands:/home/janelleg/ros2_ws/install/examples_rclpy_minimal_client/lib/python3.10/site-packages:${PYTHONPATH} /usr/bin/python3 -W ignore:setup.py install is deprecated setup.py develop --editable --build-directory /home/janelleg/ros2_ws/build/examples_rclpy_minimal_client/build --no-deps symlink_data
