[0.020s] Invoking command in '/home/janelleg/ros2_ws/build/examples_rclcpp_minimal_publisher': CMAKE_PREFIX_PATH=/opt/ros/humble /usr/bin/cmake --build /home/janelleg/ros2_ws/build/examples_rclcpp_minimal_publisher -- -j8 -l8
[0.111s] [35m[1mConsolidate compiler generated dependencies of target publisher_member_function[0m
[0.111s] [35m[1mConsolidate compiler generated dependencies of target publisher_member_function_with_unique_network_flow_endpoints[0m
[0.111s] [35m[1mConsolidate compiler generated dependencies of target publisher_not_composable[0m
[0.112s] [35m[1mConsolidate compiler generated dependencies of target publisher_lambda[0m
[0.112s] [35m[1mConsolidate compiler generated dependencies of target publisher_member_function_with_type_adapter[0m
[0.116s] [35m[1mConsolidate compiler generated dependencies of target publisher_wait_for_all_acked[0m
[0.155s] [ 16%] Built target publisher_not_composable
[0.158s] [ 33%] Built target publisher_member_function_with_unique_network_flow_endpoints
[0.159s] [ 50%] Built target publisher_member_function
[0.162s] [ 66%] Built target publisher_member_function_with_type_adapter
[0.163s] [ 83%] Built target publisher_lambda
[0.170s] [100%] Built target publisher_wait_for_all_acked
[0.227s] Invoked command in '/home/janelleg/ros2_ws/build/examples_rclcpp_minimal_publisher' returned '0': CMAKE_PREFIX_PATH=/opt/ros/humble /usr/bin/cmake --build /home/janelleg/ros2_ws/build/examples_rclcpp_minimal_publisher -- -j8 -l8
[0.330s] Invoking command in '/home/janelleg/ros2_ws/build/examples_rclcpp_minimal_publisher': CMAKE_PREFIX_PATH=/opt/ros/humble /usr/bin/cmake --install /home/janelleg/ros2_ws/build/examples_rclcpp_minimal_publisher
[0.344s] -- Install configuration: ""
[0.345s] -- Execute custom install script
[0.346s] -- Up-to-date symlink: /home/janelleg/ros2_ws/install/examples_rclcpp_minimal_publisher/lib/examples_rclcpp_minimal_publisher/publisher_lambda
[0.347s] -- Up-to-date symlink: /home/janelleg/ros2_ws/install/examples_rclcpp_minimal_publisher/lib/examples_rclcpp_minimal_publisher/publisher_member_function
[0.347s] -- Up-to-date symlink: /home/janelleg/ros2_ws/install/examples_rclcpp_minimal_publisher/lib/examples_rclcpp_minimal_publisher/publisher_member_function_with_type_adapter
[0.347s] -- Up-to-date symlink: /home/janelleg/ros2_ws/install/examples_rclcpp_minimal_publisher/lib/examples_rclcpp_minimal_publisher/publisher_member_function_with_unique_network_flow_endpoints
[0.348s] -- Up-to-date symlink: /home/janelleg/ros2_ws/install/examples_rclcpp_minimal_publisher/lib/examples_rclcpp_minimal_publisher/publisher_wait_for_all_acked
[0.348s] -- Up-to-date symlink: /home/janelleg/ros2_ws/install/examples_rclcpp_minimal_publisher/lib/examples_rclcpp_minimal_publisher/publisher_not_composable
[0.348s] -- Up-to-date symlink: /home/janelleg/ros2_ws/install/examples_rclcpp_minimal_publisher/share/ament_index/resource_index/package_run_dependencies/examples_rclcpp_minimal_publisher
[0.348s] -- Up-to-date symlink: /home/janelleg/ros2_ws/install/examples_rclcpp_minimal_publisher/share/ament_index/resource_index/parent_prefix_path/examples_rclcpp_minimal_publisher
[0.349s] -- Up-to-date symlink: /home/janelleg/ros2_ws/install/examples_rclcpp_minimal_publisher/share/examples_rclcpp_minimal_publisher/environment/ament_prefix_path.sh
[0.349s] -- Up-to-date symlink: /home/janelleg/ros2_ws/install/examples_rclcpp_minimal_publisher/share/examples_rclcpp_minimal_publisher/environment/ament_prefix_path.dsv
[0.349s] -- Up-to-date symlink: /home/janelleg/ros2_ws/install/examples_rclcpp_minimal_publisher/share/examples_rclcpp_minimal_publisher/environment/path.sh
[0.350s] -- Up-to-date symlink: /home/janelleg/ros2_ws/install/examples_rclcpp_minimal_publisher/share/examples_rclcpp_minimal_publisher/environment/path.dsv
[0.350s] -- Up-to-date symlink: /home/janelleg/ros2_ws/install/examples_rclcpp_minimal_publisher/share/examples_rclcpp_minimal_publisher/local_setup.bash
[0.350s] -- Up-to-date symlink: /home/janelleg/ros2_ws/install/examples_rclcpp_minimal_publisher/share/examples_rclcpp_minimal_publisher/local_setup.sh
[0.350s] -- Up-to-date symlink: /home/janelleg/ros2_ws/install/examples_rclcpp_minimal_publisher/share/examples_rclcpp_minimal_publisher/local_setup.zsh
[0.351s] -- Up-to-date symlink: /home/janelleg/ros2_ws/install/examples_rclcpp_minimal_publisher/share/examples_rclcpp_minimal_publisher/local_setup.dsv
[0.351s] -- Symlinking: /home/janelleg/ros2_ws/install/examples_rclcpp_minimal_publisher/share/examples_rclcpp_minimal_publisher/package.dsv
[0.367s] -- Up-to-date symlink: /home/janelleg/ros2_ws/install/examples_rclcpp_minimal_publisher/share/ament_index/resource_index/packages/examples_rclcpp_minimal_publisher
[0.367s] -- Up-to-date symlink: /home/janelleg/ros2_ws/install/examples_rclcpp_minimal_publisher/share/examples_rclcpp_minimal_publisher/cmake/examples_rclcpp_minimal_publisherConfig.cmake
[0.367s] -- Up-to-date symlink: /home/janelleg/ros2_ws/install/examples_rclcpp_minimal_publisher/share/examples_rclcpp_minimal_publisher/cmake/examples_rclcpp_minimal_publisherConfig-version.cmake
[0.367s] -- Up-to-date symlink: /home/janelleg/ros2_ws/install/examples_rclcpp_minimal_publisher/share/examples_rclcpp_minimal_publisher/package.xml
[0.372s] Invoked command in '/home/janelleg/ros2_ws/build/examples_rclcpp_minimal_publisher' returned '0': CMAKE_PREFIX_PATH=/opt/ros/humble /usr/bin/cmake --install /home/janelleg/ros2_ws/build/examples_rclcpp_minimal_publisher
