[1.301s] Invoking command in '/home/janelleg/ros2_ws/src/py_srvcli': PYTHONPATH=/home/janelleg/ros2_ws/build/py_srvcli/prefix_override:/usr/lib/python3/dist-packages/colcon_core/task/python/colcon_distutils_commands:/home/janelleg/ros2_ws/install/py_srvcli/lib/python3.10/site-packages:${PYTHONPATH} /usr/bin/python3 -W ignore:setup.py install is deprecated setup.py egg_info --egg-base ../../build/py_srvcli build --build-base /home/janelleg/ros2_ws/build/py_srvcli/build install --record /home/janelleg/ros2_ws/build/py_srvcli/install.log --single-version-externally-managed install_data
[1.831s] running egg_info
[1.831s] creating ../../build/py_srvcli/py_srvcli.egg-info
[1.832s] writing ../../build/py_srvcli/py_srvcli.egg-info/PKG-INFO
[1.832s] writing dependency_links to ../../build/py_srvcli/py_srvcli.egg-info/dependency_links.txt
[1.833s] writing entry points to ../../build/py_srvcli/py_srvcli.egg-info/entry_points.txt
[1.833s] writing requirements to ../../build/py_srvcli/py_srvcli.egg-info/requires.txt
[1.833s] writing top-level names to ../../build/py_srvcli/py_srvcli.egg-info/top_level.txt
[1.834s] writing manifest file '../../build/py_srvcli/py_srvcli.egg-info/SOURCES.txt'
[1.841s] reading manifest file '../../build/py_srvcli/py_srvcli.egg-info/SOURCES.txt'
[1.841s] adding license file 'LICENSE'
[1.842s] writing manifest file '../../build/py_srvcli/py_srvcli.egg-info/SOURCES.txt'
[1.843s] running build
[1.843s] running build_py
[1.844s] creating /home/janelleg/ros2_ws/build/py_srvcli/build
[1.844s] creating /home/janelleg/ros2_ws/build/py_srvcli/build/lib
[1.844s] creating /home/janelleg/ros2_ws/build/py_srvcli/build/lib/py_srvcli
[1.845s] copying py_srvcli/client_member_function.py -> /home/janelleg/ros2_ws/build/py_srvcli/build/lib/py_srvcli
[1.845s] copying py_srvcli/service_member_function.py -> /home/janelleg/ros2_ws/build/py_srvcli/build/lib/py_srvcli
[1.845s] copying py_srvcli/__init__.py -> /home/janelleg/ros2_ws/build/py_srvcli/build/lib/py_srvcli
[1.846s] running install
[1.846s] running install_lib
[1.848s] creating /home/janelleg/ros2_ws/install/py_srvcli/lib/python3.10/site-packages/py_srvcli
[1.848s] copying /home/janelleg/ros2_ws/build/py_srvcli/build/lib/py_srvcli/client_member_function.py -> /home/janelleg/ros2_ws/install/py_srvcli/lib/python3.10/site-packages/py_srvcli
[1.849s] copying /home/janelleg/ros2_ws/build/py_srvcli/build/lib/py_srvcli/service_member_function.py -> /home/janelleg/ros2_ws/install/py_srvcli/lib/python3.10/site-packages/py_srvcli
[1.849s] copying /home/janelleg/ros2_ws/build/py_srvcli/build/lib/py_srvcli/__init__.py -> /home/janelleg/ros2_ws/install/py_srvcli/lib/python3.10/site-packages/py_srvcli
[1.849s] byte-compiling /home/janelleg/ros2_ws/install/py_srvcli/lib/python3.10/site-packages/py_srvcli/client_member_function.py to client_member_function.cpython-310.pyc
[1.850s] byte-compiling /home/janelleg/ros2_ws/install/py_srvcli/lib/python3.10/site-packages/py_srvcli/service_member_function.py to service_member_function.cpython-310.pyc
[1.852s] byte-compiling /home/janelleg/ros2_ws/install/py_srvcli/lib/python3.10/site-packages/py_srvcli/__init__.py to __init__.cpython-310.pyc
[1.852s] running install_data
[1.852s] creating /home/janelleg/ros2_ws/install/py_srvcli/share/ament_index
[1.853s] creating /home/janelleg/ros2_ws/install/py_srvcli/share/ament_index/resource_index
[1.853s] creating /home/janelleg/ros2_ws/install/py_srvcli/share/ament_index/resource_index/packages
[1.853s] copying resource/py_srvcli -> /home/janelleg/ros2_ws/install/py_srvcli/share/ament_index/resource_index/packages
[1.853s] copying package.xml -> /home/janelleg/ros2_ws/install/py_srvcli/share/py_srvcli
[1.853s] running install_egg_info
[1.856s] Copying ../../build/py_srvcli/py_srvcli.egg-info to /home/janelleg/ros2_ws/install/py_srvcli/lib/python3.10/site-packages/py_srvcli-0.0.0-py3.10.egg-info
[1.857s] running install_scripts
[1.902s] Installing client script to /home/janelleg/ros2_ws/install/py_srvcli/lib/py_srvcli
[1.903s] Installing service script to /home/janelleg/ros2_ws/install/py_srvcli/lib/py_srvcli
[1.903s] writing list of installed files to '/home/janelleg/ros2_ws/build/py_srvcli/install.log'
[1.956s] Invoked command in '/home/janelleg/ros2_ws/src/py_srvcli' returned '0': PYTHONPATH=/home/janelleg/ros2_ws/build/py_srvcli/prefix_override:/usr/lib/python3/dist-packages/colcon_core/task/python/colcon_distutils_commands:/home/janelleg/ros2_ws/install/py_srvcli/lib/python3.10/site-packages:${PYTHONPATH} /usr/bin/python3 -W ignore:setup.py install is deprecated setup.py egg_info --egg-base ../../build/py_srvcli build --build-base /home/janelleg/ros2_ws/build/py_srvcli/build install --record /home/janelleg/ros2_ws/build/py_srvcli/install.log --single-version-externally-managed install_data
