[0.196s] DEBUG:colcon:Command line arguments: ['/usr/bin/colcon', 'build', '--symlink-install', '--packages-select', 'rviz_plugin_tutorial_msgs']
[0.196s] DEBUG:colcon:Parsed command line arguments: Namespace(log_base=None, log_level=None, verb_name='build', build_base='build', install_base='install', merge_install=False, symlink_install=True, test_result_base=None, continue_on_error=False, executor='parallel', parallel_workers=8, event_handlers=None, ignore_user_meta=False, metas=['./colcon.meta'], base_paths=['.'], packages_ignore=None, packages_ignore_regex=None, paths=None, packages_up_to=None, packages_up_to_regex=None, packages_above=None, packages_above_and_dependencies=None, packages_above_depth=None, packages_select_by_dep=None, packages_skip_by_dep=None, packages_skip_up_to=None, packages_select_build_failed=False, packages_skip_build_finished=False, packages_select_test_failures=False, packages_skip_test_passed=False, packages_select=['rviz_plugin_tutorial_msgs'], packages_skip=None, packages_select_regex=None, packages_skip_regex=None, packages_start=None, packages_end=None, allow_overriding=[], cmake_args=None, cmake_target=None, cmake_target_skip_unavailable=False, cmake_clean_cache=False, cmake_clean_first=False, cmake_force_configure=False, ament_cmake_args=None, catkin_cmake_args=None, catkin_skip_building_tests=False, verb_parser=<colcon_defaults.argument_parser.defaults.DefaultArgumentsDecorator object at 0x7134dc73c5e0>, verb_extension=<colcon_core.verb.build.BuildVerb object at 0x7134dc839210>, main=<bound method BuildVerb.main of <colcon_core.verb.build.BuildVerb object at 0x7134dc839210>>)
[0.519s] Level 1:colcon.colcon_core.package_discovery:discover_packages(colcon_meta) check parameters
[0.520s] Level 1:colcon.colcon_core.package_discovery:discover_packages(recursive) check parameters
[0.520s] Level 1:colcon.colcon_core.package_discovery:discover_packages(ignore) check parameters
[0.520s] Level 1:colcon.colcon_core.package_discovery:discover_packages(path) check parameters
[0.520s] Level 1:colcon.colcon_core.package_discovery:discover_packages(colcon_meta) discover
[0.520s] Level 1:colcon.colcon_core.package_discovery:discover_packages(recursive) discover
[0.520s] INFO:colcon.colcon_core.package_discovery:Crawling recursively for packages in '/home/janelleg/second_ros2_ws'
[0.520s] Level 1:colcon.colcon_core.package_identification:_identify(.) by extensions ['ignore', 'ignore_ament_install']
[0.520s] Level 1:colcon.colcon_core.package_identification:_identify(.) by extension 'ignore'
[0.520s] Level 1:colcon.colcon_core.package_identification:_identify(.) by extension 'ignore_ament_install'
[0.520s] Level 1:colcon.colcon_core.package_identification:_identify(.) by extensions ['colcon_pkg']
[0.521s] Level 1:colcon.colcon_core.package_identification:_identify(.) by extension 'colcon_pkg'
[0.521s] Level 1:colcon.colcon_core.package_identification:_identify(.) by extensions ['colcon_meta']
[0.521s] Level 1:colcon.colcon_core.package_identification:_identify(.) by extension 'colcon_meta'
[0.521s] Level 1:colcon.colcon_core.package_identification:_identify(.) by extensions ['ros']
[0.521s] Level 1:colcon.colcon_core.package_identification:_identify(.) by extension 'ros'
[0.543s] Level 1:colcon.colcon_core.package_identification:_identify(.) by extensions ['cmake', 'python']
[0.543s] Level 1:colcon.colcon_core.package_identification:_identify(.) by extension 'cmake'
[0.543s] Level 1:colcon.colcon_core.package_identification:_identify(.) by extension 'python'
[0.543s] Level 1:colcon.colcon_core.package_identification:_identify(.) by extensions ['python_setup_py']
[0.543s] Level 1:colcon.colcon_core.package_identification:_identify(.) by extension 'python_setup_py'
[0.543s] Level 1:colcon.colcon_core.package_identification:_identify(build) by extensions ['ignore', 'ignore_ament_install']
[0.544s] Level 1:colcon.colcon_core.package_identification:_identify(build) by extension 'ignore'
[0.544s] Level 1:colcon.colcon_core.package_identification:_identify(build) ignored
[0.544s] Level 1:colcon.colcon_core.package_identification:_identify(install) by extensions ['ignore', 'ignore_ament_install']
[0.544s] Level 1:colcon.colcon_core.package_identification:_identify(install) by extension 'ignore'
[0.544s] Level 1:colcon.colcon_core.package_identification:_identify(install) ignored
[0.544s] Level 1:colcon.colcon_core.package_identification:_identify(log) by extensions ['ignore', 'ignore_ament_install']
[0.545s] Level 1:colcon.colcon_core.package_identification:_identify(log) by extension 'ignore'
[0.545s] Level 1:colcon.colcon_core.package_identification:_identify(log) ignored
[0.545s] Level 1:colcon.colcon_core.package_identification:_identify(src) by extensions ['ignore', 'ignore_ament_install']
[0.545s] Level 1:colcon.colcon_core.package_identification:_identify(src) by extension 'ignore'
[0.545s] Level 1:colcon.colcon_core.package_identification:_identify(src) by extension 'ignore_ament_install'
[0.545s] Level 1:colcon.colcon_core.package_identification:_identify(src) by extensions ['colcon_pkg']
[0.545s] Level 1:colcon.colcon_core.package_identification:_identify(src) by extension 'colcon_pkg'
[0.545s] Level 1:colcon.colcon_core.package_identification:_identify(src) by extensions ['colcon_meta']
[0.545s] Level 1:colcon.colcon_core.package_identification:_identify(src) by extension 'colcon_meta'
[0.545s] Level 1:colcon.colcon_core.package_identification:_identify(src) by extensions ['ros']
[0.545s] Level 1:colcon.colcon_core.package_identification:_identify(src) by extension 'ros'
[0.545s] Level 1:colcon.colcon_core.package_identification:_identify(src) by extensions ['cmake', 'python']
[0.545s] Level 1:colcon.colcon_core.package_identification:_identify(src) by extension 'cmake'
[0.546s] Level 1:colcon.colcon_core.package_identification:_identify(src) by extension 'python'
[0.546s] Level 1:colcon.colcon_core.package_identification:_identify(src) by extensions ['python_setup_py']
[0.546s] Level 1:colcon.colcon_core.package_identification:_identify(src) by extension 'python_setup_py'
[0.546s] Level 1:colcon.colcon_core.package_identification:_identify(src/rviz_plugin_tutorial) by extensions ['ignore', 'ignore_ament_install']
[0.546s] Level 1:colcon.colcon_core.package_identification:_identify(src/rviz_plugin_tutorial) by extension 'ignore'
[0.546s] Level 1:colcon.colcon_core.package_identification:_identify(src/rviz_plugin_tutorial) by extension 'ignore_ament_install'
[0.546s] Level 1:colcon.colcon_core.package_identification:_identify(src/rviz_plugin_tutorial) by extensions ['colcon_pkg']
[0.546s] Level 1:colcon.colcon_core.package_identification:_identify(src/rviz_plugin_tutorial) by extension 'colcon_pkg'
[0.546s] Level 1:colcon.colcon_core.package_identification:_identify(src/rviz_plugin_tutorial) by extensions ['colcon_meta']
[0.546s] Level 1:colcon.colcon_core.package_identification:_identify(src/rviz_plugin_tutorial) by extension 'colcon_meta'
[0.546s] Level 1:colcon.colcon_core.package_identification:_identify(src/rviz_plugin_tutorial) by extensions ['ros']
[0.546s] Level 1:colcon.colcon_core.package_identification:_identify(src/rviz_plugin_tutorial) by extension 'ros'
[0.546s] Level 1:colcon.colcon_core.package_identification:_identify(src/rviz_plugin_tutorial) by extensions ['cmake', 'python']
[0.547s] Level 1:colcon.colcon_core.package_identification:_identify(src/rviz_plugin_tutorial) by extension 'cmake'
[0.547s] Level 1:colcon.colcon_core.package_identification:_identify(src/rviz_plugin_tutorial) by extension 'python'
[0.547s] Level 1:colcon.colcon_core.package_identification:_identify(src/rviz_plugin_tutorial) by extensions ['python_setup_py']
[0.547s] Level 1:colcon.colcon_core.package_identification:_identify(src/rviz_plugin_tutorial) by extension 'python_setup_py'
[0.547s] Level 1:colcon.colcon_core.package_identification:_identify(src/rviz_plugin_tutorial/doc) by extensions ['ignore', 'ignore_ament_install']
[0.547s] Level 1:colcon.colcon_core.package_identification:_identify(src/rviz_plugin_tutorial/doc) by extension 'ignore'
[0.547s] Level 1:colcon.colcon_core.package_identification:_identify(src/rviz_plugin_tutorial/doc) by extension 'ignore_ament_install'
[0.547s] Level 1:colcon.colcon_core.package_identification:_identify(src/rviz_plugin_tutorial/doc) by extensions ['colcon_pkg']
[0.547s] Level 1:colcon.colcon_core.package_identification:_identify(src/rviz_plugin_tutorial/doc) by extension 'colcon_pkg'
[0.547s] Level 1:colcon.colcon_core.package_identification:_identify(src/rviz_plugin_tutorial/doc) by extensions ['colcon_meta']
[0.547s] Level 1:colcon.colcon_core.package_identification:_identify(src/rviz_plugin_tutorial/doc) by extension 'colcon_meta'
[0.547s] Level 1:colcon.colcon_core.package_identification:_identify(src/rviz_plugin_tutorial/doc) by extensions ['ros']
[0.547s] Level 1:colcon.colcon_core.package_identification:_identify(src/rviz_plugin_tutorial/doc) by extension 'ros'
[0.548s] Level 1:colcon.colcon_core.package_identification:_identify(src/rviz_plugin_tutorial/doc) by extensions ['cmake', 'python']
[0.548s] Level 1:colcon.colcon_core.package_identification:_identify(src/rviz_plugin_tutorial/doc) by extension 'cmake'
[0.548s] Level 1:colcon.colcon_core.package_identification:_identify(src/rviz_plugin_tutorial/doc) by extension 'python'
[0.548s] Level 1:colcon.colcon_core.package_identification:_identify(src/rviz_plugin_tutorial/doc) by extensions ['python_setup_py']
[0.548s] Level 1:colcon.colcon_core.package_identification:_identify(src/rviz_plugin_tutorial/doc) by extension 'python_setup_py'
[0.548s] Level 1:colcon.colcon_core.package_identification:_identify(src/rviz_plugin_tutorial/rviz_plugin_tutorial) by extensions ['ignore', 'ignore_ament_install']
[0.548s] Level 1:colcon.colcon_core.package_identification:_identify(src/rviz_plugin_tutorial/rviz_plugin_tutorial) by extension 'ignore'
[0.548s] Level 1:colcon.colcon_core.package_identification:_identify(src/rviz_plugin_tutorial/rviz_plugin_tutorial) by extension 'ignore_ament_install'
[0.548s] Level 1:colcon.colcon_core.package_identification:_identify(src/rviz_plugin_tutorial/rviz_plugin_tutorial) by extensions ['colcon_pkg']
[0.548s] Level 1:colcon.colcon_core.package_identification:_identify(src/rviz_plugin_tutorial/rviz_plugin_tutorial) by extension 'colcon_pkg'
[0.548s] Level 1:colcon.colcon_core.package_identification:_identify(src/rviz_plugin_tutorial/rviz_plugin_tutorial) by extensions ['colcon_meta']
[0.548s] Level 1:colcon.colcon_core.package_identification:_identify(src/rviz_plugin_tutorial/rviz_plugin_tutorial) by extension 'colcon_meta'
[0.548s] Level 1:colcon.colcon_core.package_identification:_identify(src/rviz_plugin_tutorial/rviz_plugin_tutorial) by extensions ['ros']
[0.549s] Level 1:colcon.colcon_core.package_identification:_identify(src/rviz_plugin_tutorial/rviz_plugin_tutorial) by extension 'ros'
[0.553s] DEBUG:colcon.colcon_core.package_identification:Package 'src/rviz_plugin_tutorial/rviz_plugin_tutorial' with type 'ros.ament_cmake' and name 'rviz_plugin_tutorial'
[0.554s] Level 1:colcon.colcon_core.package_identification:_identify(src/rviz_plugin_tutorial/rviz_plugin_tutorial_msgs) by extensions ['ignore', 'ignore_ament_install']
[0.554s] Level 1:colcon.colcon_core.package_identification:_identify(src/rviz_plugin_tutorial/rviz_plugin_tutorial_msgs) by extension 'ignore'
[0.554s] Level 1:colcon.colcon_core.package_identification:_identify(src/rviz_plugin_tutorial/rviz_plugin_tutorial_msgs) by extension 'ignore_ament_install'
[0.554s] Level 1:colcon.colcon_core.package_identification:_identify(src/rviz_plugin_tutorial/rviz_plugin_tutorial_msgs) by extensions ['colcon_pkg']
[0.554s] Level 1:colcon.colcon_core.package_identification:_identify(src/rviz_plugin_tutorial/rviz_plugin_tutorial_msgs) by extension 'colcon_pkg'
[0.554s] Level 1:colcon.colcon_core.package_identification:_identify(src/rviz_plugin_tutorial/rviz_plugin_tutorial_msgs) by extensions ['colcon_meta']
[0.554s] Level 1:colcon.colcon_core.package_identification:_identify(src/rviz_plugin_tutorial/rviz_plugin_tutorial_msgs) by extension 'colcon_meta'
[0.554s] Level 1:colcon.colcon_core.package_identification:_identify(src/rviz_plugin_tutorial/rviz_plugin_tutorial_msgs) by extensions ['ros']
[0.555s] Level 1:colcon.colcon_core.package_identification:_identify(src/rviz_plugin_tutorial/rviz_plugin_tutorial_msgs) by extension 'ros'
[0.556s] DEBUG:colcon.colcon_core.package_identification:Package 'src/rviz_plugin_tutorial/rviz_plugin_tutorial_msgs' with type 'ros.ament_cmake' and name 'rviz_plugin_tutorial_msgs'
[0.556s] Level 1:colcon.colcon_core.package_identification:_identify(src/urdf_tutorial_r2d2) by extensions ['ignore', 'ignore_ament_install']
[0.556s] Level 1:colcon.colcon_core.package_identification:_identify(src/urdf_tutorial_r2d2) by extension 'ignore'
[0.556s] Level 1:colcon.colcon_core.package_identification:_identify(src/urdf_tutorial_r2d2) by extension 'ignore_ament_install'
[0.556s] Level 1:colcon.colcon_core.package_identification:_identify(src/urdf_tutorial_r2d2) by extensions ['colcon_pkg']
[0.556s] Level 1:colcon.colcon_core.package_identification:_identify(src/urdf_tutorial_r2d2) by extension 'colcon_pkg'
[0.557s] Level 1:colcon.colcon_core.package_identification:_identify(src/urdf_tutorial_r2d2) by extensions ['colcon_meta']
[0.557s] Level 1:colcon.colcon_core.package_identification:_identify(src/urdf_tutorial_r2d2) by extension 'colcon_meta'
[0.557s] Level 1:colcon.colcon_core.package_identification:_identify(src/urdf_tutorial_r2d2) by extensions ['ros']
[0.557s] Level 1:colcon.colcon_core.package_identification:_identify(src/urdf_tutorial_r2d2) by extension 'ros'
[0.558s] DEBUG:colcon.colcon_core.package_identification:Package 'src/urdf_tutorial_r2d2' with type 'ros.ament_python' and name 'urdf_tutorial_r2d2'
[0.558s] Level 1:colcon.colcon_core.package_discovery:discover_packages(recursive) using defaults
[0.558s] Level 1:colcon.colcon_core.package_discovery:discover_packages(ignore) discover
[0.558s] Level 1:colcon.colcon_core.package_discovery:discover_packages(ignore) using defaults
[0.558s] Level 1:colcon.colcon_core.package_discovery:discover_packages(path) discover
[0.558s] Level 1:colcon.colcon_core.package_discovery:discover_packages(path) using defaults
[0.615s] INFO:colcon.colcon_core.package_selection:Skipping not selected package 'urdf_tutorial_r2d2' in 'src/urdf_tutorial_r2d2'
[0.615s] INFO:colcon.colcon_core.package_selection:Skipping not selected package 'rviz_plugin_tutorial' in 'src/rviz_plugin_tutorial/rviz_plugin_tutorial'
[0.616s] Level 1:colcon.colcon_core.package_discovery:discover_packages(prefix_path) check parameters
[0.616s] Level 1:colcon.colcon_core.package_discovery:discover_packages(prefix_path) discover
[0.620s] DEBUG:colcon.colcon_installed_package_information.package_discovery:Found 298 installed packages in /opt/ros/humble
[0.623s] Level 1:colcon.colcon_core.package_discovery:discover_packages(prefix_path) using defaults
[0.696s] Level 5:colcon.colcon_core.verb:set package 'rviz_plugin_tutorial_msgs' build argument 'cmake_args' from command line to 'None'
[0.696s] Level 5:colcon.colcon_core.verb:set package 'rviz_plugin_tutorial_msgs' build argument 'cmake_target' from command line to 'None'
[0.696s] Level 5:colcon.colcon_core.verb:set package 'rviz_plugin_tutorial_msgs' build argument 'cmake_target_skip_unavailable' from command line to 'False'
[0.696s] Level 5:colcon.colcon_core.verb:set package 'rviz_plugin_tutorial_msgs' build argument 'cmake_clean_cache' from command line to 'False'
[0.697s] Level 5:colcon.colcon_core.verb:set package 'rviz_plugin_tutorial_msgs' build argument 'cmake_clean_first' from command line to 'False'
[0.697s] Level 5:colcon.colcon_core.verb:set package 'rviz_plugin_tutorial_msgs' build argument 'cmake_force_configure' from command line to 'False'
[0.697s] Level 5:colcon.colcon_core.verb:set package 'rviz_plugin_tutorial_msgs' build argument 'ament_cmake_args' from command line to 'None'
[0.697s] Level 5:colcon.colcon_core.verb:set package 'rviz_plugin_tutorial_msgs' build argument 'catkin_cmake_args' from command line to 'None'
[0.697s] Level 5:colcon.colcon_core.verb:set package 'rviz_plugin_tutorial_msgs' build argument 'catkin_skip_building_tests' from command line to 'False'
[0.697s] DEBUG:colcon.colcon_core.verb:Building package 'rviz_plugin_tutorial_msgs' with the following arguments: {'ament_cmake_args': None, 'build_base': '/home/janelleg/second_ros2_ws/build/rviz_plugin_tutorial_msgs', 'catkin_cmake_args': None, 'catkin_skip_building_tests': False, 'cmake_args': None, 'cmake_clean_cache': False, 'cmake_clean_first': False, 'cmake_force_configure': False, 'cmake_target': None, 'cmake_target_skip_unavailable': False, 'install_base': '/home/janelleg/second_ros2_ws/install/rviz_plugin_tutorial_msgs', 'merge_install': False, 'path': '/home/janelleg/second_ros2_ws/src/rviz_plugin_tutorial/rviz_plugin_tutorial_msgs', 'symlink_install': True, 'test_result_base': None}
[0.697s] INFO:colcon.colcon_core.executor:Executing jobs using 'parallel' executor
[0.699s] DEBUG:colcon.colcon_parallel_executor.executor.parallel:run_until_complete
[0.700s] INFO:colcon.colcon_ros.task.ament_cmake.build:Building ROS package in '/home/janelleg/second_ros2_ws/src/rviz_plugin_tutorial/rviz_plugin_tutorial_msgs' with build type 'ament_cmake'
[0.700s] INFO:colcon.colcon_cmake.task.cmake.build:Building CMake package in '/home/janelleg/second_ros2_ws/src/rviz_plugin_tutorial/rviz_plugin_tutorial_msgs'
[0.704s] INFO:colcon.colcon_core.plugin_system:Skipping extension 'colcon_core.shell.bat': Not used on non-Windows systems
[0.704s] INFO:colcon.colcon_core.shell:Skip shell extension 'powershell' for command environment: Not usable outside of PowerShell
[0.704s] DEBUG:colcon.colcon_core.shell:Skip shell extension 'dsv' for command environment
[0.723s] DEBUG:colcon.colcon_core.event_handler.log_command:Invoking command in '/home/janelleg/second_ros2_ws/build/rviz_plugin_tutorial_msgs': CMAKE_PREFIX_PATH=/opt/ros/humble /usr/bin/cmake /home/janelleg/second_ros2_ws/src/rviz_plugin_tutorial/rviz_plugin_tutorial_msgs -DAMENT_CMAKE_SYMLINK_INSTALL=1 -DCMAKE_INSTALL_PREFIX=/home/janelleg/second_ros2_ws/install/rviz_plugin_tutorial_msgs
[4.030s] DEBUG:colcon.colcon_core.event_handler.log_command:Invoked command in '/home/janelleg/second_ros2_ws/build/rviz_plugin_tutorial_msgs' returned '0': CMAKE_PREFIX_PATH=/opt/ros/humble /usr/bin/cmake /home/janelleg/second_ros2_ws/src/rviz_plugin_tutorial/rviz_plugin_tutorial_msgs -DAMENT_CMAKE_SYMLINK_INSTALL=1 -DCMAKE_INSTALL_PREFIX=/home/janelleg/second_ros2_ws/install/rviz_plugin_tutorial_msgs
[4.032s] DEBUG:colcon.colcon_core.event_handler.log_command:Invoking command in '/home/janelleg/second_ros2_ws/build/rviz_plugin_tutorial_msgs': CMAKE_PREFIX_PATH=/opt/ros/humble /usr/bin/cmake --build /home/janelleg/second_ros2_ws/build/rviz_plugin_tutorial_msgs -- -j8 -l8
[8.298s] DEBUG:colcon.colcon_core.event_handler.log_command:Invoked command in '/home/janelleg/second_ros2_ws/build/rviz_plugin_tutorial_msgs' returned '0': CMAKE_PREFIX_PATH=/opt/ros/humble /usr/bin/cmake --build /home/janelleg/second_ros2_ws/build/rviz_plugin_tutorial_msgs -- -j8 -l8
[8.473s] DEBUG:colcon.colcon_core.event_handler.log_command:Invoking command in '/home/janelleg/second_ros2_ws/build/rviz_plugin_tutorial_msgs': CMAKE_PREFIX_PATH=/opt/ros/humble /usr/bin/cmake --install /home/janelleg/second_ros2_ws/build/rviz_plugin_tutorial_msgs
[9.688s] Level 1:colcon.colcon_core.environment:create_environment_scripts_only(rviz_plugin_tutorial_msgs)
[9.689s] DEBUG:colcon.colcon_core.event_handler.log_command:Invoked command in '/home/janelleg/second_ros2_ws/build/rviz_plugin_tutorial_msgs' returned '0': CMAKE_PREFIX_PATH=/opt/ros/humble /usr/bin/cmake --install /home/janelleg/second_ros2_ws/build/rviz_plugin_tutorial_msgs
[9.693s] Level 1:colcon.colcon_core.environment:checking '/home/janelleg/second_ros2_ws/install/rviz_plugin_tutorial_msgs' for CMake module files
[9.694s] Level 1:colcon.colcon_core.environment:checking '/home/janelleg/second_ros2_ws/install/rviz_plugin_tutorial_msgs' for CMake config files
[9.695s] Level 1:colcon.colcon_core.shell:create_environment_hook('rviz_plugin_tutorial_msgs', 'cmake_prefix_path')
[9.696s] INFO:colcon.colcon_core.shell:Creating environment hook '/home/janelleg/second_ros2_ws/install/rviz_plugin_tutorial_msgs/share/rviz_plugin_tutorial_msgs/hook/cmake_prefix_path.ps1'
[9.697s] INFO:colcon.colcon_core.shell:Creating environment descriptor '/home/janelleg/second_ros2_ws/install/rviz_plugin_tutorial_msgs/share/rviz_plugin_tutorial_msgs/hook/cmake_prefix_path.dsv'
[9.698s] INFO:colcon.colcon_core.shell:Creating environment hook '/home/janelleg/second_ros2_ws/install/rviz_plugin_tutorial_msgs/share/rviz_plugin_tutorial_msgs/hook/cmake_prefix_path.sh'
[9.700s] Level 1:colcon.colcon_core.environment:checking '/home/janelleg/second_ros2_ws/install/rviz_plugin_tutorial_msgs/lib'
[9.700s] Level 1:colcon.colcon_core.shell:create_environment_hook('rviz_plugin_tutorial_msgs', 'ld_library_path_lib')
[9.700s] INFO:colcon.colcon_core.shell:Creating environment hook '/home/janelleg/second_ros2_ws/install/rviz_plugin_tutorial_msgs/share/rviz_plugin_tutorial_msgs/hook/ld_library_path_lib.ps1'
[9.701s] INFO:colcon.colcon_core.shell:Creating environment descriptor '/home/janelleg/second_ros2_ws/install/rviz_plugin_tutorial_msgs/share/rviz_plugin_tutorial_msgs/hook/ld_library_path_lib.dsv'
[9.702s] INFO:colcon.colcon_core.shell:Creating environment hook '/home/janelleg/second_ros2_ws/install/rviz_plugin_tutorial_msgs/share/rviz_plugin_tutorial_msgs/hook/ld_library_path_lib.sh'
[9.702s] Level 1:colcon.colcon_core.environment:checking '/home/janelleg/second_ros2_ws/install/rviz_plugin_tutorial_msgs/bin'
[9.702s] Level 1:colcon.colcon_core.environment:checking '/home/janelleg/second_ros2_ws/install/rviz_plugin_tutorial_msgs/lib/pkgconfig/rviz_plugin_tutorial_msgs.pc'
[9.703s] Level 1:colcon.colcon_core.environment:checking '/home/janelleg/second_ros2_ws/install/rviz_plugin_tutorial_msgs/lib/python3.10/site-packages'
[9.703s] Level 1:colcon.colcon_core.environment:checking '/home/janelleg/second_ros2_ws/install/rviz_plugin_tutorial_msgs/bin'
[9.704s] INFO:colcon.colcon_core.shell:Creating package script '/home/janelleg/second_ros2_ws/install/rviz_plugin_tutorial_msgs/share/rviz_plugin_tutorial_msgs/package.ps1'
[9.705s] INFO:colcon.colcon_core.shell:Creating package descriptor '/home/janelleg/second_ros2_ws/install/rviz_plugin_tutorial_msgs/share/rviz_plugin_tutorial_msgs/package.dsv'
[9.706s] INFO:colcon.colcon_core.shell:Creating package script '/home/janelleg/second_ros2_ws/install/rviz_plugin_tutorial_msgs/share/rviz_plugin_tutorial_msgs/package.sh'
[9.708s] INFO:colcon.colcon_core.shell:Creating package script '/home/janelleg/second_ros2_ws/install/rviz_plugin_tutorial_msgs/share/rviz_plugin_tutorial_msgs/package.bash'
[9.709s] INFO:colcon.colcon_core.shell:Creating package script '/home/janelleg/second_ros2_ws/install/rviz_plugin_tutorial_msgs/share/rviz_plugin_tutorial_msgs/package.zsh'
[9.710s] Level 1:colcon.colcon_core.environment:create_file_with_runtime_dependencies(/home/janelleg/second_ros2_ws/install/rviz_plugin_tutorial_msgs/share/colcon-core/packages/rviz_plugin_tutorial_msgs)
[9.866s] Level 1:colcon.colcon_core.environment:create_environment_scripts_only(rviz_plugin_tutorial_msgs)
[9.867s] Level 1:colcon.colcon_core.environment:checking '/home/janelleg/second_ros2_ws/install/rviz_plugin_tutorial_msgs' for CMake module files
[9.868s] Level 1:colcon.colcon_core.environment:checking '/home/janelleg/second_ros2_ws/install/rviz_plugin_tutorial_msgs' for CMake config files
[9.869s] Level 1:colcon.colcon_core.shell:create_environment_hook('rviz_plugin_tutorial_msgs', 'cmake_prefix_path')
[9.869s] INFO:colcon.colcon_core.shell:Creating environment hook '/home/janelleg/second_ros2_ws/install/rviz_plugin_tutorial_msgs/share/rviz_plugin_tutorial_msgs/hook/cmake_prefix_path.ps1'
[9.870s] INFO:colcon.colcon_core.shell:Creating environment descriptor '/home/janelleg/second_ros2_ws/install/rviz_plugin_tutorial_msgs/share/rviz_plugin_tutorial_msgs/hook/cmake_prefix_path.dsv'
[9.871s] INFO:colcon.colcon_core.shell:Creating environment hook '/home/janelleg/second_ros2_ws/install/rviz_plugin_tutorial_msgs/share/rviz_plugin_tutorial_msgs/hook/cmake_prefix_path.sh'
[9.872s] Level 1:colcon.colcon_core.environment:checking '/home/janelleg/second_ros2_ws/install/rviz_plugin_tutorial_msgs/lib'
[9.872s] Level 1:colcon.colcon_core.shell:create_environment_hook('rviz_plugin_tutorial_msgs', 'ld_library_path_lib')
[9.872s] INFO:colcon.colcon_core.shell:Creating environment hook '/home/janelleg/second_ros2_ws/install/rviz_plugin_tutorial_msgs/share/rviz_plugin_tutorial_msgs/hook/ld_library_path_lib.ps1'
[9.873s] INFO:colcon.colcon_core.shell:Creating environment descriptor '/home/janelleg/second_ros2_ws/install/rviz_plugin_tutorial_msgs/share/rviz_plugin_tutorial_msgs/hook/ld_library_path_lib.dsv'
[9.874s] INFO:colcon.colcon_core.shell:Creating environment hook '/home/janelleg/second_ros2_ws/install/rviz_plugin_tutorial_msgs/share/rviz_plugin_tutorial_msgs/hook/ld_library_path_lib.sh'
[9.875s] Level 1:colcon.colcon_core.environment:checking '/home/janelleg/second_ros2_ws/install/rviz_plugin_tutorial_msgs/bin'
[9.875s] Level 1:colcon.colcon_core.environment:checking '/home/janelleg/second_ros2_ws/install/rviz_plugin_tutorial_msgs/lib/pkgconfig/rviz_plugin_tutorial_msgs.pc'
[9.875s] Level 1:colcon.colcon_core.environment:checking '/home/janelleg/second_ros2_ws/install/rviz_plugin_tutorial_msgs/lib/python3.10/site-packages'
[9.876s] Level 1:colcon.colcon_core.environment:checking '/home/janelleg/second_ros2_ws/install/rviz_plugin_tutorial_msgs/bin'
[9.876s] INFO:colcon.colcon_core.shell:Creating package script '/home/janelleg/second_ros2_ws/install/rviz_plugin_tutorial_msgs/share/rviz_plugin_tutorial_msgs/package.ps1'
[9.877s] INFO:colcon.colcon_core.shell:Creating package descriptor '/home/janelleg/second_ros2_ws/install/rviz_plugin_tutorial_msgs/share/rviz_plugin_tutorial_msgs/package.dsv'
[9.879s] INFO:colcon.colcon_core.shell:Creating package script '/home/janelleg/second_ros2_ws/install/rviz_plugin_tutorial_msgs/share/rviz_plugin_tutorial_msgs/package.sh'
[9.880s] INFO:colcon.colcon_core.shell:Creating package script '/home/janelleg/second_ros2_ws/install/rviz_plugin_tutorial_msgs/share/rviz_plugin_tutorial_msgs/package.bash'
[9.880s] INFO:colcon.colcon_core.shell:Creating package script '/home/janelleg/second_ros2_ws/install/rviz_plugin_tutorial_msgs/share/rviz_plugin_tutorial_msgs/package.zsh'
[9.881s] Level 1:colcon.colcon_core.environment:create_file_with_runtime_dependencies(/home/janelleg/second_ros2_ws/install/rviz_plugin_tutorial_msgs/share/colcon-core/packages/rviz_plugin_tutorial_msgs)
[9.882s] DEBUG:colcon.colcon_parallel_executor.executor.parallel:closing loop
[9.882s] DEBUG:colcon.colcon_parallel_executor.executor.parallel:loop closed
[9.883s] DEBUG:colcon.colcon_parallel_executor.executor.parallel:run_until_complete finished with '0'
[9.883s] DEBUG:colcon.colcon_core.event_reactor:joining thread
[9.892s] INFO:colcon.colcon_core.plugin_system:Skipping extension 'colcon_notification.desktop_notification.terminal_notifier': Not used on non-Darwin systems
[9.892s] INFO:colcon.colcon_core.plugin_system:Skipping extension 'colcon_notification.desktop_notification.win32': Not used on non-Windows systems
[9.892s] INFO:colcon.colcon_notification.desktop_notification:Sending desktop notification using 'notify2'
[9.928s] DEBUG:colcon.colcon_core.event_reactor:joined thread
[9.929s] INFO:colcon.colcon_core.shell:Creating prefix script '/home/janelleg/second_ros2_ws/install/local_setup.ps1'
[9.931s] INFO:colcon.colcon_core.shell:Creating prefix util module '/home/janelleg/second_ros2_ws/install/_local_setup_util_ps1.py'
[9.934s] INFO:colcon.colcon_core.shell:Creating prefix chain script '/home/janelleg/second_ros2_ws/install/setup.ps1'
[9.935s] INFO:colcon.colcon_core.shell:Creating prefix script '/home/janelleg/second_ros2_ws/install/local_setup.sh'
[9.937s] INFO:colcon.colcon_core.shell:Creating prefix util module '/home/janelleg/second_ros2_ws/install/_local_setup_util_sh.py'
[9.938s] INFO:colcon.colcon_core.shell:Creating prefix chain script '/home/janelleg/second_ros2_ws/install/setup.sh'
[9.940s] INFO:colcon.colcon_core.shell:Creating prefix script '/home/janelleg/second_ros2_ws/install/local_setup.bash'
[9.940s] INFO:colcon.colcon_core.shell:Creating prefix chain script '/home/janelleg/second_ros2_ws/install/setup.bash'
[9.942s] INFO:colcon.colcon_core.shell:Creating prefix script '/home/janelleg/second_ros2_ws/install/local_setup.zsh'
[9.943s] INFO:colcon.colcon_core.shell:Creating prefix chain script '/home/janelleg/second_ros2_ws/install/setup.zsh'
