[1.102s] Invoking command in '/home/janelleg/ros2_ws/build/examples_rclpy_minimal_publisher': PYTHONPATH=/home/janelleg/ros2_ws/build/examples_rclpy_minimal_publisher/prefix_override:/usr/lib/python3/dist-packages/colcon_core/task/python/colcon_distutils_commands:/home/janelleg/ros2_ws/install/examples_rclpy_minimal_publisher/lib/python3.10/site-packages:${PYTHONPATH} /usr/bin/python3 -W ignore:setup.py install is deprecated setup.py develop --editable --build-directory /home/janelleg/ros2_ws/build/examples_rclpy_minimal_publisher/build --no-deps symlink_data
[1.591s] running develop
[1.591s] /usr/lib/python3/dist-packages/setuptools/command/easy_install.py:158: EasyInstallDeprecationWarning: easy_install command is deprecated. Use build and pip and other standards-based tools.
[1.591s]   warnings.warn(
[1.858s] running egg_info
[1.859s] writing examples_rclpy_minimal_publisher.egg-info/PKG-INFO
[1.859s] writing dependency_links to examples_rclpy_minimal_publisher.egg-info/dependency_links.txt
[1.860s] writing entry points to examples_rclpy_minimal_publisher.egg-info/entry_points.txt
[1.860s] writing requirements to examples_rclpy_minimal_publisher.egg-info/requires.txt
[1.860s] writing top-level names to examples_rclpy_minimal_publisher.egg-info/top_level.txt
[1.863s] reading manifest file 'examples_rclpy_minimal_publisher.egg-info/SOURCES.txt'
[1.864s] writing manifest file 'examples_rclpy_minimal_publisher.egg-info/SOURCES.txt'
[1.867s] running build_ext
[1.867s] Creating /home/janelleg/ros2_ws/install/examples_rclpy_minimal_publisher/lib/python3.10/site-packages/examples-rclpy-minimal-publisher.egg-link (link to .)
[1.869s] Installing publisher_local_function script to /home/janelleg/ros2_ws/install/examples_rclpy_minimal_publisher/lib/examples_rclpy_minimal_publisher
[1.869s] Installing publisher_member_function script to /home/janelleg/ros2_ws/install/examples_rclpy_minimal_publisher/lib/examples_rclpy_minimal_publisher
[1.869s] Installing publisher_old_school script to /home/janelleg/ros2_ws/install/examples_rclpy_minimal_publisher/lib/examples_rclpy_minimal_publisher
[1.870s] 
[1.870s] Installed /home/janelleg/ros2_ws/build/examples_rclpy_minimal_publisher
[1.870s] running symlink_data
[1.925s] Invoked command in '/home/janelleg/ros2_ws/build/examples_rclpy_minimal_publisher' returned '0': PYTHONPATH=/home/janelleg/ros2_ws/build/examples_rclpy_minimal_publisher/prefix_override:/usr/lib/python3/dist-packages/colcon_core/task/python/colcon_distutils_commands:/home/janelleg/ros2_ws/install/examples_rclpy_minimal_publisher/lib/python3.10/site-packages:${PYTHONPATH} /usr/bin/python3 -W ignore:setup.py install is deprecated setup.py develop --editable --build-directory /home/janelleg/ros2_ws/build/examples_rclpy_minimal_publisher/build --no-deps symlink_data
