[0.022s] Invoking command in '/home/janelleg/ros2_ws/build/cpp_pubsub': CMAKE_PREFIX_PATH=${CMAKE_PREFIX_PATH}:/home/janelleg/ros2_ws/install/launch_testing_examples:/home/janelleg/ros2_ws/install/examples_rclpy_pointcloud_publisher:/home/janelleg/ros2_ws/install/examples_rclpy_minimal_subscriber:/home/janelleg/ros2_ws/install/examples_rclpy_minimal_service:/home/janelleg/ros2_ws/install/examples_rclpy_minimal_publisher:/home/janelleg/ros2_ws/install/examples_rclpy_minimal_client:/home/janelleg/ros2_ws/install/examples_rclpy_minimal_action_server:/home/janelleg/ros2_ws/install/examples_rclpy_minimal_action_client:/home/janelleg/ros2_ws/install/examples_rclpy_guard_conditions:/home/janelleg/ros2_ws/install/examples_rclpy_executors:/opt/ros/humble /usr/bin/cmake --build /home/janelleg/ros2_ws/build/cpp_pubsub -- -j8 -l8
[0.120s] [35m[1mConsolidate compiler generated dependencies of target talker[0m
[0.123s] [35m[1mConsolidate compiler generated dependencies of target listener[0m
[0.165s] [ 50%] Built target talker
[0.169s] [100%] Built target listener
[0.191s] Invoked command in '/home/janelleg/ros2_ws/build/cpp_pubsub' returned '0': CMAKE_PREFIX_PATH=${CMAKE_PREFIX_PATH}:/home/janelleg/ros2_ws/install/launch_testing_examples:/home/janelleg/ros2_ws/install/examples_rclpy_pointcloud_publisher:/home/janelleg/ros2_ws/install/examples_rclpy_minimal_subscriber:/home/janelleg/ros2_ws/install/examples_rclpy_minimal_service:/home/janelleg/ros2_ws/install/examples_rclpy_minimal_publisher:/home/janelleg/ros2_ws/install/examples_rclpy_minimal_client:/home/janelleg/ros2_ws/install/examples_rclpy_minimal_action_server:/home/janelleg/ros2_ws/install/examples_rclpy_minimal_action_client:/home/janelleg/ros2_ws/install/examples_rclpy_guard_conditions:/home/janelleg/ros2_ws/install/examples_rclpy_executors:/opt/ros/humble /usr/bin/cmake --build /home/janelleg/ros2_ws/build/cpp_pubsub -- -j8 -l8
[0.285s] Invoking command in '/home/janelleg/ros2_ws/build/cpp_pubsub': CMAKE_PREFIX_PATH=${CMAKE_PREFIX_PATH}:/home/janelleg/ros2_ws/install/launch_testing_examples:/home/janelleg/ros2_ws/install/examples_rclpy_pointcloud_publisher:/home/janelleg/ros2_ws/install/examples_rclpy_minimal_subscriber:/home/janelleg/ros2_ws/install/examples_rclpy_minimal_service:/home/janelleg/ros2_ws/install/examples_rclpy_minimal_publisher:/home/janelleg/ros2_ws/install/examples_rclpy_minimal_client:/home/janelleg/ros2_ws/install/examples_rclpy_minimal_action_server:/home/janelleg/ros2_ws/install/examples_rclpy_minimal_action_client:/home/janelleg/ros2_ws/install/examples_rclpy_guard_conditions:/home/janelleg/ros2_ws/install/examples_rclpy_executors:/opt/ros/humble /usr/bin/cmake --install /home/janelleg/ros2_ws/build/cpp_pubsub
[0.305s] -- Install configuration: ""
[0.307s] -- Execute custom install script
[0.308s] -- Up-to-date symlink: /home/janelleg/ros2_ws/install/cpp_pubsub/lib/cpp_pubsub/talker
[0.308s] -- Up-to-date symlink: /home/janelleg/ros2_ws/install/cpp_pubsub/lib/cpp_pubsub/talker
[0.309s] -- Up-to-date symlink: /home/janelleg/ros2_ws/install/cpp_pubsub/lib/cpp_pubsub/listener
[0.309s] -- Up-to-date symlink: /home/janelleg/ros2_ws/install/cpp_pubsub/share/ament_index/resource_index/package_run_dependencies/cpp_pubsub
[0.310s] -- Up-to-date symlink: /home/janelleg/ros2_ws/install/cpp_pubsub/share/ament_index/resource_index/parent_prefix_path/cpp_pubsub
[0.310s] -- Up-to-date symlink: /home/janelleg/ros2_ws/install/cpp_pubsub/share/cpp_pubsub/environment/ament_prefix_path.sh
[0.311s] -- Up-to-date symlink: /home/janelleg/ros2_ws/install/cpp_pubsub/share/cpp_pubsub/environment/ament_prefix_path.dsv
[0.311s] -- Up-to-date symlink: /home/janelleg/ros2_ws/install/cpp_pubsub/share/cpp_pubsub/environment/path.sh
[0.311s] -- Up-to-date symlink: /home/janelleg/ros2_ws/install/cpp_pubsub/share/cpp_pubsub/environment/path.dsv
[0.311s] -- Up-to-date symlink: /home/janelleg/ros2_ws/install/cpp_pubsub/share/cpp_pubsub/local_setup.bash
[0.311s] -- Up-to-date symlink: /home/janelleg/ros2_ws/install/cpp_pubsub/share/cpp_pubsub/local_setup.sh
[0.312s] -- Up-to-date symlink: /home/janelleg/ros2_ws/install/cpp_pubsub/share/cpp_pubsub/local_setup.zsh
[0.312s] -- Up-to-date symlink: /home/janelleg/ros2_ws/install/cpp_pubsub/share/cpp_pubsub/local_setup.dsv
[0.312s] -- Symlinking: /home/janelleg/ros2_ws/install/cpp_pubsub/share/cpp_pubsub/package.dsv
[0.328s] -- Up-to-date symlink: /home/janelleg/ros2_ws/install/cpp_pubsub/share/ament_index/resource_index/packages/cpp_pubsub
[0.328s] -- Up-to-date symlink: /home/janelleg/ros2_ws/install/cpp_pubsub/share/cpp_pubsub/cmake/cpp_pubsubConfig.cmake
[0.329s] -- Up-to-date symlink: /home/janelleg/ros2_ws/install/cpp_pubsub/share/cpp_pubsub/cmake/cpp_pubsubConfig-version.cmake
[0.329s] -- Up-to-date symlink: /home/janelleg/ros2_ws/install/cpp_pubsub/share/cpp_pubsub/package.xml
[0.333s] Invoked command in '/home/janelleg/ros2_ws/build/cpp_pubsub' returned '0': CMAKE_PREFIX_PATH=${CMAKE_PREFIX_PATH}:/home/janelleg/ros2_ws/install/launch_testing_examples:/home/janelleg/ros2_ws/install/examples_rclpy_pointcloud_publisher:/home/janelleg/ros2_ws/install/examples_rclpy_minimal_subscriber:/home/janelleg/ros2_ws/install/examples_rclpy_minimal_service:/home/janelleg/ros2_ws/install/examples_rclpy_minimal_publisher:/home/janelleg/ros2_ws/install/examples_rclpy_minimal_client:/home/janelleg/ros2_ws/install/examples_rclpy_minimal_action_server:/home/janelleg/ros2_ws/install/examples_rclpy_minimal_action_client:/home/janelleg/ros2_ws/install/examples_rclpy_guard_conditions:/home/janelleg/ros2_ws/install/examples_rclpy_executors:/opt/ros/humble /usr/bin/cmake --install /home/janelleg/ros2_ws/build/cpp_pubsub
