[1.234s] Invoking command in '/home/janelleg/ros2_ws/build/examples_rclpy_minimal_publisher': PYTHONPATH=/home/janelleg/ros2_ws/build/examples_rclpy_minimal_publisher/prefix_override:/usr/lib/python3/dist-packages/colcon_core/task/python/colcon_distutils_commands:/home/janelleg/ros2_ws/install/examples_rclpy_minimal_publisher/lib/python3.10/site-packages:${PYTHONPATH} /usr/bin/python3 -W ignore:setup.py install is deprecated setup.py develop --editable --build-directory /home/janelleg/ros2_ws/build/examples_rclpy_minimal_publisher/build --no-deps symlink_data
[1.884s] running develop
[1.885s] /usr/lib/python3/dist-packages/setuptools/command/easy_install.py:158: EasyInstallDeprecationWarning: easy_install command is deprecated. Use build and pip and other standards-based tools.
[1.885s]   warnings.warn(
[2.426s] running egg_info
[2.426s] creating examples_rclpy_minimal_publisher.egg-info
[2.427s] writing examples_rclpy_minimal_publisher.egg-info/PKG-INFO
[2.427s] writing dependency_links to examples_rclpy_minimal_publisher.egg-info/dependency_links.txt
[2.428s] writing entry points to examples_rclpy_minimal_publisher.egg-info/entry_points.txt
[2.429s] writing requirements to examples_rclpy_minimal_publisher.egg-info/requires.txt
[2.429s] writing top-level names to examples_rclpy_minimal_publisher.egg-info/top_level.txt
[2.430s] writing manifest file 'examples_rclpy_minimal_publisher.egg-info/SOURCES.txt'
[2.445s] reading manifest file 'examples_rclpy_minimal_publisher.egg-info/SOURCES.txt'
[2.447s] writing manifest file 'examples_rclpy_minimal_publisher.egg-info/SOURCES.txt'
[2.452s] running build_ext
[2.453s] Creating /home/janelleg/ros2_ws/install/examples_rclpy_minimal_publisher/lib/python3.10/site-packages/examples-rclpy-minimal-publisher.egg-link (link to .)
[2.456s] Installing publisher_local_function script to /home/janelleg/ros2_ws/install/examples_rclpy_minimal_publisher/lib/examples_rclpy_minimal_publisher
[2.457s] Installing publisher_member_function script to /home/janelleg/ros2_ws/install/examples_rclpy_minimal_publisher/lib/examples_rclpy_minimal_publisher
[2.457s] Installing publisher_old_school script to /home/janelleg/ros2_ws/install/examples_rclpy_minimal_publisher/lib/examples_rclpy_minimal_publisher
[2.458s] 
[2.458s] Installed /home/janelleg/ros2_ws/build/examples_rclpy_minimal_publisher
[2.458s] running symlink_data
[2.459s] creating /home/janelleg/ros2_ws/install/examples_rclpy_minimal_publisher/share/ament_index
[2.459s] creating /home/janelleg/ros2_ws/install/examples_rclpy_minimal_publisher/share/ament_index/resource_index
[2.459s] creating /home/janelleg/ros2_ws/install/examples_rclpy_minimal_publisher/share/ament_index/resource_index/packages
[2.459s] symbolically linking /home/janelleg/ros2_ws/build/examples_rclpy_minimal_publisher/resource/examples_rclpy_minimal_publisher -> /home/janelleg/ros2_ws/install/examples_rclpy_minimal_publisher/share/ament_index/resource_index/packages
[2.459s] symbolically linking /home/janelleg/ros2_ws/build/examples_rclpy_minimal_publisher/package.xml -> /home/janelleg/ros2_ws/install/examples_rclpy_minimal_publisher/share/examples_rclpy_minimal_publisher
[2.559s] Invoked command in '/home/janelleg/ros2_ws/build/examples_rclpy_minimal_publisher' returned '0': PYTHONPATH=/home/janelleg/ros2_ws/build/examples_rclpy_minimal_publisher/prefix_override:/usr/lib/python3/dist-packages/colcon_core/task/python/colcon_distutils_commands:/home/janelleg/ros2_ws/install/examples_rclpy_minimal_publisher/lib/python3.10/site-packages:${PYTHONPATH} /usr/bin/python3 -W ignore:setup.py install is deprecated setup.py develop --editable --build-directory /home/janelleg/ros2_ws/build/examples_rclpy_minimal_publisher/build --no-deps symlink_data
