[3.061s] Invoking command in '/home/janelleg/ros2_ws/build/examples_rclpy_guard_conditions': PYTHONPATH=/home/janelleg/ros2_ws/build/examples_rclpy_guard_conditions/prefix_override:/usr/lib/python3/dist-packages/colcon_core/task/python/colcon_distutils_commands:/home/janelleg/ros2_ws/install/examples_rclpy_guard_conditions/lib/python3.10/site-packages:${PYTHONPATH} /usr/bin/python3 -W ignore:setup.py install is deprecated setup.py develop --editable --build-directory /home/janelleg/ros2_ws/build/examples_rclpy_guard_conditions/build --no-deps symlink_data
[4.256s] running develop
[4.264s] /usr/lib/python3/dist-packages/setuptools/command/easy_install.py:158: EasyInstallDeprecationWarning: easy_install command is deprecated. Use build and pip and other standards-based tools.
[4.264s]   warnings.warn(
[5.362s] running egg_info
[5.362s] creating examples_rclpy_guard_conditions.egg-info
[5.363s] writing examples_rclpy_guard_conditions.egg-info/PKG-INFO
[5.364s] writing dependency_links to examples_rclpy_guard_conditions.egg-info/dependency_links.txt
[5.364s] writing entry points to examples_rclpy_guard_conditions.egg-info/entry_points.txt
[5.364s] writing requirements to examples_rclpy_guard_conditions.egg-info/requires.txt
[5.366s] writing top-level names to examples_rclpy_guard_conditions.egg-info/top_level.txt
[5.366s] writing manifest file 'examples_rclpy_guard_conditions.egg-info/SOURCES.txt'
[5.394s] reading manifest file 'examples_rclpy_guard_conditions.egg-info/SOURCES.txt'
[5.394s] writing manifest file 'examples_rclpy_guard_conditions.egg-info/SOURCES.txt'
[5.406s] running build_ext
[5.406s] Creating /home/janelleg/ros2_ws/install/examples_rclpy_guard_conditions/lib/python3.10/site-packages/examples-rclpy-guard-conditions.egg-link (link to .)
[5.413s] Installing trigger_guard_condition script to /home/janelleg/ros2_ws/install/examples_rclpy_guard_conditions/lib/examples_rclpy_guard_conditions
[5.416s] 
[5.416s] Installed /home/janelleg/ros2_ws/build/examples_rclpy_guard_conditions
[5.416s] running symlink_data
[5.417s] creating /home/janelleg/ros2_ws/install/examples_rclpy_guard_conditions/share/ament_index
[5.417s] creating /home/janelleg/ros2_ws/install/examples_rclpy_guard_conditions/share/ament_index/resource_index
[5.417s] creating /home/janelleg/ros2_ws/install/examples_rclpy_guard_conditions/share/ament_index/resource_index/packages
[5.417s] symbolically linking /home/janelleg/ros2_ws/build/examples_rclpy_guard_conditions/resource/examples_rclpy_guard_conditions -> /home/janelleg/ros2_ws/install/examples_rclpy_guard_conditions/share/ament_index/resource_index/packages
[5.418s] symbolically linking /home/janelleg/ros2_ws/build/examples_rclpy_guard_conditions/package.xml -> /home/janelleg/ros2_ws/install/examples_rclpy_guard_conditions/share/examples_rclpy_guard_conditions
[5.534s] Invoked command in '/home/janelleg/ros2_ws/build/examples_rclpy_guard_conditions' returned '0': PYTHONPATH=/home/janelleg/ros2_ws/build/examples_rclpy_guard_conditions/prefix_override:/usr/lib/python3/dist-packages/colcon_core/task/python/colcon_distutils_commands:/home/janelleg/ros2_ws/install/examples_rclpy_guard_conditions/lib/python3.10/site-packages:${PYTHONPATH} /usr/bin/python3 -W ignore:setup.py install is deprecated setup.py develop --editable --build-directory /home/janelleg/ros2_ws/build/examples_rclpy_guard_conditions/build --no-deps symlink_data
