[1.186s] Invoking command in '/home/janelleg/second_ros2_ws/build/urdf_tutorial_r2d2': PYTHONPATH=/home/janelleg/second_ros2_ws/build/urdf_tutorial_r2d2/prefix_override:/usr/lib/python3/dist-packages/colcon_core/task/python/colcon_distutils_commands:/home/janelleg/second_ros2_ws/install/urdf_tutorial_r2d2/lib/python3.10/site-packages:${PYTHONPATH} /usr/bin/python3 -W ignore:setup.py install is deprecated setup.py develop --uninstall --editable --build-directory /home/janelleg/second_ros2_ws/build/urdf_tutorial_r2d2/build
[1.693s] running develop
[1.971s] Removing /home/janelleg/second_ros2_ws/install/urdf_tutorial_r2d2/lib/python3.10/site-packages/urdf-tutorial-r2d2.egg-link (link to .)
[2.028s] Invoked command in '/home/janelleg/second_ros2_ws/build/urdf_tutorial_r2d2' returned '0': PYTHONPATH=/home/janelleg/second_ros2_ws/build/urdf_tutorial_r2d2/prefix_override:/usr/lib/python3/dist-packages/colcon_core/task/python/colcon_distutils_commands:/home/janelleg/second_ros2_ws/install/urdf_tutorial_r2d2/lib/python3.10/site-packages:${PYTHONPATH} /usr/bin/python3 -W ignore:setup.py install is deprecated setup.py develop --uninstall --editable --build-directory /home/janelleg/second_ros2_ws/build/urdf_tutorial_r2d2/build
[2.031s] Invoking command in '/home/janelleg/second_ros2_ws/src/urdf_tutorial_r2d2': PYTHONPATH=/home/janelleg/second_ros2_ws/build/urdf_tutorial_r2d2/prefix_override:/usr/lib/python3/dist-packages/colcon_core/task/python/colcon_distutils_commands:/home/janelleg/second_ros2_ws/install/urdf_tutorial_r2d2/lib/python3.10/site-packages:${PYTHONPATH} /usr/bin/python3 -W ignore:setup.py install is deprecated setup.py egg_info --egg-base ../../build/urdf_tutorial_r2d2 build --build-base /home/janelleg/second_ros2_ws/build/urdf_tutorial_r2d2/build install --record /home/janelleg/second_ros2_ws/build/urdf_tutorial_r2d2/install.log --single-version-externally-managed install_data --force
[2.506s] running egg_info
[2.507s] writing ../../build/urdf_tutorial_r2d2/urdf_tutorial_r2d2.egg-info/PKG-INFO
[2.507s] writing dependency_links to ../../build/urdf_tutorial_r2d2/urdf_tutorial_r2d2.egg-info/dependency_links.txt
[2.507s] writing entry points to ../../build/urdf_tutorial_r2d2/urdf_tutorial_r2d2.egg-info/entry_points.txt
[2.508s] writing requirements to ../../build/urdf_tutorial_r2d2/urdf_tutorial_r2d2.egg-info/requires.txt
[2.508s] writing top-level names to ../../build/urdf_tutorial_r2d2/urdf_tutorial_r2d2.egg-info/top_level.txt
[2.511s] reading manifest file '../../build/urdf_tutorial_r2d2/urdf_tutorial_r2d2.egg-info/SOURCES.txt'
[2.512s] adding license file 'LICENSE'
[2.514s] writing manifest file '../../build/urdf_tutorial_r2d2/urdf_tutorial_r2d2.egg-info/SOURCES.txt'
[2.514s] running build
[2.514s] running build_py
[2.515s] creating /home/janelleg/second_ros2_ws/build/urdf_tutorial_r2d2/build
[2.515s] creating /home/janelleg/second_ros2_ws/build/urdf_tutorial_r2d2/build/lib
[2.515s] creating /home/janelleg/second_ros2_ws/build/urdf_tutorial_r2d2/build/lib/urdf_tutorial_r2d2
[2.515s] copying urdf_tutorial_r2d2/state_publisher.py -> /home/janelleg/second_ros2_ws/build/urdf_tutorial_r2d2/build/lib/urdf_tutorial_r2d2
[2.516s] copying urdf_tutorial_r2d2/__init__.py -> /home/janelleg/second_ros2_ws/build/urdf_tutorial_r2d2/build/lib/urdf_tutorial_r2d2
[2.516s] running install
[2.516s] running install_lib
[2.517s] creating /home/janelleg/second_ros2_ws/install/urdf_tutorial_r2d2/lib/python3.10/site-packages/urdf_tutorial_r2d2
[2.517s] copying /home/janelleg/second_ros2_ws/build/urdf_tutorial_r2d2/build/lib/urdf_tutorial_r2d2/state_publisher.py -> /home/janelleg/second_ros2_ws/install/urdf_tutorial_r2d2/lib/python3.10/site-packages/urdf_tutorial_r2d2
[2.517s] copying /home/janelleg/second_ros2_ws/build/urdf_tutorial_r2d2/build/lib/urdf_tutorial_r2d2/__init__.py -> /home/janelleg/second_ros2_ws/install/urdf_tutorial_r2d2/lib/python3.10/site-packages/urdf_tutorial_r2d2
[2.517s] byte-compiling /home/janelleg/second_ros2_ws/install/urdf_tutorial_r2d2/lib/python3.10/site-packages/urdf_tutorial_r2d2/state_publisher.py to state_publisher.cpython-310.pyc
[2.519s] byte-compiling /home/janelleg/second_ros2_ws/install/urdf_tutorial_r2d2/lib/python3.10/site-packages/urdf_tutorial_r2d2/__init__.py to __init__.cpython-310.pyc
[2.520s] running install_data
[2.520s] copying resource/urdf_tutorial_r2d2 -> /home/janelleg/second_ros2_ws/install/urdf_tutorial_r2d2/share/ament_index/resource_index/packages
[2.520s] copying package.xml -> /home/janelleg/second_ros2_ws/install/urdf_tutorial_r2d2/share/urdf_tutorial_r2d2
[2.520s] copying launch/demo.launch.py -> /home/janelleg/second_ros2_ws/install/urdf_tutorial_r2d2/share/urdf_tutorial_r2d2/launch
[2.521s] copying urdf/r2d2.urdf.xml -> /home/janelleg/second_ros2_ws/install/urdf_tutorial_r2d2/share/urdf_tutorial_r2d2
[2.521s] copying urdf/r2d2.rviz -> /home/janelleg/second_ros2_ws/install/urdf_tutorial_r2d2/share/urdf_tutorial_r2d2
[2.521s] running install_egg_info
[2.524s] Copying ../../build/urdf_tutorial_r2d2/urdf_tutorial_r2d2.egg-info to /home/janelleg/second_ros2_ws/install/urdf_tutorial_r2d2/lib/python3.10/site-packages/urdf_tutorial_r2d2-0.0.0-py3.10.egg-info
[2.525s] running install_scripts
[2.566s] Installing state_publisher script to /home/janelleg/second_ros2_ws/install/urdf_tutorial_r2d2/lib/urdf_tutorial_r2d2
[2.567s] writing list of installed files to '/home/janelleg/second_ros2_ws/build/urdf_tutorial_r2d2/install.log'
[2.617s] Invoked command in '/home/janelleg/second_ros2_ws/src/urdf_tutorial_r2d2' returned '0': PYTHONPATH=/home/janelleg/second_ros2_ws/build/urdf_tutorial_r2d2/prefix_override:/usr/lib/python3/dist-packages/colcon_core/task/python/colcon_distutils_commands:/home/janelleg/second_ros2_ws/install/urdf_tutorial_r2d2/lib/python3.10/site-packages:${PYTHONPATH} /usr/bin/python3 -W ignore:setup.py install is deprecated setup.py egg_info --egg-base ../../build/urdf_tutorial_r2d2 build --build-base /home/janelleg/second_ros2_ws/build/urdf_tutorial_r2d2/build install --record /home/janelleg/second_ros2_ws/build/urdf_tutorial_r2d2/install.log --single-version-externally-managed install_data --force
