[1.157s] Invoking command in '/home/janelleg/ros2_ws/build/examples_rclpy_minimal_service': PYTHONPATH=/home/janelleg/ros2_ws/build/examples_rclpy_minimal_service/prefix_override:/usr/lib/python3/dist-packages/colcon_core/task/python/colcon_distutils_commands:/home/janelleg/ros2_ws/install/examples_rclpy_minimal_service/lib/python3.10/site-packages:${PYTHONPATH} /usr/bin/python3 -W ignore:setup.py install is deprecated setup.py develop --editable --build-directory /home/janelleg/ros2_ws/build/examples_rclpy_minimal_service/build --no-deps symlink_data
[1.693s] running develop
[1.693s] /usr/lib/python3/dist-packages/setuptools/command/easy_install.py:158: EasyInstallDeprecationWarning: easy_install command is deprecated. Use build and pip and other standards-based tools.
[1.694s]   warnings.warn(
[1.984s] running egg_info
[1.985s] writing examples_rclpy_minimal_service.egg-info/PKG-INFO
[1.985s] writing dependency_links to examples_rclpy_minimal_service.egg-info/dependency_links.txt
[1.986s] writing entry points to examples_rclpy_minimal_service.egg-info/entry_points.txt
[1.986s] writing requirements to examples_rclpy_minimal_service.egg-info/requires.txt
[1.986s] writing top-level names to examples_rclpy_minimal_service.egg-info/top_level.txt
[1.989s] reading manifest file 'examples_rclpy_minimal_service.egg-info/SOURCES.txt'
[1.990s] writing manifest file 'examples_rclpy_minimal_service.egg-info/SOURCES.txt'
[1.992s] running build_ext
[1.993s] Creating /home/janelleg/ros2_ws/install/examples_rclpy_minimal_service/lib/python3.10/site-packages/examples-rclpy-minimal-service.egg-link (link to .)
[1.995s] Installing service script to /home/janelleg/ros2_ws/install/examples_rclpy_minimal_service/lib/examples_rclpy_minimal_service
[1.995s] Installing service_member_function script to /home/janelleg/ros2_ws/install/examples_rclpy_minimal_service/lib/examples_rclpy_minimal_service
[1.995s] 
[1.996s] Installed /home/janelleg/ros2_ws/build/examples_rclpy_minimal_service
[1.996s] running symlink_data
[2.051s] Invoked command in '/home/janelleg/ros2_ws/build/examples_rclpy_minimal_service' returned '0': PYTHONPATH=/home/janelleg/ros2_ws/build/examples_rclpy_minimal_service/prefix_override:/usr/lib/python3/dist-packages/colcon_core/task/python/colcon_distutils_commands:/home/janelleg/ros2_ws/install/examples_rclpy_minimal_service/lib/python3.10/site-packages:${PYTHONPATH} /usr/bin/python3 -W ignore:setup.py install is deprecated setup.py develop --editable --build-directory /home/janelleg/ros2_ws/build/examples_rclpy_minimal_service/build --no-deps symlink_data
