[4.288s] Invoking command in '/home/janelleg/ros2_ws/build/examples_rclpy_executors': PYTHONPATH=/home/janelleg/ros2_ws/build/examples_rclpy_executors/prefix_override:/usr/lib/python3/dist-packages/colcon_core/task/python/colcon_distutils_commands:/home/janelleg/ros2_ws/install/examples_rclpy_executors/lib/python3.10/site-packages:${PYTHONPATH} /usr/bin/python3 -W ignore:setup.py install is deprecated setup.py develop --editable --build-directory /home/janelleg/ros2_ws/build/examples_rclpy_executors/build --no-deps symlink_data
[5.507s] running develop
[5.509s] /usr/lib/python3/dist-packages/setuptools/command/easy_install.py:158: EasyInstallDeprecationWarning: easy_install command is deprecated. Use build and pip and other standards-based tools.
[5.510s]   warnings.warn(
[6.386s] running egg_info
[6.386s] creating examples_rclpy_executors.egg-info
[6.386s] writing examples_rclpy_executors.egg-info/PKG-INFO
[6.387s] writing dependency_links to examples_rclpy_executors.egg-info/dependency_links.txt
[6.391s] writing entry points to examples_rclpy_executors.egg-info/entry_points.txt
[6.393s] writing requirements to examples_rclpy_executors.egg-info/requires.txt
[6.394s] writing top-level names to examples_rclpy_executors.egg-info/top_level.txt
[6.396s] writing manifest file 'examples_rclpy_executors.egg-info/SOURCES.txt'
[6.417s] reading manifest file 'examples_rclpy_executors.egg-info/SOURCES.txt'
[6.422s] writing manifest file 'examples_rclpy_executors.egg-info/SOURCES.txt'
[6.432s] running build_ext
[6.439s] Creating /home/janelleg/ros2_ws/install/examples_rclpy_executors/lib/python3.10/site-packages/examples-rclpy-executors.egg-link (link to .)
[6.443s] Installing callback_group script to /home/janelleg/ros2_ws/install/examples_rclpy_executors/lib/examples_rclpy_executors
[6.450s] Installing composed script to /home/janelleg/ros2_ws/install/examples_rclpy_executors/lib/examples_rclpy_executors
[6.452s] Installing custom_callback_group script to /home/janelleg/ros2_ws/install/examples_rclpy_executors/lib/examples_rclpy_executors
[6.455s] Installing custom_executor script to /home/janelleg/ros2_ws/install/examples_rclpy_executors/lib/examples_rclpy_executors
[6.458s] Installing listener script to /home/janelleg/ros2_ws/install/examples_rclpy_executors/lib/examples_rclpy_executors
[6.458s] Installing talker script to /home/janelleg/ros2_ws/install/examples_rclpy_executors/lib/examples_rclpy_executors
[6.458s] 
[6.458s] Installed /home/janelleg/ros2_ws/build/examples_rclpy_executors
[6.459s] running symlink_data
[6.461s] creating /home/janelleg/ros2_ws/install/examples_rclpy_executors/share/ament_index
[6.462s] creating /home/janelleg/ros2_ws/install/examples_rclpy_executors/share/ament_index/resource_index
[6.462s] creating /home/janelleg/ros2_ws/install/examples_rclpy_executors/share/ament_index/resource_index/packages
[6.462s] symbolically linking /home/janelleg/ros2_ws/build/examples_rclpy_executors/resource/examples_rclpy_executors -> /home/janelleg/ros2_ws/install/examples_rclpy_executors/share/ament_index/resource_index/packages
[6.466s] symbolically linking /home/janelleg/ros2_ws/build/examples_rclpy_executors/package.xml -> /home/janelleg/ros2_ws/install/examples_rclpy_executors/share/examples_rclpy_executors
[6.641s] Invoked command in '/home/janelleg/ros2_ws/build/examples_rclpy_executors' returned '0': PYTHONPATH=/home/janelleg/ros2_ws/build/examples_rclpy_executors/prefix_override:/usr/lib/python3/dist-packages/colcon_core/task/python/colcon_distutils_commands:/home/janelleg/ros2_ws/install/examples_rclpy_executors/lib/python3.10/site-packages:${PYTHONPATH} /usr/bin/python3 -W ignore:setup.py install is deprecated setup.py develop --editable --build-directory /home/janelleg/ros2_ws/build/examples_rclpy_executors/build --no-deps symlink_data
