[0.023s] Invoking command in '/home/janelleg/ros2_ws/build/examples_rclcpp_wait_set': CMAKE_PREFIX_PATH=${CMAKE_PREFIX_PATH}:/home/janelleg/ros2_ws/install/py_pubsub:/home/janelleg/ros2_ws/install/my_package:/home/janelleg/ros2_ws/install/launch_testing_examples:/home/janelleg/ros2_ws/install/examples_rclpy_pointcloud_publisher:/home/janelleg/ros2_ws/install/examples_rclpy_minimal_subscriber:/home/janelleg/ros2_ws/install/examples_rclpy_minimal_service:/home/janelleg/ros2_ws/install/examples_rclpy_minimal_publisher:/home/janelleg/ros2_ws/install/examples_rclpy_minimal_client:/home/janelleg/ros2_ws/install/examples_rclpy_minimal_action_server:/home/janelleg/ros2_ws/install/examples_rclpy_minimal_action_client:/home/janelleg/ros2_ws/install/examples_rclpy_guard_conditions:/home/janelleg/ros2_ws/install/examples_rclpy_executors:/opt/ros/humble /usr/bin/cmake --build /home/janelleg/ros2_ws/build/examples_rclcpp_wait_set -- -j8 -l8
[0.171s] [  8%] Built target wait_set_listener
[0.171s] [ 16%] Built target wait_set
[0.179s] [ 25%] Built target static_wait_set
[0.179s] [ 33%] Built target listener
[0.184s] [ 41%] Built target wait_set_topics_and_timer
[0.187s] [ 50%] Built target thread_safe_wait_set
[0.200s] [ 58%] Built target talker
[0.205s] [ 66%] Built target wait_set_talker
[0.248s] [ 75%] Built target wait_set_random_order
[0.252s] [ 83%] Built target wait_set_composed
[0.261s] [ 91%] Built target executor_random_order
[0.262s] [100%] Built target wait_set_topics_with_different_rates
[0.287s] Invoked command in '/home/janelleg/ros2_ws/build/examples_rclcpp_wait_set' returned '0': CMAKE_PREFIX_PATH=${CMAKE_PREFIX_PATH}:/home/janelleg/ros2_ws/install/py_pubsub:/home/janelleg/ros2_ws/install/my_package:/home/janelleg/ros2_ws/install/launch_testing_examples:/home/janelleg/ros2_ws/install/examples_rclpy_pointcloud_publisher:/home/janelleg/ros2_ws/install/examples_rclpy_minimal_subscriber:/home/janelleg/ros2_ws/install/examples_rclpy_minimal_service:/home/janelleg/ros2_ws/install/examples_rclpy_minimal_publisher:/home/janelleg/ros2_ws/install/examples_rclpy_minimal_client:/home/janelleg/ros2_ws/install/examples_rclpy_minimal_action_server:/home/janelleg/ros2_ws/install/examples_rclpy_minimal_action_client:/home/janelleg/ros2_ws/install/examples_rclpy_guard_conditions:/home/janelleg/ros2_ws/install/examples_rclpy_executors:/opt/ros/humble /usr/bin/cmake --build /home/janelleg/ros2_ws/build/examples_rclcpp_wait_set -- -j8 -l8
[0.955s] Invoking command in '/home/janelleg/ros2_ws/build/examples_rclcpp_wait_set': CMAKE_PREFIX_PATH=${CMAKE_PREFIX_PATH}:/home/janelleg/ros2_ws/install/py_pubsub:/home/janelleg/ros2_ws/install/my_package:/home/janelleg/ros2_ws/install/launch_testing_examples:/home/janelleg/ros2_ws/install/examples_rclpy_pointcloud_publisher:/home/janelleg/ros2_ws/install/examples_rclpy_minimal_subscriber:/home/janelleg/ros2_ws/install/examples_rclpy_minimal_service:/home/janelleg/ros2_ws/install/examples_rclpy_minimal_publisher:/home/janelleg/ros2_ws/install/examples_rclpy_minimal_client:/home/janelleg/ros2_ws/install/examples_rclpy_minimal_action_server:/home/janelleg/ros2_ws/install/examples_rclpy_minimal_action_client:/home/janelleg/ros2_ws/install/examples_rclpy_guard_conditions:/home/janelleg/ros2_ws/install/examples_rclpy_executors:/opt/ros/humble /usr/bin/cmake --install /home/janelleg/ros2_ws/build/examples_rclcpp_wait_set
[0.973s] -- Install configuration: ""
[0.975s] -- Execute custom install script
[0.976s] -- Up-to-date symlink: /home/janelleg/ros2_ws/install/examples_rclcpp_wait_set/lib/examples_rclcpp_wait_set/wait_set_talker
[0.977s] -- Up-to-date symlink: /home/janelleg/ros2_ws/install/examples_rclcpp_wait_set/lib/examples_rclcpp_wait_set/wait_set_listener
[0.977s] -- Up-to-date symlink: /home/janelleg/ros2_ws/install/examples_rclcpp_wait_set/lib/libtalker.so
[0.978s] -- Up-to-date symlink: /home/janelleg/ros2_ws/install/examples_rclcpp_wait_set/lib/liblistener.so
[0.978s] -- Up-to-date symlink: /home/janelleg/ros2_ws/install/examples_rclcpp_wait_set/lib/examples_rclcpp_wait_set/wait_set
[0.979s] -- Up-to-date symlink: /home/janelleg/ros2_ws/install/examples_rclcpp_wait_set/lib/examples_rclcpp_wait_set/static_wait_set
[0.979s] -- Up-to-date symlink: /home/janelleg/ros2_ws/install/examples_rclcpp_wait_set/lib/examples_rclcpp_wait_set/thread_safe_wait_set
[0.979s] -- Up-to-date symlink: /home/janelleg/ros2_ws/install/examples_rclcpp_wait_set/lib/examples_rclcpp_wait_set/wait_set_topics_and_timer
[0.980s] -- Up-to-date symlink: /home/janelleg/ros2_ws/install/examples_rclcpp_wait_set/lib/examples_rclcpp_wait_set/wait_set_random_order
[0.980s] -- Up-to-date symlink: /home/janelleg/ros2_ws/install/examples_rclcpp_wait_set/lib/examples_rclcpp_wait_set/executor_random_order
[0.980s] -- Up-to-date symlink: /home/janelleg/ros2_ws/install/examples_rclcpp_wait_set/lib/examples_rclcpp_wait_set/wait_set_topics_with_different_rates
[0.981s] -- Up-to-date symlink: /home/janelleg/ros2_ws/install/examples_rclcpp_wait_set/lib/examples_rclcpp_wait_set/wait_set_composed
[0.981s] -- Up-to-date symlink: /home/janelleg/ros2_ws/install/examples_rclcpp_wait_set/share/ament_index/resource_index/package_run_dependencies/examples_rclcpp_wait_set
[0.981s] -- Up-to-date symlink: /home/janelleg/ros2_ws/install/examples_rclcpp_wait_set/share/ament_index/resource_index/parent_prefix_path/examples_rclcpp_wait_set
[0.981s] -- Up-to-date symlink: /home/janelleg/ros2_ws/install/examples_rclcpp_wait_set/share/examples_rclcpp_wait_set/environment/ament_prefix_path.sh
[0.982s] -- Up-to-date symlink: /home/janelleg/ros2_ws/install/examples_rclcpp_wait_set/share/examples_rclcpp_wait_set/environment/ament_prefix_path.dsv
[0.982s] -- Up-to-date symlink: /home/janelleg/ros2_ws/install/examples_rclcpp_wait_set/share/examples_rclcpp_wait_set/environment/path.sh
[0.982s] -- Up-to-date symlink: /home/janelleg/ros2_ws/install/examples_rclcpp_wait_set/share/examples_rclcpp_wait_set/environment/path.dsv
[0.983s] -- Up-to-date symlink: /home/janelleg/ros2_ws/install/examples_rclcpp_wait_set/share/examples_rclcpp_wait_set/local_setup.bash
[0.983s] -- Up-to-date symlink: /home/janelleg/ros2_ws/install/examples_rclcpp_wait_set/share/examples_rclcpp_wait_set/local_setup.sh
[0.983s] -- Up-to-date symlink: /home/janelleg/ros2_ws/install/examples_rclcpp_wait_set/share/examples_rclcpp_wait_set/local_setup.zsh
[0.983s] -- Up-to-date symlink: /home/janelleg/ros2_ws/install/examples_rclcpp_wait_set/share/examples_rclcpp_wait_set/local_setup.dsv
[0.984s] -- Symlinking: /home/janelleg/ros2_ws/install/examples_rclcpp_wait_set/share/examples_rclcpp_wait_set/package.dsv
[1.002s] -- Up-to-date symlink: /home/janelleg/ros2_ws/install/examples_rclcpp_wait_set/share/ament_index/resource_index/packages/examples_rclcpp_wait_set
[1.003s] -- Up-to-date symlink: /home/janelleg/ros2_ws/install/examples_rclcpp_wait_set/share/ament_index/resource_index/rclcpp_components/examples_rclcpp_wait_set
[1.003s] -- Up-to-date symlink: /home/janelleg/ros2_ws/install/examples_rclcpp_wait_set/share/examples_rclcpp_wait_set/cmake/examples_rclcpp_wait_setConfig.cmake
[1.004s] -- Up-to-date symlink: /home/janelleg/ros2_ws/install/examples_rclcpp_wait_set/share/examples_rclcpp_wait_set/cmake/examples_rclcpp_wait_setConfig-version.cmake
[1.004s] -- Up-to-date symlink: /home/janelleg/ros2_ws/install/examples_rclcpp_wait_set/share/examples_rclcpp_wait_set/package.xml
[1.010s] Invoked command in '/home/janelleg/ros2_ws/build/examples_rclcpp_wait_set' returned '0': CMAKE_PREFIX_PATH=${CMAKE_PREFIX_PATH}:/home/janelleg/ros2_ws/install/py_pubsub:/home/janelleg/ros2_ws/install/my_package:/home/janelleg/ros2_ws/install/launch_testing_examples:/home/janelleg/ros2_ws/install/examples_rclpy_pointcloud_publisher:/home/janelleg/ros2_ws/install/examples_rclpy_minimal_subscriber:/home/janelleg/ros2_ws/install/examples_rclpy_minimal_service:/home/janelleg/ros2_ws/install/examples_rclpy_minimal_publisher:/home/janelleg/ros2_ws/install/examples_rclpy_minimal_client:/home/janelleg/ros2_ws/install/examples_rclpy_minimal_action_server:/home/janelleg/ros2_ws/install/examples_rclpy_minimal_action_client:/home/janelleg/ros2_ws/install/examples_rclpy_guard_conditions:/home/janelleg/ros2_ws/install/examples_rclpy_executors:/opt/ros/humble /usr/bin/cmake --install /home/janelleg/ros2_ws/build/examples_rclcpp_wait_set
