-- Found ament_cmake: 1.3.10 (/opt/ros/humble/share/ament_cmake/cmake)
-- Override CMake install command with custom implementation using symlinks instead of copying resources
-- Found rclcpp: 16.0.10 (/opt/ros/humble/share/rclcpp/cmake)
-- Found rosidl_generator_c: 3.1.5 (/opt/ros/humble/share/rosidl_generator_c/cmake)
-- Found rosidl_adapter: 3.1.5 (/opt/ros/humble/share/rosidl_adapter/cmake)
-- Found rosidl_generator_cpp: 3.1.5 (/opt/ros/humble/share/rosidl_generator_cpp/cmake)
-- Using all available rosidl_typesupport_c: rosidl_typesupport_fastrtps_c;rosidl_typesupport_introspection_c
-- Using all available rosidl_typesupport_cpp: rosidl_typesupport_fastrtps_cpp;rosidl_typesupport_introspection_cpp
-- Found rmw_implementation_cmake: 6.1.2 (/opt/ros/humble/share/rmw_implementation_cmake/cmake)
-- Found rmw_fastrtps_cpp: 6.2.7 (/opt/ros/humble/share/rmw_fastrtps_cpp/cmake)
-- Using RMW implementation 'rmw_fastrtps_cpp' as default
-- Found example_interfaces: 0.9.3 (/opt/ros/humble/share/example_interfaces/cmake)
-- Configuring done
-- Generating done
-- Build files have been written to: /home/janelleg/ros2_ws/build/cpp_srvcli
[35m[1mConsolidate compiler generated dependencies of target client[0m
[35m[1mConsolidate compiler generated dependencies of target server[0m
[ 25%] [32m[1mLinking CXX executable client[0m
[ 50%] [32m[1mLinking CXX executable server[0m
[ 75%] Built target client
[100%] Built target server
-- Install configuration: ""
-- Execute custom install script
-- Symlinking: /home/janelleg/ros2_ws/install/cpp_srvcli/lib/cpp_srvcli/server
-- Symlinking: /home/janelleg/ros2_ws/install/cpp_srvcli/lib/cpp_srvcli/client
-- Symlinking: /home/janelleg/ros2_ws/install/cpp_srvcli/share/ament_index/resource_index/package_run_dependencies/cpp_srvcli
-- Symlinking: /home/janelleg/ros2_ws/install/cpp_srvcli/share/ament_index/resource_index/parent_prefix_path/cpp_srvcli
-- Symlinking: /home/janelleg/ros2_ws/install/cpp_srvcli/share/cpp_srvcli/environment/ament_prefix_path.sh
-- Symlinking: /home/janelleg/ros2_ws/install/cpp_srvcli/share/cpp_srvcli/environment/ament_prefix_path.dsv
-- Symlinking: /home/janelleg/ros2_ws/install/cpp_srvcli/share/cpp_srvcli/environment/path.sh
-- Symlinking: /home/janelleg/ros2_ws/install/cpp_srvcli/share/cpp_srvcli/environment/path.dsv
-- Symlinking: /home/janelleg/ros2_ws/install/cpp_srvcli/share/cpp_srvcli/local_setup.bash
-- Symlinking: /home/janelleg/ros2_ws/install/cpp_srvcli/share/cpp_srvcli/local_setup.sh
-- Symlinking: /home/janelleg/ros2_ws/install/cpp_srvcli/share/cpp_srvcli/local_setup.zsh
-- Symlinking: /home/janelleg/ros2_ws/install/cpp_srvcli/share/cpp_srvcli/local_setup.dsv
-- Symlinking: /home/janelleg/ros2_ws/install/cpp_srvcli/share/cpp_srvcli/package.dsv
-- Symlinking: /home/janelleg/ros2_ws/install/cpp_srvcli/share/ament_index/resource_index/packages/cpp_srvcli
-- Symlinking: /home/janelleg/ros2_ws/install/cpp_srvcli/share/cpp_srvcli/cmake/cpp_srvcliConfig.cmake
-- Symlinking: /home/janelleg/ros2_ws/install/cpp_srvcli/share/cpp_srvcli/cmake/cpp_srvcliConfig-version.cmake
-- Symlinking: /home/janelleg/ros2_ws/install/cpp_srvcli/share/cpp_srvcli/package.xml
