[0.020s] Invoking command in '/home/janelleg/ros2_ws/build/turtlesim': CMAKE_PREFIX_PATH=/opt/ros/humble /usr/bin/cmake --build /home/janelleg/ros2_ws/build/turtlesim -- -j8 -l8
[0.115s] [35m[1mConsolidate compiler generated dependencies of target turtlesim__rosidl_generator_c[0m
[0.139s] [  1%] Built target turtlesim__cpp
[0.146s] [ 11%] Built target turtlesim__rosidl_generator_c
[0.161s] [ 11%] Built target ament_cmake_python_symlink_turtlesim
[0.174s] [35m[1mConsolidate compiler generated dependencies of target turtlesim__rosidl_typesupport_cpp[0m
[0.182s] [35m[1mConsolidate compiler generated dependencies of target turtlesim__rosidl_typesupport_introspection_cpp[0m
[0.182s] [35m[1mConsolidate compiler generated dependencies of target turtlesim__rosidl_typesupport_c[0m
[0.194s] [35m[1mConsolidate compiler generated dependencies of target turtlesim__rosidl_typesupport_introspection_c[0m
[0.194s] [35m[1mConsolidate compiler generated dependencies of target turtlesim__rosidl_typesupport_fastrtps_c[0m
[0.203s] [35m[1mConsolidate compiler generated dependencies of target turtlesim__rosidl_typesupport_fastrtps_cpp[0m
[0.210s] [ 21%] Built target turtlesim__rosidl_typesupport_c
[0.232s] [ 31%] Built target turtlesim__rosidl_typesupport_introspection_c
[0.235s] [ 41%] Built target turtlesim__rosidl_typesupport_cpp
[0.236s] [ 51%] Built target turtlesim__rosidl_typesupport_introspection_cpp
[0.246s] [ 61%] Built target turtlesim__rosidl_typesupport_fastrtps_c
[0.260s] [ 71%] Built target turtlesim__rosidl_typesupport_fastrtps_cpp
[0.269s] [35m[1mConsolidate compiler generated dependencies of target mimic[0m
[0.269s] [35m[1mConsolidate compiler generated dependencies of target draw_square[0m
[0.274s] [35m[1mConsolidate compiler generated dependencies of target turtle_teleop_key[0m
[0.274s] [35m[1mConsolidate compiler generated dependencies of target turtlesim_node[0m
[0.327s] [ 73%] Built target draw_square
[0.329s] [ 75%] Built target mimic
[0.330s] [ 75%] Built target turtlesim
[0.341s] [ 77%] Built target turtle_teleop_key
[0.348s] [ 78%] [32mBuilding CXX object CMakeFiles/turtlesim_node.dir/src/turtle_frame.cpp.o[0m
[0.389s] [ 79%] Built target turtlesim__py
[0.425s] [35m[1mConsolidate compiler generated dependencies of target turtlesim__rosidl_generator_py[0m
[0.467s] [ 88%] Built target turtlesim__rosidl_generator_py
[0.491s] [35m[1mConsolidate compiler generated dependencies of target turtlesim__rosidl_typesupport_c__pyext[0m
[0.494s] [35m[1mConsolidate compiler generated dependencies of target turtlesim__rosidl_typesupport_introspection_c__pyext[0m
[0.498s] [35m[1mConsolidate compiler generated dependencies of target turtlesim__rosidl_typesupport_fastrtps_c__pyext[0m
[0.513s] [ 90%] Built target turtlesim__rosidl_typesupport_c__pyext
[0.528s] [ 92%] Built target turtlesim__rosidl_typesupport_introspection_c__pyext
[0.530s] [ 94%] Built target turtlesim__rosidl_typesupport_fastrtps_c__pyext
[0.822s] running egg_info
[0.824s] writing turtlesim.egg-info/PKG-INFO
[0.825s] writing dependency_links to turtlesim.egg-info/dependency_links.txt
[0.825s] writing top-level names to turtlesim.egg-info/top_level.txt
[0.829s] reading manifest file 'turtlesim.egg-info/SOURCES.txt'
[0.830s] writing manifest file 'turtlesim.egg-info/SOURCES.txt'
[0.886s] [ 94%] Built target ament_cmake_python_build_turtlesim_egg
[23.534s] [ 95%] [32m[1mLinking CXX executable turtlesim_node[0m
[27.358s] [100%] Built target turtlesim_node
[27.391s] Invoked command in '/home/janelleg/ros2_ws/build/turtlesim' returned '0': CMAKE_PREFIX_PATH=/opt/ros/humble /usr/bin/cmake --build /home/janelleg/ros2_ws/build/turtlesim -- -j8 -l8
[27.963s] Invoking command in '/home/janelleg/ros2_ws/build/turtlesim': CMAKE_PREFIX_PATH=/opt/ros/humble /usr/bin/cmake --install /home/janelleg/ros2_ws/build/turtlesim
[27.981s] -- Install configuration: ""
[27.983s] -- Execute custom install script
[27.983s] -- Up-to-date symlink: /home/janelleg/ros2_ws/install/turtlesim/share/ament_index/resource_index/rosidl_interfaces/turtlesim
[27.985s] -- Up-to-date symlink: /home/janelleg/ros2_ws/install/turtlesim/include/turtlesim/turtlesim/action/detail/rotate_absolute__functions.h
[27.985s] -- Up-to-date symlink: /home/janelleg/ros2_ws/install/turtlesim/include/turtlesim/turtlesim/action/detail/rotate_absolute__struct.h
[27.985s] -- Up-to-date symlink: /home/janelleg/ros2_ws/install/turtlesim/include/turtlesim/turtlesim/action/detail/rotate_absolute__type_support.h
[27.986s] -- Up-to-date symlink: /home/janelleg/ros2_ws/install/turtlesim/include/turtlesim/turtlesim/action/rotate_absolute.h
[27.986s] -- Up-to-date symlink: /home/janelleg/ros2_ws/install/turtlesim/include/turtlesim/turtlesim/msg/color.h
[27.986s] -- Up-to-date symlink: /home/janelleg/ros2_ws/install/turtlesim/include/turtlesim/turtlesim/msg/detail/color__functions.h
[27.987s] -- Up-to-date symlink: /home/janelleg/ros2_ws/install/turtlesim/include/turtlesim/turtlesim/msg/detail/color__struct.h
[27.987s] -- Up-to-date symlink: /home/janelleg/ros2_ws/install/turtlesim/include/turtlesim/turtlesim/msg/detail/color__type_support.h
[27.987s] -- Up-to-date symlink: /home/janelleg/ros2_ws/install/turtlesim/include/turtlesim/turtlesim/msg/detail/pose__functions.h
[27.988s] -- Up-to-date symlink: /home/janelleg/ros2_ws/install/turtlesim/include/turtlesim/turtlesim/msg/detail/pose__struct.h
[27.988s] -- Up-to-date symlink: /home/janelleg/ros2_ws/install/turtlesim/include/turtlesim/turtlesim/msg/detail/pose__type_support.h
[27.988s] -- Up-to-date symlink: /home/janelleg/ros2_ws/install/turtlesim/include/turtlesim/turtlesim/msg/pose.h
[27.989s] -- Up-to-date symlink: /home/janelleg/ros2_ws/install/turtlesim/include/turtlesim/turtlesim/msg/rosidl_generator_c__visibility_control.h
[27.989s] -- Up-to-date symlink: /home/janelleg/ros2_ws/install/turtlesim/include/turtlesim/turtlesim/srv/detail/kill__functions.h
[27.989s] -- Up-to-date symlink: /home/janelleg/ros2_ws/install/turtlesim/include/turtlesim/turtlesim/srv/detail/kill__struct.h
[27.989s] -- Up-to-date symlink: /home/janelleg/ros2_ws/install/turtlesim/include/turtlesim/turtlesim/srv/detail/kill__type_support.h
[27.990s] -- Up-to-date symlink: /home/janelleg/ros2_ws/install/turtlesim/include/turtlesim/turtlesim/srv/detail/set_pen__functions.h
[27.990s] -- Up-to-date symlink: /home/janelleg/ros2_ws/install/turtlesim/include/turtlesim/turtlesim/srv/detail/set_pen__struct.h
[27.990s] -- Up-to-date symlink: /home/janelleg/ros2_ws/install/turtlesim/include/turtlesim/turtlesim/srv/detail/set_pen__type_support.h
[27.990s] -- Up-to-date symlink: /home/janelleg/ros2_ws/install/turtlesim/include/turtlesim/turtlesim/srv/detail/spawn__functions.h
[27.991s] -- Up-to-date symlink: /home/janelleg/ros2_ws/install/turtlesim/include/turtlesim/turtlesim/srv/detail/spawn__struct.h
[27.991s] -- Up-to-date symlink: /home/janelleg/ros2_ws/install/turtlesim/include/turtlesim/turtlesim/srv/detail/spawn__type_support.h
[27.991s] -- Up-to-date symlink: /home/janelleg/ros2_ws/install/turtlesim/include/turtlesim/turtlesim/srv/detail/teleport_absolute__functions.h
[27.991s] -- Up-to-date symlink: /home/janelleg/ros2_ws/install/turtlesim/include/turtlesim/turtlesim/srv/detail/teleport_absolute__struct.h
[27.992s] -- Up-to-date symlink: /home/janelleg/ros2_ws/install/turtlesim/include/turtlesim/turtlesim/srv/detail/teleport_absolute__type_support.h
[27.992s] -- Up-to-date symlink: /home/janelleg/ros2_ws/install/turtlesim/include/turtlesim/turtlesim/srv/detail/teleport_relative__functions.h
[27.992s] -- Up-to-date symlink: /home/janelleg/ros2_ws/install/turtlesim/include/turtlesim/turtlesim/srv/detail/teleport_relative__struct.h
[27.992s] -- Up-to-date symlink: /home/janelleg/ros2_ws/install/turtlesim/include/turtlesim/turtlesim/srv/detail/teleport_relative__type_support.h
[27.993s] -- Up-to-date symlink: /home/janelleg/ros2_ws/install/turtlesim/include/turtlesim/turtlesim/srv/kill.h
[27.993s] -- Up-to-date symlink: /home/janelleg/ros2_ws/install/turtlesim/include/turtlesim/turtlesim/srv/set_pen.h
[27.994s] -- Up-to-date symlink: /home/janelleg/ros2_ws/install/turtlesim/include/turtlesim/turtlesim/srv/spawn.h
[27.994s] -- Up-to-date symlink: /home/janelleg/ros2_ws/install/turtlesim/include/turtlesim/turtlesim/srv/teleport_absolute.h
[27.994s] -- Up-to-date symlink: /home/janelleg/ros2_ws/install/turtlesim/include/turtlesim/turtlesim/srv/teleport_relative.h
[27.994s] -- Up-to-date symlink: /home/janelleg/ros2_ws/install/turtlesim/share/turtlesim/environment/library_path.sh
[27.994s] -- Up-to-date symlink: /home/janelleg/ros2_ws/install/turtlesim/share/turtlesim/environment/library_path.dsv
[27.995s] -- Up-to-date symlink: /home/janelleg/ros2_ws/install/turtlesim/include/turtlesim/turtlesim/action/detail/rotate_absolute__rosidl_typesupport_fastrtps_c.h
[27.995s] -- Up-to-date symlink: /home/janelleg/ros2_ws/install/turtlesim/include/turtlesim/turtlesim/msg/detail/color__rosidl_typesupport_fastrtps_c.h
[27.995s] -- Up-to-date symlink: /home/janelleg/ros2_ws/install/turtlesim/include/turtlesim/turtlesim/msg/detail/pose__rosidl_typesupport_fastrtps_c.h
[27.995s] -- Up-to-date symlink: /home/janelleg/ros2_ws/install/turtlesim/include/turtlesim/turtlesim/msg/rosidl_typesupport_fastrtps_c__visibility_control.h
[27.995s] -- Up-to-date symlink: /home/janelleg/ros2_ws/install/turtlesim/include/turtlesim/turtlesim/srv/detail/kill__rosidl_typesupport_fastrtps_c.h
[27.995s] -- Up-to-date symlink: /home/janelleg/ros2_ws/install/turtlesim/include/turtlesim/turtlesim/srv/detail/set_pen__rosidl_typesupport_fastrtps_c.h
[27.995s] -- Up-to-date symlink: /home/janelleg/ros2_ws/install/turtlesim/include/turtlesim/turtlesim/srv/detail/spawn__rosidl_typesupport_fastrtps_c.h
[27.995s] -- Up-to-date symlink: /home/janelleg/ros2_ws/install/turtlesim/include/turtlesim/turtlesim/srv/detail/teleport_absolute__rosidl_typesupport_fastrtps_c.h
[27.996s] -- Up-to-date symlink: /home/janelleg/ros2_ws/install/turtlesim/include/turtlesim/turtlesim/srv/detail/teleport_relative__rosidl_typesupport_fastrtps_c.h
[27.996s] -- Up-to-date symlink: /home/janelleg/ros2_ws/install/turtlesim/include/turtlesim/turtlesim/action/detail/rotate_absolute__builder.hpp
[27.996s] -- Up-to-date symlink: /home/janelleg/ros2_ws/install/turtlesim/include/turtlesim/turtlesim/action/detail/rotate_absolute__struct.hpp
[27.996s] -- Up-to-date symlink: /home/janelleg/ros2_ws/install/turtlesim/include/turtlesim/turtlesim/action/detail/rotate_absolute__traits.hpp
[27.996s] -- Up-to-date symlink: /home/janelleg/ros2_ws/install/turtlesim/include/turtlesim/turtlesim/action/rotate_absolute.hpp
[27.997s] -- Up-to-date symlink: /home/janelleg/ros2_ws/install/turtlesim/include/turtlesim/turtlesim/msg/color.hpp
[27.997s] -- Up-to-date symlink: /home/janelleg/ros2_ws/install/turtlesim/include/turtlesim/turtlesim/msg/detail/color__builder.hpp
[27.997s] -- Up-to-date symlink: /home/janelleg/ros2_ws/install/turtlesim/include/turtlesim/turtlesim/msg/detail/color__struct.hpp
[27.997s] -- Up-to-date symlink: /home/janelleg/ros2_ws/install/turtlesim/include/turtlesim/turtlesim/msg/detail/color__traits.hpp
[27.997s] -- Up-to-date symlink: /home/janelleg/ros2_ws/install/turtlesim/include/turtlesim/turtlesim/msg/detail/pose__builder.hpp
[27.997s] -- Up-to-date symlink: /home/janelleg/ros2_ws/install/turtlesim/include/turtlesim/turtlesim/msg/detail/pose__struct.hpp
[27.997s] -- Up-to-date symlink: /home/janelleg/ros2_ws/install/turtlesim/include/turtlesim/turtlesim/msg/detail/pose__traits.hpp
[27.997s] -- Up-to-date symlink: /home/janelleg/ros2_ws/install/turtlesim/include/turtlesim/turtlesim/msg/pose.hpp
[27.998s] -- Up-to-date symlink: /home/janelleg/ros2_ws/install/turtlesim/include/turtlesim/turtlesim/srv/detail/kill__builder.hpp
[27.998s] -- Up-to-date symlink: /home/janelleg/ros2_ws/install/turtlesim/include/turtlesim/turtlesim/srv/detail/kill__struct.hpp
[27.998s] -- Up-to-date symlink: /home/janelleg/ros2_ws/install/turtlesim/include/turtlesim/turtlesim/srv/detail/kill__traits.hpp
[27.998s] -- Up-to-date symlink: /home/janelleg/ros2_ws/install/turtlesim/include/turtlesim/turtlesim/srv/detail/set_pen__builder.hpp
[27.998s] -- Up-to-date symlink: /home/janelleg/ros2_ws/install/turtlesim/include/turtlesim/turtlesim/srv/detail/set_pen__struct.hpp
[27.998s] -- Up-to-date symlink: /home/janelleg/ros2_ws/install/turtlesim/include/turtlesim/turtlesim/srv/detail/set_pen__traits.hpp
[27.999s] -- Up-to-date symlink: /home/janelleg/ros2_ws/install/turtlesim/include/turtlesim/turtlesim/srv/detail/spawn__builder.hpp
[27.999s] -- Up-to-date symlink: /home/janelleg/ros2_ws/install/turtlesim/include/turtlesim/turtlesim/srv/detail/spawn__struct.hpp
[27.999s] -- Up-to-date symlink: /home/janelleg/ros2_ws/install/turtlesim/include/turtlesim/turtlesim/srv/detail/spawn__traits.hpp
[27.999s] -- Up-to-date symlink: /home/janelleg/ros2_ws/install/turtlesim/include/turtlesim/turtlesim/srv/detail/teleport_absolute__builder.hpp
[27.999s] -- Up-to-date symlink: /home/janelleg/ros2_ws/install/turtlesim/include/turtlesim/turtlesim/srv/detail/teleport_absolute__struct.hpp
[27.999s] -- Up-to-date symlink: /home/janelleg/ros2_ws/install/turtlesim/include/turtlesim/turtlesim/srv/detail/teleport_absolute__traits.hpp
[27.999s] -- Up-to-date symlink: /home/janelleg/ros2_ws/install/turtlesim/include/turtlesim/turtlesim/srv/detail/teleport_relative__builder.hpp
[27.999s] -- Up-to-date symlink: /home/janelleg/ros2_ws/install/turtlesim/include/turtlesim/turtlesim/srv/detail/teleport_relative__struct.hpp
[27.999s] -- Up-to-date symlink: /home/janelleg/ros2_ws/install/turtlesim/include/turtlesim/turtlesim/srv/detail/teleport_relative__traits.hpp
[27.999s] -- Up-to-date symlink: /home/janelleg/ros2_ws/install/turtlesim/include/turtlesim/turtlesim/srv/kill.hpp
[28.000s] -- Up-to-date symlink: /home/janelleg/ros2_ws/install/turtlesim/include/turtlesim/turtlesim/srv/set_pen.hpp
[28.000s] -- Up-to-date symlink: /home/janelleg/ros2_ws/install/turtlesim/include/turtlesim/turtlesim/srv/spawn.hpp
[28.000s] -- Up-to-date symlink: /home/janelleg/ros2_ws/install/turtlesim/include/turtlesim/turtlesim/srv/teleport_absolute.hpp
[28.000s] -- Up-to-date symlink: /home/janelleg/ros2_ws/install/turtlesim/include/turtlesim/turtlesim/srv/teleport_relative.hpp
[28.001s] -- Up-to-date symlink: /home/janelleg/ros2_ws/install/turtlesim/include/turtlesim/turtlesim/action/detail/rotate_absolute__rosidl_typesupport_fastrtps_cpp.hpp
[28.001s] -- Up-to-date symlink: /home/janelleg/ros2_ws/install/turtlesim/include/turtlesim/turtlesim/msg/detail/color__rosidl_typesupport_fastrtps_cpp.hpp
[28.001s] -- Up-to-date symlink: /home/janelleg/ros2_ws/install/turtlesim/include/turtlesim/turtlesim/msg/detail/pose__rosidl_typesupport_fastrtps_cpp.hpp
[28.002s] -- Up-to-date symlink: /home/janelleg/ros2_ws/install/turtlesim/include/turtlesim/turtlesim/msg/rosidl_typesupport_fastrtps_cpp__visibility_control.h
[28.002s] -- Up-to-date symlink: /home/janelleg/ros2_ws/install/turtlesim/include/turtlesim/turtlesim/srv/detail/kill__rosidl_typesupport_fastrtps_cpp.hpp
[28.002s] -- Up-to-date symlink: /home/janelleg/ros2_ws/install/turtlesim/include/turtlesim/turtlesim/srv/detail/set_pen__rosidl_typesupport_fastrtps_cpp.hpp
[28.002s] -- Up-to-date symlink: /home/janelleg/ros2_ws/install/turtlesim/include/turtlesim/turtlesim/srv/detail/spawn__rosidl_typesupport_fastrtps_cpp.hpp
[28.003s] -- Up-to-date symlink: /home/janelleg/ros2_ws/install/turtlesim/include/turtlesim/turtlesim/srv/detail/teleport_absolute__rosidl_typesupport_fastrtps_cpp.hpp
[28.003s] -- Up-to-date symlink: /home/janelleg/ros2_ws/install/turtlesim/include/turtlesim/turtlesim/srv/detail/teleport_relative__rosidl_typesupport_fastrtps_cpp.hpp
[28.004s] -- Up-to-date symlink: /home/janelleg/ros2_ws/install/turtlesim/include/turtlesim/turtlesim/action/detail/rotate_absolute__rosidl_typesupport_introspection_c.h
[28.004s] -- Up-to-date symlink: /home/janelleg/ros2_ws/install/turtlesim/include/turtlesim/turtlesim/msg/detail/color__rosidl_typesupport_introspection_c.h
[28.004s] -- Up-to-date symlink: /home/janelleg/ros2_ws/install/turtlesim/include/turtlesim/turtlesim/msg/detail/pose__rosidl_typesupport_introspection_c.h
[28.004s] -- Up-to-date symlink: /home/janelleg/ros2_ws/install/turtlesim/include/turtlesim/turtlesim/msg/rosidl_typesupport_introspection_c__visibility_control.h
[28.005s] -- Up-to-date symlink: /home/janelleg/ros2_ws/install/turtlesim/include/turtlesim/turtlesim/srv/detail/kill__rosidl_typesupport_introspection_c.h
[28.005s] -- Up-to-date symlink: /home/janelleg/ros2_ws/install/turtlesim/include/turtlesim/turtlesim/srv/detail/set_pen__rosidl_typesupport_introspection_c.h
[28.005s] -- Up-to-date symlink: /home/janelleg/ros2_ws/install/turtlesim/include/turtlesim/turtlesim/srv/detail/spawn__rosidl_typesupport_introspection_c.h
[28.005s] -- Up-to-date symlink: /home/janelleg/ros2_ws/install/turtlesim/include/turtlesim/turtlesim/srv/detail/teleport_absolute__rosidl_typesupport_introspection_c.h
[28.005s] -- Up-to-date symlink: /home/janelleg/ros2_ws/install/turtlesim/include/turtlesim/turtlesim/srv/detail/teleport_relative__rosidl_typesupport_introspection_c.h
[28.005s] -- Up-to-date symlink: /home/janelleg/ros2_ws/install/turtlesim/include/turtlesim/turtlesim/action/detail/rotate_absolute__rosidl_typesupport_introspection_cpp.hpp
[28.005s] -- Up-to-date symlink: /home/janelleg/ros2_ws/install/turtlesim/include/turtlesim/turtlesim/msg/detail/color__rosidl_typesupport_introspection_cpp.hpp
[28.006s] -- Up-to-date symlink: /home/janelleg/ros2_ws/install/turtlesim/include/turtlesim/turtlesim/msg/detail/pose__rosidl_typesupport_introspection_cpp.hpp
[28.006s] -- Up-to-date symlink: /home/janelleg/ros2_ws/install/turtlesim/include/turtlesim/turtlesim/srv/detail/kill__rosidl_typesupport_introspection_cpp.hpp
[28.006s] -- Up-to-date symlink: /home/janelleg/ros2_ws/install/turtlesim/include/turtlesim/turtlesim/srv/detail/set_pen__rosidl_typesupport_introspection_cpp.hpp
[28.006s] -- Up-to-date symlink: /home/janelleg/ros2_ws/install/turtlesim/include/turtlesim/turtlesim/srv/detail/spawn__rosidl_typesupport_introspection_cpp.hpp
[28.006s] -- Up-to-date symlink: /home/janelleg/ros2_ws/install/turtlesim/include/turtlesim/turtlesim/srv/detail/teleport_absolute__rosidl_typesupport_introspection_cpp.hpp
[28.006s] -- Up-to-date symlink: /home/janelleg/ros2_ws/install/turtlesim/include/turtlesim/turtlesim/srv/detail/teleport_relative__rosidl_typesupport_introspection_cpp.hpp
[28.007s] -- Up-to-date symlink: /home/janelleg/ros2_ws/install/turtlesim/share/turtlesim/environment/pythonpath.sh
[28.007s] -- Up-to-date symlink: /home/janelleg/ros2_ws/install/turtlesim/share/turtlesim/environment/pythonpath.dsv
[28.007s] -- Up-to-date symlink: /home/janelleg/ros2_ws/install/turtlesim/local/lib/python3.10/dist-packages/turtlesim-1.4.2-py3.10.egg-info/PKG-INFO
[28.008s] -- Up-to-date symlink: /home/janelleg/ros2_ws/install/turtlesim/local/lib/python3.10/dist-packages/turtlesim-1.4.2-py3.10.egg-info/SOURCES.txt
[28.008s] -- Up-to-date symlink: /home/janelleg/ros2_ws/install/turtlesim/local/lib/python3.10/dist-packages/turtlesim-1.4.2-py3.10.egg-info/dependency_links.txt
[28.008s] -- Up-to-date symlink: /home/janelleg/ros2_ws/install/turtlesim/local/lib/python3.10/dist-packages/turtlesim-1.4.2-py3.10.egg-info/top_level.txt
[28.009s] -- Up-to-date symlink: /home/janelleg/ros2_ws/install/turtlesim/local/lib/python3.10/dist-packages/turtlesim/__init__.py
[28.009s] -- Up-to-date symlink: /home/janelleg/ros2_ws/install/turtlesim/local/lib/python3.10/dist-packages/turtlesim/_turtlesim_s.ep.rosidl_typesupport_c.c
[28.009s] -- Up-to-date symlink: /home/janelleg/ros2_ws/install/turtlesim/local/lib/python3.10/dist-packages/turtlesim/_turtlesim_s.ep.rosidl_typesupport_fastrtps_c.c
[28.010s] -- Up-to-date symlink: /home/janelleg/ros2_ws/install/turtlesim/local/lib/python3.10/dist-packages/turtlesim/_turtlesim_s.ep.rosidl_typesupport_introspection_c.c
[28.010s] -- Up-to-date symlink: /home/janelleg/ros2_ws/install/turtlesim/local/lib/python3.10/dist-packages/turtlesim/action/__init__.py
[28.010s] -- Up-to-date symlink: /home/janelleg/ros2_ws/install/turtlesim/local/lib/python3.10/dist-packages/turtlesim/action/_rotate_absolute.py
[28.010s] -- Up-to-date symlink: /home/janelleg/ros2_ws/install/turtlesim/local/lib/python3.10/dist-packages/turtlesim/action/_rotate_absolute_s.c
[28.011s] -- Up-to-date symlink: /home/janelleg/ros2_ws/install/turtlesim/local/lib/python3.10/dist-packages/turtlesim/libturtlesim__rosidl_generator_py.so
[28.011s] -- Up-to-date symlink: /home/janelleg/ros2_ws/install/turtlesim/local/lib/python3.10/dist-packages/turtlesim/msg/__init__.py
[28.011s] -- Up-to-date symlink: /home/janelleg/ros2_ws/install/turtlesim/local/lib/python3.10/dist-packages/turtlesim/msg/_color.py
[28.013s] -- Up-to-date symlink: /home/janelleg/ros2_ws/install/turtlesim/local/lib/python3.10/dist-packages/turtlesim/msg/_color_s.c
[28.013s] -- Up-to-date symlink: /home/janelleg/ros2_ws/install/turtlesim/local/lib/python3.10/dist-packages/turtlesim/msg/_pose.py
[28.014s] -- Up-to-date symlink: /home/janelleg/ros2_ws/install/turtlesim/local/lib/python3.10/dist-packages/turtlesim/msg/_pose_s.c
[28.014s] -- Up-to-date symlink: /home/janelleg/ros2_ws/install/turtlesim/local/lib/python3.10/dist-packages/turtlesim/srv/__init__.py
[28.014s] -- Up-to-date symlink: /home/janelleg/ros2_ws/install/turtlesim/local/lib/python3.10/dist-packages/turtlesim/srv/_kill.py
[28.014s] -- Up-to-date symlink: /home/janelleg/ros2_ws/install/turtlesim/local/lib/python3.10/dist-packages/turtlesim/srv/_kill_s.c
[28.015s] -- Up-to-date symlink: /home/janelleg/ros2_ws/install/turtlesim/local/lib/python3.10/dist-packages/turtlesim/srv/_set_pen.py
[28.015s] -- Up-to-date symlink: /home/janelleg/ros2_ws/install/turtlesim/local/lib/python3.10/dist-packages/turtlesim/srv/_set_pen_s.c
[28.015s] -- Up-to-date symlink: /home/janelleg/ros2_ws/install/turtlesim/local/lib/python3.10/dist-packages/turtlesim/srv/_spawn.py
[28.016s] -- Up-to-date symlink: /home/janelleg/ros2_ws/install/turtlesim/local/lib/python3.10/dist-packages/turtlesim/srv/_spawn_s.c
[28.016s] -- Up-to-date symlink: /home/janelleg/ros2_ws/install/turtlesim/local/lib/python3.10/dist-packages/turtlesim/srv/_teleport_absolute.py
[28.016s] -- Up-to-date symlink: /home/janelleg/ros2_ws/install/turtlesim/local/lib/python3.10/dist-packages/turtlesim/srv/_teleport_absolute_s.c
[28.017s] -- Up-to-date symlink: /home/janelleg/ros2_ws/install/turtlesim/local/lib/python3.10/dist-packages/turtlesim/srv/_teleport_relative.py
[28.017s] -- Up-to-date symlink: /home/janelleg/ros2_ws/install/turtlesim/local/lib/python3.10/dist-packages/turtlesim/srv/_teleport_relative_s.c
[28.017s] -- Up-to-date symlink: /home/janelleg/ros2_ws/install/turtlesim/local/lib/python3.10/dist-packages/turtlesim/turtlesim_s__rosidl_typesupport_c.cpython-310-x86_64-linux-gnu.so
[28.017s] -- Up-to-date symlink: /home/janelleg/ros2_ws/install/turtlesim/local/lib/python3.10/dist-packages/turtlesim/turtlesim_s__rosidl_typesupport_fastrtps_c.cpython-310-x86_64-linux-gnu.so
[28.018s] -- Up-to-date symlink: /home/janelleg/ros2_ws/install/turtlesim/local/lib/python3.10/dist-packages/turtlesim/turtlesim_s__rosidl_typesupport_introspection_c.cpython-310-x86_64-linux-gnu.so
[28.018s] -- Up-to-date symlink: /home/janelleg/ros2_ws/install/turtlesim/local/lib/python3.10/dist-packages/turtlesim/turtlesim_s__rosidl_typesupport_fastrtps_c.cpython-310-x86_64-linux-gnu.so
[28.018s] -- Up-to-date symlink: /home/janelleg/ros2_ws/install/turtlesim/local/lib/python3.10/dist-packages/turtlesim/turtlesim_s__rosidl_typesupport_introspection_c.cpython-310-x86_64-linux-gnu.so
[28.018s] -- Up-to-date symlink: /home/janelleg/ros2_ws/install/turtlesim/local/lib/python3.10/dist-packages/turtlesim/turtlesim_s__rosidl_typesupport_c.cpython-310-x86_64-linux-gnu.so
[28.019s] -- Up-to-date symlink: /home/janelleg/ros2_ws/install/turtlesim/share/turtlesim/action/RotateAbsolute.idl
[28.019s] -- Up-to-date symlink: /home/janelleg/ros2_ws/install/turtlesim/share/turtlesim/msg/Color.idl
[28.019s] -- Up-to-date symlink: /home/janelleg/ros2_ws/install/turtlesim/share/turtlesim/msg/Pose.idl
[28.020s] -- Up-to-date symlink: /home/janelleg/ros2_ws/install/turtlesim/share/turtlesim/srv/Kill.idl
[28.020s] -- Up-to-date symlink: /home/janelleg/ros2_ws/install/turtlesim/share/turtlesim/srv/SetPen.idl
[28.020s] -- Up-to-date symlink: /home/janelleg/ros2_ws/install/turtlesim/share/turtlesim/srv/Spawn.idl
[28.020s] -- Up-to-date symlink: /home/janelleg/ros2_ws/install/turtlesim/share/turtlesim/srv/TeleportAbsolute.idl
[28.021s] -- Up-to-date symlink: /home/janelleg/ros2_ws/install/turtlesim/share/turtlesim/srv/TeleportRelative.idl
[28.021s] -- Up-to-date symlink: /home/janelleg/ros2_ws/install/turtlesim/share/turtlesim/action/RotateAbsolute.action
[28.021s] -- Up-to-date symlink: /home/janelleg/ros2_ws/install/turtlesim/share/turtlesim/msg/Color.msg
[28.022s] -- Up-to-date symlink: /home/janelleg/ros2_ws/install/turtlesim/share/turtlesim/msg/Pose.msg
[28.022s] -- Up-to-date symlink: /home/janelleg/ros2_ws/install/turtlesim/share/turtlesim/srv/Kill.srv
[28.022s] -- Up-to-date symlink: /home/janelleg/ros2_ws/install/turtlesim/share/turtlesim/srv/Kill_Request.msg
[28.022s] -- Up-to-date symlink: /home/janelleg/ros2_ws/install/turtlesim/share/turtlesim/srv/Kill_Response.msg
[28.023s] -- Up-to-date symlink: /home/janelleg/ros2_ws/install/turtlesim/share/turtlesim/srv/SetPen.srv
[28.023s] -- Up-to-date symlink: /home/janelleg/ros2_ws/install/turtlesim/share/turtlesim/srv/SetPen_Request.msg
[28.023s] -- Up-to-date symlink: /home/janelleg/ros2_ws/install/turtlesim/share/turtlesim/srv/SetPen_Response.msg
[28.024s] -- Up-to-date symlink: /home/janelleg/ros2_ws/install/turtlesim/share/turtlesim/srv/Spawn.srv
[28.024s] -- Up-to-date symlink: /home/janelleg/ros2_ws/install/turtlesim/share/turtlesim/srv/Spawn_Request.msg
[28.024s] -- Up-to-date symlink: /home/janelleg/ros2_ws/install/turtlesim/share/turtlesim/srv/Spawn_Response.msg
[28.024s] -- Up-to-date symlink: /home/janelleg/ros2_ws/install/turtlesim/share/turtlesim/srv/TeleportAbsolute.srv
[28.025s] -- Up-to-date symlink: /home/janelleg/ros2_ws/install/turtlesim/share/turtlesim/srv/TeleportAbsolute_Request.msg
[28.025s] -- Up-to-date symlink: /home/janelleg/ros2_ws/install/turtlesim/share/turtlesim/srv/TeleportAbsolute_Response.msg
[28.025s] -- Up-to-date symlink: /home/janelleg/ros2_ws/install/turtlesim/share/turtlesim/srv/TeleportRelative.srv
[28.025s] -- Up-to-date symlink: /home/janelleg/ros2_ws/install/turtlesim/share/turtlesim/srv/TeleportRelative_Request.msg
[28.026s] -- Up-to-date symlink: /home/janelleg/ros2_ws/install/turtlesim/share/turtlesim/srv/TeleportRelative_Response.msg
[28.026s] -- Up-to-date symlink: /home/janelleg/ros2_ws/install/turtlesim/lib/turtlesim/turtlesim_node
[28.026s] -- Up-to-date symlink: /home/janelleg/ros2_ws/install/turtlesim/lib/turtlesim/turtle_teleop_key
[28.026s] -- Up-to-date symlink: /home/janelleg/ros2_ws/install/turtlesim/lib/turtlesim/draw_square
[28.027s] -- Up-to-date symlink: /home/janelleg/ros2_ws/install/turtlesim/lib/turtlesim/mimic
[28.027s] -- Up-to-date symlink: /home/janelleg/ros2_ws/install/turtlesim/share/turtlesim/launch/multisim.launch.py
[28.027s] -- Up-to-date symlink: /home/janelleg/ros2_ws/install/turtlesim/share/ament_index/resource_index/package_run_dependencies/turtlesim
[28.027s] -- Up-to-date symlink: /home/janelleg/ros2_ws/install/turtlesim/share/ament_index/resource_index/parent_prefix_path/turtlesim
[28.028s] -- Up-to-date symlink: /home/janelleg/ros2_ws/install/turtlesim/share/turtlesim/environment/ament_prefix_path.sh
[28.028s] -- Up-to-date symlink: /home/janelleg/ros2_ws/install/turtlesim/share/turtlesim/environment/ament_prefix_path.dsv
[28.028s] -- Up-to-date symlink: /home/janelleg/ros2_ws/install/turtlesim/share/turtlesim/environment/path.sh
[28.028s] -- Up-to-date symlink: /home/janelleg/ros2_ws/install/turtlesim/share/turtlesim/environment/path.dsv
[28.029s] -- Up-to-date symlink: /home/janelleg/ros2_ws/install/turtlesim/share/turtlesim/local_setup.bash
[28.029s] -- Up-to-date symlink: /home/janelleg/ros2_ws/install/turtlesim/share/turtlesim/local_setup.sh
[28.029s] -- Up-to-date symlink: /home/janelleg/ros2_ws/install/turtlesim/share/turtlesim/local_setup.zsh
[28.029s] -- Up-to-date symlink: /home/janelleg/ros2_ws/install/turtlesim/share/turtlesim/local_setup.dsv
[28.030s] -- Symlinking: /home/janelleg/ros2_ws/install/turtlesim/share/turtlesim/package.dsv
[28.048s] -- Up-to-date symlink: /home/janelleg/ros2_ws/install/turtlesim/share/ament_index/resource_index/packages/turtlesim
[28.048s] -- Up-to-date symlink: /home/janelleg/ros2_ws/install/turtlesim/share/turtlesim/cmake/rosidl_cmake-extras.cmake
[28.049s] -- Up-to-date symlink: /home/janelleg/ros2_ws/install/turtlesim/share/turtlesim/cmake/ament_cmake_export_dependencies-extras.cmake
[28.049s] -- Up-to-date symlink: /home/janelleg/ros2_ws/install/turtlesim/share/turtlesim/cmake/ament_cmake_export_include_directories-extras.cmake
[28.049s] -- Up-to-date symlink: /home/janelleg/ros2_ws/install/turtlesim/share/turtlesim/cmake/ament_cmake_export_libraries-extras.cmake
[28.049s] -- Up-to-date symlink: /home/janelleg/ros2_ws/install/turtlesim/share/turtlesim/cmake/ament_cmake_export_targets-extras.cmake
[28.049s] -- Up-to-date symlink: /home/janelleg/ros2_ws/install/turtlesim/share/turtlesim/cmake/rosidl_cmake_export_typesupport_targets-extras.cmake
[28.049s] -- Up-to-date symlink: /home/janelleg/ros2_ws/install/turtlesim/share/turtlesim/cmake/rosidl_cmake_export_typesupport_libraries-extras.cmake
[28.050s] -- Up-to-date symlink: /home/janelleg/ros2_ws/install/turtlesim/share/turtlesim/cmake/turtlesimConfig.cmake
[28.050s] -- Up-to-date symlink: /home/janelleg/ros2_ws/install/turtlesim/share/turtlesim/cmake/turtlesimConfig-version.cmake
[28.050s] -- Up-to-date symlink: /home/janelleg/ros2_ws/install/turtlesim/share/turtlesim/package.xml
[28.051s] -- Up-to-date: /home/janelleg/ros2_ws/install/turtlesim/lib/libturtlesim__rosidl_generator_c.so
[28.051s] -- Up-to-date: /home/janelleg/ros2_ws/install/turtlesim/lib/libturtlesim__rosidl_typesupport_fastrtps_c.so
[28.052s] -- Up-to-date: /home/janelleg/ros2_ws/install/turtlesim/lib/libturtlesim__rosidl_typesupport_fastrtps_cpp.so
[28.052s] -- Up-to-date: /home/janelleg/ros2_ws/install/turtlesim/lib/libturtlesim__rosidl_typesupport_introspection_c.so
[28.053s] -- Up-to-date: /home/janelleg/ros2_ws/install/turtlesim/lib/libturtlesim__rosidl_typesupport_c.so
[28.053s] -- Up-to-date: /home/janelleg/ros2_ws/install/turtlesim/lib/libturtlesim__rosidl_typesupport_introspection_cpp.so
[28.054s] -- Up-to-date: /home/janelleg/ros2_ws/install/turtlesim/lib/libturtlesim__rosidl_typesupport_cpp.so
[28.133s] Listing '/home/janelleg/ros2_ws/install/turtlesim/local/lib/python3.10/dist-packages/turtlesim'...
[28.134s] Listing '/home/janelleg/ros2_ws/install/turtlesim/local/lib/python3.10/dist-packages/turtlesim/action'...
[28.134s] Listing '/home/janelleg/ros2_ws/install/turtlesim/local/lib/python3.10/dist-packages/turtlesim/msg'...
[28.134s] Listing '/home/janelleg/ros2_ws/install/turtlesim/local/lib/python3.10/dist-packages/turtlesim/srv'...
[28.149s] -- Up-to-date: /home/janelleg/ros2_ws/install/turtlesim/lib/libturtlesim__rosidl_generator_py.so
[28.149s] -- Up-to-date: /home/janelleg/ros2_ws/install/turtlesim/share/turtlesim/images
[28.150s] -- Up-to-date: /home/janelleg/ros2_ws/install/turtlesim/share/turtlesim/images/ardent.png
[28.150s] -- Up-to-date: /home/janelleg/ros2_ws/install/turtlesim/share/turtlesim/images/eloquent.png
[28.151s] -- Up-to-date: /home/janelleg/ros2_ws/install/turtlesim/share/turtlesim/images/galactic.png
[28.151s] -- Up-to-date: /home/janelleg/ros2_ws/install/turtlesim/share/turtlesim/images/humble.png
[28.151s] -- Up-to-date: /home/janelleg/ros2_ws/install/turtlesim/share/turtlesim/images/dashing.png
[28.152s] -- Up-to-date: /home/janelleg/ros2_ws/install/turtlesim/share/turtlesim/images/crystal.png
[28.152s] -- Up-to-date: /home/janelleg/ros2_ws/install/turtlesim/share/turtlesim/images/foxy.png
[28.152s] -- Up-to-date: /home/janelleg/ros2_ws/install/turtlesim/share/turtlesim/images/rolling.png
[28.152s] -- Up-to-date: /home/janelleg/ros2_ws/install/turtlesim/share/turtlesim/images/bouncy.png
[28.153s] -- Up-to-date: /home/janelleg/ros2_ws/install/turtlesim/share/turtlesim/cmake/export_turtlesim__rosidl_generator_cExport.cmake
[28.153s] -- Up-to-date: /home/janelleg/ros2_ws/install/turtlesim/share/turtlesim/cmake/export_turtlesim__rosidl_generator_cExport-noconfig.cmake
[28.153s] -- Up-to-date: /home/janelleg/ros2_ws/install/turtlesim/share/turtlesim/cmake/export_turtlesim__rosidl_typesupport_fastrtps_cExport.cmake
[28.153s] -- Up-to-date: /home/janelleg/ros2_ws/install/turtlesim/share/turtlesim/cmake/export_turtlesim__rosidl_typesupport_fastrtps_cExport-noconfig.cmake
[28.154s] -- Up-to-date: /home/janelleg/ros2_ws/install/turtlesim/share/turtlesim/cmake/export_turtlesim__rosidl_generator_cppExport.cmake
[28.154s] -- Up-to-date: /home/janelleg/ros2_ws/install/turtlesim/share/turtlesim/cmake/export_turtlesim__rosidl_typesupport_fastrtps_cppExport.cmake
[28.154s] -- Up-to-date: /home/janelleg/ros2_ws/install/turtlesim/share/turtlesim/cmake/export_turtlesim__rosidl_typesupport_fastrtps_cppExport-noconfig.cmake
[28.154s] -- Up-to-date: /home/janelleg/ros2_ws/install/turtlesim/share/turtlesim/cmake/turtlesim__rosidl_typesupport_introspection_cExport.cmake
[28.154s] -- Up-to-date: /home/janelleg/ros2_ws/install/turtlesim/share/turtlesim/cmake/turtlesim__rosidl_typesupport_introspection_cExport-noconfig.cmake
[28.154s] -- Up-to-date: /home/janelleg/ros2_ws/install/turtlesim/share/turtlesim/cmake/turtlesim__rosidl_typesupport_cExport.cmake
[28.154s] -- Up-to-date: /home/janelleg/ros2_ws/install/turtlesim/share/turtlesim/cmake/turtlesim__rosidl_typesupport_cExport-noconfig.cmake
[28.154s] -- Up-to-date: /home/janelleg/ros2_ws/install/turtlesim/share/turtlesim/cmake/turtlesim__rosidl_typesupport_introspection_cppExport.cmake
[28.154s] -- Up-to-date: /home/janelleg/ros2_ws/install/turtlesim/share/turtlesim/cmake/turtlesim__rosidl_typesupport_introspection_cppExport-noconfig.cmake
[28.154s] -- Up-to-date: /home/janelleg/ros2_ws/install/turtlesim/share/turtlesim/cmake/turtlesim__rosidl_typesupport_cppExport.cmake
[28.154s] -- Up-to-date: /home/janelleg/ros2_ws/install/turtlesim/share/turtlesim/cmake/turtlesim__rosidl_typesupport_cppExport-noconfig.cmake
[28.154s] -- Up-to-date: /home/janelleg/ros2_ws/install/turtlesim/share/turtlesim/cmake/export_turtlesim__rosidl_generator_pyExport.cmake
[28.155s] -- Up-to-date: /home/janelleg/ros2_ws/install/turtlesim/share/turtlesim/cmake/export_turtlesim__rosidl_generator_pyExport-noconfig.cmake
[28.161s] Invoked command in '/home/janelleg/ros2_ws/build/turtlesim' returned '0': CMAKE_PREFIX_PATH=/opt/ros/humble /usr/bin/cmake --install /home/janelleg/ros2_ws/build/turtlesim
