[1.928s] Invoking command in '/home/janelleg/ros2_ws/build/examples_rclpy_minimal_service': PYTHONPATH=/home/janelleg/ros2_ws/build/examples_rclpy_minimal_service/prefix_override:/usr/lib/python3/dist-packages/colcon_core/task/python/colcon_distutils_commands:/home/janelleg/ros2_ws/install/examples_rclpy_minimal_service/lib/python3.10/site-packages:${PYTHONPATH} /usr/bin/python3 -W ignore:setup.py install is deprecated setup.py develop --editable --build-directory /home/janelleg/ros2_ws/build/examples_rclpy_minimal_service/build --no-deps symlink_data
[2.542s] running develop
[2.543s] /usr/lib/python3/dist-packages/setuptools/command/easy_install.py:158: EasyInstallDeprecationWarning: easy_install command is deprecated. Use build and pip and other standards-based tools.
[2.543s]   warnings.warn(
[2.820s] running egg_info
[2.821s] creating examples_rclpy_minimal_service.egg-info
[2.822s] writing examples_rclpy_minimal_service.egg-info/PKG-INFO
[2.822s] writing dependency_links to examples_rclpy_minimal_service.egg-info/dependency_links.txt
[2.822s] writing entry points to examples_rclpy_minimal_service.egg-info/entry_points.txt
[2.822s] writing requirements to examples_rclpy_minimal_service.egg-info/requires.txt
[2.823s] writing top-level names to examples_rclpy_minimal_service.egg-info/top_level.txt
[2.823s] writing manifest file 'examples_rclpy_minimal_service.egg-info/SOURCES.txt'
[2.834s] reading manifest file 'examples_rclpy_minimal_service.egg-info/SOURCES.txt'
[2.835s] writing manifest file 'examples_rclpy_minimal_service.egg-info/SOURCES.txt'
[2.840s] running build_ext
[2.841s] Creating /home/janelleg/ros2_ws/install/examples_rclpy_minimal_service/lib/python3.10/site-packages/examples-rclpy-minimal-service.egg-link (link to .)
[2.844s] Installing service script to /home/janelleg/ros2_ws/install/examples_rclpy_minimal_service/lib/examples_rclpy_minimal_service
[2.845s] Installing service_member_function script to /home/janelleg/ros2_ws/install/examples_rclpy_minimal_service/lib/examples_rclpy_minimal_service
[2.846s] 
[2.846s] Installed /home/janelleg/ros2_ws/build/examples_rclpy_minimal_service
[2.847s] running symlink_data
[2.847s] creating /home/janelleg/ros2_ws/install/examples_rclpy_minimal_service/share/ament_index
[2.848s] creating /home/janelleg/ros2_ws/install/examples_rclpy_minimal_service/share/ament_index/resource_index
[2.848s] creating /home/janelleg/ros2_ws/install/examples_rclpy_minimal_service/share/ament_index/resource_index/packages
[2.848s] symbolically linking /home/janelleg/ros2_ws/build/examples_rclpy_minimal_service/resource/examples_rclpy_minimal_service -> /home/janelleg/ros2_ws/install/examples_rclpy_minimal_service/share/ament_index/resource_index/packages
[2.848s] symbolically linking /home/janelleg/ros2_ws/build/examples_rclpy_minimal_service/package.xml -> /home/janelleg/ros2_ws/install/examples_rclpy_minimal_service/share/examples_rclpy_minimal_service
[2.933s] Invoked command in '/home/janelleg/ros2_ws/build/examples_rclpy_minimal_service' returned '0': PYTHONPATH=/home/janelleg/ros2_ws/build/examples_rclpy_minimal_service/prefix_override:/usr/lib/python3/dist-packages/colcon_core/task/python/colcon_distutils_commands:/home/janelleg/ros2_ws/install/examples_rclpy_minimal_service/lib/python3.10/site-packages:${PYTHONPATH} /usr/bin/python3 -W ignore:setup.py install is deprecated setup.py develop --editable --build-directory /home/janelleg/ros2_ws/build/examples_rclpy_minimal_service/build --no-deps symlink_data
