[0.016s] Invoking command in '/home/janelleg/ros2_ws/build/examples_rclcpp_minimal_action_client': CMAKE_PREFIX_PATH=/opt/ros/humble /usr/bin/cmake --build /home/janelleg/ros2_ws/build/examples_rclcpp_minimal_action_client -- -j8 -l8
[0.114s] [35m[1mConsolidate compiler generated dependencies of target action_client_member_functions[0m
[0.116s] [35m[1mConsolidate compiler generated dependencies of target action_client_not_composable_with_feedback[0m
[0.120s] [35m[1mConsolidate compiler generated dependencies of target action_client_not_composable[0m
[0.126s] [35m[1mConsolidate compiler generated dependencies of target action_client_not_composable_with_cancel[0m
[0.150s] [ 25%] Built target action_client_member_functions
[0.156s] [ 50%] Built target action_client_not_composable_with_feedback
[0.160s] [ 75%] Built target action_client_not_composable
[0.175s] [100%] Built target action_client_not_composable_with_cancel
[0.195s] Invoked command in '/home/janelleg/ros2_ws/build/examples_rclcpp_minimal_action_client' returned '0': CMAKE_PREFIX_PATH=/opt/ros/humble /usr/bin/cmake --build /home/janelleg/ros2_ws/build/examples_rclcpp_minimal_action_client -- -j8 -l8
[0.283s] Invoking command in '/home/janelleg/ros2_ws/build/examples_rclcpp_minimal_action_client': CMAKE_PREFIX_PATH=/opt/ros/humble /usr/bin/cmake --install /home/janelleg/ros2_ws/build/examples_rclcpp_minimal_action_client
[0.312s] -- Install configuration: ""
[0.318s] -- Execute custom install script
[0.318s] -- Up-to-date symlink: /home/janelleg/ros2_ws/install/examples_rclcpp_minimal_action_client/lib/examples_rclcpp_minimal_action_client/action_client_member_functions
[0.318s] -- Up-to-date symlink: /home/janelleg/ros2_ws/install/examples_rclcpp_minimal_action_client/lib/examples_rclcpp_minimal_action_client/action_client_not_composable
[0.318s] -- Up-to-date symlink: /home/janelleg/ros2_ws/install/examples_rclcpp_minimal_action_client/lib/examples_rclcpp_minimal_action_client/action_client_not_composable_with_cancel
[0.319s] -- Up-to-date symlink: /home/janelleg/ros2_ws/install/examples_rclcpp_minimal_action_client/lib/examples_rclcpp_minimal_action_client/action_client_not_composable_with_feedback
[0.320s] -- Up-to-date symlink: /home/janelleg/ros2_ws/install/examples_rclcpp_minimal_action_client/share/ament_index/resource_index/package_run_dependencies/examples_rclcpp_minimal_action_client
[0.320s] -- Up-to-date symlink: /home/janelleg/ros2_ws/install/examples_rclcpp_minimal_action_client/share/ament_index/resource_index/parent_prefix_path/examples_rclcpp_minimal_action_client
[0.320s] -- Up-to-date symlink: /home/janelleg/ros2_ws/install/examples_rclcpp_minimal_action_client/share/examples_rclcpp_minimal_action_client/environment/ament_prefix_path.sh
[0.320s] -- Up-to-date symlink: /home/janelleg/ros2_ws/install/examples_rclcpp_minimal_action_client/share/examples_rclcpp_minimal_action_client/environment/ament_prefix_path.dsv
[0.321s] -- Up-to-date symlink: /home/janelleg/ros2_ws/install/examples_rclcpp_minimal_action_client/share/examples_rclcpp_minimal_action_client/environment/path.sh
[0.321s] -- Up-to-date symlink: /home/janelleg/ros2_ws/install/examples_rclcpp_minimal_action_client/share/examples_rclcpp_minimal_action_client/environment/path.dsv
[0.321s] -- Up-to-date symlink: /home/janelleg/ros2_ws/install/examples_rclcpp_minimal_action_client/share/examples_rclcpp_minimal_action_client/local_setup.bash
[0.321s] -- Up-to-date symlink: /home/janelleg/ros2_ws/install/examples_rclcpp_minimal_action_client/share/examples_rclcpp_minimal_action_client/local_setup.sh
[0.321s] -- Up-to-date symlink: /home/janelleg/ros2_ws/install/examples_rclcpp_minimal_action_client/share/examples_rclcpp_minimal_action_client/local_setup.zsh
[0.321s] -- Up-to-date symlink: /home/janelleg/ros2_ws/install/examples_rclcpp_minimal_action_client/share/examples_rclcpp_minimal_action_client/local_setup.dsv
[0.322s] -- Symlinking: /home/janelleg/ros2_ws/install/examples_rclcpp_minimal_action_client/share/examples_rclcpp_minimal_action_client/package.dsv
[0.341s] -- Up-to-date symlink: /home/janelleg/ros2_ws/install/examples_rclcpp_minimal_action_client/share/ament_index/resource_index/packages/examples_rclcpp_minimal_action_client
[0.341s] -- Up-to-date symlink: /home/janelleg/ros2_ws/install/examples_rclcpp_minimal_action_client/share/examples_rclcpp_minimal_action_client/cmake/examples_rclcpp_minimal_action_clientConfig.cmake
[0.341s] -- Up-to-date symlink: /home/janelleg/ros2_ws/install/examples_rclcpp_minimal_action_client/share/examples_rclcpp_minimal_action_client/cmake/examples_rclcpp_minimal_action_clientConfig-version.cmake
[0.342s] -- Up-to-date symlink: /home/janelleg/ros2_ws/install/examples_rclcpp_minimal_action_client/share/examples_rclcpp_minimal_action_client/package.xml
[0.346s] Invoked command in '/home/janelleg/ros2_ws/build/examples_rclcpp_minimal_action_client' returned '0': CMAKE_PREFIX_PATH=/opt/ros/humble /usr/bin/cmake --install /home/janelleg/ros2_ws/build/examples_rclcpp_minimal_action_client
