[1.507s] Invoking command in '/home/janelleg/ros2_ws/build/examples_rclpy_minimal_action_client': PYTHONPATH=/home/janelleg/ros2_ws/build/examples_rclpy_minimal_action_client/prefix_override:/usr/lib/python3/dist-packages/colcon_core/task/python/colcon_distutils_commands:/home/janelleg/ros2_ws/install/examples_rclpy_minimal_action_client/lib/python3.10/site-packages:${PYTHONPATH} /usr/bin/python3 -W ignore:setup.py install is deprecated setup.py develop --editable --build-directory /home/janelleg/ros2_ws/build/examples_rclpy_minimal_action_client/build --no-deps symlink_data
[1.981s] running develop
[1.982s] /usr/lib/python3/dist-packages/setuptools/command/easy_install.py:158: EasyInstallDeprecationWarning: easy_install command is deprecated. Use build and pip and other standards-based tools.
[1.982s]   warnings.warn(
[2.258s] running egg_info
[2.259s] writing examples_rclpy_minimal_action_client.egg-info/PKG-INFO
[2.259s] writing dependency_links to examples_rclpy_minimal_action_client.egg-info/dependency_links.txt
[2.259s] writing entry points to examples_rclpy_minimal_action_client.egg-info/entry_points.txt
[2.260s] writing requirements to examples_rclpy_minimal_action_client.egg-info/requires.txt
[2.260s] writing top-level names to examples_rclpy_minimal_action_client.egg-info/top_level.txt
[2.263s] reading manifest file 'examples_rclpy_minimal_action_client.egg-info/SOURCES.txt'
[2.264s] writing manifest file 'examples_rclpy_minimal_action_client.egg-info/SOURCES.txt'
[2.266s] running build_ext
[2.267s] Creating /home/janelleg/ros2_ws/install/examples_rclpy_minimal_action_client/lib/python3.10/site-packages/examples-rclpy-minimal-action-client.egg-link (link to .)
[2.268s] Installing client script to /home/janelleg/ros2_ws/install/examples_rclpy_minimal_action_client/lib/examples_rclpy_minimal_action_client
[2.269s] Installing client_asyncio script to /home/janelleg/ros2_ws/install/examples_rclpy_minimal_action_client/lib/examples_rclpy_minimal_action_client
[2.269s] Installing client_cancel script to /home/janelleg/ros2_ws/install/examples_rclpy_minimal_action_client/lib/examples_rclpy_minimal_action_client
[2.269s] Installing client_not_composable script to /home/janelleg/ros2_ws/install/examples_rclpy_minimal_action_client/lib/examples_rclpy_minimal_action_client
[2.270s] 
[2.270s] Installed /home/janelleg/ros2_ws/build/examples_rclpy_minimal_action_client
[2.270s] running symlink_data
[2.325s] Invoked command in '/home/janelleg/ros2_ws/build/examples_rclpy_minimal_action_client' returned '0': PYTHONPATH=/home/janelleg/ros2_ws/build/examples_rclpy_minimal_action_client/prefix_override:/usr/lib/python3/dist-packages/colcon_core/task/python/colcon_distutils_commands:/home/janelleg/ros2_ws/install/examples_rclpy_minimal_action_client/lib/python3.10/site-packages:${PYTHONPATH} /usr/bin/python3 -W ignore:setup.py install is deprecated setup.py develop --editable --build-directory /home/janelleg/ros2_ws/build/examples_rclpy_minimal_action_client/build --no-deps symlink_data
