[0.030s] Invoking command in '/home/janelleg/ros2_ws/build/cpp_srvcli': CMAKE_PREFIX_PATH=${CMAKE_PREFIX_PATH}:/home/janelleg/ros2_ws/install/py_pubsub:/home/janelleg/ros2_ws/install/my_package:/home/janelleg/ros2_ws/install/launch_testing_examples:/home/janelleg/ros2_ws/install/examples_rclpy_pointcloud_publisher:/home/janelleg/ros2_ws/install/examples_rclpy_minimal_subscriber:/home/janelleg/ros2_ws/install/examples_rclpy_minimal_service:/home/janelleg/ros2_ws/install/examples_rclpy_minimal_publisher:/home/janelleg/ros2_ws/install/examples_rclpy_minimal_client:/home/janelleg/ros2_ws/install/examples_rclpy_minimal_action_server:/home/janelleg/ros2_ws/install/examples_rclpy_minimal_action_client:/home/janelleg/ros2_ws/install/examples_rclpy_guard_conditions:/home/janelleg/ros2_ws/install/examples_rclpy_executors:/opt/ros/humble /usr/bin/cmake /home/janelleg/ros2_ws/src/cpp_srvcli -DCMAKE_INSTALL_PREFIX=/home/janelleg/ros2_ws/install/cpp_srvcli
[0.151s] -- The C compiler identification is GNU 11.4.0
[0.266s] -- The CXX compiler identification is GNU 11.4.0
[0.282s] -- Detecting C compiler ABI info
[0.431s] -- Detecting C compiler ABI info - done
[0.448s] -- Check for working C compiler: /usr/bin/cc - skipped
[0.449s] -- Detecting C compile features
[0.450s] -- Detecting C compile features - done
[0.457s] -- Detecting CXX compiler ABI info
[0.628s] -- Detecting CXX compiler ABI info - done
[0.648s] -- Check for working CXX compiler: /usr/bin/c++ - skipped
[0.649s] -- Detecting CXX compile features
[0.650s] -- Detecting CXX compile features - done
[0.657s] -- Found ament_cmake: 1.3.10 (/opt/ros/humble/share/ament_cmake/cmake)
[1.075s] -- Found Python3: /usr/bin/python3 (found version "3.10.12") found components: Interpreter 
[1.327s] -- Found rclcpp: 16.0.10 (/opt/ros/humble/share/rclcpp/cmake)
[1.442s] -- Found rosidl_generator_c: 3.1.5 (/opt/ros/humble/share/rosidl_generator_c/cmake)
[1.458s] -- Found rosidl_adapter: 3.1.5 (/opt/ros/humble/share/rosidl_adapter/cmake)
[1.480s] -- Found rosidl_generator_cpp: 3.1.5 (/opt/ros/humble/share/rosidl_generator_cpp/cmake)
[1.512s] -- Using all available rosidl_typesupport_c: rosidl_typesupport_fastrtps_c;rosidl_typesupport_introspection_c
[1.556s] -- Using all available rosidl_typesupport_cpp: rosidl_typesupport_fastrtps_cpp;rosidl_typesupport_introspection_cpp
[1.677s] -- Found rmw_implementation_cmake: 6.1.2 (/opt/ros/humble/share/rmw_implementation_cmake/cmake)
[1.686s] -- Found rmw_fastrtps_cpp: 6.2.7 (/opt/ros/humble/share/rmw_fastrtps_cpp/cmake)
[1.908s] -- Found OpenSSL: /usr/lib/x86_64-linux-gnu/libcrypto.so (found version "3.0.2")  
[1.969s] -- Found FastRTPS: /opt/ros/humble/include  
[2.075s] -- Using RMW implementation 'rmw_fastrtps_cpp' as default
[2.108s] -- Looking for pthread.h
[2.282s] -- Looking for pthread.h - found
[2.282s] -- Performing Test CMAKE_HAVE_LIBC_PTHREAD
[2.463s] -- Performing Test CMAKE_HAVE_LIBC_PTHREAD - Success
[2.466s] -- Found Threads: TRUE  
[2.595s] -- Found example_interfaces: 0.9.3 (/opt/ros/humble/share/example_interfaces/cmake)
[2.894s] -- Configuring done
[2.924s] -- Generating done
[2.926s] -- Build files have been written to: /home/janelleg/ros2_ws/build/cpp_srvcli
[2.943s] Invoked command in '/home/janelleg/ros2_ws/build/cpp_srvcli' returned '0': CMAKE_PREFIX_PATH=${CMAKE_PREFIX_PATH}:/home/janelleg/ros2_ws/install/py_pubsub:/home/janelleg/ros2_ws/install/my_package:/home/janelleg/ros2_ws/install/launch_testing_examples:/home/janelleg/ros2_ws/install/examples_rclpy_pointcloud_publisher:/home/janelleg/ros2_ws/install/examples_rclpy_minimal_subscriber:/home/janelleg/ros2_ws/install/examples_rclpy_minimal_service:/home/janelleg/ros2_ws/install/examples_rclpy_minimal_publisher:/home/janelleg/ros2_ws/install/examples_rclpy_minimal_client:/home/janelleg/ros2_ws/install/examples_rclpy_minimal_action_server:/home/janelleg/ros2_ws/install/examples_rclpy_minimal_action_client:/home/janelleg/ros2_ws/install/examples_rclpy_guard_conditions:/home/janelleg/ros2_ws/install/examples_rclpy_executors:/opt/ros/humble /usr/bin/cmake /home/janelleg/ros2_ws/src/cpp_srvcli -DCMAKE_INSTALL_PREFIX=/home/janelleg/ros2_ws/install/cpp_srvcli
[2.948s] Invoking command in '/home/janelleg/ros2_ws/build/cpp_srvcli': CMAKE_PREFIX_PATH=${CMAKE_PREFIX_PATH}:/home/janelleg/ros2_ws/install/py_pubsub:/home/janelleg/ros2_ws/install/my_package:/home/janelleg/ros2_ws/install/launch_testing_examples:/home/janelleg/ros2_ws/install/examples_rclpy_pointcloud_publisher:/home/janelleg/ros2_ws/install/examples_rclpy_minimal_subscriber:/home/janelleg/ros2_ws/install/examples_rclpy_minimal_service:/home/janelleg/ros2_ws/install/examples_rclpy_minimal_publisher:/home/janelleg/ros2_ws/install/examples_rclpy_minimal_client:/home/janelleg/ros2_ws/install/examples_rclpy_minimal_action_server:/home/janelleg/ros2_ws/install/examples_rclpy_minimal_action_client:/home/janelleg/ros2_ws/install/examples_rclpy_guard_conditions:/home/janelleg/ros2_ws/install/examples_rclpy_executors:/opt/ros/humble /usr/bin/cmake --build /home/janelleg/ros2_ws/build/cpp_srvcli -- -j8 -l8
[3.065s] [ 25%] [32mBuilding CXX object CMakeFiles/server.dir/src/add_two_ints_server.cpp.o[0m
[3.065s] [ 50%] [32mBuilding CXX object CMakeFiles/client.dir/src/add_two_ints_client.cpp.o[0m
[4.360s] gmake[2]: *** [CMakeFiles/server.dir/build.make:76: CMakeFiles/server.dir/src/add_two_ints_server.cpp.o] Interrupt
[4.360s] gmake[2]: *** [CMakeFiles/client.dir/build.make:76: CMakeFiles/client.dir/src/add_two_ints_client.cpp.o] Interrupt
[4.360s] gmake[1]: *** [CMakeFiles/Makefile2:165: CMakeFiles/client.dir/all] Interrupt
[4.360s] gmake[1]: *** [CMakeFiles/Makefile2:139: CMakeFiles/server.dir/all] Interrupt
[4.360s] gmake: *** [Makefile:146: all] Interrupt
[4.376s] Invoked command in '/home/janelleg/ros2_ws/build/cpp_srvcli' returned '-2': CMAKE_PREFIX_PATH=${CMAKE_PREFIX_PATH}:/home/janelleg/ros2_ws/install/py_pubsub:/home/janelleg/ros2_ws/install/my_package:/home/janelleg/ros2_ws/install/launch_testing_examples:/home/janelleg/ros2_ws/install/examples_rclpy_pointcloud_publisher:/home/janelleg/ros2_ws/install/examples_rclpy_minimal_subscriber:/home/janelleg/ros2_ws/install/examples_rclpy_minimal_service:/home/janelleg/ros2_ws/install/examples_rclpy_minimal_publisher:/home/janelleg/ros2_ws/install/examples_rclpy_minimal_client:/home/janelleg/ros2_ws/install/examples_rclpy_minimal_action_server:/home/janelleg/ros2_ws/install/examples_rclpy_minimal_action_client:/home/janelleg/ros2_ws/install/examples_rclpy_guard_conditions:/home/janelleg/ros2_ws/install/examples_rclpy_executors:/opt/ros/humble /usr/bin/cmake --build /home/janelleg/ros2_ws/build/cpp_srvcli -- -j8 -l8
