[1.385s] Invoking command in '/home/janelleg/ros2_ws/src/py_pubsub': PYTHONPATH=/home/janelleg/ros2_ws/build/py_pubsub/prefix_override:/usr/lib/python3/dist-packages/colcon_core/task/python/colcon_distutils_commands:/home/janelleg/ros2_ws/install/py_pubsub/lib/python3.10/site-packages:${PYTHONPATH} /usr/bin/python3 -W ignore:setup.py install is deprecated setup.py egg_info --egg-base ../../build/py_pubsub build --build-base /home/janelleg/ros2_ws/build/py_pubsub/build install --record /home/janelleg/ros2_ws/build/py_pubsub/install.log --single-version-externally-managed install_data
[1.947s] running egg_info
[1.949s] creating ../../build/py_pubsub/py_pubsub.egg-info
[1.949s] writing ../../build/py_pubsub/py_pubsub.egg-info/PKG-INFO
[1.950s] writing dependency_links to ../../build/py_pubsub/py_pubsub.egg-info/dependency_links.txt
[1.950s] writing entry points to ../../build/py_pubsub/py_pubsub.egg-info/entry_points.txt
[1.951s] writing requirements to ../../build/py_pubsub/py_pubsub.egg-info/requires.txt
[1.951s] writing top-level names to ../../build/py_pubsub/py_pubsub.egg-info/top_level.txt
[1.951s] writing manifest file '../../build/py_pubsub/py_pubsub.egg-info/SOURCES.txt'
[1.954s] reading manifest file '../../build/py_pubsub/py_pubsub.egg-info/SOURCES.txt'
[1.954s] adding license file 'LICENSE'
[1.955s] writing manifest file '../../build/py_pubsub/py_pubsub.egg-info/SOURCES.txt'
[1.955s] running build
[1.956s] running build_py
[1.956s] creating /home/janelleg/ros2_ws/build/py_pubsub/build
[1.956s] creating /home/janelleg/ros2_ws/build/py_pubsub/build/lib
[1.956s] creating /home/janelleg/ros2_ws/build/py_pubsub/build/lib/py_pubsub
[1.956s] copying py_pubsub/publisher_member_function.py -> /home/janelleg/ros2_ws/build/py_pubsub/build/lib/py_pubsub
[1.957s] copying py_pubsub/subscriber_member_function.py -> /home/janelleg/ros2_ws/build/py_pubsub/build/lib/py_pubsub
[1.957s] copying py_pubsub/__init__.py -> /home/janelleg/ros2_ws/build/py_pubsub/build/lib/py_pubsub
[1.957s] running install
[1.957s] running install_lib
[1.958s] creating /home/janelleg/ros2_ws/install/py_pubsub/lib/python3.10/site-packages/py_pubsub
[1.958s] copying /home/janelleg/ros2_ws/build/py_pubsub/build/lib/py_pubsub/publisher_member_function.py -> /home/janelleg/ros2_ws/install/py_pubsub/lib/python3.10/site-packages/py_pubsub
[1.959s] copying /home/janelleg/ros2_ws/build/py_pubsub/build/lib/py_pubsub/subscriber_member_function.py -> /home/janelleg/ros2_ws/install/py_pubsub/lib/python3.10/site-packages/py_pubsub
[1.959s] copying /home/janelleg/ros2_ws/build/py_pubsub/build/lib/py_pubsub/__init__.py -> /home/janelleg/ros2_ws/install/py_pubsub/lib/python3.10/site-packages/py_pubsub
[1.960s] byte-compiling /home/janelleg/ros2_ws/install/py_pubsub/lib/python3.10/site-packages/py_pubsub/publisher_member_function.py to publisher_member_function.cpython-310.pyc
[1.961s] byte-compiling /home/janelleg/ros2_ws/install/py_pubsub/lib/python3.10/site-packages/py_pubsub/subscriber_member_function.py to subscriber_member_function.cpython-310.pyc
[1.963s] byte-compiling /home/janelleg/ros2_ws/install/py_pubsub/lib/python3.10/site-packages/py_pubsub/__init__.py to __init__.cpython-310.pyc
[1.963s] running install_data
[1.963s] creating /home/janelleg/ros2_ws/install/py_pubsub/share/ament_index
[1.964s] creating /home/janelleg/ros2_ws/install/py_pubsub/share/ament_index/resource_index
[1.964s] creating /home/janelleg/ros2_ws/install/py_pubsub/share/ament_index/resource_index/packages
[1.964s] copying resource/py_pubsub -> /home/janelleg/ros2_ws/install/py_pubsub/share/ament_index/resource_index/packages
[1.965s] copying package.xml -> /home/janelleg/ros2_ws/install/py_pubsub/share/py_pubsub
[1.965s] running install_egg_info
[1.968s] Copying ../../build/py_pubsub/py_pubsub.egg-info to /home/janelleg/ros2_ws/install/py_pubsub/lib/python3.10/site-packages/py_pubsub-0.0.0-py3.10.egg-info
[1.969s] running install_scripts
[2.021s] Installing listener script to /home/janelleg/ros2_ws/install/py_pubsub/lib/py_pubsub
[2.022s] Installing talker script to /home/janelleg/ros2_ws/install/py_pubsub/lib/py_pubsub
[2.022s] writing list of installed files to '/home/janelleg/ros2_ws/build/py_pubsub/install.log'
[2.083s] Invoked command in '/home/janelleg/ros2_ws/src/py_pubsub' returned '0': PYTHONPATH=/home/janelleg/ros2_ws/build/py_pubsub/prefix_override:/usr/lib/python3/dist-packages/colcon_core/task/python/colcon_distutils_commands:/home/janelleg/ros2_ws/install/py_pubsub/lib/python3.10/site-packages:${PYTHONPATH} /usr/bin/python3 -W ignore:setup.py install is deprecated setup.py egg_info --egg-base ../../build/py_pubsub build --build-base /home/janelleg/ros2_ws/build/py_pubsub/build install --record /home/janelleg/ros2_ws/build/py_pubsub/install.log --single-version-externally-managed install_data
