[0.021s] Invoking command in '/home/janelleg/ros2_ws/build/examples_rclcpp_minimal_client': CMAKE_PREFIX_PATH=/opt/ros/humble /usr/bin/cmake /home/janelleg/ros2_ws/src/examples/rclcpp/services/minimal_client -DAMENT_CMAKE_SYMLINK_INSTALL=1 -DCMAKE_INSTALL_PREFIX=/home/janelleg/ros2_ws/install/examples_rclcpp_minimal_client
[0.161s] -- The C compiler identification is GNU 11.4.0
[0.304s] -- The CXX compiler identification is GNU 11.4.0
[0.322s] -- Detecting C compiler ABI info
[0.471s] -- Detecting C compiler ABI info - done
[0.490s] -- Check for working C compiler: /usr/bin/cc - skipped
[0.490s] -- Detecting C compile features
[0.492s] -- Detecting C compile features - done
[0.498s] -- Detecting CXX compiler ABI info
[0.694s] -- Detecting CXX compiler ABI info - done
[0.715s] -- Check for working CXX compiler: /usr/bin/c++ - skipped
[0.715s] -- Detecting CXX compile features
[0.716s] -- Detecting CXX compile features - done
[0.720s] -- Found ament_cmake: 1.3.10 (/opt/ros/humble/share/ament_cmake/cmake)
[1.097s] -- Found Python3: /usr/bin/python3 (found version "3.10.12") found components: Interpreter 
[1.273s] -- Override CMake install command with custom implementation using symlinks instead of copying resources
[1.334s] -- Found example_interfaces: 0.9.3 (/opt/ros/humble/share/example_interfaces/cmake)
[1.421s] -- Found rosidl_generator_c: 3.1.5 (/opt/ros/humble/share/rosidl_generator_c/cmake)
[1.431s] -- Found rosidl_adapter: 3.1.5 (/opt/ros/humble/share/rosidl_adapter/cmake)
[1.447s] -- Found rosidl_generator_cpp: 3.1.5 (/opt/ros/humble/share/rosidl_generator_cpp/cmake)
[1.470s] -- Using all available rosidl_typesupport_c: rosidl_typesupport_fastrtps_c;rosidl_typesupport_introspection_c
[1.501s] -- Using all available rosidl_typesupport_cpp: rosidl_typesupport_fastrtps_cpp;rosidl_typesupport_introspection_cpp
[1.611s] -- Found rclcpp: 16.0.10 (/opt/ros/humble/share/rclcpp/cmake)
[1.684s] -- Found rmw_implementation_cmake: 6.1.2 (/opt/ros/humble/share/rmw_implementation_cmake/cmake)
[1.689s] -- Found rmw_fastrtps_cpp: 6.2.7 (/opt/ros/humble/share/rmw_fastrtps_cpp/cmake)
[1.883s] -- Found OpenSSL: /usr/lib/x86_64-linux-gnu/libcrypto.so (found version "3.0.2")  
[1.951s] -- Found FastRTPS: /opt/ros/humble/include  
[2.039s] -- Using RMW implementation 'rmw_fastrtps_cpp' as default
[2.053s] -- Looking for pthread.h
[2.215s] -- Looking for pthread.h - found
[2.216s] -- Performing Test CMAKE_HAVE_LIBC_PTHREAD
[2.400s] -- Performing Test CMAKE_HAVE_LIBC_PTHREAD - Success
[2.404s] -- Found Threads: TRUE  
[2.510s] -- Found ament_lint_auto: 0.12.11 (/opt/ros/humble/share/ament_lint_auto/cmake)
[2.755s] -- Added test 'copyright' to check source files copyright and LICENSE
[2.758s] -- Added test 'cppcheck' to perform static code analysis on C / C++ code
[2.758s] -- Configured cppcheck include dirs: 
[2.759s] -- Configured cppcheck exclude dirs and/or files: 
[2.760s] -- Added test 'cpplint' to check C / C++ code against the Google style
[2.760s] -- Configured cpplint exclude dirs and/or files: 
[2.762s] -- Added test 'lint_cmake' to check CMake code style
[2.765s] -- Added test 'uncrustify' to check C / C++ code style
[2.765s] -- Configured uncrustify additional arguments: 
[2.766s] -- Added test 'xmllint' to check XML markup files
[2.770s] -- Configuring done
[2.791s] -- Generating done
[2.794s] -- Build files have been written to: /home/janelleg/ros2_ws/build/examples_rclcpp_minimal_client
[2.814s] Invoked command in '/home/janelleg/ros2_ws/build/examples_rclcpp_minimal_client' returned '0': CMAKE_PREFIX_PATH=/opt/ros/humble /usr/bin/cmake /home/janelleg/ros2_ws/src/examples/rclcpp/services/minimal_client -DAMENT_CMAKE_SYMLINK_INSTALL=1 -DCMAKE_INSTALL_PREFIX=/home/janelleg/ros2_ws/install/examples_rclcpp_minimal_client
[2.818s] Invoking command in '/home/janelleg/ros2_ws/build/examples_rclcpp_minimal_client': CMAKE_PREFIX_PATH=/opt/ros/humble /usr/bin/cmake --build /home/janelleg/ros2_ws/build/examples_rclcpp_minimal_client -- -j8 -l8
[2.949s] [ 50%] [32mBuilding CXX object CMakeFiles/client_main.dir/main.cpp.o[0m
[10.597s] [100%] [32m[1mLinking CXX executable client_main[0m
[10.952s] [100%] Built target client_main
[10.982s] Invoked command in '/home/janelleg/ros2_ws/build/examples_rclcpp_minimal_client' returned '0': CMAKE_PREFIX_PATH=/opt/ros/humble /usr/bin/cmake --build /home/janelleg/ros2_ws/build/examples_rclcpp_minimal_client -- -j8 -l8
[11.047s] Invoking command in '/home/janelleg/ros2_ws/build/examples_rclcpp_minimal_client': CMAKE_PREFIX_PATH=/opt/ros/humble /usr/bin/cmake --install /home/janelleg/ros2_ws/build/examples_rclcpp_minimal_client
[11.070s] -- Install configuration: ""
[11.071s] -- Execute custom install script
[11.072s] -- Symlinking: /home/janelleg/ros2_ws/install/examples_rclcpp_minimal_client/lib/examples_rclcpp_minimal_client/client_main
[11.097s] -- Symlinking: /home/janelleg/ros2_ws/install/examples_rclcpp_minimal_client/share/ament_index/resource_index/package_run_dependencies/examples_rclcpp_minimal_client
[11.125s] -- Symlinking: /home/janelleg/ros2_ws/install/examples_rclcpp_minimal_client/share/ament_index/resource_index/parent_prefix_path/examples_rclcpp_minimal_client
[11.144s] -- Symlinking: /home/janelleg/ros2_ws/install/examples_rclcpp_minimal_client/share/examples_rclcpp_minimal_client/environment/ament_prefix_path.sh
[11.162s] -- Symlinking: /home/janelleg/ros2_ws/install/examples_rclcpp_minimal_client/share/examples_rclcpp_minimal_client/environment/ament_prefix_path.dsv
[11.179s] -- Symlinking: /home/janelleg/ros2_ws/install/examples_rclcpp_minimal_client/share/examples_rclcpp_minimal_client/environment/path.sh
[11.200s] -- Symlinking: /home/janelleg/ros2_ws/install/examples_rclcpp_minimal_client/share/examples_rclcpp_minimal_client/environment/path.dsv
[11.219s] -- Symlinking: /home/janelleg/ros2_ws/install/examples_rclcpp_minimal_client/share/examples_rclcpp_minimal_client/local_setup.bash
[11.246s] -- Symlinking: /home/janelleg/ros2_ws/install/examples_rclcpp_minimal_client/share/examples_rclcpp_minimal_client/local_setup.sh
[11.274s] -- Symlinking: /home/janelleg/ros2_ws/install/examples_rclcpp_minimal_client/share/examples_rclcpp_minimal_client/local_setup.zsh
[11.294s] -- Symlinking: /home/janelleg/ros2_ws/install/examples_rclcpp_minimal_client/share/examples_rclcpp_minimal_client/local_setup.dsv
[11.323s] -- Symlinking: /home/janelleg/ros2_ws/install/examples_rclcpp_minimal_client/share/examples_rclcpp_minimal_client/package.dsv
[11.341s] -- Symlinking: /home/janelleg/ros2_ws/install/examples_rclcpp_minimal_client/share/ament_index/resource_index/packages/examples_rclcpp_minimal_client
[11.359s] -- Symlinking: /home/janelleg/ros2_ws/install/examples_rclcpp_minimal_client/share/examples_rclcpp_minimal_client/cmake/examples_rclcpp_minimal_clientConfig.cmake
[11.377s] -- Symlinking: /home/janelleg/ros2_ws/install/examples_rclcpp_minimal_client/share/examples_rclcpp_minimal_client/cmake/examples_rclcpp_minimal_clientConfig-version.cmake
[11.397s] -- Symlinking: /home/janelleg/ros2_ws/install/examples_rclcpp_minimal_client/share/examples_rclcpp_minimal_client/package.xml
[11.422s] Invoked command in '/home/janelleg/ros2_ws/build/examples_rclcpp_minimal_client' returned '0': CMAKE_PREFIX_PATH=/opt/ros/humble /usr/bin/cmake --install /home/janelleg/ros2_ws/build/examples_rclcpp_minimal_client
