[1.431s] Invoking command in '/home/janelleg/ros2_ws/src/python_parameters': PYTHONPATH=/home/janelleg/ros2_ws/src/python_parameters/build/python_parameters/prefix_override:/usr/lib/python3/dist-packages/colcon_core/task/python/colcon_distutils_commands:/home/janelleg/ros2_ws/src/python_parameters/install/python_parameters/lib/python3.10/site-packages:${PYTHONPATH} /usr/bin/python3 -W ignore:setup.py install is deprecated setup.py egg_info --egg-base build/python_parameters build --build-base /home/janelleg/ros2_ws/src/python_parameters/build/python_parameters/build install --record /home/janelleg/ros2_ws/src/python_parameters/build/python_parameters/install.log --single-version-externally-managed install_data
[2.063s] running egg_info
[2.063s] creating build/python_parameters/python_parameters.egg-info
[2.064s] writing build/python_parameters/python_parameters.egg-info/PKG-INFO
[2.064s] writing dependency_links to build/python_parameters/python_parameters.egg-info/dependency_links.txt
[2.065s] writing entry points to build/python_parameters/python_parameters.egg-info/entry_points.txt
[2.065s] writing requirements to build/python_parameters/python_parameters.egg-info/requires.txt
[2.065s] writing top-level names to build/python_parameters/python_parameters.egg-info/top_level.txt
[2.066s] writing manifest file 'build/python_parameters/python_parameters.egg-info/SOURCES.txt'
[2.068s] reading manifest file 'build/python_parameters/python_parameters.egg-info/SOURCES.txt'
[2.069s] adding license file 'LICENSE'
[2.070s] writing manifest file 'build/python_parameters/python_parameters.egg-info/SOURCES.txt'
[2.070s] running build
[2.070s] running build_py
[2.071s] creating /home/janelleg/ros2_ws/src/python_parameters/build/python_parameters/build
[2.071s] creating /home/janelleg/ros2_ws/src/python_parameters/build/python_parameters/build/lib
[2.072s] creating /home/janelleg/ros2_ws/src/python_parameters/build/python_parameters/build/lib/python_parameters
[2.072s] copying python_parameters/python_parameters_node.py -> /home/janelleg/ros2_ws/src/python_parameters/build/python_parameters/build/lib/python_parameters
[2.072s] copying python_parameters/__init__.py -> /home/janelleg/ros2_ws/src/python_parameters/build/python_parameters/build/lib/python_parameters
[2.072s] running install
[2.073s] running install_lib
[2.073s] creating /home/janelleg/ros2_ws/src/python_parameters/install/python_parameters/lib/python3.10/site-packages/python_parameters
[2.073s] copying /home/janelleg/ros2_ws/src/python_parameters/build/python_parameters/build/lib/python_parameters/python_parameters_node.py -> /home/janelleg/ros2_ws/src/python_parameters/install/python_parameters/lib/python3.10/site-packages/python_parameters
[2.074s] copying /home/janelleg/ros2_ws/src/python_parameters/build/python_parameters/build/lib/python_parameters/__init__.py -> /home/janelleg/ros2_ws/src/python_parameters/install/python_parameters/lib/python3.10/site-packages/python_parameters
[2.074s] byte-compiling /home/janelleg/ros2_ws/src/python_parameters/install/python_parameters/lib/python3.10/site-packages/python_parameters/python_parameters_node.py to python_parameters_node.cpython-310.pyc
[2.075s] byte-compiling /home/janelleg/ros2_ws/src/python_parameters/install/python_parameters/lib/python3.10/site-packages/python_parameters/__init__.py to __init__.cpython-310.pyc
[2.076s] running install_data
[2.076s] creating /home/janelleg/ros2_ws/src/python_parameters/install/python_parameters/share/ament_index
[2.077s] creating /home/janelleg/ros2_ws/src/python_parameters/install/python_parameters/share/ament_index/resource_index
[2.077s] creating /home/janelleg/ros2_ws/src/python_parameters/install/python_parameters/share/ament_index/resource_index/packages
[2.077s] copying resource/python_parameters -> /home/janelleg/ros2_ws/src/python_parameters/install/python_parameters/share/ament_index/resource_index/packages
[2.077s] copying package.xml -> /home/janelleg/ros2_ws/src/python_parameters/install/python_parameters/share/python_parameters
[2.077s] running install_egg_info
[2.080s] Copying build/python_parameters/python_parameters.egg-info to /home/janelleg/ros2_ws/src/python_parameters/install/python_parameters/lib/python3.10/site-packages/python_parameters-0.0.0-py3.10.egg-info
[2.081s] running install_scripts
[2.132s] Installing minimal_param_node script to /home/janelleg/ros2_ws/src/python_parameters/install/python_parameters/lib/python_parameters
[2.133s] writing list of installed files to '/home/janelleg/ros2_ws/src/python_parameters/build/python_parameters/install.log'
[2.186s] Invoked command in '/home/janelleg/ros2_ws/src/python_parameters' returned '0': PYTHONPATH=/home/janelleg/ros2_ws/src/python_parameters/build/python_parameters/prefix_override:/usr/lib/python3/dist-packages/colcon_core/task/python/colcon_distutils_commands:/home/janelleg/ros2_ws/src/python_parameters/install/python_parameters/lib/python3.10/site-packages:${PYTHONPATH} /usr/bin/python3 -W ignore:setup.py install is deprecated setup.py egg_info --egg-base build/python_parameters build --build-base /home/janelleg/ros2_ws/src/python_parameters/build/python_parameters/build install --record /home/janelleg/ros2_ws/src/python_parameters/build/python_parameters/install.log --single-version-externally-managed install_data
