[1.117s] Invoking command in '/home/janelleg/ros2_ws/build/examples_rclpy_minimal_service': PYTHONPATH=/home/janelleg/ros2_ws/build/examples_rclpy_minimal_service/prefix_override:/usr/lib/python3/dist-packages/colcon_core/task/python/colcon_distutils_commands:/home/janelleg/ros2_ws/install/examples_rclpy_minimal_service/lib/python3.10/site-packages:${PYTHONPATH} /usr/bin/python3 -W ignore:setup.py install is deprecated setup.py develop --editable --build-directory /home/janelleg/ros2_ws/build/examples_rclpy_minimal_service/build --no-deps symlink_data
[1.610s] running develop
[1.611s] /usr/lib/python3/dist-packages/setuptools/command/easy_install.py:158: EasyInstallDeprecationWarning: easy_install command is deprecated. Use build and pip and other standards-based tools.
[1.611s]   warnings.warn(
[1.891s] running egg_info
[1.892s] writing examples_rclpy_minimal_service.egg-info/PKG-INFO
[1.892s] writing dependency_links to examples_rclpy_minimal_service.egg-info/dependency_links.txt
[1.893s] writing entry points to examples_rclpy_minimal_service.egg-info/entry_points.txt
[1.893s] writing requirements to examples_rclpy_minimal_service.egg-info/requires.txt
[1.893s] writing top-level names to examples_rclpy_minimal_service.egg-info/top_level.txt
[1.896s] reading manifest file 'examples_rclpy_minimal_service.egg-info/SOURCES.txt'
[1.897s] writing manifest file 'examples_rclpy_minimal_service.egg-info/SOURCES.txt'
[1.900s] running build_ext
[1.900s] Creating /home/janelleg/ros2_ws/install/examples_rclpy_minimal_service/lib/python3.10/site-packages/examples-rclpy-minimal-service.egg-link (link to .)
[1.902s] Installing service script to /home/janelleg/ros2_ws/install/examples_rclpy_minimal_service/lib/examples_rclpy_minimal_service
[1.902s] Installing service_member_function script to /home/janelleg/ros2_ws/install/examples_rclpy_minimal_service/lib/examples_rclpy_minimal_service
[1.903s] 
[1.903s] Installed /home/janelleg/ros2_ws/build/examples_rclpy_minimal_service
[1.903s] running symlink_data
[1.957s] Invoked command in '/home/janelleg/ros2_ws/build/examples_rclpy_minimal_service' returned '0': PYTHONPATH=/home/janelleg/ros2_ws/build/examples_rclpy_minimal_service/prefix_override:/usr/lib/python3/dist-packages/colcon_core/task/python/colcon_distutils_commands:/home/janelleg/ros2_ws/install/examples_rclpy_minimal_service/lib/python3.10/site-packages:${PYTHONPATH} /usr/bin/python3 -W ignore:setup.py install is deprecated setup.py develop --editable --build-directory /home/janelleg/ros2_ws/build/examples_rclpy_minimal_service/build --no-deps symlink_data
