[1.175s] Invoking command in '/home/janelleg/ros2_ws/build/examples_rclpy_minimal_client': PYTHONPATH=/home/janelleg/ros2_ws/build/examples_rclpy_minimal_client/prefix_override:/usr/lib/python3/dist-packages/colcon_core/task/python/colcon_distutils_commands:/home/janelleg/ros2_ws/install/examples_rclpy_minimal_client/lib/python3.10/site-packages:${PYTHONPATH} /usr/bin/python3 -W ignore:setup.py install is deprecated setup.py develop --editable --build-directory /home/janelleg/ros2_ws/build/examples_rclpy_minimal_client/build --no-deps symlink_data
[1.644s] running develop
[1.644s] /usr/lib/python3/dist-packages/setuptools/command/easy_install.py:158: EasyInstallDeprecationWarning: easy_install command is deprecated. Use build and pip and other standards-based tools.
[1.645s]   warnings.warn(
[1.915s] running egg_info
[1.915s] writing examples_rclpy_minimal_client.egg-info/PKG-INFO
[1.916s] writing dependency_links to examples_rclpy_minimal_client.egg-info/dependency_links.txt
[1.916s] writing entry points to examples_rclpy_minimal_client.egg-info/entry_points.txt
[1.916s] writing requirements to examples_rclpy_minimal_client.egg-info/requires.txt
[1.917s] writing top-level names to examples_rclpy_minimal_client.egg-info/top_level.txt
[1.919s] reading manifest file 'examples_rclpy_minimal_client.egg-info/SOURCES.txt'
[1.921s] writing manifest file 'examples_rclpy_minimal_client.egg-info/SOURCES.txt'
[1.923s] running build_ext
[1.923s] Creating /home/janelleg/ros2_ws/install/examples_rclpy_minimal_client/lib/python3.10/site-packages/examples-rclpy-minimal-client.egg-link (link to .)
[1.925s] Installing client script to /home/janelleg/ros2_ws/install/examples_rclpy_minimal_client/lib/examples_rclpy_minimal_client
[1.926s] Installing client_async script to /home/janelleg/ros2_ws/install/examples_rclpy_minimal_client/lib/examples_rclpy_minimal_client
[1.926s] Installing client_async_callback script to /home/janelleg/ros2_ws/install/examples_rclpy_minimal_client/lib/examples_rclpy_minimal_client
[1.926s] Installing client_async_member_function script to /home/janelleg/ros2_ws/install/examples_rclpy_minimal_client/lib/examples_rclpy_minimal_client
[1.927s] 
[1.927s] Installed /home/janelleg/ros2_ws/build/examples_rclpy_minimal_client
[1.927s] running symlink_data
[1.981s] Invoked command in '/home/janelleg/ros2_ws/build/examples_rclpy_minimal_client' returned '0': PYTHONPATH=/home/janelleg/ros2_ws/build/examples_rclpy_minimal_client/prefix_override:/usr/lib/python3/dist-packages/colcon_core/task/python/colcon_distutils_commands:/home/janelleg/ros2_ws/install/examples_rclpy_minimal_client/lib/python3.10/site-packages:${PYTHONPATH} /usr/bin/python3 -W ignore:setup.py install is deprecated setup.py develop --editable --build-directory /home/janelleg/ros2_ws/build/examples_rclpy_minimal_client/build --no-deps symlink_data
