[1.439s] Invoking command in '/home/janelleg/ros2_ws/build/py_pubsub': AMENT_PREFIX_PATH=/home/janelleg/ros2_ws/install/tutorial_interfaces:${AMENT_PREFIX_PATH} CMAKE_PREFIX_PATH=/home/janelleg/ros2_ws/install/tutorial_interfaces:${CMAKE_PREFIX_PATH} LD_LIBRARY_PATH=/home/janelleg/ros2_ws/install/tutorial_interfaces/lib:${LD_LIBRARY_PATH} PYTHONPATH=/home/janelleg/ros2_ws/build/py_pubsub/prefix_override:/usr/lib/python3/dist-packages/colcon_core/task/python/colcon_distutils_commands:/home/janelleg/ros2_ws/install/py_pubsub/lib/python3.10/site-packages:/home/janelleg/ros2_ws/install/tutorial_interfaces/local/lib/python3.10/dist-packages:${PYTHONPATH} /usr/bin/python3 -W ignore:setup.py install is deprecated setup.py develop --uninstall --editable --build-directory /home/janelleg/ros2_ws/build/py_pubsub/build
[2.040s] running develop
[2.370s] Removing /home/janelleg/ros2_ws/install/py_pubsub/lib/python3.10/site-packages/py-pubsub.egg-link (link to .)
[2.429s] Invoked command in '/home/janelleg/ros2_ws/build/py_pubsub' returned '0': AMENT_PREFIX_PATH=/home/janelleg/ros2_ws/install/tutorial_interfaces:${AMENT_PREFIX_PATH} CMAKE_PREFIX_PATH=/home/janelleg/ros2_ws/install/tutorial_interfaces:${CMAKE_PREFIX_PATH} LD_LIBRARY_PATH=/home/janelleg/ros2_ws/install/tutorial_interfaces/lib:${LD_LIBRARY_PATH} PYTHONPATH=/home/janelleg/ros2_ws/build/py_pubsub/prefix_override:/usr/lib/python3/dist-packages/colcon_core/task/python/colcon_distutils_commands:/home/janelleg/ros2_ws/install/py_pubsub/lib/python3.10/site-packages:/home/janelleg/ros2_ws/install/tutorial_interfaces/local/lib/python3.10/dist-packages:${PYTHONPATH} /usr/bin/python3 -W ignore:setup.py install is deprecated setup.py develop --uninstall --editable --build-directory /home/janelleg/ros2_ws/build/py_pubsub/build
[2.435s] Invoking command in '/home/janelleg/ros2_ws/src/py_pubsub': AMENT_PREFIX_PATH=/home/janelleg/ros2_ws/install/tutorial_interfaces:${AMENT_PREFIX_PATH} CMAKE_PREFIX_PATH=/home/janelleg/ros2_ws/install/tutorial_interfaces:${CMAKE_PREFIX_PATH} LD_LIBRARY_PATH=/home/janelleg/ros2_ws/install/tutorial_interfaces/lib:${LD_LIBRARY_PATH} PYTHONPATH=/home/janelleg/ros2_ws/build/py_pubsub/prefix_override:/usr/lib/python3/dist-packages/colcon_core/task/python/colcon_distutils_commands:/home/janelleg/ros2_ws/install/py_pubsub/lib/python3.10/site-packages:/home/janelleg/ros2_ws/install/tutorial_interfaces/local/lib/python3.10/dist-packages:${PYTHONPATH} /usr/bin/python3 -W ignore:setup.py install is deprecated setup.py egg_info --egg-base ../../build/py_pubsub build --build-base /home/janelleg/ros2_ws/build/py_pubsub/build install --record /home/janelleg/ros2_ws/build/py_pubsub/install.log --single-version-externally-managed install_data --force
[2.963s] running egg_info
[2.965s] writing ../../build/py_pubsub/py_pubsub.egg-info/PKG-INFO
[2.965s] writing dependency_links to ../../build/py_pubsub/py_pubsub.egg-info/dependency_links.txt
[2.966s] writing entry points to ../../build/py_pubsub/py_pubsub.egg-info/entry_points.txt
[2.966s] writing requirements to ../../build/py_pubsub/py_pubsub.egg-info/requires.txt
[2.967s] writing top-level names to ../../build/py_pubsub/py_pubsub.egg-info/top_level.txt
[2.970s] reading manifest file '../../build/py_pubsub/py_pubsub.egg-info/SOURCES.txt'
[2.970s] adding license file 'LICENSE'
[2.971s] writing manifest file '../../build/py_pubsub/py_pubsub.egg-info/SOURCES.txt'
[2.972s] running build
[2.972s] running build_py
[2.973s] copying py_pubsub/publisher_member_function.py -> /home/janelleg/ros2_ws/build/py_pubsub/build/lib/py_pubsub
[2.974s] copying py_pubsub/subscriber_member_function.py -> /home/janelleg/ros2_ws/build/py_pubsub/build/lib/py_pubsub
[2.974s] running install
[2.975s] running install_lib
[2.976s] creating /home/janelleg/ros2_ws/install/py_pubsub/lib/python3.10/site-packages/py_pubsub
[2.976s] copying /home/janelleg/ros2_ws/build/py_pubsub/build/lib/py_pubsub/publisher_member_function.py -> /home/janelleg/ros2_ws/install/py_pubsub/lib/python3.10/site-packages/py_pubsub
[2.977s] copying /home/janelleg/ros2_ws/build/py_pubsub/build/lib/py_pubsub/subscriber_member_function.py -> /home/janelleg/ros2_ws/install/py_pubsub/lib/python3.10/site-packages/py_pubsub
[2.977s] copying /home/janelleg/ros2_ws/build/py_pubsub/build/lib/py_pubsub/__init__.py -> /home/janelleg/ros2_ws/install/py_pubsub/lib/python3.10/site-packages/py_pubsub
[2.978s] byte-compiling /home/janelleg/ros2_ws/install/py_pubsub/lib/python3.10/site-packages/py_pubsub/publisher_member_function.py to publisher_member_function.cpython-310.pyc
[2.979s] byte-compiling /home/janelleg/ros2_ws/install/py_pubsub/lib/python3.10/site-packages/py_pubsub/subscriber_member_function.py to subscriber_member_function.cpython-310.pyc
[2.979s] byte-compiling /home/janelleg/ros2_ws/install/py_pubsub/lib/python3.10/site-packages/py_pubsub/__init__.py to __init__.cpython-310.pyc
[2.980s] running install_data
[2.980s] copying resource/py_pubsub -> /home/janelleg/ros2_ws/install/py_pubsub/share/ament_index/resource_index/packages
[2.980s] copying package.xml -> /home/janelleg/ros2_ws/install/py_pubsub/share/py_pubsub
[2.980s] running install_egg_info
[2.984s] Copying ../../build/py_pubsub/py_pubsub.egg-info to /home/janelleg/ros2_ws/install/py_pubsub/lib/python3.10/site-packages/py_pubsub-0.0.0-py3.10.egg-info
[2.985s] running install_scripts
[3.033s] Installing listener script to /home/janelleg/ros2_ws/install/py_pubsub/lib/py_pubsub
[3.034s] Installing talker script to /home/janelleg/ros2_ws/install/py_pubsub/lib/py_pubsub
[3.035s] writing list of installed files to '/home/janelleg/ros2_ws/build/py_pubsub/install.log'
[3.100s] Invoked command in '/home/janelleg/ros2_ws/src/py_pubsub' returned '0': AMENT_PREFIX_PATH=/home/janelleg/ros2_ws/install/tutorial_interfaces:${AMENT_PREFIX_PATH} CMAKE_PREFIX_PATH=/home/janelleg/ros2_ws/install/tutorial_interfaces:${CMAKE_PREFIX_PATH} LD_LIBRARY_PATH=/home/janelleg/ros2_ws/install/tutorial_interfaces/lib:${LD_LIBRARY_PATH} PYTHONPATH=/home/janelleg/ros2_ws/build/py_pubsub/prefix_override:/usr/lib/python3/dist-packages/colcon_core/task/python/colcon_distutils_commands:/home/janelleg/ros2_ws/install/py_pubsub/lib/python3.10/site-packages:/home/janelleg/ros2_ws/install/tutorial_interfaces/local/lib/python3.10/dist-packages:${PYTHONPATH} /usr/bin/python3 -W ignore:setup.py install is deprecated setup.py egg_info --egg-base ../../build/py_pubsub build --build-base /home/janelleg/ros2_ws/build/py_pubsub/build install --record /home/janelleg/ros2_ws/build/py_pubsub/install.log --single-version-externally-managed install_data --force
