[1.297s] Invoking command in '/home/janelleg/ros2_ws/build/examples_rclpy_executors': PYTHONPATH=/home/janelleg/ros2_ws/build/examples_rclpy_executors/prefix_override:/usr/lib/python3/dist-packages/colcon_core/task/python/colcon_distutils_commands:/home/janelleg/ros2_ws/install/examples_rclpy_executors/lib/python3.10/site-packages:${PYTHONPATH} /usr/bin/python3 -W ignore:setup.py install is deprecated setup.py develop --editable --build-directory /home/janelleg/ros2_ws/build/examples_rclpy_executors/build --no-deps symlink_data
[1.800s] running develop
[1.801s] /usr/lib/python3/dist-packages/setuptools/command/easy_install.py:158: EasyInstallDeprecationWarning: easy_install command is deprecated. Use build and pip and other standards-based tools.
[1.801s]   warnings.warn(
[2.124s] running egg_info
[2.125s] writing examples_rclpy_executors.egg-info/PKG-INFO
[2.125s] writing dependency_links to examples_rclpy_executors.egg-info/dependency_links.txt
[2.126s] writing entry points to examples_rclpy_executors.egg-info/entry_points.txt
[2.126s] writing requirements to examples_rclpy_executors.egg-info/requires.txt
[2.126s] writing top-level names to examples_rclpy_executors.egg-info/top_level.txt
[2.129s] reading manifest file 'examples_rclpy_executors.egg-info/SOURCES.txt'
[2.130s] writing manifest file 'examples_rclpy_executors.egg-info/SOURCES.txt'
[2.133s] running build_ext
[2.133s] Creating /home/janelleg/ros2_ws/install/examples_rclpy_executors/lib/python3.10/site-packages/examples-rclpy-executors.egg-link (link to .)
[2.135s] Installing callback_group script to /home/janelleg/ros2_ws/install/examples_rclpy_executors/lib/examples_rclpy_executors
[2.136s] Installing composed script to /home/janelleg/ros2_ws/install/examples_rclpy_executors/lib/examples_rclpy_executors
[2.136s] Installing custom_callback_group script to /home/janelleg/ros2_ws/install/examples_rclpy_executors/lib/examples_rclpy_executors
[2.136s] Installing custom_executor script to /home/janelleg/ros2_ws/install/examples_rclpy_executors/lib/examples_rclpy_executors
[2.137s] Installing listener script to /home/janelleg/ros2_ws/install/examples_rclpy_executors/lib/examples_rclpy_executors
[2.137s] Installing talker script to /home/janelleg/ros2_ws/install/examples_rclpy_executors/lib/examples_rclpy_executors
[2.137s] 
[2.137s] Installed /home/janelleg/ros2_ws/build/examples_rclpy_executors
[2.138s] running symlink_data
[2.195s] Invoked command in '/home/janelleg/ros2_ws/build/examples_rclpy_executors' returned '0': PYTHONPATH=/home/janelleg/ros2_ws/build/examples_rclpy_executors/prefix_override:/usr/lib/python3/dist-packages/colcon_core/task/python/colcon_distutils_commands:/home/janelleg/ros2_ws/install/examples_rclpy_executors/lib/python3.10/site-packages:${PYTHONPATH} /usr/bin/python3 -W ignore:setup.py install is deprecated setup.py develop --editable --build-directory /home/janelleg/ros2_ws/build/examples_rclpy_executors/build --no-deps symlink_data
