[1.218s] Invoking command in '/home/janelleg/ros2_ws/build/examples_rclpy_minimal_client': PYTHONPATH=/home/janelleg/ros2_ws/build/examples_rclpy_minimal_client/prefix_override:/usr/lib/python3/dist-packages/colcon_core/task/python/colcon_distutils_commands:/home/janelleg/ros2_ws/install/examples_rclpy_minimal_client/lib/python3.10/site-packages:${PYTHONPATH} /usr/bin/python3 -W ignore:setup.py install is deprecated setup.py develop --editable --build-directory /home/janelleg/ros2_ws/build/examples_rclpy_minimal_client/build --no-deps symlink_data
[1.809s] running develop
[1.810s] /usr/lib/python3/dist-packages/setuptools/command/easy_install.py:158: EasyInstallDeprecationWarning: easy_install command is deprecated. Use build and pip and other standards-based tools.
[1.810s]   warnings.warn(
[2.129s] running egg_info
[2.129s] writing examples_rclpy_minimal_client.egg-info/PKG-INFO
[2.130s] writing dependency_links to examples_rclpy_minimal_client.egg-info/dependency_links.txt
[2.131s] writing entry points to examples_rclpy_minimal_client.egg-info/entry_points.txt
[2.131s] writing requirements to examples_rclpy_minimal_client.egg-info/requires.txt
[2.131s] writing top-level names to examples_rclpy_minimal_client.egg-info/top_level.txt
[2.135s] reading manifest file 'examples_rclpy_minimal_client.egg-info/SOURCES.txt'
[2.137s] writing manifest file 'examples_rclpy_minimal_client.egg-info/SOURCES.txt'
[2.140s] running build_ext
[2.140s] Creating /home/janelleg/ros2_ws/install/examples_rclpy_minimal_client/lib/python3.10/site-packages/examples-rclpy-minimal-client.egg-link (link to .)
[2.142s] Installing client script to /home/janelleg/ros2_ws/install/examples_rclpy_minimal_client/lib/examples_rclpy_minimal_client
[2.143s] Installing client_async script to /home/janelleg/ros2_ws/install/examples_rclpy_minimal_client/lib/examples_rclpy_minimal_client
[2.143s] Installing client_async_callback script to /home/janelleg/ros2_ws/install/examples_rclpy_minimal_client/lib/examples_rclpy_minimal_client
[2.144s] Installing client_async_member_function script to /home/janelleg/ros2_ws/install/examples_rclpy_minimal_client/lib/examples_rclpy_minimal_client
[2.144s] 
[2.144s] Installed /home/janelleg/ros2_ws/build/examples_rclpy_minimal_client
[2.144s] running symlink_data
[2.207s] Invoked command in '/home/janelleg/ros2_ws/build/examples_rclpy_minimal_client' returned '0': PYTHONPATH=/home/janelleg/ros2_ws/build/examples_rclpy_minimal_client/prefix_override:/usr/lib/python3/dist-packages/colcon_core/task/python/colcon_distutils_commands:/home/janelleg/ros2_ws/install/examples_rclpy_minimal_client/lib/python3.10/site-packages:${PYTHONPATH} /usr/bin/python3 -W ignore:setup.py install is deprecated setup.py develop --editable --build-directory /home/janelleg/ros2_ws/build/examples_rclpy_minimal_client/build --no-deps symlink_data
