[0.017s] Invoking command in '/home/janelleg/ros2_ws/build/examples_rclcpp_wait_set': CMAKE_PREFIX_PATH=/opt/ros/humble /usr/bin/cmake /home/janelleg/ros2_ws/src/examples/rclcpp/wait_set -DAMENT_CMAKE_SYMLINK_INSTALL=1 -DCMAKE_INSTALL_PREFIX=/home/janelleg/ros2_ws/install/examples_rclcpp_wait_set
[0.159s] -- The C compiler identification is GNU 11.4.0
[0.304s] -- The CXX compiler identification is GNU 11.4.0
[0.323s] -- Detecting C compiler ABI info
[0.492s] -- Detecting C compiler ABI info - done
[0.510s] -- Check for working C compiler: /usr/bin/cc - skipped
[0.511s] -- Detecting C compile features
[0.512s] -- Detecting C compile features - done
[0.518s] -- Detecting CXX compiler ABI info
[0.740s] -- Detecting CXX compiler ABI info - done
[0.764s] -- Check for working CXX compiler: /usr/bin/c++ - skipped
[0.764s] -- Detecting CXX compile features
[0.765s] -- Detecting CXX compile features - done
[0.772s] -- Found ament_cmake: 1.3.10 (/opt/ros/humble/share/ament_cmake/cmake)
[1.218s] -- Found Python3: /usr/bin/python3 (found version "3.10.12") found components: Interpreter 
[1.437s] -- Override CMake install command with custom implementation using symlinks instead of copying resources
[1.508s] -- Found example_interfaces: 0.9.3 (/opt/ros/humble/share/example_interfaces/cmake)
[1.621s] -- Found rosidl_generator_c: 3.1.5 (/opt/ros/humble/share/rosidl_generator_c/cmake)
[1.637s] -- Found rosidl_adapter: 3.1.5 (/opt/ros/humble/share/rosidl_adapter/cmake)
[1.664s] -- Found rosidl_generator_cpp: 3.1.5 (/opt/ros/humble/share/rosidl_generator_cpp/cmake)
[1.704s] -- Using all available rosidl_typesupport_c: rosidl_typesupport_fastrtps_c;rosidl_typesupport_introspection_c
[1.758s] -- Using all available rosidl_typesupport_cpp: rosidl_typesupport_fastrtps_cpp;rosidl_typesupport_introspection_cpp
[1.943s] -- Found rclcpp: 16.0.10 (/opt/ros/humble/share/rclcpp/cmake)
[2.063s] -- Found rmw_implementation_cmake: 6.1.2 (/opt/ros/humble/share/rmw_implementation_cmake/cmake)
[2.071s] -- Found rmw_fastrtps_cpp: 6.2.7 (/opt/ros/humble/share/rmw_fastrtps_cpp/cmake)
[2.317s] -- Found OpenSSL: /usr/lib/x86_64-linux-gnu/libcrypto.so (found version "3.0.2")  
[2.402s] -- Found FastRTPS: /opt/ros/humble/include  
[2.502s] -- Using RMW implementation 'rmw_fastrtps_cpp' as default
[2.516s] -- Looking for pthread.h
[2.679s] -- Looking for pthread.h - found
[2.680s] -- Performing Test CMAKE_HAVE_LIBC_PTHREAD
[2.831s] -- Performing Test CMAKE_HAVE_LIBC_PTHREAD - Success
[2.834s] -- Found Threads: TRUE  
[2.941s] -- Found rclcpp_components: 16.0.10 (/opt/ros/humble/share/rclcpp_components/cmake)
[3.041s] -- Found ament_lint_auto: 0.12.11 (/opt/ros/humble/share/ament_lint_auto/cmake)
[3.219s] -- Added test 'copyright' to check source files copyright and LICENSE
[3.222s] -- Added test 'cppcheck' to perform static code analysis on C / C++ code
[3.223s] -- Configured cppcheck include dirs: /home/janelleg/ros2_ws/src/examples/rclcpp/wait_set/include
[3.223s] -- Configured cppcheck exclude dirs and/or files: 
[3.225s] -- Added test 'cpplint' to check C / C++ code against the Google style
[3.226s] -- Configured cpplint exclude dirs and/or files: 
[3.227s] -- Added test 'lint_cmake' to check CMake code style
[3.229s] -- Added test 'uncrustify' to check C / C++ code style
[3.230s] -- Configured uncrustify additional arguments: 
[3.230s] -- Added test 'xmllint' to check XML markup files
[3.233s] -- Configuring done
[3.323s] -- Generating done
[3.328s] -- Build files have been written to: /home/janelleg/ros2_ws/build/examples_rclcpp_wait_set
[3.354s] Invoked command in '/home/janelleg/ros2_ws/build/examples_rclcpp_wait_set' returned '0': CMAKE_PREFIX_PATH=/opt/ros/humble /usr/bin/cmake /home/janelleg/ros2_ws/src/examples/rclcpp/wait_set -DAMENT_CMAKE_SYMLINK_INSTALL=1 -DCMAKE_INSTALL_PREFIX=/home/janelleg/ros2_ws/install/examples_rclcpp_wait_set
[3.359s] Invoking command in '/home/janelleg/ros2_ws/build/examples_rclcpp_wait_set': CMAKE_PREFIX_PATH=/opt/ros/humble /usr/bin/cmake --build /home/janelleg/ros2_ws/build/examples_rclcpp_wait_set -- -j8 -l8
[3.472s] [  4%] [32mBuilding CXX object CMakeFiles/wait_set_talker.dir/rclcpp_components/node_main_wait_set_talker.cpp.o[0m
[3.475s] [ 12%] [32mBuilding CXX object CMakeFiles/talker.dir/src/talker.cpp.o[0m
[3.476s] [ 12%] [32mBuilding CXX object CMakeFiles/listener.dir/src/listener.cpp.o[0m
[3.479s] [ 16%] [32mBuilding CXX object CMakeFiles/wait_set_listener.dir/rclcpp_components/node_main_wait_set_listener.cpp.o[0m
[4.530s] [ 20%] [32mBuilding CXX object CMakeFiles/thread_safe_wait_set.dir/src/thread_safe_wait_set.cpp.o[0m
[4.572s] [ 25%] [32mBuilding CXX object CMakeFiles/wait_set_topics_and_timer.dir/src/wait_set_topics_and_timer.cpp.o[0m
[4.619s] [ 29%] [32mBuilding CXX object CMakeFiles/wait_set.dir/src/wait_set.cpp.o[0m
[4.648s] [ 33%] [32mBuilding CXX object CMakeFiles/static_wait_set.dir/src/static_wait_set.cpp.o[0m
[17.219s] [ 37%] [32m[1mLinking CXX executable wait_set_talker[0m
[17.632s] [ 37%] Built target wait_set_talker
[17.687s] [ 41%] [32mBuilding CXX object CMakeFiles/wait_set_random_order.dir/src/wait_set_random_order.cpp.o[0m
[18.242s] [ 45%] [32m[1mLinking CXX executable wait_set_listener[0m
[18.812s] [ 45%] Built target wait_set_listener
[18.933s] [ 50%] [32mBuilding CXX object CMakeFiles/executor_random_order.dir/src/executor_random_order.cpp.o[0m
[25.298s] [ 54%] [32m[1mLinking CXX shared library libtalker.so[0m
[26.427s] [ 54%] Built target talker
[26.517s] [ 58%] [32mBuilding CXX object CMakeFiles/wait_set_topics_with_different_rates.dir/src/wait_set_topics_with_different_rates.cpp.o[0m
[42.115s] [ 62%] [32m[1mLinking CXX executable static_wait_set[0m
[43.873s] [ 62%] Built target static_wait_set
[43.955s] [ 66%] [32m[1mLinking CXX executable wait_set_topics_and_timer[0m
[44.635s] [ 70%] [32m[1mLinking CXX shared library liblistener.so[0m
[44.949s] [ 75%] [32m[1mLinking CXX executable thread_safe_wait_set[0m
[45.490s] [ 75%] Built target wait_set_topics_and_timer
[46.080s] [ 75%] Built target listener
[46.298s] [ 75%] Built target thread_safe_wait_set
[47.087s] [ 79%] [32m[1mLinking CXX executable wait_set[0m
[48.768s] [ 79%] Built target wait_set
[53.277s] [ 83%] [32m[1mLinking CXX executable executor_random_order[0m
[54.248s] [ 83%] Built target executor_random_order
[54.523s] [ 87%] [32m[1mLinking CXX executable wait_set_random_order[0m
[55.495s] [ 87%] Built target wait_set_random_order
[58.049s] [ 91%] [32m[1mLinking CXX executable wait_set_topics_with_different_rates[0m
[58.934s] [ 91%] Built target wait_set_topics_with_different_rates
[58.976s] [ 95%] [32mBuilding CXX object CMakeFiles/wait_set_composed.dir/src/wait_set_composed.cpp.o[0m
[64.795s] [100%] [32m[1mLinking CXX executable wait_set_composed[0m
[65.218s] [100%] Built target wait_set_composed
[65.242s] Invoked command in '/home/janelleg/ros2_ws/build/examples_rclcpp_wait_set' returned '0': CMAKE_PREFIX_PATH=/opt/ros/humble /usr/bin/cmake --build /home/janelleg/ros2_ws/build/examples_rclcpp_wait_set -- -j8 -l8
[65.398s] Invoking command in '/home/janelleg/ros2_ws/build/examples_rclcpp_wait_set': CMAKE_PREFIX_PATH=/opt/ros/humble /usr/bin/cmake --install /home/janelleg/ros2_ws/build/examples_rclcpp_wait_set
[65.413s] -- Install configuration: ""
[65.414s] -- Execute custom install script
[65.415s] -- Symlinking: /home/janelleg/ros2_ws/install/examples_rclcpp_wait_set/lib/examples_rclcpp_wait_set/wait_set_talker
[65.434s] -- Symlinking: /home/janelleg/ros2_ws/install/examples_rclcpp_wait_set/lib/examples_rclcpp_wait_set/wait_set_listener
[65.453s] -- Symlinking: /home/janelleg/ros2_ws/install/examples_rclcpp_wait_set/lib/libtalker.so
[65.476s] -- Symlinking: /home/janelleg/ros2_ws/install/examples_rclcpp_wait_set/lib/liblistener.so
[65.495s] -- Symlinking: /home/janelleg/ros2_ws/install/examples_rclcpp_wait_set/lib/examples_rclcpp_wait_set/wait_set
[65.510s] -- Symlinking: /home/janelleg/ros2_ws/install/examples_rclcpp_wait_set/lib/examples_rclcpp_wait_set/static_wait_set
[65.528s] -- Symlinking: /home/janelleg/ros2_ws/install/examples_rclcpp_wait_set/lib/examples_rclcpp_wait_set/thread_safe_wait_set
[65.544s] -- Symlinking: /home/janelleg/ros2_ws/install/examples_rclcpp_wait_set/lib/examples_rclcpp_wait_set/wait_set_topics_and_timer
[65.564s] -- Symlinking: /home/janelleg/ros2_ws/install/examples_rclcpp_wait_set/lib/examples_rclcpp_wait_set/wait_set_random_order
[65.580s] -- Symlinking: /home/janelleg/ros2_ws/install/examples_rclcpp_wait_set/lib/examples_rclcpp_wait_set/executor_random_order
[65.600s] -- Symlinking: /home/janelleg/ros2_ws/install/examples_rclcpp_wait_set/lib/examples_rclcpp_wait_set/wait_set_topics_with_different_rates
[65.619s] -- Symlinking: /home/janelleg/ros2_ws/install/examples_rclcpp_wait_set/lib/examples_rclcpp_wait_set/wait_set_composed
[65.642s] -- Symlinking: /home/janelleg/ros2_ws/install/examples_rclcpp_wait_set/share/ament_index/resource_index/package_run_dependencies/examples_rclcpp_wait_set
[65.662s] -- Symlinking: /home/janelleg/ros2_ws/install/examples_rclcpp_wait_set/share/ament_index/resource_index/parent_prefix_path/examples_rclcpp_wait_set
[65.678s] -- Symlinking: /home/janelleg/ros2_ws/install/examples_rclcpp_wait_set/share/examples_rclcpp_wait_set/environment/ament_prefix_path.sh
[65.694s] -- Symlinking: /home/janelleg/ros2_ws/install/examples_rclcpp_wait_set/share/examples_rclcpp_wait_set/environment/ament_prefix_path.dsv
[65.710s] -- Symlinking: /home/janelleg/ros2_ws/install/examples_rclcpp_wait_set/share/examples_rclcpp_wait_set/environment/path.sh
[65.727s] -- Symlinking: /home/janelleg/ros2_ws/install/examples_rclcpp_wait_set/share/examples_rclcpp_wait_set/environment/path.dsv
[65.743s] -- Symlinking: /home/janelleg/ros2_ws/install/examples_rclcpp_wait_set/share/examples_rclcpp_wait_set/local_setup.bash
[65.762s] -- Symlinking: /home/janelleg/ros2_ws/install/examples_rclcpp_wait_set/share/examples_rclcpp_wait_set/local_setup.sh
[65.779s] -- Symlinking: /home/janelleg/ros2_ws/install/examples_rclcpp_wait_set/share/examples_rclcpp_wait_set/local_setup.zsh
[65.797s] -- Symlinking: /home/janelleg/ros2_ws/install/examples_rclcpp_wait_set/share/examples_rclcpp_wait_set/local_setup.dsv
[65.813s] -- Symlinking: /home/janelleg/ros2_ws/install/examples_rclcpp_wait_set/share/examples_rclcpp_wait_set/package.dsv
[65.829s] -- Symlinking: /home/janelleg/ros2_ws/install/examples_rclcpp_wait_set/share/ament_index/resource_index/packages/examples_rclcpp_wait_set
[65.848s] -- Symlinking: /home/janelleg/ros2_ws/install/examples_rclcpp_wait_set/share/ament_index/resource_index/rclcpp_components/examples_rclcpp_wait_set
[65.869s] -- Symlinking: /home/janelleg/ros2_ws/install/examples_rclcpp_wait_set/share/examples_rclcpp_wait_set/cmake/examples_rclcpp_wait_setConfig.cmake
[65.889s] -- Symlinking: /home/janelleg/ros2_ws/install/examples_rclcpp_wait_set/share/examples_rclcpp_wait_set/cmake/examples_rclcpp_wait_setConfig-version.cmake
[65.908s] -- Symlinking: /home/janelleg/ros2_ws/install/examples_rclcpp_wait_set/share/examples_rclcpp_wait_set/package.xml
[65.928s] Invoked command in '/home/janelleg/ros2_ws/build/examples_rclcpp_wait_set' returned '0': CMAKE_PREFIX_PATH=/opt/ros/humble /usr/bin/cmake --install /home/janelleg/ros2_ws/build/examples_rclcpp_wait_set
