[1.497s] Invoking command in '/home/janelleg/ros2_ws/build/examples_rclpy_executors': PYTHONPATH=/home/janelleg/ros2_ws/build/examples_rclpy_executors/prefix_override:/usr/lib/python3/dist-packages/colcon_core/task/python/colcon_distutils_commands:/home/janelleg/ros2_ws/install/examples_rclpy_executors/lib/python3.10/site-packages:${PYTHONPATH} /usr/bin/python3 -W ignore:setup.py install is deprecated setup.py develop --editable --build-directory /home/janelleg/ros2_ws/build/examples_rclpy_executors/build --no-deps symlink_data
[2.070s] running develop
[2.397s] running egg_info
[2.397s] writing examples_rclpy_executors.egg-info/PKG-INFO
[2.398s] writing dependency_links to examples_rclpy_executors.egg-info/dependency_links.txt
[2.398s] writing entry points to examples_rclpy_executors.egg-info/entry_points.txt
[2.398s] writing requirements to examples_rclpy_executors.egg-info/requires.txt
[2.399s] writing top-level names to examples_rclpy_executors.egg-info/top_level.txt
[2.403s] reading manifest file 'examples_rclpy_executors.egg-info/SOURCES.txt'
[2.408s] writing manifest file 'examples_rclpy_executors.egg-info/SOURCES.txt'
[2.413s] running build_ext
[2.413s] Creating /home/janelleg/ros2_ws/install/examples_rclpy_executors/lib/python3.10/site-packages/examples-rclpy-executors.egg-link (link to .)
[2.415s] Installing callback_group script to /home/janelleg/ros2_ws/install/examples_rclpy_executors/lib/examples_rclpy_executors
[2.416s] Installing composed script to /home/janelleg/ros2_ws/install/examples_rclpy_executors/lib/examples_rclpy_executors
[2.416s] Installing custom_callback_group script to /home/janelleg/ros2_ws/install/examples_rclpy_executors/lib/examples_rclpy_executors
[2.416s] Installing custom_executor script to /home/janelleg/ros2_ws/install/examples_rclpy_executors/lib/examples_rclpy_executors
[2.417s] Installing listener script to /home/janelleg/ros2_ws/install/examples_rclpy_executors/lib/examples_rclpy_executors
[2.417s] Installing talker script to /home/janelleg/ros2_ws/install/examples_rclpy_executors/lib/examples_rclpy_executors
[2.417s] 
[2.417s] Installed /home/janelleg/ros2_ws/build/examples_rclpy_executors
[2.418s] running symlink_data
[2.482s] Invoked command in '/home/janelleg/ros2_ws/build/examples_rclpy_executors' returned '0': PYTHONPATH=/home/janelleg/ros2_ws/build/examples_rclpy_executors/prefix_override:/usr/lib/python3/dist-packages/colcon_core/task/python/colcon_distutils_commands:/home/janelleg/ros2_ws/install/examples_rclpy_executors/lib/python3.10/site-packages:${PYTHONPATH} /usr/bin/python3 -W ignore:setup.py install is deprecated setup.py develop --editable --build-directory /home/janelleg/ros2_ws/build/examples_rclpy_executors/build --no-deps symlink_data
