[1.305s] Invoking command in '/home/janelleg/ros2_ws/src/python_parameters': PYTHONPATH=/home/janelleg/ros2_ws/build/python_parameters/prefix_override:/usr/lib/python3/dist-packages/colcon_core/task/python/colcon_distutils_commands:/home/janelleg/ros2_ws/install/python_parameters/lib/python3.10/site-packages:${PYTHONPATH} /usr/bin/python3 -W ignore:setup.py install is deprecated setup.py egg_info --egg-base ../../build/python_parameters build --build-base /home/janelleg/ros2_ws/build/python_parameters/build install --record /home/janelleg/ros2_ws/build/python_parameters/install.log --single-version-externally-managed install_data
[1.832s] running egg_info
[1.833s] writing ../../build/python_parameters/python_parameters.egg-info/PKG-INFO
[1.834s] writing dependency_links to ../../build/python_parameters/python_parameters.egg-info/dependency_links.txt
[1.834s] writing entry points to ../../build/python_parameters/python_parameters.egg-info/entry_points.txt
[1.835s] writing requirements to ../../build/python_parameters/python_parameters.egg-info/requires.txt
[1.835s] writing top-level names to ../../build/python_parameters/python_parameters.egg-info/top_level.txt
[1.838s] reading manifest file '../../build/python_parameters/python_parameters.egg-info/SOURCES.txt'
[1.839s] adding license file 'LICENSE'
[1.840s] writing manifest file '../../build/python_parameters/python_parameters.egg-info/SOURCES.txt'
[1.841s] running build
[1.841s] running build_py
[1.841s] running install
[1.842s] running install_lib
[1.846s] running install_data
[1.846s] copying launch/python_parameters_launch.py -> /home/janelleg/ros2_ws/install/python_parameters/share/python_parameters
[1.846s] running install_egg_info
[1.850s] removing '/home/janelleg/ros2_ws/install/python_parameters/lib/python3.10/site-packages/python_parameters-0.0.0-py3.10.egg-info' (and everything under it)
[1.851s] Copying ../../build/python_parameters/python_parameters.egg-info to /home/janelleg/ros2_ws/install/python_parameters/lib/python3.10/site-packages/python_parameters-0.0.0-py3.10.egg-info
[1.852s] running install_scripts
[1.896s] Installing minimal_param_node script to /home/janelleg/ros2_ws/install/python_parameters/lib/python_parameters
[1.897s] writing list of installed files to '/home/janelleg/ros2_ws/build/python_parameters/install.log'
[1.948s] Invoked command in '/home/janelleg/ros2_ws/src/python_parameters' returned '0': PYTHONPATH=/home/janelleg/ros2_ws/build/python_parameters/prefix_override:/usr/lib/python3/dist-packages/colcon_core/task/python/colcon_distutils_commands:/home/janelleg/ros2_ws/install/python_parameters/lib/python3.10/site-packages:${PYTHONPATH} /usr/bin/python3 -W ignore:setup.py install is deprecated setup.py egg_info --egg-base ../../build/python_parameters build --build-base /home/janelleg/ros2_ws/build/python_parameters/build install --record /home/janelleg/ros2_ws/build/python_parameters/install.log --single-version-externally-managed install_data
