[1.204s] Invoking command in '/home/janelleg/ros2_ws/build/examples_rclpy_minimal_action_client': PYTHONPATH=/home/janelleg/ros2_ws/build/examples_rclpy_minimal_action_client/prefix_override:/usr/lib/python3/dist-packages/colcon_core/task/python/colcon_distutils_commands:/home/janelleg/ros2_ws/install/examples_rclpy_minimal_action_client/lib/python3.10/site-packages:${PYTHONPATH} /usr/bin/python3 -W ignore:setup.py install is deprecated setup.py develop --editable --build-directory /home/janelleg/ros2_ws/build/examples_rclpy_minimal_action_client/build --no-deps symlink_data
[1.704s] running develop
[1.705s] /usr/lib/python3/dist-packages/setuptools/command/easy_install.py:158: EasyInstallDeprecationWarning: easy_install command is deprecated. Use build and pip and other standards-based tools.
[1.705s]   warnings.warn(
[2.021s] running egg_info
[2.021s] writing examples_rclpy_minimal_action_client.egg-info/PKG-INFO
[2.022s] writing dependency_links to examples_rclpy_minimal_action_client.egg-info/dependency_links.txt
[2.022s] writing entry points to examples_rclpy_minimal_action_client.egg-info/entry_points.txt
[2.023s] writing requirements to examples_rclpy_minimal_action_client.egg-info/requires.txt
[2.023s] writing top-level names to examples_rclpy_minimal_action_client.egg-info/top_level.txt
[2.026s] reading manifest file 'examples_rclpy_minimal_action_client.egg-info/SOURCES.txt'
[2.028s] writing manifest file 'examples_rclpy_minimal_action_client.egg-info/SOURCES.txt'
[2.031s] running build_ext
[2.031s] Creating /home/janelleg/ros2_ws/install/examples_rclpy_minimal_action_client/lib/python3.10/site-packages/examples-rclpy-minimal-action-client.egg-link (link to .)
[2.033s] Installing client script to /home/janelleg/ros2_ws/install/examples_rclpy_minimal_action_client/lib/examples_rclpy_minimal_action_client
[2.033s] Installing client_asyncio script to /home/janelleg/ros2_ws/install/examples_rclpy_minimal_action_client/lib/examples_rclpy_minimal_action_client
[2.034s] Installing client_cancel script to /home/janelleg/ros2_ws/install/examples_rclpy_minimal_action_client/lib/examples_rclpy_minimal_action_client
[2.034s] Installing client_not_composable script to /home/janelleg/ros2_ws/install/examples_rclpy_minimal_action_client/lib/examples_rclpy_minimal_action_client
[2.034s] 
[2.034s] Installed /home/janelleg/ros2_ws/build/examples_rclpy_minimal_action_client
[2.035s] running symlink_data
[2.097s] Invoked command in '/home/janelleg/ros2_ws/build/examples_rclpy_minimal_action_client' returned '0': PYTHONPATH=/home/janelleg/ros2_ws/build/examples_rclpy_minimal_action_client/prefix_override:/usr/lib/python3/dist-packages/colcon_core/task/python/colcon_distutils_commands:/home/janelleg/ros2_ws/install/examples_rclpy_minimal_action_client/lib/python3.10/site-packages:${PYTHONPATH} /usr/bin/python3 -W ignore:setup.py install is deprecated setup.py develop --editable --build-directory /home/janelleg/ros2_ws/build/examples_rclpy_minimal_action_client/build --no-deps symlink_data
