[0.018s] Invoking command in '/home/janelleg/ros2_ws/build/examples_rclcpp_wait_set': CMAKE_PREFIX_PATH=/opt/ros/humble /usr/bin/cmake --build /home/janelleg/ros2_ws/build/examples_rclcpp_wait_set -- -j8 -l8
[0.170s] [  8%] Built target listener
[0.181s] [ 16%] Built target wait_set_talker
[0.188s] [ 25%] Built target static_wait_set
[0.198s] [ 33%] Built target wait_set_listener
[0.208s] [ 41%] Built target wait_set_topics_and_timer
[0.211s] [ 50%] Built target talker
[0.218s] [ 58%] Built target thread_safe_wait_set
[0.230s] [ 66%] Built target wait_set
[0.256s] [ 75%] Built target wait_set_random_order
[0.267s] [ 83%] Built target executor_random_order
[0.276s] [ 91%] Built target wait_set_topics_with_different_rates
[0.293s] [100%] Built target wait_set_composed
[0.318s] Invoked command in '/home/janelleg/ros2_ws/build/examples_rclcpp_wait_set' returned '0': CMAKE_PREFIX_PATH=/opt/ros/humble /usr/bin/cmake --build /home/janelleg/ros2_ws/build/examples_rclcpp_wait_set -- -j8 -l8
[0.851s] Invoking command in '/home/janelleg/ros2_ws/build/examples_rclcpp_wait_set': CMAKE_PREFIX_PATH=/opt/ros/humble /usr/bin/cmake --install /home/janelleg/ros2_ws/build/examples_rclcpp_wait_set
[0.868s] -- Install configuration: ""
[0.869s] -- Execute custom install script
[0.869s] -- Up-to-date symlink: /home/janelleg/ros2_ws/install/examples_rclcpp_wait_set/lib/examples_rclcpp_wait_set/wait_set_talker
[0.870s] -- Up-to-date symlink: /home/janelleg/ros2_ws/install/examples_rclcpp_wait_set/lib/examples_rclcpp_wait_set/wait_set_listener
[0.870s] -- Up-to-date symlink: /home/janelleg/ros2_ws/install/examples_rclcpp_wait_set/lib/libtalker.so
[0.871s] -- Up-to-date symlink: /home/janelleg/ros2_ws/install/examples_rclcpp_wait_set/lib/liblistener.so
[0.871s] -- Up-to-date symlink: /home/janelleg/ros2_ws/install/examples_rclcpp_wait_set/lib/examples_rclcpp_wait_set/wait_set
[0.871s] -- Up-to-date symlink: /home/janelleg/ros2_ws/install/examples_rclcpp_wait_set/lib/examples_rclcpp_wait_set/static_wait_set
[0.872s] -- Up-to-date symlink: /home/janelleg/ros2_ws/install/examples_rclcpp_wait_set/lib/examples_rclcpp_wait_set/thread_safe_wait_set
[0.872s] -- Up-to-date symlink: /home/janelleg/ros2_ws/install/examples_rclcpp_wait_set/lib/examples_rclcpp_wait_set/wait_set_topics_and_timer
[0.872s] -- Up-to-date symlink: /home/janelleg/ros2_ws/install/examples_rclcpp_wait_set/lib/examples_rclcpp_wait_set/wait_set_random_order
[0.872s] -- Up-to-date symlink: /home/janelleg/ros2_ws/install/examples_rclcpp_wait_set/lib/examples_rclcpp_wait_set/executor_random_order
[0.873s] -- Up-to-date symlink: /home/janelleg/ros2_ws/install/examples_rclcpp_wait_set/lib/examples_rclcpp_wait_set/wait_set_topics_with_different_rates
[0.873s] -- Up-to-date symlink: /home/janelleg/ros2_ws/install/examples_rclcpp_wait_set/lib/examples_rclcpp_wait_set/wait_set_composed
[0.873s] -- Up-to-date symlink: /home/janelleg/ros2_ws/install/examples_rclcpp_wait_set/share/ament_index/resource_index/package_run_dependencies/examples_rclcpp_wait_set
[0.873s] -- Up-to-date symlink: /home/janelleg/ros2_ws/install/examples_rclcpp_wait_set/share/ament_index/resource_index/parent_prefix_path/examples_rclcpp_wait_set
[0.874s] -- Up-to-date symlink: /home/janelleg/ros2_ws/install/examples_rclcpp_wait_set/share/examples_rclcpp_wait_set/environment/ament_prefix_path.sh
[0.874s] -- Up-to-date symlink: /home/janelleg/ros2_ws/install/examples_rclcpp_wait_set/share/examples_rclcpp_wait_set/environment/ament_prefix_path.dsv
[0.875s] -- Up-to-date symlink: /home/janelleg/ros2_ws/install/examples_rclcpp_wait_set/share/examples_rclcpp_wait_set/environment/path.sh
[0.875s] -- Up-to-date symlink: /home/janelleg/ros2_ws/install/examples_rclcpp_wait_set/share/examples_rclcpp_wait_set/environment/path.dsv
[0.875s] -- Up-to-date symlink: /home/janelleg/ros2_ws/install/examples_rclcpp_wait_set/share/examples_rclcpp_wait_set/local_setup.bash
[0.875s] -- Up-to-date symlink: /home/janelleg/ros2_ws/install/examples_rclcpp_wait_set/share/examples_rclcpp_wait_set/local_setup.sh
[0.876s] -- Up-to-date symlink: /home/janelleg/ros2_ws/install/examples_rclcpp_wait_set/share/examples_rclcpp_wait_set/local_setup.zsh
[0.876s] -- Up-to-date symlink: /home/janelleg/ros2_ws/install/examples_rclcpp_wait_set/share/examples_rclcpp_wait_set/local_setup.dsv
[0.876s] -- Symlinking: /home/janelleg/ros2_ws/install/examples_rclcpp_wait_set/share/examples_rclcpp_wait_set/package.dsv
[0.892s] -- Up-to-date symlink: /home/janelleg/ros2_ws/install/examples_rclcpp_wait_set/share/ament_index/resource_index/packages/examples_rclcpp_wait_set
[0.893s] -- Up-to-date symlink: /home/janelleg/ros2_ws/install/examples_rclcpp_wait_set/share/ament_index/resource_index/rclcpp_components/examples_rclcpp_wait_set
[0.893s] -- Up-to-date symlink: /home/janelleg/ros2_ws/install/examples_rclcpp_wait_set/share/examples_rclcpp_wait_set/cmake/examples_rclcpp_wait_setConfig.cmake
[0.893s] -- Up-to-date symlink: /home/janelleg/ros2_ws/install/examples_rclcpp_wait_set/share/examples_rclcpp_wait_set/cmake/examples_rclcpp_wait_setConfig-version.cmake
[0.894s] -- Up-to-date symlink: /home/janelleg/ros2_ws/install/examples_rclcpp_wait_set/share/examples_rclcpp_wait_set/package.xml
[0.898s] Invoked command in '/home/janelleg/ros2_ws/build/examples_rclcpp_wait_set' returned '0': CMAKE_PREFIX_PATH=/opt/ros/humble /usr/bin/cmake --install /home/janelleg/ros2_ws/build/examples_rclcpp_wait_set
