[2.794s] Invoking command in '/home/janelleg/ros2_ws/build/examples_rclpy_minimal_action_client': PYTHONPATH=/home/janelleg/ros2_ws/build/examples_rclpy_minimal_action_client/prefix_override:/usr/lib/python3/dist-packages/colcon_core/task/python/colcon_distutils_commands:/home/janelleg/ros2_ws/install/examples_rclpy_minimal_action_client/lib/python3.10/site-packages:${PYTHONPATH} /usr/bin/python3 -W ignore:setup.py install is deprecated setup.py develop --editable --build-directory /home/janelleg/ros2_ws/build/examples_rclpy_minimal_action_client/build --no-deps symlink_data
[3.943s] running develop
[3.944s] /usr/lib/python3/dist-packages/setuptools/command/easy_install.py:158: EasyInstallDeprecationWarning: easy_install command is deprecated. Use build and pip and other standards-based tools.
[3.944s]   warnings.warn(
[4.471s] running egg_info
[4.471s] creating examples_rclpy_minimal_action_client.egg-info
[4.476s] writing examples_rclpy_minimal_action_client.egg-info/PKG-INFO
[4.476s] writing dependency_links to examples_rclpy_minimal_action_client.egg-info/dependency_links.txt
[4.478s] writing entry points to examples_rclpy_minimal_action_client.egg-info/entry_points.txt
[4.480s] writing requirements to examples_rclpy_minimal_action_client.egg-info/requires.txt
[4.481s] writing top-level names to examples_rclpy_minimal_action_client.egg-info/top_level.txt
[4.483s] writing manifest file 'examples_rclpy_minimal_action_client.egg-info/SOURCES.txt'
[4.500s] reading manifest file 'examples_rclpy_minimal_action_client.egg-info/SOURCES.txt'
[4.502s] writing manifest file 'examples_rclpy_minimal_action_client.egg-info/SOURCES.txt'
[4.518s] running build_ext
[4.519s] Creating /home/janelleg/ros2_ws/install/examples_rclpy_minimal_action_client/lib/python3.10/site-packages/examples-rclpy-minimal-action-client.egg-link (link to .)
[4.526s] Installing client script to /home/janelleg/ros2_ws/install/examples_rclpy_minimal_action_client/lib/examples_rclpy_minimal_action_client
[4.526s] Installing client_asyncio script to /home/janelleg/ros2_ws/install/examples_rclpy_minimal_action_client/lib/examples_rclpy_minimal_action_client
[4.526s] Installing client_cancel script to /home/janelleg/ros2_ws/install/examples_rclpy_minimal_action_client/lib/examples_rclpy_minimal_action_client
[4.530s] Installing client_not_composable script to /home/janelleg/ros2_ws/install/examples_rclpy_minimal_action_client/lib/examples_rclpy_minimal_action_client
[4.533s] 
[4.534s] Installed /home/janelleg/ros2_ws/build/examples_rclpy_minimal_action_client
[4.534s] running symlink_data
[4.534s] creating /home/janelleg/ros2_ws/install/examples_rclpy_minimal_action_client/share/ament_index
[4.534s] creating /home/janelleg/ros2_ws/install/examples_rclpy_minimal_action_client/share/ament_index/resource_index
[4.535s] creating /home/janelleg/ros2_ws/install/examples_rclpy_minimal_action_client/share/ament_index/resource_index/packages
[4.535s] symbolically linking /home/janelleg/ros2_ws/build/examples_rclpy_minimal_action_client/resource/examples_rclpy_minimal_action_client -> /home/janelleg/ros2_ws/install/examples_rclpy_minimal_action_client/share/ament_index/resource_index/packages
[4.535s] symbolically linking /home/janelleg/ros2_ws/build/examples_rclpy_minimal_action_client/package.xml -> /home/janelleg/ros2_ws/install/examples_rclpy_minimal_action_client/share/examples_rclpy_minimal_action_client
[4.631s] Invoked command in '/home/janelleg/ros2_ws/build/examples_rclpy_minimal_action_client' returned '0': PYTHONPATH=/home/janelleg/ros2_ws/build/examples_rclpy_minimal_action_client/prefix_override:/usr/lib/python3/dist-packages/colcon_core/task/python/colcon_distutils_commands:/home/janelleg/ros2_ws/install/examples_rclpy_minimal_action_client/lib/python3.10/site-packages:${PYTHONPATH} /usr/bin/python3 -W ignore:setup.py install is deprecated setup.py develop --editable --build-directory /home/janelleg/ros2_ws/build/examples_rclpy_minimal_action_client/build --no-deps symlink_data
