[0.035s] Invoking command in '/home/janelleg/ros2_ws/build/cpp_pubsub': CMAKE_PREFIX_PATH=${CMAKE_PREFIX_PATH}:/home/janelleg/ros2_ws/install/py_pubsub:/home/janelleg/ros2_ws/install/my_package:/home/janelleg/ros2_ws/install/launch_testing_examples:/home/janelleg/ros2_ws/install/examples_rclpy_pointcloud_publisher:/home/janelleg/ros2_ws/install/examples_rclpy_minimal_subscriber:/home/janelleg/ros2_ws/install/examples_rclpy_minimal_service:/home/janelleg/ros2_ws/install/examples_rclpy_minimal_publisher:/home/janelleg/ros2_ws/install/examples_rclpy_minimal_client:/home/janelleg/ros2_ws/install/examples_rclpy_minimal_action_server:/home/janelleg/ros2_ws/install/examples_rclpy_minimal_action_client:/home/janelleg/ros2_ws/install/examples_rclpy_guard_conditions:/home/janelleg/ros2_ws/install/examples_rclpy_executors:/opt/ros/humble /usr/bin/cmake --build /home/janelleg/ros2_ws/build/cpp_pubsub -- -j8 -l8
[0.166s] [ 50%] Built target talker
[0.179s] [100%] Built target listener
[0.202s] Invoked command in '/home/janelleg/ros2_ws/build/cpp_pubsub' returned '0': CMAKE_PREFIX_PATH=${CMAKE_PREFIX_PATH}:/home/janelleg/ros2_ws/install/py_pubsub:/home/janelleg/ros2_ws/install/my_package:/home/janelleg/ros2_ws/install/launch_testing_examples:/home/janelleg/ros2_ws/install/examples_rclpy_pointcloud_publisher:/home/janelleg/ros2_ws/install/examples_rclpy_minimal_subscriber:/home/janelleg/ros2_ws/install/examples_rclpy_minimal_service:/home/janelleg/ros2_ws/install/examples_rclpy_minimal_publisher:/home/janelleg/ros2_ws/install/examples_rclpy_minimal_client:/home/janelleg/ros2_ws/install/examples_rclpy_minimal_action_server:/home/janelleg/ros2_ws/install/examples_rclpy_minimal_action_client:/home/janelleg/ros2_ws/install/examples_rclpy_guard_conditions:/home/janelleg/ros2_ws/install/examples_rclpy_executors:/opt/ros/humble /usr/bin/cmake --build /home/janelleg/ros2_ws/build/cpp_pubsub -- -j8 -l8
[0.299s] Invoking command in '/home/janelleg/ros2_ws/build/cpp_pubsub': CMAKE_PREFIX_PATH=${CMAKE_PREFIX_PATH}:/home/janelleg/ros2_ws/install/py_pubsub:/home/janelleg/ros2_ws/install/my_package:/home/janelleg/ros2_ws/install/launch_testing_examples:/home/janelleg/ros2_ws/install/examples_rclpy_pointcloud_publisher:/home/janelleg/ros2_ws/install/examples_rclpy_minimal_subscriber:/home/janelleg/ros2_ws/install/examples_rclpy_minimal_service:/home/janelleg/ros2_ws/install/examples_rclpy_minimal_publisher:/home/janelleg/ros2_ws/install/examples_rclpy_minimal_client:/home/janelleg/ros2_ws/install/examples_rclpy_minimal_action_server:/home/janelleg/ros2_ws/install/examples_rclpy_minimal_action_client:/home/janelleg/ros2_ws/install/examples_rclpy_guard_conditions:/home/janelleg/ros2_ws/install/examples_rclpy_executors:/opt/ros/humble /usr/bin/cmake --install /home/janelleg/ros2_ws/build/cpp_pubsub
[0.323s] -- Install configuration: ""
[0.324s] -- Execute custom install script
[0.324s] -- Up-to-date symlink: /home/janelleg/ros2_ws/install/cpp_pubsub/lib/cpp_pubsub/talker
[0.325s] -- Up-to-date symlink: /home/janelleg/ros2_ws/install/cpp_pubsub/lib/cpp_pubsub/talker
[0.325s] -- Up-to-date symlink: /home/janelleg/ros2_ws/install/cpp_pubsub/lib/cpp_pubsub/listener
[0.326s] -- Up-to-date symlink: /home/janelleg/ros2_ws/install/cpp_pubsub/share/ament_index/resource_index/package_run_dependencies/cpp_pubsub
[0.326s] -- Up-to-date symlink: /home/janelleg/ros2_ws/install/cpp_pubsub/share/ament_index/resource_index/parent_prefix_path/cpp_pubsub
[0.327s] -- Up-to-date symlink: /home/janelleg/ros2_ws/install/cpp_pubsub/share/cpp_pubsub/environment/ament_prefix_path.sh
[0.327s] -- Up-to-date symlink: /home/janelleg/ros2_ws/install/cpp_pubsub/share/cpp_pubsub/environment/ament_prefix_path.dsv
[0.327s] -- Up-to-date symlink: /home/janelleg/ros2_ws/install/cpp_pubsub/share/cpp_pubsub/environment/path.sh
[0.328s] -- Up-to-date symlink: /home/janelleg/ros2_ws/install/cpp_pubsub/share/cpp_pubsub/environment/path.dsv
[0.328s] -- Up-to-date symlink: /home/janelleg/ros2_ws/install/cpp_pubsub/share/cpp_pubsub/local_setup.bash
[0.328s] -- Up-to-date symlink: /home/janelleg/ros2_ws/install/cpp_pubsub/share/cpp_pubsub/local_setup.sh
[0.328s] -- Up-to-date symlink: /home/janelleg/ros2_ws/install/cpp_pubsub/share/cpp_pubsub/local_setup.zsh
[0.329s] -- Up-to-date symlink: /home/janelleg/ros2_ws/install/cpp_pubsub/share/cpp_pubsub/local_setup.dsv
[0.329s] -- Symlinking: /home/janelleg/ros2_ws/install/cpp_pubsub/share/cpp_pubsub/package.dsv
[0.348s] -- Up-to-date symlink: /home/janelleg/ros2_ws/install/cpp_pubsub/share/ament_index/resource_index/packages/cpp_pubsub
[0.348s] -- Up-to-date symlink: /home/janelleg/ros2_ws/install/cpp_pubsub/share/cpp_pubsub/cmake/cpp_pubsubConfig.cmake
[0.349s] -- Up-to-date symlink: /home/janelleg/ros2_ws/install/cpp_pubsub/share/cpp_pubsub/cmake/cpp_pubsubConfig-version.cmake
[0.350s] -- Up-to-date symlink: /home/janelleg/ros2_ws/install/cpp_pubsub/share/cpp_pubsub/package.xml
[0.355s] Invoked command in '/home/janelleg/ros2_ws/build/cpp_pubsub' returned '0': CMAKE_PREFIX_PATH=${CMAKE_PREFIX_PATH}:/home/janelleg/ros2_ws/install/py_pubsub:/home/janelleg/ros2_ws/install/my_package:/home/janelleg/ros2_ws/install/launch_testing_examples:/home/janelleg/ros2_ws/install/examples_rclpy_pointcloud_publisher:/home/janelleg/ros2_ws/install/examples_rclpy_minimal_subscriber:/home/janelleg/ros2_ws/install/examples_rclpy_minimal_service:/home/janelleg/ros2_ws/install/examples_rclpy_minimal_publisher:/home/janelleg/ros2_ws/install/examples_rclpy_minimal_client:/home/janelleg/ros2_ws/install/examples_rclpy_minimal_action_server:/home/janelleg/ros2_ws/install/examples_rclpy_minimal_action_client:/home/janelleg/ros2_ws/install/examples_rclpy_guard_conditions:/home/janelleg/ros2_ws/install/examples_rclpy_executors:/opt/ros/humble /usr/bin/cmake --install /home/janelleg/ros2_ws/build/cpp_pubsub
