[2.601s] Invoking command in '/home/janelleg/ros2_ws/build/examples_rclpy_minimal_action_server': PYTHONPATH=/home/janelleg/ros2_ws/build/examples_rclpy_minimal_action_server/prefix_override:/usr/lib/python3/dist-packages/colcon_core/task/python/colcon_distutils_commands:/home/janelleg/ros2_ws/install/examples_rclpy_minimal_action_server/lib/python3.10/site-packages:${PYTHONPATH} /usr/bin/python3 -W ignore:setup.py install is deprecated setup.py develop --editable --build-directory /home/janelleg/ros2_ws/build/examples_rclpy_minimal_action_server/build --no-deps symlink_data
[3.646s] running develop
[3.646s] /usr/lib/python3/dist-packages/setuptools/command/easy_install.py:158: EasyInstallDeprecationWarning: easy_install command is deprecated. Use build and pip and other standards-based tools.
[3.646s]   warnings.warn(
[4.417s] running egg_info
[4.417s] creating examples_rclpy_minimal_action_server.egg-info
[4.418s] writing examples_rclpy_minimal_action_server.egg-info/PKG-INFO
[4.421s] writing dependency_links to examples_rclpy_minimal_action_server.egg-info/dependency_links.txt
[4.421s] writing entry points to examples_rclpy_minimal_action_server.egg-info/entry_points.txt
[4.421s] writing requirements to examples_rclpy_minimal_action_server.egg-info/requires.txt
[4.422s] writing top-level names to examples_rclpy_minimal_action_server.egg-info/top_level.txt
[4.423s] writing manifest file 'examples_rclpy_minimal_action_server.egg-info/SOURCES.txt'
[4.434s] reading manifest file 'examples_rclpy_minimal_action_server.egg-info/SOURCES.txt'
[4.435s] writing manifest file 'examples_rclpy_minimal_action_server.egg-info/SOURCES.txt'
[4.438s] running build_ext
[4.447s] Creating /home/janelleg/ros2_ws/install/examples_rclpy_minimal_action_server/lib/python3.10/site-packages/examples-rclpy-minimal-action-server.egg-link (link to .)
[4.447s] Installing server script to /home/janelleg/ros2_ws/install/examples_rclpy_minimal_action_server/lib/examples_rclpy_minimal_action_server
[4.448s] Installing server_defer script to /home/janelleg/ros2_ws/install/examples_rclpy_minimal_action_server/lib/examples_rclpy_minimal_action_server
[4.448s] Installing server_not_composable script to /home/janelleg/ros2_ws/install/examples_rclpy_minimal_action_server/lib/examples_rclpy_minimal_action_server
[4.448s] Installing server_queue_goals script to /home/janelleg/ros2_ws/install/examples_rclpy_minimal_action_server/lib/examples_rclpy_minimal_action_server
[4.449s] Installing server_single_goal script to /home/janelleg/ros2_ws/install/examples_rclpy_minimal_action_server/lib/examples_rclpy_minimal_action_server
[4.449s] 
[4.449s] Installed /home/janelleg/ros2_ws/build/examples_rclpy_minimal_action_server
[4.453s] running symlink_data
[4.454s] creating /home/janelleg/ros2_ws/install/examples_rclpy_minimal_action_server/share/ament_index
[4.454s] creating /home/janelleg/ros2_ws/install/examples_rclpy_minimal_action_server/share/ament_index/resource_index
[4.454s] creating /home/janelleg/ros2_ws/install/examples_rclpy_minimal_action_server/share/ament_index/resource_index/packages
[4.454s] symbolically linking /home/janelleg/ros2_ws/build/examples_rclpy_minimal_action_server/resource/examples_rclpy_minimal_action_server -> /home/janelleg/ros2_ws/install/examples_rclpy_minimal_action_server/share/ament_index/resource_index/packages
[4.455s] symbolically linking /home/janelleg/ros2_ws/build/examples_rclpy_minimal_action_server/package.xml -> /home/janelleg/ros2_ws/install/examples_rclpy_minimal_action_server/share/examples_rclpy_minimal_action_server
[4.553s] Invoked command in '/home/janelleg/ros2_ws/build/examples_rclpy_minimal_action_server' returned '0': PYTHONPATH=/home/janelleg/ros2_ws/build/examples_rclpy_minimal_action_server/prefix_override:/usr/lib/python3/dist-packages/colcon_core/task/python/colcon_distutils_commands:/home/janelleg/ros2_ws/install/examples_rclpy_minimal_action_server/lib/python3.10/site-packages:${PYTHONPATH} /usr/bin/python3 -W ignore:setup.py install is deprecated setup.py develop --editable --build-directory /home/janelleg/ros2_ws/build/examples_rclpy_minimal_action_server/build --no-deps symlink_data
