[1.166s] Invoking command in '/home/janelleg/ros2_ws/build/examples_rclpy_pointcloud_publisher': PYTHONPATH=/home/janelleg/ros2_ws/build/examples_rclpy_pointcloud_publisher/prefix_override:/usr/lib/python3/dist-packages/colcon_core/task/python/colcon_distutils_commands:/home/janelleg/ros2_ws/install/examples_rclpy_pointcloud_publisher/lib/python3.10/site-packages:${PYTHONPATH} /usr/bin/python3 -W ignore:setup.py install is deprecated setup.py develop --editable --build-directory /home/janelleg/ros2_ws/build/examples_rclpy_pointcloud_publisher/build --no-deps symlink_data
[1.651s] running develop
[1.652s] /usr/lib/python3/dist-packages/setuptools/command/easy_install.py:158: EasyInstallDeprecationWarning: easy_install command is deprecated. Use build and pip and other standards-based tools.
[1.652s]   warnings.warn(
[1.947s] running egg_info
[1.947s] creating examples_rclpy_pointcloud_publisher.egg-info
[1.948s] writing examples_rclpy_pointcloud_publisher.egg-info/PKG-INFO
[1.948s] writing dependency_links to examples_rclpy_pointcloud_publisher.egg-info/dependency_links.txt
[1.949s] writing entry points to examples_rclpy_pointcloud_publisher.egg-info/entry_points.txt
[1.949s] writing requirements to examples_rclpy_pointcloud_publisher.egg-info/requires.txt
[1.949s] writing top-level names to examples_rclpy_pointcloud_publisher.egg-info/top_level.txt
[1.949s] writing manifest file 'examples_rclpy_pointcloud_publisher.egg-info/SOURCES.txt'
[1.963s] reading manifest file 'examples_rclpy_pointcloud_publisher.egg-info/SOURCES.txt'
[1.964s] writing manifest file 'examples_rclpy_pointcloud_publisher.egg-info/SOURCES.txt'
[1.969s] running build_ext
[1.969s] Creating /home/janelleg/ros2_ws/install/examples_rclpy_pointcloud_publisher/lib/python3.10/site-packages/examples-rclpy-pointcloud-publisher.egg-link (link to .)
[1.972s] Installing pointcloud_publisher script to /home/janelleg/ros2_ws/install/examples_rclpy_pointcloud_publisher/lib/examples_rclpy_pointcloud_publisher
[1.973s] 
[1.973s] Installed /home/janelleg/ros2_ws/build/examples_rclpy_pointcloud_publisher
[1.973s] running symlink_data
[1.974s] creating /home/janelleg/ros2_ws/install/examples_rclpy_pointcloud_publisher/share/ament_index
[1.974s] creating /home/janelleg/ros2_ws/install/examples_rclpy_pointcloud_publisher/share/ament_index/resource_index
[1.974s] creating /home/janelleg/ros2_ws/install/examples_rclpy_pointcloud_publisher/share/ament_index/resource_index/packages
[1.975s] symbolically linking /home/janelleg/ros2_ws/build/examples_rclpy_pointcloud_publisher/resource/examples_rclpy_pointcloud_publisher -> /home/janelleg/ros2_ws/install/examples_rclpy_pointcloud_publisher/share/ament_index/resource_index/packages
[1.975s] symbolically linking /home/janelleg/ros2_ws/build/examples_rclpy_pointcloud_publisher/package.xml -> /home/janelleg/ros2_ws/install/examples_rclpy_pointcloud_publisher/share/examples_rclpy_pointcloud_publisher
[2.031s] Invoked command in '/home/janelleg/ros2_ws/build/examples_rclpy_pointcloud_publisher' returned '0': PYTHONPATH=/home/janelleg/ros2_ws/build/examples_rclpy_pointcloud_publisher/prefix_override:/usr/lib/python3/dist-packages/colcon_core/task/python/colcon_distutils_commands:/home/janelleg/ros2_ws/install/examples_rclpy_pointcloud_publisher/lib/python3.10/site-packages:${PYTHONPATH} /usr/bin/python3 -W ignore:setup.py install is deprecated setup.py develop --editable --build-directory /home/janelleg/ros2_ws/build/examples_rclpy_pointcloud_publisher/build --no-deps symlink_data
