[0.029s] Invoking command in '/home/janelleg/second_ros2_ws/build/rviz_plugin_tutorial': AMENT_PREFIX_PATH=/home/janelleg/second_ros2_ws/install/rviz_plugin_tutorial_msgs:${AMENT_PREFIX_PATH} CMAKE_PREFIX_PATH=/home/janelleg/second_ros2_ws/install/rviz_plugin_tutorial_msgs:/opt/ros/humble LD_LIBRARY_PATH=/home/janelleg/second_ros2_ws/install/rviz_plugin_tutorial_msgs/lib:${LD_LIBRARY_PATH} PYTHONPATH=/home/janelleg/second_ros2_ws/install/rviz_plugin_tutorial_msgs/local/lib/python3.10/dist-packages:${PYTHONPATH} /usr/bin/cmake /home/janelleg/second_ros2_ws/src/rviz_plugin_tutorial/rviz_plugin_tutorial -DAMENT_CMAKE_SYMLINK_INSTALL=1 -DCMAKE_INSTALL_PREFIX=/home/janelleg/second_ros2_ws/install/rviz_plugin_tutorial
[0.045s] -- Found ament_cmake_ros: 0.10.0 (/opt/ros/humble/share/ament_cmake_ros/cmake)
[0.061s] [0mCMake Error: Could not open file for write in copy operation /CTestConfiguration.ini.tmp[0m
[0.061s] [0mCMake Error: : System Error: Permission denied[0m
[0.061s] [31mCMake Error at /opt/ros/humble/share/ament_cmake_test/cmake/ament_cmake_test-extras.cmake:34 (configure_file):
[0.062s]   configure_file Problem configuring file
[0.062s] Call Stack (most recent call first):
[0.062s]   /opt/ros/humble/share/ament_cmake_test/cmake/ament_cmake_testConfig.cmake:41 (include)
[0.062s]   /opt/ros/humble/share/ament_cmake_pytest/cmake/ament_cmake_pytest-extras.cmake:17 (find_package)
[0.062s]   /opt/ros/humble/share/ament_cmake_pytest/cmake/ament_cmake_pytestConfig.cmake:41 (include)
[0.063s]   /opt/ros/humble/share/ament_cmake_ros/cmake/ament_cmake_ros-extras.cmake:19 (find_package)
[0.063s]   /opt/ros/humble/share/ament_cmake_ros/cmake/ament_cmake_rosConfig.cmake:41 (include)
[0.063s]   CMakeLists.txt:1 (find_package)
[0.063s] 
[0.063s] [0m
[0.453s] -- Found Python3: /usr/bin/python3 (found version "3.10.12") found components: Interpreter 
[0.583s] -- Override CMake install command with custom implementation using symlinks instead of copying resources
[0.623s] [33mCMake Warning (dev) at /opt/ros/humble/share/ament_cmake_core/cmake/core/list_append_unique.cmake:30 (if):
[0.624s]   Policy CMP0057 is not set: Support new IN_LIST if() operator.  Run "cmake
[0.624s]   --help-policy CMP0057" for policy details.  Use the cmake_policy command to
[0.624s]   set the policy and suppress this warning.
[0.624s] 
[0.625s]   IN_LIST will be interpreted as an operator when the policy is set to NEW.
[0.625s]   Since the policy is not set the OLD behavior will be used.
[0.625s] Call Stack (most recent call first):
[0.625s]   /opt/ros/humble/share/ament_cmake_ros/cmake/ament_cmake_export_dependencies-extras.cmake:84 (list_append_unique)
[0.625s]   /opt/ros/humble/share/ament_cmake_ros/cmake/ament_cmake_rosConfig.cmake:41 (include)
[0.625s]   CMakeLists.txt:1 (find_package)
[0.625s] This warning is for project developers.  Use -Wno-dev to suppress it.
[0.625s] [0m
[0.625s] [31mCMake Error at /opt/ros/humble/share/ament_cmake_core/cmake/core/list_append_unique.cmake:30 (if):
[0.625s]   if given arguments:
[0.625s] 
[0.625s]     "NOT" "element" "IN_LIST" "ament_cmake_ros_RECURSIVE_DEPENDENCIES"
[0.626s] 
[0.626s]   Unknown arguments specified
[0.626s] Call Stack (most recent call first):
[0.626s]   /opt/ros/humble/share/ament_cmake_ros/cmake/ament_cmake_export_dependencies-extras.cmake:84 (list_append_unique)
[0.626s]   /opt/ros/humble/share/ament_cmake_ros/cmake/ament_cmake_rosConfig.cmake:41 (include)
[0.626s]   CMakeLists.txt:1 (find_package)
[0.626s] 
[0.626s] [0m
[0.626s] -- Configuring incomplete, errors occurred!
[0.626s] See also "/home/janelleg/second_ros2_ws/build/rviz_plugin_tutorial/CMakeFiles/CMakeOutput.log".
[0.628s] Invoked command in '/home/janelleg/second_ros2_ws/build/rviz_plugin_tutorial' returned '1': AMENT_PREFIX_PATH=/home/janelleg/second_ros2_ws/install/rviz_plugin_tutorial_msgs:${AMENT_PREFIX_PATH} CMAKE_PREFIX_PATH=/home/janelleg/second_ros2_ws/install/rviz_plugin_tutorial_msgs:/opt/ros/humble LD_LIBRARY_PATH=/home/janelleg/second_ros2_ws/install/rviz_plugin_tutorial_msgs/lib:${LD_LIBRARY_PATH} PYTHONPATH=/home/janelleg/second_ros2_ws/install/rviz_plugin_tutorial_msgs/local/lib/python3.10/dist-packages:${PYTHONPATH} /usr/bin/cmake /home/janelleg/second_ros2_ws/src/rviz_plugin_tutorial/rviz_plugin_tutorial -DAMENT_CMAKE_SYMLINK_INSTALL=1 -DCMAKE_INSTALL_PREFIX=/home/janelleg/second_ros2_ws/install/rviz_plugin_tutorial
