[0.014s] Invoking command in '/home/janelleg/ros2_ws/build/turtlesim': CMAKE_PREFIX_PATH=/opt/ros/humble /usr/bin/cmake /home/janelleg/ros2_ws/src/ros_tutorials/turtlesim -DAMENT_CMAKE_SYMLINK_INSTALL=1 -DCMAKE_INSTALL_PREFIX=/home/janelleg/ros2_ws/install/turtlesim
[0.134s] -- The C compiler identification is GNU 11.4.0
[0.263s] -- The CXX compiler identification is GNU 11.4.0
[0.279s] -- Detecting C compiler ABI info
[0.430s] -- Detecting C compiler ABI info - done
[0.447s] -- Check for working C compiler: /usr/bin/cc - skipped
[0.447s] -- Detecting C compile features
[0.448s] -- Detecting C compile features - done
[0.456s] -- Detecting CXX compiler ABI info
[0.689s] -- Detecting CXX compiler ABI info - done
[0.711s] -- Check for working CXX compiler: /usr/bin/c++ - skipped
[0.711s] -- Detecting CXX compile features
[0.713s] -- Detecting CXX compile features - done
[0.717s] -- Found ament_cmake: 1.3.10 (/opt/ros/humble/share/ament_cmake/cmake)
[1.091s] -- Found Python3: /usr/bin/python3 (found version "3.10.12") found components: Interpreter 
[1.238s] -- Override CMake install command with custom implementation using symlinks instead of copying resources
[1.278s] -- Found ament_index_cpp: 1.4.0 (/opt/ros/humble/share/ament_index_cpp/cmake)
[1.290s] -- Found geometry_msgs: 4.2.4 (/opt/ros/humble/share/geometry_msgs/cmake)
[1.361s] -- Found rosidl_generator_c: 3.1.5 (/opt/ros/humble/share/rosidl_generator_c/cmake)
[1.370s] -- Found rosidl_adapter: 3.1.5 (/opt/ros/humble/share/rosidl_adapter/cmake)
[1.386s] -- Found rosidl_generator_cpp: 3.1.5 (/opt/ros/humble/share/rosidl_generator_cpp/cmake)
[1.409s] -- Using all available rosidl_typesupport_c: rosidl_typesupport_fastrtps_c;rosidl_typesupport_introspection_c
[1.440s] -- Using all available rosidl_typesupport_cpp: rosidl_typesupport_fastrtps_cpp;rosidl_typesupport_introspection_cpp
[1.558s] -- Found rclcpp: 16.0.10 (/opt/ros/humble/share/rclcpp/cmake)
[1.624s] -- Found rmw_implementation_cmake: 6.1.2 (/opt/ros/humble/share/rmw_implementation_cmake/cmake)
[1.629s] -- Found rmw_fastrtps_cpp: 6.2.7 (/opt/ros/humble/share/rmw_fastrtps_cpp/cmake)
[1.821s] -- Found OpenSSL: /usr/lib/x86_64-linux-gnu/libcrypto.so (found version "3.0.2")  
[1.876s] -- Found FastRTPS: /opt/ros/humble/include  
[1.956s] -- Using RMW implementation 'rmw_fastrtps_cpp' as default
[1.970s] -- Looking for pthread.h
[2.125s] -- Looking for pthread.h - found
[2.125s] -- Performing Test CMAKE_HAVE_LIBC_PTHREAD
[2.285s] -- Performing Test CMAKE_HAVE_LIBC_PTHREAD - Success
[2.287s] -- Found Threads: TRUE  
[2.372s] -- Found rclcpp_action: 16.0.10 (/opt/ros/humble/share/rclcpp_action/cmake)
[2.441s] -- Found rosidl_default_generators: 1.2.0 (/opt/ros/humble/share/rosidl_default_generators/cmake)
[2.463s] -- Found std_srvs: 4.2.4 (/opt/ros/humble/share/std_srvs/cmake)
[3.180s] -- Found ament_cmake_ros: 0.10.0 (/opt/ros/humble/share/ament_cmake_ros/cmake)
[3.898s] -- Using all available rosidl_typesupport_c: rosidl_typesupport_fastrtps_c;rosidl_typesupport_introspection_c
[4.221s] -- Using all available rosidl_typesupport_cpp: rosidl_typesupport_fastrtps_cpp;rosidl_typesupport_introspection_cpp
[4.297s] -- Found PythonInterp: /usr/bin/python3 (found suitable version "3.10.12", minimum required is "3.6") 
[4.300s] -- Found python_cmake_module: 0.10.0 (/opt/ros/humble/share/python_cmake_module/cmake)
[4.362s] -- Found PythonLibs: /usr/lib/x86_64-linux-gnu/libpython3.10.so (found suitable version "3.10.12", minimum required is "3.5") 
[4.362s] -- Using PYTHON_EXECUTABLE: /usr/bin/python3
[4.362s] -- Using PYTHON_INCLUDE_DIRS: /usr/include/python3.10
[4.363s] -- Using PYTHON_LIBRARIES: /usr/lib/x86_64-linux-gnu/libpython3.10.so
[4.420s] -- Found PythonExtra: .so  
[4.559s] -- Configuring done
[4.698s] -- Generating done
[4.709s] -- Build files have been written to: /home/janelleg/ros2_ws/build/turtlesim
[4.746s] Invoked command in '/home/janelleg/ros2_ws/build/turtlesim' returned '0': CMAKE_PREFIX_PATH=/opt/ros/humble /usr/bin/cmake /home/janelleg/ros2_ws/src/ros_tutorials/turtlesim -DAMENT_CMAKE_SYMLINK_INSTALL=1 -DCMAKE_INSTALL_PREFIX=/home/janelleg/ros2_ws/install/turtlesim
[4.750s] Invoking command in '/home/janelleg/ros2_ws/build/turtlesim': CMAKE_PREFIX_PATH=/opt/ros/humble /usr/bin/cmake --build /home/janelleg/ros2_ws/build/turtlesim -- -j8 -l8
[4.866s] [  1%] [34m[1mGenerating C code for ROS interfaces[0m
[4.877s] [  2%] [34m[1mGenerating C++ code for ROS interfaces[0m
[4.905s] [  2%] Built target ament_cmake_python_symlink_turtlesim
[5.508s] running egg_info
[5.509s] creating turtlesim.egg-info
[5.510s] writing turtlesim.egg-info/PKG-INFO
[5.510s] writing dependency_links to turtlesim.egg-info/dependency_links.txt
[5.510s] writing top-level names to turtlesim.egg-info/top_level.txt
[5.511s] writing manifest file 'turtlesim.egg-info/SOURCES.txt'
[5.514s] reading manifest file 'turtlesim.egg-info/SOURCES.txt'
[5.516s] writing manifest file 'turtlesim.egg-info/SOURCES.txt'
[5.573s] [  2%] Built target ament_cmake_python_build_turtlesim_egg
[6.776s] [  3%] [32mBuilding C object CMakeFiles/turtlesim__rosidl_generator_c.dir/rosidl_generator_c/turtlesim/srv/detail/kill__functions.c.o[0m
[6.784s] [  4%] [32mBuilding C object CMakeFiles/turtlesim__rosidl_generator_c.dir/rosidl_generator_c/turtlesim/srv/detail/teleport_absolute__functions.c.o[0m
[6.784s] [  5%] [32mBuilding C object CMakeFiles/turtlesim__rosidl_generator_c.dir/rosidl_generator_c/turtlesim/srv/detail/set_pen__functions.c.o[0m
[6.785s] [  6%] [32mBuilding C object CMakeFiles/turtlesim__rosidl_generator_c.dir/rosidl_generator_c/turtlesim/srv/detail/spawn__functions.c.o[0m
[6.785s] [  8%] [32mBuilding C object CMakeFiles/turtlesim__rosidl_generator_c.dir/rosidl_generator_c/turtlesim/action/detail/rotate_absolute__functions.c.o[0m
[6.785s] [  8%] [32mBuilding C object CMakeFiles/turtlesim__rosidl_generator_c.dir/rosidl_generator_c/turtlesim/msg/detail/pose__functions.c.o[0m
[6.791s] [  9%] [32mBuilding C object CMakeFiles/turtlesim__rosidl_generator_c.dir/rosidl_generator_c/turtlesim/msg/detail/color__functions.c.o[0m
[6.957s] [ 10%] [32mBuilding C object CMakeFiles/turtlesim__rosidl_generator_c.dir/rosidl_generator_c/turtlesim/srv/detail/teleport_relative__functions.c.o[0m
[7.074s] [ 10%] Built target turtlesim__cpp
[7.106s] [ 13%] [34m[1mGenerating C++ type support dispatch for ROS interfaces[0m
[7.107s] [ 13%] [34m[1mGenerating C++ type support for eProsima Fast-RTPS[0m
[7.107s] [ 13%] [34m[1mGenerating C++ introspection for ROS interfaces[0m
[7.192s] [ 14%] [32m[1mLinking C shared library libturtlesim__rosidl_generator_c.so[0m
[7.275s] [ 14%] Built target turtlesim__rosidl_generator_c
[7.296s] [ 15%] [34m[1mGenerating C type support for eProsima Fast-RTPS[0m
[7.299s] [ 16%] [34m[1mGenerating C introspection for ROS interfaces[0m
[7.307s] [ 17%] [34m[1mGenerating C type support dispatch for ROS interfaces[0m
[8.320s] [ 19%] [32mBuilding CXX object CMakeFiles/turtlesim__rosidl_typesupport_cpp.dir/rosidl_typesupport_cpp/turtlesim/action/rotate_absolute__type_support.cpp.o[0m
[8.321s] [ 19%] [32mBuilding CXX object CMakeFiles/turtlesim__rosidl_typesupport_cpp.dir/rosidl_typesupport_cpp/turtlesim/msg/color__type_support.cpp.o[0m
[8.324s] [ 20%] [32mBuilding CXX object CMakeFiles/turtlesim__rosidl_typesupport_cpp.dir/rosidl_typesupport_cpp/turtlesim/msg/pose__type_support.cpp.o[0m
[8.831s] [ 21%] [32mBuilding CXX object CMakeFiles/turtlesim__rosidl_typesupport_c.dir/rosidl_typesupport_c/turtlesim/action/rotate_absolute__type_support.cpp.o[0m
[9.159s] [ 22%] [32mBuilding CXX object CMakeFiles/turtlesim__rosidl_typesupport_c.dir/rosidl_typesupport_c/turtlesim/msg/color__type_support.cpp.o[0m
[9.179s] [ 23%] [32mBuilding CXX object CMakeFiles/turtlesim__rosidl_typesupport_cpp.dir/rosidl_typesupport_cpp/turtlesim/srv/kill__type_support.cpp.o[0m
[9.261s] [ 24%] [32mBuilding CXX object CMakeFiles/turtlesim__rosidl_typesupport_c.dir/rosidl_typesupport_c/turtlesim/msg/pose__type_support.cpp.o[0m
[9.263s] [ 25%] [32mBuilding CXX object CMakeFiles/turtlesim__rosidl_typesupport_cpp.dir/rosidl_typesupport_cpp/turtlesim/srv/set_pen__type_support.cpp.o[0m
[9.343s] [ 26%] [32mBuilding CXX object CMakeFiles/turtlesim__rosidl_typesupport_c.dir/rosidl_typesupport_c/turtlesim/srv/kill__type_support.cpp.o[0m
[9.459s] [ 27%] [32mBuilding CXX object CMakeFiles/turtlesim__rosidl_typesupport_c.dir/rosidl_typesupport_c/turtlesim/srv/set_pen__type_support.cpp.o[0m
[9.569s] [ 28%] [32mBuilding CXX object CMakeFiles/turtlesim__rosidl_typesupport_c.dir/rosidl_typesupport_c/turtlesim/srv/spawn__type_support.cpp.o[0m
[9.618s] [ 29%] [32mBuilding C object CMakeFiles/turtlesim__rosidl_typesupport_introspection_c.dir/rosidl_typesupport_introspection_c/turtlesim/action/detail/rotate_absolute__type_support.c.o[0m
[9.707s] [ 30%] [32mBuilding CXX object CMakeFiles/turtlesim__rosidl_typesupport_c.dir/rosidl_typesupport_c/turtlesim/srv/teleport_absolute__type_support.cpp.o[0m
[9.835s] [ 31%] [32mBuilding CXX object CMakeFiles/turtlesim__rosidl_typesupport_c.dir/rosidl_typesupport_c/turtlesim/srv/teleport_relative__type_support.cpp.o[0m
[9.840s] [ 32%] [32mBuilding CXX object CMakeFiles/turtlesim__rosidl_typesupport_introspection_cpp.dir/rosidl_typesupport_introspection_cpp/turtlesim/action/detail/rotate_absolute__type_support.cpp.o[0m
[9.894s] [ 33%] [32mBuilding C object CMakeFiles/turtlesim__rosidl_typesupport_introspection_c.dir/rosidl_typesupport_introspection_c/turtlesim/msg/detail/color__type_support.c.o[0m
[9.942s] [ 34%] [32m[1mLinking CXX shared library libturtlesim__rosidl_typesupport_c.so[0m
[9.992s] [ 35%] [32mBuilding C object CMakeFiles/turtlesim__rosidl_typesupport_introspection_c.dir/rosidl_typesupport_introspection_c/turtlesim/msg/detail/pose__type_support.c.o[0m
[10.048s] [ 36%] [32mBuilding C object CMakeFiles/turtlesim__rosidl_typesupport_introspection_c.dir/rosidl_typesupport_introspection_c/turtlesim/srv/detail/kill__type_support.c.o[0m
[10.173s] [ 36%] Built target turtlesim__rosidl_typesupport_c
[10.184s] [ 37%] [32mBuilding CXX object CMakeFiles/turtlesim__rosidl_typesupport_cpp.dir/rosidl_typesupport_cpp/turtlesim/srv/spawn__type_support.cpp.o[0m
[10.205s] [ 38%] [32mBuilding C object CMakeFiles/turtlesim__rosidl_typesupport_introspection_c.dir/rosidl_typesupport_introspection_c/turtlesim/srv/detail/set_pen__type_support.c.o[0m
[10.215s] [ 39%] [32mBuilding CXX object CMakeFiles/turtlesim__rosidl_typesupport_introspection_cpp.dir/rosidl_typesupport_introspection_cpp/turtlesim/msg/detail/color__type_support.cpp.o[0m
[10.261s] [ 40%] [32mBuilding CXX object CMakeFiles/turtlesim__rosidl_typesupport_introspection_cpp.dir/rosidl_typesupport_introspection_cpp/turtlesim/msg/detail/pose__type_support.cpp.o[0m
[10.327s] [ 41%] [32mBuilding C object CMakeFiles/turtlesim__rosidl_typesupport_introspection_c.dir/rosidl_typesupport_introspection_c/turtlesim/srv/detail/spawn__type_support.c.o[0m
[10.374s] [ 42%] [32mBuilding C object CMakeFiles/turtlesim__rosidl_typesupport_introspection_c.dir/rosidl_typesupport_introspection_c/turtlesim/srv/detail/teleport_absolute__type_support.c.o[0m
[10.509s] [ 43%] [32mBuilding CXX object CMakeFiles/turtlesim__rosidl_typesupport_introspection_cpp.dir/rosidl_typesupport_introspection_cpp/turtlesim/srv/detail/kill__type_support.cpp.o[0m
[10.509s] [ 44%] [32mBuilding CXX object CMakeFiles/turtlesim__rosidl_typesupport_fastrtps_c.dir/rosidl_typesupport_fastrtps_c/turtlesim/action/detail/rotate_absolute__type_support_c.cpp.o[0m
[10.570s] [ 45%] [32mBuilding CXX object CMakeFiles/turtlesim__rosidl_typesupport_fastrtps_cpp.dir/rosidl_typesupport_fastrtps_cpp/turtlesim/action/detail/dds_fastrtps/rotate_absolute__type_support.cpp.o[0m
[10.622s] [ 46%] [32mBuilding C object CMakeFiles/turtlesim__rosidl_typesupport_introspection_c.dir/rosidl_typesupport_introspection_c/turtlesim/srv/detail/teleport_relative__type_support.c.o[0m
[10.769s] [ 47%] [32m[1mLinking C shared library libturtlesim__rosidl_typesupport_introspection_c.so[0m
[10.878s] [ 47%] Built target turtlesim__rosidl_typesupport_introspection_c
[10.928s] [ 48%] [32mBuilding CXX object CMakeFiles/turtlesim__rosidl_typesupport_cpp.dir/rosidl_typesupport_cpp/turtlesim/srv/teleport_absolute__type_support.cpp.o[0m
[11.356s] [ 49%] [32mBuilding CXX object CMakeFiles/turtlesim__rosidl_typesupport_fastrtps_c.dir/rosidl_typesupport_fastrtps_c/turtlesim/msg/detail/color__type_support_c.cpp.o[0m
[11.457s] [ 50%] [32mBuilding CXX object CMakeFiles/turtlesim__rosidl_typesupport_fastrtps_c.dir/rosidl_typesupport_fastrtps_c/turtlesim/msg/detail/pose__type_support_c.cpp.o[0m
[11.871s] [ 51%] [32mBuilding CXX object CMakeFiles/turtlesim__rosidl_typesupport_introspection_cpp.dir/rosidl_typesupport_introspection_cpp/turtlesim/srv/detail/set_pen__type_support.cpp.o[0m
[12.225s] [ 52%] [32mBuilding CXX object CMakeFiles/turtlesim__rosidl_typesupport_cpp.dir/rosidl_typesupport_cpp/turtlesim/srv/teleport_relative__type_support.cpp.o[0m
[12.255s] [ 53%] [32mBuilding CXX object CMakeFiles/turtlesim__rosidl_typesupport_fastrtps_c.dir/rosidl_typesupport_fastrtps_c/turtlesim/srv/detail/kill__type_support_c.cpp.o[0m
[12.657s] [ 54%] [32mBuilding CXX object CMakeFiles/turtlesim__rosidl_typesupport_fastrtps_c.dir/rosidl_typesupport_fastrtps_c/turtlesim/srv/detail/set_pen__type_support_c.cpp.o[0m
[12.781s] [ 55%] [32mBuilding CXX object CMakeFiles/turtlesim__rosidl_typesupport_fastrtps_cpp.dir/rosidl_typesupport_fastrtps_cpp/turtlesim/msg/detail/dds_fastrtps/color__type_support.cpp.o[0m
[12.857s] [ 56%] [32mBuilding CXX object CMakeFiles/turtlesim__rosidl_typesupport_fastrtps_cpp.dir/rosidl_typesupport_fastrtps_cpp/turtlesim/msg/detail/dds_fastrtps/pose__type_support.cpp.o[0m
[12.857s] [ 57%] [32mBuilding CXX object CMakeFiles/turtlesim__rosidl_typesupport_introspection_cpp.dir/rosidl_typesupport_introspection_cpp/turtlesim/srv/detail/spawn__type_support.cpp.o[0m
[13.336s] [ 58%] [32mBuilding CXX object CMakeFiles/turtlesim__rosidl_typesupport_fastrtps_cpp.dir/rosidl_typesupport_fastrtps_cpp/turtlesim/srv/detail/dds_fastrtps/kill__type_support.cpp.o[0m
[13.339s] [ 59%] [32m[1mLinking CXX shared library libturtlesim__rosidl_typesupport_cpp.so[0m
[13.374s] [ 60%] [32mBuilding CXX object CMakeFiles/turtlesim__rosidl_typesupport_introspection_cpp.dir/rosidl_typesupport_introspection_cpp/turtlesim/srv/detail/teleport_absolute__type_support.cpp.o[0m
[13.589s] [ 60%] Built target turtlesim__rosidl_typesupport_cpp
[13.654s] [ 61%] [32mBuilding CXX object CMakeFiles/turtlesim__rosidl_typesupport_fastrtps_cpp.dir/rosidl_typesupport_fastrtps_cpp/turtlesim/srv/detail/dds_fastrtps/set_pen__type_support.cpp.o[0m
[13.835s] [ 62%] [34m[1mGenerating include/turtlesim/moc_turtle_frame.cpp[0m
[14.141s] [ 63%] [32mBuilding CXX object CMakeFiles/turtlesim__rosidl_typesupport_fastrtps_c.dir/rosidl_typesupport_fastrtps_c/turtlesim/srv/detail/spawn__type_support_c.cpp.o[0m
[14.223s] [ 64%] [32mBuilding CXX object CMakeFiles/turtle_teleop_key.dir/tutorials/teleop_turtle_key.cpp.o[0m
[14.415s] [ 65%] [32mBuilding CXX object CMakeFiles/turtlesim_node.dir/src/turtlesim.cpp.o[0m
[14.435s] [ 66%] [32mBuilding CXX object CMakeFiles/turtlesim__rosidl_typesupport_introspection_cpp.dir/rosidl_typesupport_introspection_cpp/turtlesim/srv/detail/teleport_relative__type_support.cpp.o[0m
[15.030s] [ 67%] [32mBuilding CXX object CMakeFiles/draw_square.dir/tutorials/draw_square.cpp.o[0m
[15.078s] [ 68%] [32mBuilding CXX object CMakeFiles/turtlesim_node.dir/src/turtle.cpp.o[0m
[15.136s] [ 69%] [32mBuilding CXX object CMakeFiles/turtlesim__rosidl_typesupport_fastrtps_c.dir/rosidl_typesupport_fastrtps_c/turtlesim/srv/detail/teleport_absolute__type_support_c.cpp.o[0m
[15.787s] [ 70%] [32mBuilding CXX object CMakeFiles/turtlesim__rosidl_typesupport_fastrtps_c.dir/rosidl_typesupport_fastrtps_c/turtlesim/srv/detail/teleport_relative__type_support_c.cpp.o[0m
[16.057s] [ 71%] [32mBuilding CXX object CMakeFiles/turtlesim__rosidl_typesupport_fastrtps_cpp.dir/rosidl_typesupport_fastrtps_cpp/turtlesim/srv/detail/dds_fastrtps/spawn__type_support.cpp.o[0m
[16.115s] [ 72%] [32m[1mLinking CXX shared library libturtlesim__rosidl_typesupport_introspection_cpp.so[0m
[16.516s] [ 72%] Built target turtlesim__rosidl_typesupport_introspection_cpp
[16.521s] [ 73%] [32mBuilding CXX object CMakeFiles/turtlesim_node.dir/src/turtle_frame.cpp.o[0m
[16.545s] [ 74%] [32mBuilding CXX object CMakeFiles/turtlesim_node.dir/include/turtlesim/moc_turtle_frame.cpp.o[0m
[17.594s] [ 75%] [32m[1mLinking CXX shared library libturtlesim__rosidl_typesupport_fastrtps_c.so[0m
[18.081s] [ 75%] Built target turtlesim__rosidl_typesupport_fastrtps_c
[18.179s] [ 76%] [32mBuilding CXX object CMakeFiles/turtlesim__rosidl_typesupport_fastrtps_cpp.dir/rosidl_typesupport_fastrtps_cpp/turtlesim/srv/detail/dds_fastrtps/teleport_absolute__type_support.cpp.o[0m
[18.244s] [ 77%] [32mBuilding CXX object CMakeFiles/mimic.dir/tutorials/mimic.cpp.o[0m
[19.595s] [ 78%] [32mBuilding CXX object CMakeFiles/turtlesim__rosidl_typesupport_fastrtps_cpp.dir/rosidl_typesupport_fastrtps_cpp/turtlesim/srv/detail/dds_fastrtps/teleport_relative__type_support.cpp.o[0m
[21.310s] [ 79%] [32m[1mLinking CXX shared library libturtlesim__rosidl_typesupport_fastrtps_cpp.so[0m
[21.705s] [ 79%] Built target turtlesim__rosidl_typesupport_fastrtps_cpp
[21.818s] [ 79%] Built target turtlesim
[21.956s] [ 80%] [34m[1mGenerating Python code for ROS interfaces[0m
[29.215s] [ 80%] Built target turtlesim__py
[29.275s] [ 81%] [32mBuilding C object CMakeFiles/turtlesim__rosidl_generator_py.dir/rosidl_generator_py/turtlesim/action/_rotate_absolute_s.c.o[0m
[30.024s] [ 82%] [32mBuilding C object CMakeFiles/turtlesim__rosidl_generator_py.dir/rosidl_generator_py/turtlesim/msg/_color_s.c.o[0m
[30.353s] [ 83%] [32mBuilding C object CMakeFiles/turtlesim__rosidl_generator_py.dir/rosidl_generator_py/turtlesim/msg/_pose_s.c.o[0m
[30.673s] [ 84%] [32mBuilding C object CMakeFiles/turtlesim__rosidl_generator_py.dir/rosidl_generator_py/turtlesim/srv/_kill_s.c.o[0m
[31.015s] [ 85%] [32mBuilding C object CMakeFiles/turtlesim__rosidl_generator_py.dir/rosidl_generator_py/turtlesim/srv/_set_pen_s.c.o[0m
[31.357s] [ 86%] [32mBuilding C object CMakeFiles/turtlesim__rosidl_generator_py.dir/rosidl_generator_py/turtlesim/srv/_spawn_s.c.o[0m
[31.781s] [ 87%] [32mBuilding C object CMakeFiles/turtlesim__rosidl_generator_py.dir/rosidl_generator_py/turtlesim/srv/_teleport_absolute_s.c.o[0m
[31.807s] [ 88%] [32mBuilding C object CMakeFiles/turtlesim__rosidl_generator_py.dir/rosidl_generator_py/turtlesim/srv/_teleport_relative_s.c.o[0m
[32.133s] [ 89%] [32m[1mLinking C shared library rosidl_generator_py/turtlesim/libturtlesim__rosidl_generator_py.so[0m
[32.230s] [ 89%] Built target turtlesim__rosidl_generator_py
[32.283s] [ 90%] [32mBuilding C object CMakeFiles/turtlesim__rosidl_typesupport_fastrtps_c__pyext.dir/rosidl_generator_py/turtlesim/_turtlesim_s.ep.rosidl_typesupport_fastrtps_c.c.o[0m
[32.285s] [ 91%] [32mBuilding C object CMakeFiles/turtlesim__rosidl_typesupport_introspection_c__pyext.dir/rosidl_generator_py/turtlesim/_turtlesim_s.ep.rosidl_typesupport_introspection_c.c.o[0m
[32.817s] [ 92%] [32m[1mLinking C shared library rosidl_generator_py/turtlesim/turtlesim_s__rosidl_typesupport_fastrtps_c.cpython-310-x86_64-linux-gnu.so[0m
[32.820s] [ 93%] [32m[1mLinking C shared library rosidl_generator_py/turtlesim/turtlesim_s__rosidl_typesupport_introspection_c.cpython-310-x86_64-linux-gnu.so[0m
[32.944s] [ 93%] Built target turtlesim__rosidl_typesupport_introspection_c__pyext
[32.944s] [ 93%] Built target turtlesim__rosidl_typesupport_fastrtps_c__pyext
[32.984s] [ 94%] [32mBuilding C object CMakeFiles/turtlesim__rosidl_typesupport_c__pyext.dir/rosidl_generator_py/turtlesim/_turtlesim_s.ep.rosidl_typesupport_c.c.o[0m
[33.371s] [ 95%] [32m[1mLinking C shared library rosidl_generator_py/turtlesim/turtlesim_s__rosidl_typesupport_c.cpython-310-x86_64-linux-gnu.so[0m
[33.516s] [ 95%] Built target turtlesim__rosidl_typesupport_c__pyext
[35.842s] [ 96%] [32m[1mLinking CXX executable turtle_teleop_key[0m
[36.556s] [ 96%] Built target turtle_teleop_key
[44.966s] [ 97%] [32m[1mLinking CXX executable mimic[0m
[45.903s] [ 97%] Built target mimic
[46.920s] [ 98%] [32m[1mLinking CXX executable draw_square[0m
[47.953s] [ 98%] Built target draw_square
[55.691s] [100%] [32m[1mLinking CXX executable turtlesim_node[0m
[59.551s] [100%] Built target turtlesim_node
[59.579s] Invoked command in '/home/janelleg/ros2_ws/build/turtlesim' returned '0': CMAKE_PREFIX_PATH=/opt/ros/humble /usr/bin/cmake --build /home/janelleg/ros2_ws/build/turtlesim -- -j8 -l8
[60.121s] Invoking command in '/home/janelleg/ros2_ws/build/turtlesim': CMAKE_PREFIX_PATH=/opt/ros/humble /usr/bin/cmake --install /home/janelleg/ros2_ws/build/turtlesim
[60.140s] -- Install configuration: ""
[60.142s] -- Execute custom install script
[60.142s] -- Symlinking: /home/janelleg/ros2_ws/install/turtlesim/share/ament_index/resource_index/rosidl_interfaces/turtlesim
[60.161s] -- Symlinking: /home/janelleg/ros2_ws/install/turtlesim/include/turtlesim/turtlesim/action/detail/rotate_absolute__functions.h
[60.179s] -- Symlinking: /home/janelleg/ros2_ws/install/turtlesim/include/turtlesim/turtlesim/action/detail/rotate_absolute__struct.h
[60.197s] -- Symlinking: /home/janelleg/ros2_ws/install/turtlesim/include/turtlesim/turtlesim/action/detail/rotate_absolute__type_support.h
[60.216s] -- Symlinking: /home/janelleg/ros2_ws/install/turtlesim/include/turtlesim/turtlesim/action/rotate_absolute.h
[60.233s] -- Symlinking: /home/janelleg/ros2_ws/install/turtlesim/include/turtlesim/turtlesim/msg/color.h
[60.249s] -- Symlinking: /home/janelleg/ros2_ws/install/turtlesim/include/turtlesim/turtlesim/msg/detail/color__functions.h
[60.264s] -- Symlinking: /home/janelleg/ros2_ws/install/turtlesim/include/turtlesim/turtlesim/msg/detail/color__struct.h
[60.279s] -- Symlinking: /home/janelleg/ros2_ws/install/turtlesim/include/turtlesim/turtlesim/msg/detail/color__type_support.h
[60.295s] -- Symlinking: /home/janelleg/ros2_ws/install/turtlesim/include/turtlesim/turtlesim/msg/detail/pose__functions.h
[60.315s] -- Symlinking: /home/janelleg/ros2_ws/install/turtlesim/include/turtlesim/turtlesim/msg/detail/pose__struct.h
[60.333s] -- Symlinking: /home/janelleg/ros2_ws/install/turtlesim/include/turtlesim/turtlesim/msg/detail/pose__type_support.h
[60.352s] -- Symlinking: /home/janelleg/ros2_ws/install/turtlesim/include/turtlesim/turtlesim/msg/pose.h
[60.370s] -- Symlinking: /home/janelleg/ros2_ws/install/turtlesim/include/turtlesim/turtlesim/msg/rosidl_generator_c__visibility_control.h
[60.387s] -- Symlinking: /home/janelleg/ros2_ws/install/turtlesim/include/turtlesim/turtlesim/srv/detail/kill__functions.h
[60.404s] -- Symlinking: /home/janelleg/ros2_ws/install/turtlesim/include/turtlesim/turtlesim/srv/detail/kill__struct.h
[60.425s] -- Symlinking: /home/janelleg/ros2_ws/install/turtlesim/include/turtlesim/turtlesim/srv/detail/kill__type_support.h
[60.440s] -- Symlinking: /home/janelleg/ros2_ws/install/turtlesim/include/turtlesim/turtlesim/srv/detail/set_pen__functions.h
[60.456s] -- Symlinking: /home/janelleg/ros2_ws/install/turtlesim/include/turtlesim/turtlesim/srv/detail/set_pen__struct.h
[60.476s] -- Symlinking: /home/janelleg/ros2_ws/install/turtlesim/include/turtlesim/turtlesim/srv/detail/set_pen__type_support.h
[60.495s] -- Symlinking: /home/janelleg/ros2_ws/install/turtlesim/include/turtlesim/turtlesim/srv/detail/spawn__functions.h
[60.511s] -- Symlinking: /home/janelleg/ros2_ws/install/turtlesim/include/turtlesim/turtlesim/srv/detail/spawn__struct.h
[60.528s] -- Symlinking: /home/janelleg/ros2_ws/install/turtlesim/include/turtlesim/turtlesim/srv/detail/spawn__type_support.h
[60.547s] -- Symlinking: /home/janelleg/ros2_ws/install/turtlesim/include/turtlesim/turtlesim/srv/detail/teleport_absolute__functions.h
[60.566s] -- Symlinking: /home/janelleg/ros2_ws/install/turtlesim/include/turtlesim/turtlesim/srv/detail/teleport_absolute__struct.h
[60.582s] -- Symlinking: /home/janelleg/ros2_ws/install/turtlesim/include/turtlesim/turtlesim/srv/detail/teleport_absolute__type_support.h
[60.599s] -- Symlinking: /home/janelleg/ros2_ws/install/turtlesim/include/turtlesim/turtlesim/srv/detail/teleport_relative__functions.h
[60.618s] -- Symlinking: /home/janelleg/ros2_ws/install/turtlesim/include/turtlesim/turtlesim/srv/detail/teleport_relative__struct.h
[60.643s] -- Symlinking: /home/janelleg/ros2_ws/install/turtlesim/include/turtlesim/turtlesim/srv/detail/teleport_relative__type_support.h
[60.660s] -- Symlinking: /home/janelleg/ros2_ws/install/turtlesim/include/turtlesim/turtlesim/srv/kill.h
[60.677s] -- Symlinking: /home/janelleg/ros2_ws/install/turtlesim/include/turtlesim/turtlesim/srv/set_pen.h
[60.693s] -- Symlinking: /home/janelleg/ros2_ws/install/turtlesim/include/turtlesim/turtlesim/srv/spawn.h
[60.710s] -- Symlinking: /home/janelleg/ros2_ws/install/turtlesim/include/turtlesim/turtlesim/srv/teleport_absolute.h
[60.733s] -- Symlinking: /home/janelleg/ros2_ws/install/turtlesim/include/turtlesim/turtlesim/srv/teleport_relative.h
[60.760s] -- Symlinking: /home/janelleg/ros2_ws/install/turtlesim/share/turtlesim/environment/library_path.sh
[60.778s] -- Symlinking: /home/janelleg/ros2_ws/install/turtlesim/share/turtlesim/environment/library_path.dsv
[60.798s] -- Symlinking: /home/janelleg/ros2_ws/install/turtlesim/include/turtlesim/turtlesim/action/detail/rotate_absolute__rosidl_typesupport_fastrtps_c.h
[60.822s] -- Symlinking: /home/janelleg/ros2_ws/install/turtlesim/include/turtlesim/turtlesim/msg/detail/color__rosidl_typesupport_fastrtps_c.h
[60.837s] -- Symlinking: /home/janelleg/ros2_ws/install/turtlesim/include/turtlesim/turtlesim/msg/detail/pose__rosidl_typesupport_fastrtps_c.h
[60.855s] -- Symlinking: /home/janelleg/ros2_ws/install/turtlesim/include/turtlesim/turtlesim/msg/rosidl_typesupport_fastrtps_c__visibility_control.h
[60.873s] -- Symlinking: /home/janelleg/ros2_ws/install/turtlesim/include/turtlesim/turtlesim/srv/detail/kill__rosidl_typesupport_fastrtps_c.h
[60.893s] -- Symlinking: /home/janelleg/ros2_ws/install/turtlesim/include/turtlesim/turtlesim/srv/detail/set_pen__rosidl_typesupport_fastrtps_c.h
[60.909s] -- Symlinking: /home/janelleg/ros2_ws/install/turtlesim/include/turtlesim/turtlesim/srv/detail/spawn__rosidl_typesupport_fastrtps_c.h
[60.933s] -- Symlinking: /home/janelleg/ros2_ws/install/turtlesim/include/turtlesim/turtlesim/srv/detail/teleport_absolute__rosidl_typesupport_fastrtps_c.h
[60.949s] -- Symlinking: /home/janelleg/ros2_ws/install/turtlesim/include/turtlesim/turtlesim/srv/detail/teleport_relative__rosidl_typesupport_fastrtps_c.h
[60.973s] -- Symlinking: /home/janelleg/ros2_ws/install/turtlesim/include/turtlesim/turtlesim/action/detail/rotate_absolute__builder.hpp
[60.989s] -- Symlinking: /home/janelleg/ros2_ws/install/turtlesim/include/turtlesim/turtlesim/action/detail/rotate_absolute__struct.hpp
[61.009s] -- Symlinking: /home/janelleg/ros2_ws/install/turtlesim/include/turtlesim/turtlesim/action/detail/rotate_absolute__traits.hpp
[61.033s] -- Symlinking: /home/janelleg/ros2_ws/install/turtlesim/include/turtlesim/turtlesim/action/rotate_absolute.hpp
[61.049s] -- Symlinking: /home/janelleg/ros2_ws/install/turtlesim/include/turtlesim/turtlesim/msg/color.hpp
[61.071s] -- Symlinking: /home/janelleg/ros2_ws/install/turtlesim/include/turtlesim/turtlesim/msg/detail/color__builder.hpp
[61.090s] -- Symlinking: /home/janelleg/ros2_ws/install/turtlesim/include/turtlesim/turtlesim/msg/detail/color__struct.hpp
[61.111s] -- Symlinking: /home/janelleg/ros2_ws/install/turtlesim/include/turtlesim/turtlesim/msg/detail/color__traits.hpp
[61.134s] -- Symlinking: /home/janelleg/ros2_ws/install/turtlesim/include/turtlesim/turtlesim/msg/detail/pose__builder.hpp
[61.150s] -- Symlinking: /home/janelleg/ros2_ws/install/turtlesim/include/turtlesim/turtlesim/msg/detail/pose__struct.hpp
[61.167s] -- Symlinking: /home/janelleg/ros2_ws/install/turtlesim/include/turtlesim/turtlesim/msg/detail/pose__traits.hpp
[61.185s] -- Symlinking: /home/janelleg/ros2_ws/install/turtlesim/include/turtlesim/turtlesim/msg/pose.hpp
[61.201s] -- Symlinking: /home/janelleg/ros2_ws/install/turtlesim/include/turtlesim/turtlesim/srv/detail/kill__builder.hpp
[61.218s] -- Symlinking: /home/janelleg/ros2_ws/install/turtlesim/include/turtlesim/turtlesim/srv/detail/kill__struct.hpp
[61.238s] -- Symlinking: /home/janelleg/ros2_ws/install/turtlesim/include/turtlesim/turtlesim/srv/detail/kill__traits.hpp
[61.254s] -- Symlinking: /home/janelleg/ros2_ws/install/turtlesim/include/turtlesim/turtlesim/srv/detail/set_pen__builder.hpp
[61.270s] -- Symlinking: /home/janelleg/ros2_ws/install/turtlesim/include/turtlesim/turtlesim/srv/detail/set_pen__struct.hpp
[61.289s] -- Symlinking: /home/janelleg/ros2_ws/install/turtlesim/include/turtlesim/turtlesim/srv/detail/set_pen__traits.hpp
[61.308s] -- Symlinking: /home/janelleg/ros2_ws/install/turtlesim/include/turtlesim/turtlesim/srv/detail/spawn__builder.hpp
[61.325s] -- Symlinking: /home/janelleg/ros2_ws/install/turtlesim/include/turtlesim/turtlesim/srv/detail/spawn__struct.hpp
[61.347s] -- Symlinking: /home/janelleg/ros2_ws/install/turtlesim/include/turtlesim/turtlesim/srv/detail/spawn__traits.hpp
[61.369s] -- Symlinking: /home/janelleg/ros2_ws/install/turtlesim/include/turtlesim/turtlesim/srv/detail/teleport_absolute__builder.hpp
[61.393s] -- Symlinking: /home/janelleg/ros2_ws/install/turtlesim/include/turtlesim/turtlesim/srv/detail/teleport_absolute__struct.hpp
[61.412s] -- Symlinking: /home/janelleg/ros2_ws/install/turtlesim/include/turtlesim/turtlesim/srv/detail/teleport_absolute__traits.hpp
[61.430s] -- Symlinking: /home/janelleg/ros2_ws/install/turtlesim/include/turtlesim/turtlesim/srv/detail/teleport_relative__builder.hpp
[61.449s] -- Symlinking: /home/janelleg/ros2_ws/install/turtlesim/include/turtlesim/turtlesim/srv/detail/teleport_relative__struct.hpp
[61.467s] -- Symlinking: /home/janelleg/ros2_ws/install/turtlesim/include/turtlesim/turtlesim/srv/detail/teleport_relative__traits.hpp
[61.487s] -- Symlinking: /home/janelleg/ros2_ws/install/turtlesim/include/turtlesim/turtlesim/srv/kill.hpp
[61.503s] -- Symlinking: /home/janelleg/ros2_ws/install/turtlesim/include/turtlesim/turtlesim/srv/set_pen.hpp
[61.519s] -- Symlinking: /home/janelleg/ros2_ws/install/turtlesim/include/turtlesim/turtlesim/srv/spawn.hpp
[61.538s] -- Symlinking: /home/janelleg/ros2_ws/install/turtlesim/include/turtlesim/turtlesim/srv/teleport_absolute.hpp
[61.555s] -- Symlinking: /home/janelleg/ros2_ws/install/turtlesim/include/turtlesim/turtlesim/srv/teleport_relative.hpp
[61.577s] -- Symlinking: /home/janelleg/ros2_ws/install/turtlesim/include/turtlesim/turtlesim/action/detail/rotate_absolute__rosidl_typesupport_fastrtps_cpp.hpp
[61.597s] -- Symlinking: /home/janelleg/ros2_ws/install/turtlesim/include/turtlesim/turtlesim/msg/detail/color__rosidl_typesupport_fastrtps_cpp.hpp
[61.614s] -- Symlinking: /home/janelleg/ros2_ws/install/turtlesim/include/turtlesim/turtlesim/msg/detail/pose__rosidl_typesupport_fastrtps_cpp.hpp
[61.633s] -- Symlinking: /home/janelleg/ros2_ws/install/turtlesim/include/turtlesim/turtlesim/msg/rosidl_typesupport_fastrtps_cpp__visibility_control.h
[61.655s] -- Symlinking: /home/janelleg/ros2_ws/install/turtlesim/include/turtlesim/turtlesim/srv/detail/kill__rosidl_typesupport_fastrtps_cpp.hpp
[61.672s] -- Symlinking: /home/janelleg/ros2_ws/install/turtlesim/include/turtlesim/turtlesim/srv/detail/set_pen__rosidl_typesupport_fastrtps_cpp.hpp
[61.688s] -- Symlinking: /home/janelleg/ros2_ws/install/turtlesim/include/turtlesim/turtlesim/srv/detail/spawn__rosidl_typesupport_fastrtps_cpp.hpp
[61.708s] -- Symlinking: /home/janelleg/ros2_ws/install/turtlesim/include/turtlesim/turtlesim/srv/detail/teleport_absolute__rosidl_typesupport_fastrtps_cpp.hpp
[61.727s] -- Symlinking: /home/janelleg/ros2_ws/install/turtlesim/include/turtlesim/turtlesim/srv/detail/teleport_relative__rosidl_typesupport_fastrtps_cpp.hpp
[61.747s] -- Symlinking: /home/janelleg/ros2_ws/install/turtlesim/include/turtlesim/turtlesim/action/detail/rotate_absolute__rosidl_typesupport_introspection_c.h
[61.763s] -- Symlinking: /home/janelleg/ros2_ws/install/turtlesim/include/turtlesim/turtlesim/msg/detail/color__rosidl_typesupport_introspection_c.h
[61.785s] -- Symlinking: /home/janelleg/ros2_ws/install/turtlesim/include/turtlesim/turtlesim/msg/detail/pose__rosidl_typesupport_introspection_c.h
[61.801s] -- Symlinking: /home/janelleg/ros2_ws/install/turtlesim/include/turtlesim/turtlesim/msg/rosidl_typesupport_introspection_c__visibility_control.h
[61.819s] -- Symlinking: /home/janelleg/ros2_ws/install/turtlesim/include/turtlesim/turtlesim/srv/detail/kill__rosidl_typesupport_introspection_c.h
[61.838s] -- Symlinking: /home/janelleg/ros2_ws/install/turtlesim/include/turtlesim/turtlesim/srv/detail/set_pen__rosidl_typesupport_introspection_c.h
[61.857s] -- Symlinking: /home/janelleg/ros2_ws/install/turtlesim/include/turtlesim/turtlesim/srv/detail/spawn__rosidl_typesupport_introspection_c.h
[61.876s] -- Symlinking: /home/janelleg/ros2_ws/install/turtlesim/include/turtlesim/turtlesim/srv/detail/teleport_absolute__rosidl_typesupport_introspection_c.h
[61.895s] -- Symlinking: /home/janelleg/ros2_ws/install/turtlesim/include/turtlesim/turtlesim/srv/detail/teleport_relative__rosidl_typesupport_introspection_c.h
[61.914s] -- Symlinking: /home/janelleg/ros2_ws/install/turtlesim/include/turtlesim/turtlesim/action/detail/rotate_absolute__rosidl_typesupport_introspection_cpp.hpp
[61.932s] -- Symlinking: /home/janelleg/ros2_ws/install/turtlesim/include/turtlesim/turtlesim/msg/detail/color__rosidl_typesupport_introspection_cpp.hpp
[61.948s] -- Symlinking: /home/janelleg/ros2_ws/install/turtlesim/include/turtlesim/turtlesim/msg/detail/pose__rosidl_typesupport_introspection_cpp.hpp
[61.964s] -- Symlinking: /home/janelleg/ros2_ws/install/turtlesim/include/turtlesim/turtlesim/srv/detail/kill__rosidl_typesupport_introspection_cpp.hpp
[61.981s] -- Symlinking: /home/janelleg/ros2_ws/install/turtlesim/include/turtlesim/turtlesim/srv/detail/set_pen__rosidl_typesupport_introspection_cpp.hpp
[62.003s] -- Symlinking: /home/janelleg/ros2_ws/install/turtlesim/include/turtlesim/turtlesim/srv/detail/spawn__rosidl_typesupport_introspection_cpp.hpp
[62.021s] -- Symlinking: /home/janelleg/ros2_ws/install/turtlesim/include/turtlesim/turtlesim/srv/detail/teleport_absolute__rosidl_typesupport_introspection_cpp.hpp
[62.039s] -- Symlinking: /home/janelleg/ros2_ws/install/turtlesim/include/turtlesim/turtlesim/srv/detail/teleport_relative__rosidl_typesupport_introspection_cpp.hpp
[62.058s] -- Symlinking: /home/janelleg/ros2_ws/install/turtlesim/share/turtlesim/environment/pythonpath.sh
[62.077s] -- Symlinking: /home/janelleg/ros2_ws/install/turtlesim/share/turtlesim/environment/pythonpath.dsv
[62.098s] -- Symlinking: /home/janelleg/ros2_ws/install/turtlesim/local/lib/python3.10/dist-packages/turtlesim-1.4.2-py3.10.egg-info/PKG-INFO
[62.117s] -- Symlinking: /home/janelleg/ros2_ws/install/turtlesim/local/lib/python3.10/dist-packages/turtlesim-1.4.2-py3.10.egg-info/SOURCES.txt
[62.135s] -- Symlinking: /home/janelleg/ros2_ws/install/turtlesim/local/lib/python3.10/dist-packages/turtlesim-1.4.2-py3.10.egg-info/dependency_links.txt
[62.151s] -- Symlinking: /home/janelleg/ros2_ws/install/turtlesim/local/lib/python3.10/dist-packages/turtlesim-1.4.2-py3.10.egg-info/top_level.txt
[62.170s] -- Symlinking: /home/janelleg/ros2_ws/install/turtlesim/local/lib/python3.10/dist-packages/turtlesim/__init__.py
[62.186s] -- Symlinking: /home/janelleg/ros2_ws/install/turtlesim/local/lib/python3.10/dist-packages/turtlesim/_turtlesim_s.ep.rosidl_typesupport_c.c
[62.203s] -- Symlinking: /home/janelleg/ros2_ws/install/turtlesim/local/lib/python3.10/dist-packages/turtlesim/_turtlesim_s.ep.rosidl_typesupport_fastrtps_c.c
[62.221s] -- Symlinking: /home/janelleg/ros2_ws/install/turtlesim/local/lib/python3.10/dist-packages/turtlesim/_turtlesim_s.ep.rosidl_typesupport_introspection_c.c
[62.241s] -- Symlinking: /home/janelleg/ros2_ws/install/turtlesim/local/lib/python3.10/dist-packages/turtlesim/action/__init__.py
[62.259s] -- Symlinking: /home/janelleg/ros2_ws/install/turtlesim/local/lib/python3.10/dist-packages/turtlesim/action/_rotate_absolute.py
[62.279s] -- Symlinking: /home/janelleg/ros2_ws/install/turtlesim/local/lib/python3.10/dist-packages/turtlesim/action/_rotate_absolute_s.c
[62.298s] -- Symlinking: /home/janelleg/ros2_ws/install/turtlesim/local/lib/python3.10/dist-packages/turtlesim/libturtlesim__rosidl_generator_py.so
[62.314s] -- Symlinking: /home/janelleg/ros2_ws/install/turtlesim/local/lib/python3.10/dist-packages/turtlesim/msg/__init__.py
[62.329s] -- Symlinking: /home/janelleg/ros2_ws/install/turtlesim/local/lib/python3.10/dist-packages/turtlesim/msg/_color.py
[62.349s] -- Symlinking: /home/janelleg/ros2_ws/install/turtlesim/local/lib/python3.10/dist-packages/turtlesim/msg/_color_s.c
[62.365s] -- Symlinking: /home/janelleg/ros2_ws/install/turtlesim/local/lib/python3.10/dist-packages/turtlesim/msg/_pose.py
[62.381s] -- Symlinking: /home/janelleg/ros2_ws/install/turtlesim/local/lib/python3.10/dist-packages/turtlesim/msg/_pose_s.c
[62.397s] -- Symlinking: /home/janelleg/ros2_ws/install/turtlesim/local/lib/python3.10/dist-packages/turtlesim/srv/__init__.py
[62.414s] -- Symlinking: /home/janelleg/ros2_ws/install/turtlesim/local/lib/python3.10/dist-packages/turtlesim/srv/_kill.py
[62.432s] -- Symlinking: /home/janelleg/ros2_ws/install/turtlesim/local/lib/python3.10/dist-packages/turtlesim/srv/_kill_s.c
[62.454s] -- Symlinking: /home/janelleg/ros2_ws/install/turtlesim/local/lib/python3.10/dist-packages/turtlesim/srv/_set_pen.py
[62.470s] -- Symlinking: /home/janelleg/ros2_ws/install/turtlesim/local/lib/python3.10/dist-packages/turtlesim/srv/_set_pen_s.c
[62.486s] -- Symlinking: /home/janelleg/ros2_ws/install/turtlesim/local/lib/python3.10/dist-packages/turtlesim/srv/_spawn.py
[62.502s] -- Symlinking: /home/janelleg/ros2_ws/install/turtlesim/local/lib/python3.10/dist-packages/turtlesim/srv/_spawn_s.c
[62.520s] -- Symlinking: /home/janelleg/ros2_ws/install/turtlesim/local/lib/python3.10/dist-packages/turtlesim/srv/_teleport_absolute.py
[62.541s] -- Symlinking: /home/janelleg/ros2_ws/install/turtlesim/local/lib/python3.10/dist-packages/turtlesim/srv/_teleport_absolute_s.c
[62.559s] -- Symlinking: /home/janelleg/ros2_ws/install/turtlesim/local/lib/python3.10/dist-packages/turtlesim/srv/_teleport_relative.py
[62.579s] -- Symlinking: /home/janelleg/ros2_ws/install/turtlesim/local/lib/python3.10/dist-packages/turtlesim/srv/_teleport_relative_s.c
[62.601s] -- Symlinking: /home/janelleg/ros2_ws/install/turtlesim/local/lib/python3.10/dist-packages/turtlesim/turtlesim_s__rosidl_typesupport_c.cpython-310-x86_64-linux-gnu.so
[62.617s] -- Symlinking: /home/janelleg/ros2_ws/install/turtlesim/local/lib/python3.10/dist-packages/turtlesim/turtlesim_s__rosidl_typesupport_fastrtps_c.cpython-310-x86_64-linux-gnu.so
[62.634s] -- Symlinking: /home/janelleg/ros2_ws/install/turtlesim/local/lib/python3.10/dist-packages/turtlesim/turtlesim_s__rosidl_typesupport_introspection_c.cpython-310-x86_64-linux-gnu.so
[62.654s] -- Up-to-date symlink: /home/janelleg/ros2_ws/install/turtlesim/local/lib/python3.10/dist-packages/turtlesim/turtlesim_s__rosidl_typesupport_fastrtps_c.cpython-310-x86_64-linux-gnu.so
[62.654s] -- Up-to-date symlink: /home/janelleg/ros2_ws/install/turtlesim/local/lib/python3.10/dist-packages/turtlesim/turtlesim_s__rosidl_typesupport_introspection_c.cpython-310-x86_64-linux-gnu.so
[62.655s] -- Up-to-date symlink: /home/janelleg/ros2_ws/install/turtlesim/local/lib/python3.10/dist-packages/turtlesim/turtlesim_s__rosidl_typesupport_c.cpython-310-x86_64-linux-gnu.so
[62.655s] -- Symlinking: /home/janelleg/ros2_ws/install/turtlesim/share/turtlesim/action/RotateAbsolute.idl
[62.670s] -- Symlinking: /home/janelleg/ros2_ws/install/turtlesim/share/turtlesim/msg/Color.idl
[62.690s] -- Symlinking: /home/janelleg/ros2_ws/install/turtlesim/share/turtlesim/msg/Pose.idl
[62.705s] -- Symlinking: /home/janelleg/ros2_ws/install/turtlesim/share/turtlesim/srv/Kill.idl
[62.721s] -- Symlinking: /home/janelleg/ros2_ws/install/turtlesim/share/turtlesim/srv/SetPen.idl
[62.737s] -- Symlinking: /home/janelleg/ros2_ws/install/turtlesim/share/turtlesim/srv/Spawn.idl
[62.752s] -- Symlinking: /home/janelleg/ros2_ws/install/turtlesim/share/turtlesim/srv/TeleportAbsolute.idl
[62.774s] -- Symlinking: /home/janelleg/ros2_ws/install/turtlesim/share/turtlesim/srv/TeleportRelative.idl
[62.790s] -- Symlinking: /home/janelleg/ros2_ws/install/turtlesim/share/turtlesim/action/RotateAbsolute.action
[62.809s] -- Symlinking: /home/janelleg/ros2_ws/install/turtlesim/share/turtlesim/msg/Color.msg
[62.827s] -- Symlinking: /home/janelleg/ros2_ws/install/turtlesim/share/turtlesim/msg/Pose.msg
[62.843s] -- Symlinking: /home/janelleg/ros2_ws/install/turtlesim/share/turtlesim/srv/Kill.srv
[62.861s] -- Symlinking: /home/janelleg/ros2_ws/install/turtlesim/share/turtlesim/srv/Kill_Request.msg
[62.880s] -- Symlinking: /home/janelleg/ros2_ws/install/turtlesim/share/turtlesim/srv/Kill_Response.msg
[62.899s] -- Symlinking: /home/janelleg/ros2_ws/install/turtlesim/share/turtlesim/srv/SetPen.srv
[62.918s] -- Symlinking: /home/janelleg/ros2_ws/install/turtlesim/share/turtlesim/srv/SetPen_Request.msg
[62.938s] -- Symlinking: /home/janelleg/ros2_ws/install/turtlesim/share/turtlesim/srv/SetPen_Response.msg
[62.957s] -- Symlinking: /home/janelleg/ros2_ws/install/turtlesim/share/turtlesim/srv/Spawn.srv
[62.973s] -- Symlinking: /home/janelleg/ros2_ws/install/turtlesim/share/turtlesim/srv/Spawn_Request.msg
[62.995s] -- Symlinking: /home/janelleg/ros2_ws/install/turtlesim/share/turtlesim/srv/Spawn_Response.msg
[63.011s] -- Symlinking: /home/janelleg/ros2_ws/install/turtlesim/share/turtlesim/srv/TeleportAbsolute.srv
[63.029s] -- Symlinking: /home/janelleg/ros2_ws/install/turtlesim/share/turtlesim/srv/TeleportAbsolute_Request.msg
[63.046s] -- Symlinking: /home/janelleg/ros2_ws/install/turtlesim/share/turtlesim/srv/TeleportAbsolute_Response.msg
[63.062s] -- Symlinking: /home/janelleg/ros2_ws/install/turtlesim/share/turtlesim/srv/TeleportRelative.srv
[63.078s] -- Symlinking: /home/janelleg/ros2_ws/install/turtlesim/share/turtlesim/srv/TeleportRelative_Request.msg
[63.094s] -- Symlinking: /home/janelleg/ros2_ws/install/turtlesim/share/turtlesim/srv/TeleportRelative_Response.msg
[63.113s] -- Symlinking: /home/janelleg/ros2_ws/install/turtlesim/lib/turtlesim/turtlesim_node
[63.129s] -- Symlinking: /home/janelleg/ros2_ws/install/turtlesim/lib/turtlesim/turtle_teleop_key
[63.145s] -- Symlinking: /home/janelleg/ros2_ws/install/turtlesim/lib/turtlesim/draw_square
[63.166s] -- Symlinking: /home/janelleg/ros2_ws/install/turtlesim/lib/turtlesim/mimic
[63.189s] -- Symlinking: /home/janelleg/ros2_ws/install/turtlesim/share/turtlesim/launch/multisim.launch.py
[63.204s] -- Symlinking: /home/janelleg/ros2_ws/install/turtlesim/share/ament_index/resource_index/package_run_dependencies/turtlesim
[63.223s] -- Symlinking: /home/janelleg/ros2_ws/install/turtlesim/share/ament_index/resource_index/parent_prefix_path/turtlesim
[63.241s] -- Symlinking: /home/janelleg/ros2_ws/install/turtlesim/share/turtlesim/environment/ament_prefix_path.sh
[63.262s] -- Symlinking: /home/janelleg/ros2_ws/install/turtlesim/share/turtlesim/environment/ament_prefix_path.dsv
[63.278s] -- Symlinking: /home/janelleg/ros2_ws/install/turtlesim/share/turtlesim/environment/path.sh
[63.297s] -- Symlinking: /home/janelleg/ros2_ws/install/turtlesim/share/turtlesim/environment/path.dsv
[63.315s] -- Symlinking: /home/janelleg/ros2_ws/install/turtlesim/share/turtlesim/local_setup.bash
[63.334s] -- Symlinking: /home/janelleg/ros2_ws/install/turtlesim/share/turtlesim/local_setup.sh
[63.349s] -- Symlinking: /home/janelleg/ros2_ws/install/turtlesim/share/turtlesim/local_setup.zsh
[63.370s] -- Symlinking: /home/janelleg/ros2_ws/install/turtlesim/share/turtlesim/local_setup.dsv
[63.391s] -- Symlinking: /home/janelleg/ros2_ws/install/turtlesim/share/turtlesim/package.dsv
[63.406s] -- Symlinking: /home/janelleg/ros2_ws/install/turtlesim/share/ament_index/resource_index/packages/turtlesim
[63.425s] -- Symlinking: /home/janelleg/ros2_ws/install/turtlesim/share/turtlesim/cmake/rosidl_cmake-extras.cmake
[63.445s] -- Symlinking: /home/janelleg/ros2_ws/install/turtlesim/share/turtlesim/cmake/ament_cmake_export_dependencies-extras.cmake
[63.468s] -- Symlinking: /home/janelleg/ros2_ws/install/turtlesim/share/turtlesim/cmake/ament_cmake_export_include_directories-extras.cmake
[63.483s] -- Symlinking: /home/janelleg/ros2_ws/install/turtlesim/share/turtlesim/cmake/ament_cmake_export_libraries-extras.cmake
[63.499s] -- Symlinking: /home/janelleg/ros2_ws/install/turtlesim/share/turtlesim/cmake/ament_cmake_export_targets-extras.cmake
[63.514s] -- Symlinking: /home/janelleg/ros2_ws/install/turtlesim/share/turtlesim/cmake/rosidl_cmake_export_typesupport_targets-extras.cmake
[63.531s] -- Symlinking: /home/janelleg/ros2_ws/install/turtlesim/share/turtlesim/cmake/rosidl_cmake_export_typesupport_libraries-extras.cmake
[63.552s] -- Symlinking: /home/janelleg/ros2_ws/install/turtlesim/share/turtlesim/cmake/turtlesimConfig.cmake
[63.568s] -- Symlinking: /home/janelleg/ros2_ws/install/turtlesim/share/turtlesim/cmake/turtlesimConfig-version.cmake
[63.588s] -- Symlinking: /home/janelleg/ros2_ws/install/turtlesim/share/turtlesim/package.xml
[63.609s] -- Installing: /home/janelleg/ros2_ws/install/turtlesim/lib/libturtlesim__rosidl_generator_c.so
[63.609s] -- Set runtime path of "/home/janelleg/ros2_ws/install/turtlesim/lib/libturtlesim__rosidl_generator_c.so" to ""
[63.609s] -- Installing: /home/janelleg/ros2_ws/install/turtlesim/lib/libturtlesim__rosidl_typesupport_fastrtps_c.so
[63.610s] -- Set runtime path of "/home/janelleg/ros2_ws/install/turtlesim/lib/libturtlesim__rosidl_typesupport_fastrtps_c.so" to ""
[63.610s] -- Installing: /home/janelleg/ros2_ws/install/turtlesim/lib/libturtlesim__rosidl_typesupport_fastrtps_cpp.so
[63.611s] -- Set runtime path of "/home/janelleg/ros2_ws/install/turtlesim/lib/libturtlesim__rosidl_typesupport_fastrtps_cpp.so" to ""
[63.611s] -- Installing: /home/janelleg/ros2_ws/install/turtlesim/lib/libturtlesim__rosidl_typesupport_introspection_c.so
[63.611s] -- Set runtime path of "/home/janelleg/ros2_ws/install/turtlesim/lib/libturtlesim__rosidl_typesupport_introspection_c.so" to ""
[63.611s] -- Installing: /home/janelleg/ros2_ws/install/turtlesim/lib/libturtlesim__rosidl_typesupport_c.so
[63.612s] -- Set runtime path of "/home/janelleg/ros2_ws/install/turtlesim/lib/libturtlesim__rosidl_typesupport_c.so" to ""
[63.612s] -- Installing: /home/janelleg/ros2_ws/install/turtlesim/lib/libturtlesim__rosidl_typesupport_introspection_cpp.so
[63.613s] -- Set runtime path of "/home/janelleg/ros2_ws/install/turtlesim/lib/libturtlesim__rosidl_typesupport_introspection_cpp.so" to ""
[63.613s] -- Installing: /home/janelleg/ros2_ws/install/turtlesim/lib/libturtlesim__rosidl_typesupport_cpp.so
[63.613s] -- Set runtime path of "/home/janelleg/ros2_ws/install/turtlesim/lib/libturtlesim__rosidl_typesupport_cpp.so" to ""
[63.722s] Listing '/home/janelleg/ros2_ws/install/turtlesim/local/lib/python3.10/dist-packages/turtlesim'...
[63.722s] Compiling '/home/janelleg/ros2_ws/install/turtlesim/local/lib/python3.10/dist-packages/turtlesim/__init__.py'...
[63.722s] Listing '/home/janelleg/ros2_ws/install/turtlesim/local/lib/python3.10/dist-packages/turtlesim/action'...
[63.722s] Compiling '/home/janelleg/ros2_ws/install/turtlesim/local/lib/python3.10/dist-packages/turtlesim/action/__init__.py'...
[63.723s] Compiling '/home/janelleg/ros2_ws/install/turtlesim/local/lib/python3.10/dist-packages/turtlesim/action/_rotate_absolute.py'...
[63.723s] Listing '/home/janelleg/ros2_ws/install/turtlesim/local/lib/python3.10/dist-packages/turtlesim/msg'...
[63.723s] Compiling '/home/janelleg/ros2_ws/install/turtlesim/local/lib/python3.10/dist-packages/turtlesim/msg/__init__.py'...
[63.723s] Compiling '/home/janelleg/ros2_ws/install/turtlesim/local/lib/python3.10/dist-packages/turtlesim/msg/_color.py'...
[63.723s] Compiling '/home/janelleg/ros2_ws/install/turtlesim/local/lib/python3.10/dist-packages/turtlesim/msg/_pose.py'...
[63.723s] Listing '/home/janelleg/ros2_ws/install/turtlesim/local/lib/python3.10/dist-packages/turtlesim/srv'...
[63.723s] Compiling '/home/janelleg/ros2_ws/install/turtlesim/local/lib/python3.10/dist-packages/turtlesim/srv/__init__.py'...
[63.723s] Compiling '/home/janelleg/ros2_ws/install/turtlesim/local/lib/python3.10/dist-packages/turtlesim/srv/_kill.py'...
[63.723s] Compiling '/home/janelleg/ros2_ws/install/turtlesim/local/lib/python3.10/dist-packages/turtlesim/srv/_set_pen.py'...
[63.723s] Compiling '/home/janelleg/ros2_ws/install/turtlesim/local/lib/python3.10/dist-packages/turtlesim/srv/_spawn.py'...
[63.723s] Compiling '/home/janelleg/ros2_ws/install/turtlesim/local/lib/python3.10/dist-packages/turtlesim/srv/_teleport_absolute.py'...
[63.724s] Compiling '/home/janelleg/ros2_ws/install/turtlesim/local/lib/python3.10/dist-packages/turtlesim/srv/_teleport_relative.py'...
[63.732s] -- Installing: /home/janelleg/ros2_ws/install/turtlesim/lib/libturtlesim__rosidl_generator_py.so
[63.733s] -- Set runtime path of "/home/janelleg/ros2_ws/install/turtlesim/lib/libturtlesim__rosidl_generator_py.so" to ""
[63.733s] -- Installing: /home/janelleg/ros2_ws/install/turtlesim/share/turtlesim/images
[63.734s] -- Installing: /home/janelleg/ros2_ws/install/turtlesim/share/turtlesim/images/ardent.png
[63.734s] -- Installing: /home/janelleg/ros2_ws/install/turtlesim/share/turtlesim/images/eloquent.png
[63.734s] -- Installing: /home/janelleg/ros2_ws/install/turtlesim/share/turtlesim/images/galactic.png
[63.734s] -- Installing: /home/janelleg/ros2_ws/install/turtlesim/share/turtlesim/images/humble.png
[63.735s] -- Installing: /home/janelleg/ros2_ws/install/turtlesim/share/turtlesim/images/dashing.png
[63.735s] -- Installing: /home/janelleg/ros2_ws/install/turtlesim/share/turtlesim/images/crystal.png
[63.735s] -- Installing: /home/janelleg/ros2_ws/install/turtlesim/share/turtlesim/images/foxy.png
[63.735s] -- Installing: /home/janelleg/ros2_ws/install/turtlesim/share/turtlesim/images/rolling.png
[63.735s] -- Installing: /home/janelleg/ros2_ws/install/turtlesim/share/turtlesim/images/bouncy.png
[63.735s] -- Installing: /home/janelleg/ros2_ws/install/turtlesim/share/turtlesim/cmake/export_turtlesim__rosidl_generator_cExport.cmake
[63.735s] -- Installing: /home/janelleg/ros2_ws/install/turtlesim/share/turtlesim/cmake/export_turtlesim__rosidl_generator_cExport-noconfig.cmake
[63.735s] -- Installing: /home/janelleg/ros2_ws/install/turtlesim/share/turtlesim/cmake/export_turtlesim__rosidl_typesupport_fastrtps_cExport.cmake
[63.735s] -- Installing: /home/janelleg/ros2_ws/install/turtlesim/share/turtlesim/cmake/export_turtlesim__rosidl_typesupport_fastrtps_cExport-noconfig.cmake
[63.735s] -- Installing: /home/janelleg/ros2_ws/install/turtlesim/share/turtlesim/cmake/export_turtlesim__rosidl_generator_cppExport.cmake
[63.736s] -- Installing: /home/janelleg/ros2_ws/install/turtlesim/share/turtlesim/cmake/export_turtlesim__rosidl_typesupport_fastrtps_cppExport.cmake
[63.736s] -- Installing: /home/janelleg/ros2_ws/install/turtlesim/share/turtlesim/cmake/export_turtlesim__rosidl_typesupport_fastrtps_cppExport-noconfig.cmake
[63.736s] -- Installing: /home/janelleg/ros2_ws/install/turtlesim/share/turtlesim/cmake/turtlesim__rosidl_typesupport_introspection_cExport.cmake
[63.736s] -- Installing: /home/janelleg/ros2_ws/install/turtlesim/share/turtlesim/cmake/turtlesim__rosidl_typesupport_introspection_cExport-noconfig.cmake
[63.736s] -- Installing: /home/janelleg/ros2_ws/install/turtlesim/share/turtlesim/cmake/turtlesim__rosidl_typesupport_cExport.cmake
[63.736s] -- Installing: /home/janelleg/ros2_ws/install/turtlesim/share/turtlesim/cmake/turtlesim__rosidl_typesupport_cExport-noconfig.cmake
[63.736s] -- Installing: /home/janelleg/ros2_ws/install/turtlesim/share/turtlesim/cmake/turtlesim__rosidl_typesupport_introspection_cppExport.cmake
[63.736s] -- Installing: /home/janelleg/ros2_ws/install/turtlesim/share/turtlesim/cmake/turtlesim__rosidl_typesupport_introspection_cppExport-noconfig.cmake
[63.737s] -- Installing: /home/janelleg/ros2_ws/install/turtlesim/share/turtlesim/cmake/turtlesim__rosidl_typesupport_cppExport.cmake
[63.737s] -- Installing: /home/janelleg/ros2_ws/install/turtlesim/share/turtlesim/cmake/turtlesim__rosidl_typesupport_cppExport-noconfig.cmake
[63.737s] -- Installing: /home/janelleg/ros2_ws/install/turtlesim/share/turtlesim/cmake/export_turtlesim__rosidl_generator_pyExport.cmake
[63.737s] -- Installing: /home/janelleg/ros2_ws/install/turtlesim/share/turtlesim/cmake/export_turtlesim__rosidl_generator_pyExport-noconfig.cmake
[63.742s] Invoked command in '/home/janelleg/ros2_ws/build/turtlesim' returned '0': CMAKE_PREFIX_PATH=/opt/ros/humble /usr/bin/cmake --install /home/janelleg/ros2_ws/build/turtlesim
