[0.199s] DEBUG:colcon:Command line arguments: ['/usr/bin/colcon', 'build', '--packages-select', 'cpp_srvcli']
[0.199s] DEBUG:colcon:Parsed command line arguments: Namespace(log_base=None, log_level=None, verb_name='build', build_base='build', install_base='install', merge_install=False, symlink_install=False, test_result_base=None, continue_on_error=False, executor='parallel', parallel_workers=8, event_handlers=None, ignore_user_meta=False, metas=['./colcon.meta'], base_paths=['.'], packages_ignore=None, packages_ignore_regex=None, paths=None, packages_up_to=None, packages_up_to_regex=None, packages_above=None, packages_above_and_dependencies=None, packages_above_depth=None, packages_select_by_dep=None, packages_skip_by_dep=None, packages_skip_up_to=None, packages_select_build_failed=False, packages_skip_build_finished=False, packages_select_test_failures=False, packages_skip_test_passed=False, packages_select=['cpp_srvcli'], packages_skip=None, packages_select_regex=None, packages_skip_regex=None, packages_start=None, packages_end=None, allow_overriding=[], cmake_args=None, cmake_target=None, cmake_target_skip_unavailable=False, cmake_clean_cache=False, cmake_clean_first=False, cmake_force_configure=False, ament_cmake_args=None, catkin_cmake_args=None, catkin_skip_building_tests=False, verb_parser=<colcon_defaults.argument_parser.defaults.DefaultArgumentsDecorator object at 0x7dd0c863c5b0>, verb_extension=<colcon_core.verb.build.BuildVerb object at 0x7dd0c87351b0>, main=<bound method BuildVerb.main of <colcon_core.verb.build.BuildVerb object at 0x7dd0c87351b0>>)
[0.546s] Level 1:colcon.colcon_core.package_discovery:discover_packages(colcon_meta) check parameters
[0.546s] Level 1:colcon.colcon_core.package_discovery:discover_packages(recursive) check parameters
[0.546s] Level 1:colcon.colcon_core.package_discovery:discover_packages(ignore) check parameters
[0.546s] Level 1:colcon.colcon_core.package_discovery:discover_packages(path) check parameters
[0.546s] Level 1:colcon.colcon_core.package_discovery:discover_packages(colcon_meta) discover
[0.547s] Level 1:colcon.colcon_core.package_discovery:discover_packages(recursive) discover
[0.547s] INFO:colcon.colcon_core.package_discovery:Crawling recursively for packages in '/home/janelleg/ros2_ws/src/cpp_srvcli'
[0.547s] Level 1:colcon.colcon_core.package_identification:_identify(.) by extensions ['ignore', 'ignore_ament_install']
[0.547s] Level 1:colcon.colcon_core.package_identification:_identify(.) by extension 'ignore'
[0.547s] Level 1:colcon.colcon_core.package_identification:_identify(.) by extension 'ignore_ament_install'
[0.547s] Level 1:colcon.colcon_core.package_identification:_identify(.) by extensions ['colcon_pkg']
[0.547s] Level 1:colcon.colcon_core.package_identification:_identify(.) by extension 'colcon_pkg'
[0.547s] Level 1:colcon.colcon_core.package_identification:_identify(.) by extensions ['colcon_meta']
[0.547s] Level 1:colcon.colcon_core.package_identification:_identify(.) by extension 'colcon_meta'
[0.548s] Level 1:colcon.colcon_core.package_identification:_identify(.) by extensions ['ros']
[0.548s] Level 1:colcon.colcon_core.package_identification:_identify(.) by extension 'ros'
[0.576s] DEBUG:colcon.colcon_core.package_identification:Package '.' with type 'ros.ament_cmake' and name 'cpp_srvcli'
[0.577s] Level 1:colcon.colcon_core.package_discovery:discover_packages(recursive) using defaults
[0.577s] Level 1:colcon.colcon_core.package_discovery:discover_packages(ignore) discover
[0.577s] Level 1:colcon.colcon_core.package_discovery:discover_packages(ignore) using defaults
[0.577s] Level 1:colcon.colcon_core.package_discovery:discover_packages(path) discover
[0.577s] Level 1:colcon.colcon_core.package_discovery:discover_packages(path) using defaults
[0.647s] Level 1:colcon.colcon_core.package_discovery:discover_packages(prefix_path) check parameters
[0.647s] Level 1:colcon.colcon_core.package_discovery:discover_packages(prefix_path) discover
[0.652s] DEBUG:colcon.colcon_installed_package_information.package_discovery:Found 298 installed packages in /opt/ros/humble
[0.655s] Level 1:colcon.colcon_core.package_discovery:discover_packages(prefix_path) using defaults
[0.736s] Level 5:colcon.colcon_core.verb:set package 'cpp_srvcli' build argument 'cmake_args' from command line to 'None'
[0.736s] Level 5:colcon.colcon_core.verb:set package 'cpp_srvcli' build argument 'cmake_target' from command line to 'None'
[0.736s] Level 5:colcon.colcon_core.verb:set package 'cpp_srvcli' build argument 'cmake_target_skip_unavailable' from command line to 'False'
[0.736s] Level 5:colcon.colcon_core.verb:set package 'cpp_srvcli' build argument 'cmake_clean_cache' from command line to 'False'
[0.736s] Level 5:colcon.colcon_core.verb:set package 'cpp_srvcli' build argument 'cmake_clean_first' from command line to 'False'
[0.737s] Level 5:colcon.colcon_core.verb:set package 'cpp_srvcli' build argument 'cmake_force_configure' from command line to 'False'
[0.737s] Level 5:colcon.colcon_core.verb:set package 'cpp_srvcli' build argument 'ament_cmake_args' from command line to 'None'
[0.737s] Level 5:colcon.colcon_core.verb:set package 'cpp_srvcli' build argument 'catkin_cmake_args' from command line to 'None'
[0.737s] Level 5:colcon.colcon_core.verb:set package 'cpp_srvcli' build argument 'catkin_skip_building_tests' from command line to 'False'
[0.737s] DEBUG:colcon.colcon_core.verb:Building package 'cpp_srvcli' with the following arguments: {'ament_cmake_args': None, 'build_base': '/home/janelleg/ros2_ws/src/cpp_srvcli/build/cpp_srvcli', 'catkin_cmake_args': None, 'catkin_skip_building_tests': False, 'cmake_args': None, 'cmake_clean_cache': False, 'cmake_clean_first': False, 'cmake_force_configure': False, 'cmake_target': None, 'cmake_target_skip_unavailable': False, 'install_base': '/home/janelleg/ros2_ws/src/cpp_srvcli/install/cpp_srvcli', 'merge_install': False, 'path': '/home/janelleg/ros2_ws/src/cpp_srvcli', 'symlink_install': False, 'test_result_base': None}
[0.737s] INFO:colcon.colcon_core.executor:Executing jobs using 'parallel' executor
[0.739s] DEBUG:colcon.colcon_parallel_executor.executor.parallel:run_until_complete
[0.740s] INFO:colcon.colcon_ros.task.ament_cmake.build:Building ROS package in '/home/janelleg/ros2_ws/src/cpp_srvcli' with build type 'ament_cmake'
[0.740s] INFO:colcon.colcon_cmake.task.cmake.build:Building CMake package in '/home/janelleg/ros2_ws/src/cpp_srvcli'
[0.747s] INFO:colcon.colcon_core.plugin_system:Skipping extension 'colcon_core.shell.bat': Not used on non-Windows systems
[0.748s] INFO:colcon.colcon_core.shell:Skip shell extension 'powershell' for command environment: Not usable outside of PowerShell
[0.748s] DEBUG:colcon.colcon_core.shell:Skip shell extension 'dsv' for command environment
[0.766s] DEBUG:colcon.colcon_core.event_handler.log_command:Invoking command in '/home/janelleg/ros2_ws/src/cpp_srvcli/build/cpp_srvcli': CMAKE_PREFIX_PATH=/opt/ros/humble /usr/bin/cmake /home/janelleg/ros2_ws/src/cpp_srvcli -DCMAKE_INSTALL_PREFIX=/home/janelleg/ros2_ws/src/cpp_srvcli/install/cpp_srvcli
[3.373s] DEBUG:colcon.colcon_core.event_handler.log_command:Invoked command in '/home/janelleg/ros2_ws/src/cpp_srvcli/build/cpp_srvcli' returned '0': CMAKE_PREFIX_PATH=/opt/ros/humble /usr/bin/cmake /home/janelleg/ros2_ws/src/cpp_srvcli -DCMAKE_INSTALL_PREFIX=/home/janelleg/ros2_ws/src/cpp_srvcli/install/cpp_srvcli
[3.377s] DEBUG:colcon.colcon_core.event_handler.log_command:Invoking command in '/home/janelleg/ros2_ws/src/cpp_srvcli/build/cpp_srvcli': CMAKE_PREFIX_PATH=/opt/ros/humble /usr/bin/cmake --build /home/janelleg/ros2_ws/src/cpp_srvcli/build/cpp_srvcli -- -j8 -l8
[10.650s] DEBUG:colcon.colcon_core.event_handler.log_command:Invoked command in '/home/janelleg/ros2_ws/src/cpp_srvcli/build/cpp_srvcli' returned '0': CMAKE_PREFIX_PATH=/opt/ros/humble /usr/bin/cmake --build /home/janelleg/ros2_ws/src/cpp_srvcli/build/cpp_srvcli -- -j8 -l8
[10.736s] DEBUG:colcon.colcon_core.event_handler.log_command:Invoking command in '/home/janelleg/ros2_ws/src/cpp_srvcli/build/cpp_srvcli': CMAKE_PREFIX_PATH=/opt/ros/humble /usr/bin/cmake --install /home/janelleg/ros2_ws/src/cpp_srvcli/build/cpp_srvcli
[10.756s] Level 1:colcon.colcon_core.environment:create_environment_scripts_only(cpp_srvcli)
[10.757s] DEBUG:colcon.colcon_core.event_handler.log_command:Invoked command in '/home/janelleg/ros2_ws/src/cpp_srvcli/build/cpp_srvcli' returned '0': CMAKE_PREFIX_PATH=/opt/ros/humble /usr/bin/cmake --install /home/janelleg/ros2_ws/src/cpp_srvcli/build/cpp_srvcli
[10.764s] Level 1:colcon.colcon_core.environment:checking '/home/janelleg/ros2_ws/src/cpp_srvcli/install/cpp_srvcli' for CMake module files
[10.765s] Level 1:colcon.colcon_core.environment:checking '/home/janelleg/ros2_ws/src/cpp_srvcli/install/cpp_srvcli' for CMake config files
[10.765s] Level 1:colcon.colcon_core.shell:create_environment_hook('cpp_srvcli', 'cmake_prefix_path')
[10.766s] INFO:colcon.colcon_core.shell:Creating environment hook '/home/janelleg/ros2_ws/src/cpp_srvcli/install/cpp_srvcli/share/cpp_srvcli/hook/cmake_prefix_path.ps1'
[10.767s] INFO:colcon.colcon_core.shell:Creating environment descriptor '/home/janelleg/ros2_ws/src/cpp_srvcli/install/cpp_srvcli/share/cpp_srvcli/hook/cmake_prefix_path.dsv'
[10.768s] INFO:colcon.colcon_core.shell:Creating environment hook '/home/janelleg/ros2_ws/src/cpp_srvcli/install/cpp_srvcli/share/cpp_srvcli/hook/cmake_prefix_path.sh'
[10.770s] Level 1:colcon.colcon_core.environment:checking '/home/janelleg/ros2_ws/src/cpp_srvcli/install/cpp_srvcli/lib'
[10.770s] Level 1:colcon.colcon_core.environment:checking '/home/janelleg/ros2_ws/src/cpp_srvcli/install/cpp_srvcli/bin'
[10.770s] Level 1:colcon.colcon_core.environment:checking '/home/janelleg/ros2_ws/src/cpp_srvcli/install/cpp_srvcli/lib/pkgconfig/cpp_srvcli.pc'
[10.771s] Level 1:colcon.colcon_core.environment:checking '/home/janelleg/ros2_ws/src/cpp_srvcli/install/cpp_srvcli/lib/python3.10/site-packages'
[10.771s] Level 1:colcon.colcon_core.environment:checking '/home/janelleg/ros2_ws/src/cpp_srvcli/install/cpp_srvcli/bin'
[10.771s] INFO:colcon.colcon_core.shell:Creating package script '/home/janelleg/ros2_ws/src/cpp_srvcli/install/cpp_srvcli/share/cpp_srvcli/package.ps1'
[10.773s] INFO:colcon.colcon_core.shell:Creating package descriptor '/home/janelleg/ros2_ws/src/cpp_srvcli/install/cpp_srvcli/share/cpp_srvcli/package.dsv'
[10.774s] INFO:colcon.colcon_core.shell:Creating package script '/home/janelleg/ros2_ws/src/cpp_srvcli/install/cpp_srvcli/share/cpp_srvcli/package.sh'
[10.775s] INFO:colcon.colcon_core.shell:Creating package script '/home/janelleg/ros2_ws/src/cpp_srvcli/install/cpp_srvcli/share/cpp_srvcli/package.bash'
[10.777s] INFO:colcon.colcon_core.shell:Creating package script '/home/janelleg/ros2_ws/src/cpp_srvcli/install/cpp_srvcli/share/cpp_srvcli/package.zsh'
[10.778s] Level 1:colcon.colcon_core.environment:create_file_with_runtime_dependencies(/home/janelleg/ros2_ws/src/cpp_srvcli/install/cpp_srvcli/share/colcon-core/packages/cpp_srvcli)
[10.848s] Level 1:colcon.colcon_core.environment:create_environment_scripts_only(cpp_srvcli)
[10.849s] Level 1:colcon.colcon_core.environment:checking '/home/janelleg/ros2_ws/src/cpp_srvcli/install/cpp_srvcli' for CMake module files
[10.850s] Level 1:colcon.colcon_core.environment:checking '/home/janelleg/ros2_ws/src/cpp_srvcli/install/cpp_srvcli' for CMake config files
[10.851s] Level 1:colcon.colcon_core.shell:create_environment_hook('cpp_srvcli', 'cmake_prefix_path')
[10.851s] INFO:colcon.colcon_core.shell:Creating environment hook '/home/janelleg/ros2_ws/src/cpp_srvcli/install/cpp_srvcli/share/cpp_srvcli/hook/cmake_prefix_path.ps1'
[10.852s] INFO:colcon.colcon_core.shell:Creating environment descriptor '/home/janelleg/ros2_ws/src/cpp_srvcli/install/cpp_srvcli/share/cpp_srvcli/hook/cmake_prefix_path.dsv'
[10.853s] INFO:colcon.colcon_core.shell:Creating environment hook '/home/janelleg/ros2_ws/src/cpp_srvcli/install/cpp_srvcli/share/cpp_srvcli/hook/cmake_prefix_path.sh'
[10.854s] Level 1:colcon.colcon_core.environment:checking '/home/janelleg/ros2_ws/src/cpp_srvcli/install/cpp_srvcli/lib'
[10.855s] Level 1:colcon.colcon_core.environment:checking '/home/janelleg/ros2_ws/src/cpp_srvcli/install/cpp_srvcli/bin'
[10.855s] Level 1:colcon.colcon_core.environment:checking '/home/janelleg/ros2_ws/src/cpp_srvcli/install/cpp_srvcli/lib/pkgconfig/cpp_srvcli.pc'
[10.855s] Level 1:colcon.colcon_core.environment:checking '/home/janelleg/ros2_ws/src/cpp_srvcli/install/cpp_srvcli/lib/python3.10/site-packages'
[10.855s] Level 1:colcon.colcon_core.environment:checking '/home/janelleg/ros2_ws/src/cpp_srvcli/install/cpp_srvcli/bin'
[10.856s] INFO:colcon.colcon_core.shell:Creating package script '/home/janelleg/ros2_ws/src/cpp_srvcli/install/cpp_srvcli/share/cpp_srvcli/package.ps1'
[10.857s] INFO:colcon.colcon_core.shell:Creating package descriptor '/home/janelleg/ros2_ws/src/cpp_srvcli/install/cpp_srvcli/share/cpp_srvcli/package.dsv'
[10.858s] INFO:colcon.colcon_core.shell:Creating package script '/home/janelleg/ros2_ws/src/cpp_srvcli/install/cpp_srvcli/share/cpp_srvcli/package.sh'
[10.859s] INFO:colcon.colcon_core.shell:Creating package script '/home/janelleg/ros2_ws/src/cpp_srvcli/install/cpp_srvcli/share/cpp_srvcli/package.bash'
[10.859s] INFO:colcon.colcon_core.shell:Creating package script '/home/janelleg/ros2_ws/src/cpp_srvcli/install/cpp_srvcli/share/cpp_srvcli/package.zsh'
[10.860s] Level 1:colcon.colcon_core.environment:create_file_with_runtime_dependencies(/home/janelleg/ros2_ws/src/cpp_srvcli/install/cpp_srvcli/share/colcon-core/packages/cpp_srvcli)
[10.860s] DEBUG:colcon.colcon_parallel_executor.executor.parallel:closing loop
[10.861s] DEBUG:colcon.colcon_parallel_executor.executor.parallel:loop closed
[10.861s] DEBUG:colcon.colcon_parallel_executor.executor.parallel:run_until_complete finished with '0'
[10.861s] DEBUG:colcon.colcon_core.event_reactor:joining thread
[10.870s] INFO:colcon.colcon_core.plugin_system:Skipping extension 'colcon_notification.desktop_notification.terminal_notifier': Not used on non-Darwin systems
[10.871s] INFO:colcon.colcon_core.plugin_system:Skipping extension 'colcon_notification.desktop_notification.win32': Not used on non-Windows systems
[10.871s] INFO:colcon.colcon_notification.desktop_notification:Sending desktop notification using 'notify2'
[10.895s] DEBUG:colcon.colcon_core.event_reactor:joined thread
[10.896s] INFO:colcon.colcon_core.shell:Creating prefix script '/home/janelleg/ros2_ws/src/cpp_srvcli/install/local_setup.ps1'
[10.898s] INFO:colcon.colcon_core.shell:Creating prefix util module '/home/janelleg/ros2_ws/src/cpp_srvcli/install/_local_setup_util_ps1.py'
[10.900s] INFO:colcon.colcon_core.shell:Creating prefix chain script '/home/janelleg/ros2_ws/src/cpp_srvcli/install/setup.ps1'
[10.902s] INFO:colcon.colcon_core.shell:Creating prefix script '/home/janelleg/ros2_ws/src/cpp_srvcli/install/local_setup.sh'
[10.903s] INFO:colcon.colcon_core.shell:Creating prefix util module '/home/janelleg/ros2_ws/src/cpp_srvcli/install/_local_setup_util_sh.py'
[10.904s] INFO:colcon.colcon_core.shell:Creating prefix chain script '/home/janelleg/ros2_ws/src/cpp_srvcli/install/setup.sh'
[10.906s] INFO:colcon.colcon_core.shell:Creating prefix script '/home/janelleg/ros2_ws/src/cpp_srvcli/install/local_setup.bash'
[10.906s] INFO:colcon.colcon_core.shell:Creating prefix chain script '/home/janelleg/ros2_ws/src/cpp_srvcli/install/setup.bash'
[10.908s] INFO:colcon.colcon_core.shell:Creating prefix script '/home/janelleg/ros2_ws/src/cpp_srvcli/install/local_setup.zsh'
[10.909s] INFO:colcon.colcon_core.shell:Creating prefix chain script '/home/janelleg/ros2_ws/src/cpp_srvcli/install/setup.zsh'
